#
# A fatal error has been detected by the Java Runtime Environment:
#
#  SIGSEGV (0xb) at pc=0x00007f01fe158882, pid=7609, tid=7610
#
# JRE version: OpenJDK Runtime Environment (11.0.17+8) (build 11.0.17+8-post-Ubuntu-1ubuntu220.04)
# Java VM: OpenJDK 64-Bit Server VM (11.0.17+8-post-Ubuntu-1ubuntu220.04, mixed mode, sharing, tiered, compressed oops, g1 gc, linux-amd64)
# Problematic frame:
# C  [libLLVM-13.so+0xc2c882]  LLVMBuildLoad+0x12
#
# Core dump will be written. Default location: Core dumps may be processed with "/usr/share/apport/apport -p%p -s%s -c%c -d%d -P%P -u%u -g%g -- %E" (or dumping to /home/whale/Lab/core.7609)
#
# If you would like to submit a bug report, please visit:
#   https://bugs.launchpad.net/ubuntu/+source/openjdk-lts
# The crash happened outside the Java Virtual Machine in native code.
# See problematic frame for where to report the bug.
#

---------------  S U M M A R Y ------------

Command Line: -javaagent:/snap/intellij-idea-ultimate/401/lib/idea_rt.jar=40423:/snap/intellij-idea-ultimate/401/bin -Dfile.encoding=UTF-8 Main

Host: AMD Ryzen 7 4800H with Radeon Graphics, 2 cores, 3G, Ubuntu 20.04.5 LTS
Time: Fri Jan  6 00:25:13 2023 CST elapsed time: 0.706136 seconds (0d 0h 0m 0s)

---------------  T H R E A D  ---------------

Current thread (0x00007f0258017800):  JavaThread "main" [_thread_in_native, id=7610, stack(0x00007f025f534000,0x00007f025f635000)]

Stack: [0x00007f025f534000,0x00007f025f635000],  sp=0x00007f025f6326c0,  free space=1017k
Native frames: (J=compiled Java code, A=aot compiled Java code, j=interpreted, Vv=VM code, C=native code)
C  [libLLVM-13.so+0xc2c882]  LLVMBuildLoad+0x12

Java frames: (J=compiled Java code, j=interpreted, Vv=VM code)
j  org.bytedeco.llvm.global.LLVM.LLVMBuildLoad(Lorg/bytedeco/llvm/LLVM/LLVMBuilderRef;Lorg/bytedeco/llvm/LLVM/LLVMValueRef;Ljava/lang/String;)Lorg/bytedeco/llvm/LLVM/LLVMValueRef;+0
j  MyIRVisitor.visitLeftValExp(LSysYParser$LeftValExpContext;)Lorg/bytedeco/llvm/LLVM/LLVMValueRef;+16
j  MyIRVisitor.visitLeftValExp(LSysYParser$LeftValExpContext;)Ljava/lang/Object;+2
j  SysYParser$LeftValExpContext.accept(Lorg/antlr/v4/runtime/tree/ParseTreeVisitor;)Ljava/lang/Object;+12
j  org.antlr.v4.runtime.tree.AbstractParseTreeVisitor.visitChildren(Lorg/antlr/v4/runtime/tree/RuleNode;)Ljava/lang/Object;+46
j  SysYParserBaseVisitor.visitParam(LSysYParser$ParamContext;)Ljava/lang/Object;+2
j  SysYParser$ParamContext.accept(Lorg/antlr/v4/runtime/tree/ParseTreeVisitor;)Ljava/lang/Object;+12
j  org.antlr.v4.runtime.tree.AbstractParseTreeVisitor.visitChildren(Lorg/antlr/v4/runtime/tree/RuleNode;)Ljava/lang/Object;+46
j  SysYParserBaseVisitor.visitFuncRParams(LSysYParser$FuncRParamsContext;)Ljava/lang/Object;+2
j  SysYParser$FuncRParamsContext.accept(Lorg/antlr/v4/runtime/tree/ParseTreeVisitor;)Ljava/lang/Object;+12
j  org.antlr.v4.runtime.tree.AbstractParseTreeVisitor.visitChildren(Lorg/antlr/v4/runtime/tree/RuleNode;)Ljava/lang/Object;+46
j  SysYParserBaseVisitor.visitFuncCallExp(LSysYParser$FuncCallExpContext;)Ljava/lang/Object;+2
j  MyIRVisitor.visitFuncCallExp(LSysYParser$FuncCallExpContext;)Lorg/bytedeco/llvm/LLVM/LLVMValueRef;+2
j  MyIRVisitor.visitFuncCallExp(LSysYParser$FuncCallExpContext;)Ljava/lang/Object;+2
j  SysYParser$FuncCallExpContext.accept(Lorg/antlr/v4/runtime/tree/ParseTreeVisitor;)Ljava/lang/Object;+12
j  org.antlr.v4.runtime.tree.AbstractParseTreeVisitor.visit(Lorg/antlr/v4/runtime/tree/ParseTree;)Ljava/lang/Object;+2
j  MyIRVisitor.visitReturnStat(LSysYParser$ReturnStatContext;)Lorg/bytedeco/llvm/LLVM/LLVMValueRef;+21
j  MyIRVisitor.visitReturnStat(LSysYParser$ReturnStatContext;)Ljava/lang/Object;+2
j  SysYParser$ReturnStatContext.accept(Lorg/antlr/v4/runtime/tree/ParseTreeVisitor;)Ljava/lang/Object;+12
j  org.antlr.v4.runtime.tree.AbstractParseTreeVisitor.visitChildren(Lorg/antlr/v4/runtime/tree/RuleNode;)Ljava/lang/Object;+46
j  SysYParserBaseVisitor.visitStat(LSysYParser$StatContext;)Ljava/lang/Object;+2
j  SysYParser$StatContext.accept(Lorg/antlr/v4/runtime/tree/ParseTreeVisitor;)Ljava/lang/Object;+12
j  org.antlr.v4.runtime.tree.AbstractParseTreeVisitor.visitChildren(Lorg/antlr/v4/runtime/tree/RuleNode;)Ljava/lang/Object;+46
j  SysYParserBaseVisitor.visitBlock(LSysYParser$BlockContext;)Ljava/lang/Object;+2
j  MyIRVisitor.visitBlock(LSysYParser$BlockContext;)Lorg/bytedeco/llvm/LLVM/LLVMValueRef;+17
j  MyIRVisitor.visitBlock(LSysYParser$BlockContext;)Ljava/lang/Object;+2
j  SysYParser$BlockContext.accept(Lorg/antlr/v4/runtime/tree/ParseTreeVisitor;)Ljava/lang/Object;+12
j  org.antlr.v4.runtime.tree.AbstractParseTreeVisitor.visit(Lorg/antlr/v4/runtime/tree/ParseTree;)Ljava/lang/Object;+2
j  MyIRVisitor.visitFuncDef(LSysYParser$FuncDefContext;)Lorg/bytedeco/llvm/LLVM/LLVMValueRef;+254
j  MyIRVisitor.visitFuncDef(LSysYParser$FuncDefContext;)Ljava/lang/Object;+2
j  SysYParser$FuncDefContext.accept(Lorg/antlr/v4/runtime/tree/ParseTreeVisitor;)Ljava/lang/Object;+12
j  org.antlr.v4.runtime.tree.AbstractParseTreeVisitor.visitChildren(Lorg/antlr/v4/runtime/tree/RuleNode;)Ljava/lang/Object;+46
j  SysYParserBaseVisitor.visitCompUnit(LSysYParser$CompUnitContext;)Ljava/lang/Object;+2
j  SysYParser$CompUnitContext.accept(Lorg/antlr/v4/runtime/tree/ParseTreeVisitor;)Ljava/lang/Object;+12
j  org.antlr.v4.runtime.tree.AbstractParseTreeVisitor.visitChildren(Lorg/antlr/v4/runtime/tree/RuleNode;)Ljava/lang/Object;+46
j  SysYParserBaseVisitor.visitProgram(LSysYParser$ProgramContext;)Ljava/lang/Object;+2
j  MyIRVisitor.visitProgram(LSysYParser$ProgramContext;)Lorg/bytedeco/llvm/LLVM/LLVMValueRef;+21
j  MyIRVisitor.visitProgram(LSysYParser$ProgramContext;)Ljava/lang/Object;+2
j  SysYParser$ProgramContext.accept(Lorg/antlr/v4/runtime/tree/ParseTreeVisitor;)Ljava/lang/Object;+12
j  org.antlr.v4.runtime.tree.AbstractParseTreeVisitor.visit(Lorg/antlr/v4/runtime/tree/ParseTree;)Ljava/lang/Object;+2
j  Main.main([Ljava/lang/String;)V+78
v  ~StubRoutines::call_stub

siginfo: si_signo: 11 (SIGSEGV), si_code: 1 (SEGV_MAPERR), si_addr: 0x0000000000000000

Register to memory mapping:

RAX=0x00007f0258453a60 points into unknown readable memory: 0x0000000000706d74 | 74 6d 70 00 00 00 00 00
RBX=0x0 is NULL
RCX=0x000000000000706d is an unknown value
RDX=0x00007f0258453a60 points into unknown readable memory: 0x0000000000706d74 | 74 6d 70 00 00 00 00 00
RSP=0x00007f025f6326c0 is pointing into the stack for thread: 0x00007f0258017800
RBP=0x00007f025841e1a0 points into unknown readable memory: 0x00007f025841e1b0 | b0 e1 41 58 02 7f 00 00
RSI=0x0 is NULL
RDI=0x00007f025841e1a0 points into unknown readable memory: 0x00007f025841e1b0 | b0 e1 41 58 02 7f 00 00
R8 =0x00000000c6266348 points into unknown readable memory: 0x0000000000706d74 | 74 6d 70 00 00 00 00 00
R9 =0x00007f0258017800 is a thread
R10=0x0 is NULL
R11=0x00000000000003d8 is an unknown value
R12=0x0 is NULL
R13=0x0 is NULL
R14=0x00007f0258453a60 points into unknown readable memory: 0x0000000000706d74 | 74 6d 70 00 00 00 00 00
R15=0x00007f0258017800 is a thread


Registers:
RAX=0x00007f0258453a60, RBX=0x0000000000000000, RCX=0x000000000000706d, RDX=0x00007f0258453a60
RSP=0x00007f025f6326c0, RBP=0x00007f025841e1a0, RSI=0x0000000000000000, RDI=0x00007f025841e1a0
R8 =0x00000000c6266348, R9 =0x00007f0258017800, R10=0x0000000000000000, R11=0x00000000000003d8
R12=0x0000000000000000, R13=0x0000000000000000, R14=0x00007f0258453a60, R15=0x00007f0258017800
RIP=0x00007f01fe158882, EFLAGS=0x0000000000010206, CSGSFS=0x002b000000000033, ERR=0x0000000000000004
  TRAPNO=0x000000000000000e

Top of Stack: (sp=0x00007f025f6326c0)
0x00007f025f6326c0:   00007f0258017800 0000000000000000
0x00007f025f6326d0:   00007f0258017800 00007f0260d21299
0x00007f025f6326e0:   0000000000000004 0000000000000003
0x00007f025f6326f0:   00007f0258453a60 00007f025811dfc0 

Instructions: (pc=0x00007f01fe158882)
0x00007f01fe158782:   89 c4 4c 8d 4c 24 40 e8 92 57 09 00 48 8b 7d 50
0x00007f01fe158792:   48 8b 4d 30 4c 89 e6 48 8d 54 24 10 4c 8b 45 38
0x00007f01fe1587a2:   48 8b 07 ff 50 10 48 8b 5d 00 8b 6d 08 5a 59 48
0x00007f01fe1587b2:   c1 e5 04 48 01 dd 48 39 eb 74 1a 0f 1f 00 48 8b
0x00007f01fe1587c2:   53 08 8b 33 4c 89 e7 48 83 c3 10 e8 6e 16 0e 00
0x00007f01fe1587d2:   48 39 dd 75 e9 48 83 c4 68 4c 89 e0 5b 5d 41 5c
0x00007f01fe1587e2:   41 5d 41 5e 41 5f c3 0f 1f 80 00 00 00 00 41 54
0x00007f01fe1587f2:   b8 01 01 00 00 55 48 89 fd 48 89 f7 53 48 83 ec
0x00007f01fe158802:   30 48 8b 75 30 66 89 44 24 20 e8 ef 24 09 00 48
0x00007f01fe158812:   8b 7d 50 48 8b 4d 30 48 89 e2 49 89 c4 4c 8b 45
0x00007f01fe158822:   38 48 8b 07 4c 89 e6 ff 50 10 48 8b 5d 00 8b 6d
0x00007f01fe158832:   08 48 c1 e5 04 48 01 dd 48 39 eb 74 18 90 48 8b
0x00007f01fe158842:   53 08 8b 33 4c 89 e7 48 83 c3 10 e8 ee 15 0e 00
0x00007f01fe158852:   48 39 dd 75 e9 48 83 c4 30 4c 89 e0 5b 5d 41 5c
0x00007f01fe158862:   c3 66 2e 0f 1f 84 00 00 00 00 00 0f 1f 00 41 56
0x00007f01fe158872:   41 55 49 89 f5 41 54 55 48 89 fd 53 48 83 ec 60
0x00007f01fe158882:   48 8b 06 80 3a 00 be 01 01 00 00 4c 8b 70 18 66
0x00007f01fe158892:   89 74 24 20 74 09 48 89 14 24 c6 44 24 20 03 48
0x00007f01fe1588a2:   8b 7d 30 e8 d6 15 fc ff 48 89 c7 e8 4e 47 0e 00
0x00007f01fe1588b2:   4c 89 f6 48 89 c7 e8 b3 46 01 00 be 01 00 00 00
0x00007f01fe1588c2:   bf 40 00 00 00 89 c3 b8 01 01 00 00 66 89 44 24
0x00007f01fe1588d2:   50 e8 a8 0a 13 00 48 8d 4c 24 30 41 89 d9 45 31
0x00007f01fe1588e2:   c0 48 83 ec 08 48 89 c7 4c 89 ea 4c 89 f6 6a 00
0x00007f01fe1588f2:   49 89 c4 e8 26 5d 09 00 48 8b 7d 50 48 8b 4d 30
0x00007f01fe158902:   4c 89 e6 48 8d 54 24 10 4c 8b 45 38 48 8b 07 ff
0x00007f01fe158912:   50 10 48 8b 5d 00 8b 6d 08 5a 59 48 c1 e5 04 48
0x00007f01fe158922:   01 dd 48 39 eb 74 1e 0f 1f 80 00 00 00 00 48 8b
0x00007f01fe158932:   53 08 8b 33 4c 89 e7 48 83 c3 10 e8 fe 14 0e 00
0x00007f01fe158942:   48 39 dd 75 e9 48 83 c4 60 4c 89 e0 5b 5d 41 5c
0x00007f01fe158952:   41 5d 41 5e c3 66 0f 1f 84 00 00 00 00 00 41 56
0x00007f01fe158962:   49 89 d6 41 55 49 89 f5 be 01 01 00 00 41 54 55
0x00007f01fe158972:   48 89 fd 53 48 83 ec 60 80 39 00 66 89 74 24 20 


Stack slot to memory mapping:
stack at sp + 0 slots: 0x00007f0258017800 is a thread
stack at sp + 1 slots: 0x0 is NULL
stack at sp + 2 slots: 0x00007f0258017800 is a thread
stack at sp + 3 slots: 0x00007f0260d21299: __libc_malloc+0x00000000000001b9 in /lib/x86_64-linux-gnu/libc.so.6 at 0x00007f0260c87000
stack at sp + 4 slots: 0x0000000000000004 is an unknown value
stack at sp + 5 slots: 0x0000000000000003 is an unknown value
stack at sp + 6 slots: 0x00007f0258453a60 points into unknown readable memory: 0x0000000000706d74 | 74 6d 70 00 00 00 00 00
stack at sp + 7 slots: 0x00007f025811dfc0 points into unknown readable memory: 0x00000000c6266338 | 38 63 26 c6 00 00 00 00


---------------  P R O C E S S  ---------------

Threads class SMR info:
_java_thread_list=0x00007f025831f4c0, length=11, elements={
0x00007f0258017800, 0x00007f025811f800, 0x00007f0258121800, 0x00007f0258127000,
0x00007f0258129000, 0x00007f025812b000, 0x00007f025812d800, 0x00007f025812f800,
0x00007f025813d000, 0x00007f02582c6000, 0x00007f025831e000
}

Java Threads: ( => current thread )
=>0x00007f0258017800 JavaThread "main" [_thread_in_native, id=7610, stack(0x00007f025f534000,0x00007f025f635000)]
  0x00007f025811f800 JavaThread "Reference Handler" daemon [_thread_blocked, id=7629, stack(0x00007f025c298000,0x00007f025c399000)]
  0x00007f0258121800 JavaThread "Finalizer" daemon [_thread_blocked, id=7631, stack(0x00007f025c197000,0x00007f025c298000)]
  0x00007f0258127000 JavaThread "Signal Dispatcher" daemon [_thread_blocked, id=7632, stack(0x00007f025c096000,0x00007f025c197000)]
  0x00007f0258129000 JavaThread "Service Thread" daemon [_thread_blocked, id=7634, stack(0x00007f02406fc000,0x00007f02407fd000)]
  0x00007f025812b000 JavaThread "C2 CompilerThread0" daemon [_thread_in_native, id=7635, stack(0x00007f02405fb000,0x00007f02406fc000)]
  0x00007f025812d800 JavaThread "C1 CompilerThread0" daemon [_thread_blocked, id=7636, stack(0x00007f02404fa000,0x00007f02405fb000)]
  0x00007f025812f800 JavaThread "Sweeper thread" daemon [_thread_blocked, id=7637, stack(0x00007f02403f9000,0x00007f02404fa000)]
  0x00007f025813d000 JavaThread "Common-Cleaner" daemon [_thread_blocked, id=7638, stack(0x00007f02402f8000,0x00007f02403f9000)]
  0x00007f02582c6000 JavaThread "Monitor Ctrl-Break" daemon [_thread_in_native, id=7641, stack(0x00007f02401f7000,0x00007f02402f8000)]
  0x00007f025831e000 JavaThread "JavaCPP Deallocator" daemon [_thread_blocked, id=7644, stack(0x00007f0230d8c000,0x00007f0230e8d000)]

Other Threads:
  0x00007f025811c800 VMThread "VM Thread" [stack: 0x00007f025c39b000,0x00007f025c49b000] [id=7627]
  0x00007f02582c0000 WatcherThread [stack: 0x00007f02400f7000,0x00007f02401f7000] [id=7642]
  0x00007f025802f800 GCTaskThread "GC Thread#0" [stack: 0x00007f025f1cb000,0x00007f025f2cb000] [id=7620]
  0x00007f0228001000 GCTaskThread "GC Thread#1" [stack: 0x00007f0230e8f000,0x00007f0230f8f000] [id=7643]
  0x00007f025804a800 ConcurrentGCThread "G1 Main Marker" [stack: 0x00007f025ca81000,0x00007f025cb81000] [id=7621]
  0x00007f025804c000 ConcurrentGCThread "G1 Conc#0" [stack: 0x00007f025c97f000,0x00007f025ca7f000] [id=7623]
  0x00007f0258087800 ConcurrentGCThread "G1 Refine#0" [stack: 0x00007f025c67b000,0x00007f025c77b000] [id=7624]
  0x00007f0258089800 ConcurrentGCThread "G1 Young RemSet Sampling" [stack: 0x00007f025c579000,0x00007f025c679000] [id=7626]

Threads with active compile tasks:
C2 CompilerThread0      709  753  s!   4       jdk.internal.loader.URLClassPath::getLoader (194 bytes)

VM state:not at safepoint (normal execution)

VM Mutex/Monitor currently owned by a thread: None

Heap address: 0x00000000c3200000, size: 974 MB, Compressed Oops mode: 32-bit
Narrow klass base: 0x0000000800000000, Narrow klass shift: 3
Compressed class space size: 1073741824 Address: 0x0000000840000000

Heap:
 garbage-first heap   total 65536K, used 18333K [0x00000000c3200000, 0x0000000100000000)
  region size 1024K, 14 young (14336K), 1 survivors (1024K)
 Metaspace       used 4219K, capacity 6704K, committed 6912K, reserved 1056768K
  class space    used 471K, capacity 748K, committed 768K, reserved 1048576K
Heap Regions: E=young(eden), S=young(survivor), O=old, HS=humongous(starts), HC=humongous(continues), CS=collection set, F=free, A=archive, TAMS=top-at-mark-start (previous, next)
|   0|0x00000000c3200000, 0x00000000c3300000, 0x00000000c3300000|100%| O|  |TAMS 0x00000000c3200000, 0x00000000c3200000| Untracked 
|   1|0x00000000c3300000, 0x00000000c3400000, 0x00000000c3400000|100%| O|  |TAMS 0x00000000c3300000, 0x00000000c3300000| Untracked 
|   2|0x00000000c3400000, 0x00000000c3500000, 0x00000000c3500000|100%| O|  |TAMS 0x00000000c3400000, 0x00000000c3400000| Untracked 
|   3|0x00000000c3500000, 0x00000000c3600000, 0x00000000c3600000|100%| O|  |TAMS 0x00000000c3500000, 0x00000000c3500000| Untracked 
|   4|0x00000000c3600000, 0x00000000c36fd000, 0x00000000c3700000| 98%| O|  |TAMS 0x00000000c3600000, 0x00000000c3600000| Untracked 
|   5|0x00000000c3700000, 0x00000000c3700000, 0x00000000c3800000|  0%| F|  |TAMS 0x00000000c3700000, 0x00000000c3700000| Untracked 
|   6|0x00000000c3800000, 0x00000000c3800000, 0x00000000c3900000|  0%| F|  |TAMS 0x00000000c3800000, 0x00000000c3800000| Untracked 
|   7|0x00000000c3900000, 0x00000000c3900000, 0x00000000c3a00000|  0%| F|  |TAMS 0x00000000c3900000, 0x00000000c3900000| Untracked 
|   8|0x00000000c3a00000, 0x00000000c3a00000, 0x00000000c3b00000|  0%| F|  |TAMS 0x00000000c3a00000, 0x00000000c3a00000| Untracked 
|   9|0x00000000c3b00000, 0x00000000c3b00000, 0x00000000c3c00000|  0%| F|  |TAMS 0x00000000c3b00000, 0x00000000c3b00000| Untracked 
|  10|0x00000000c3c00000, 0x00000000c3c00000, 0x00000000c3d00000|  0%| F|  |TAMS 0x00000000c3c00000, 0x00000000c3c00000| Untracked 
|  11|0x00000000c3d00000, 0x00000000c3d00000, 0x00000000c3e00000|  0%| F|  |TAMS 0x00000000c3d00000, 0x00000000c3d00000| Untracked 
|  12|0x00000000c3e00000, 0x00000000c3e00000, 0x00000000c3f00000|  0%| F|  |TAMS 0x00000000c3e00000, 0x00000000c3e00000| Untracked 
|  13|0x00000000c3f00000, 0x00000000c3f00000, 0x00000000c4000000|  0%| F|  |TAMS 0x00000000c3f00000, 0x00000000c3f00000| Untracked 
|  14|0x00000000c4000000, 0x00000000c4000000, 0x00000000c4100000|  0%| F|  |TAMS 0x00000000c4000000, 0x00000000c4000000| Untracked 
|  15|0x00000000c4100000, 0x00000000c4100000, 0x00000000c4200000|  0%| F|  |TAMS 0x00000000c4100000, 0x00000000c4100000| Untracked 
|  16|0x00000000c4200000, 0x00000000c4200000, 0x00000000c4300000|  0%| F|  |TAMS 0x00000000c4200000, 0x00000000c4200000| Untracked 
|  17|0x00000000c4300000, 0x00000000c4300000, 0x00000000c4400000|  0%| F|  |TAMS 0x00000000c4300000, 0x00000000c4300000| Untracked 
|  18|0x00000000c4400000, 0x00000000c4400000, 0x00000000c4500000|  0%| F|  |TAMS 0x00000000c4400000, 0x00000000c4400000| Untracked 
|  19|0x00000000c4500000, 0x00000000c4500000, 0x00000000c4600000|  0%| F|  |TAMS 0x00000000c4500000, 0x00000000c4500000| Untracked 
|  20|0x00000000c4600000, 0x00000000c4600000, 0x00000000c4700000|  0%| F|  |TAMS 0x00000000c4600000, 0x00000000c4600000| Untracked 
|  21|0x00000000c4700000, 0x00000000c4700000, 0x00000000c4800000|  0%| F|  |TAMS 0x00000000c4700000, 0x00000000c4700000| Untracked 
|  22|0x00000000c4800000, 0x00000000c4800000, 0x00000000c4900000|  0%| F|  |TAMS 0x00000000c4800000, 0x00000000c4800000| Untracked 
|  23|0x00000000c4900000, 0x00000000c4900000, 0x00000000c4a00000|  0%| F|  |TAMS 0x00000000c4900000, 0x00000000c4900000| Untracked 
|  24|0x00000000c4a00000, 0x00000000c4a00000, 0x00000000c4b00000|  0%| F|  |TAMS 0x00000000c4a00000, 0x00000000c4a00000| Untracked 
|  25|0x00000000c4b00000, 0x00000000c4b00000, 0x00000000c4c00000|  0%| F|  |TAMS 0x00000000c4b00000, 0x00000000c4b00000| Untracked 
|  26|0x00000000c4c00000, 0x00000000c4c00000, 0x00000000c4d00000|  0%| F|  |TAMS 0x00000000c4c00000, 0x00000000c4c00000| Untracked 
|  27|0x00000000c4d00000, 0x00000000c4d00000, 0x00000000c4e00000|  0%| F|  |TAMS 0x00000000c4d00000, 0x00000000c4d00000| Untracked 
|  28|0x00000000c4e00000, 0x00000000c4e00000, 0x00000000c4f00000|  0%| F|  |TAMS 0x00000000c4e00000, 0x00000000c4e00000| Untracked 
|  29|0x00000000c4f00000, 0x00000000c4f00000, 0x00000000c5000000|  0%| F|  |TAMS 0x00000000c4f00000, 0x00000000c4f00000| Untracked 
|  30|0x00000000c5000000, 0x00000000c5000000, 0x00000000c5100000|  0%| F|  |TAMS 0x00000000c5000000, 0x00000000c5000000| Untracked 
|  31|0x00000000c5100000, 0x00000000c5100000, 0x00000000c5200000|  0%| F|  |TAMS 0x00000000c5100000, 0x00000000c5100000| Untracked 
|  32|0x00000000c5200000, 0x00000000c5200000, 0x00000000c5300000|  0%| F|  |TAMS 0x00000000c5200000, 0x00000000c5200000| Untracked 
|  33|0x00000000c5300000, 0x00000000c5300000, 0x00000000c5400000|  0%| F|  |TAMS 0x00000000c5300000, 0x00000000c5300000| Untracked 
|  34|0x00000000c5400000, 0x00000000c5400000, 0x00000000c5500000|  0%| F|  |TAMS 0x00000000c5400000, 0x00000000c5400000| Untracked 
|  35|0x00000000c5500000, 0x00000000c5500000, 0x00000000c5600000|  0%| F|  |TAMS 0x00000000c5500000, 0x00000000c5500000| Untracked 
|  36|0x00000000c5600000, 0x00000000c5600000, 0x00000000c5700000|  0%| F|  |TAMS 0x00000000c5600000, 0x00000000c5600000| Untracked 
|  37|0x00000000c5700000, 0x00000000c5700000, 0x00000000c5800000|  0%| F|  |TAMS 0x00000000c5700000, 0x00000000c5700000| Untracked 
|  38|0x00000000c5800000, 0x00000000c5800000, 0x00000000c5900000|  0%| F|  |TAMS 0x00000000c5800000, 0x00000000c5800000| Untracked 
|  39|0x00000000c5900000, 0x00000000c5900000, 0x00000000c5a00000|  0%| F|  |TAMS 0x00000000c5900000, 0x00000000c5900000| Untracked 
|  40|0x00000000c5a00000, 0x00000000c5a00000, 0x00000000c5b00000|  0%| F|  |TAMS 0x00000000c5a00000, 0x00000000c5a00000| Untracked 
|  41|0x00000000c5b00000, 0x00000000c5b00000, 0x00000000c5c00000|  0%| F|  |TAMS 0x00000000c5b00000, 0x00000000c5b00000| Untracked 
|  42|0x00000000c5c00000, 0x00000000c5c00000, 0x00000000c5d00000|  0%| F|  |TAMS 0x00000000c5c00000, 0x00000000c5c00000| Untracked 
|  43|0x00000000c5d00000, 0x00000000c5d00000, 0x00000000c5e00000|  0%| F|  |TAMS 0x00000000c5d00000, 0x00000000c5d00000| Untracked 
|  44|0x00000000c5e00000, 0x00000000c5e00000, 0x00000000c5f00000|  0%| F|  |TAMS 0x00000000c5e00000, 0x00000000c5e00000| Untracked 
|  45|0x00000000c5f00000, 0x00000000c5f00000, 0x00000000c6000000|  0%| F|  |TAMS 0x00000000c5f00000, 0x00000000c5f00000| Untracked 
|  46|0x00000000c6000000, 0x00000000c6000000, 0x00000000c6100000|  0%| F|  |TAMS 0x00000000c6000000, 0x00000000c6000000| Untracked 
|  47|0x00000000c6100000, 0x00000000c6100000, 0x00000000c6200000|  0%| F|  |TAMS 0x00000000c6100000, 0x00000000c6100000| Untracked 
|  48|0x00000000c6200000, 0x00000000c6280800, 0x00000000c6300000| 50%| E|  |TAMS 0x00000000c6200000, 0x00000000c6200000| Complete 
|  49|0x00000000c6300000, 0x00000000c6400000, 0x00000000c6400000|100%| E|CS|TAMS 0x00000000c6300000, 0x00000000c6300000| Complete 
|  50|0x00000000c6400000, 0x00000000c6500000, 0x00000000c6500000|100%| E|CS|TAMS 0x00000000c6400000, 0x00000000c6400000| Complete 
|  51|0x00000000c6500000, 0x00000000c6600000, 0x00000000c6600000|100%| E|CS|TAMS 0x00000000c6500000, 0x00000000c6500000| Complete 
|  52|0x00000000c6600000, 0x00000000c6700000, 0x00000000c6700000|100%| E|CS|TAMS 0x00000000c6600000, 0x00000000c6600000| Complete 
|  53|0x00000000c6700000, 0x00000000c6800000, 0x00000000c6800000|100%| E|CS|TAMS 0x00000000c6700000, 0x00000000c6700000| Complete 
|  54|0x00000000c6800000, 0x00000000c6900000, 0x00000000c6900000|100%| E|CS|TAMS 0x00000000c6800000, 0x00000000c6800000| Complete 
|  55|0x00000000c6900000, 0x00000000c6a00000, 0x00000000c6a00000|100%| E|CS|TAMS 0x00000000c6900000, 0x00000000c6900000| Complete 
|  56|0x00000000c6a00000, 0x00000000c6b00000, 0x00000000c6b00000|100%| E|CS|TAMS 0x00000000c6a00000, 0x00000000c6a00000| Complete 
|  57|0x00000000c6b00000, 0x00000000c6c00000, 0x00000000c6c00000|100%| E|CS|TAMS 0x00000000c6b00000, 0x00000000c6b00000| Complete 
|  58|0x00000000c6c00000, 0x00000000c6d00000, 0x00000000c6d00000|100%| E|CS|TAMS 0x00000000c6c00000, 0x00000000c6c00000| Complete 
|  59|0x00000000c6d00000, 0x00000000c6d37760, 0x00000000c6e00000| 21%| S|CS|TAMS 0x00000000c6d00000, 0x00000000c6d00000| Complete 
|  60|0x00000000c6e00000, 0x00000000c6f00000, 0x00000000c6f00000|100%| E|CS|TAMS 0x00000000c6e00000, 0x00000000c6e00000| Complete 
|  61|0x00000000c6f00000, 0x00000000c7000000, 0x00000000c7000000|100%| E|CS|TAMS 0x00000000c6f00000, 0x00000000c6f00000| Complete 
| 972|0x00000000ffe00000, 0x00000000ffe48000, 0x00000000fff00000| 28%|OA|  |TAMS 0x00000000ffe00000, 0x00000000ffe00000| Untracked 
| 973|0x00000000fff00000, 0x00000000fff6b000, 0x0000000100000000| 41%|CA|  |TAMS 0x00000000fff00000, 0x00000000fff00000| Untracked 

Card table byte_map: [0x00007f025ebf9000,0x00007f025ede0000] _byte_map_base: 0x00007f025e5e0000

Marking Bits (Prev, Next): (CMBitMap*) 0x00007f02580459a8, (CMBitMap*) 0x00007f02580459e0
 Prev Bits: [0x00007f025dada000, 0x00007f025ea12000)
 Next Bits: [0x00007f025cba2000, 0x00007f025dada000)

Polling page: 0x00007f0260e7f000

Metaspace:

Usage:
  Non-class:      5.82 MB capacity,     3.66 MB ( 63%) used,     2.15 MB ( 37%) free+waste,     9.25 KB ( <1%) overhead. 
      Class:    748.00 KB capacity,   471.94 KB ( 63%) used,   270.94 KB ( 36%) free+waste,     5.12 KB ( <1%) overhead. 
       Both:      6.55 MB capacity,     4.12 MB ( 63%) used,     2.41 MB ( 37%) free+waste,    14.38 KB ( <1%) overhead. 

Virtual space:
  Non-class space:        8.00 MB reserved,       6.00 MB ( 75%) committed 
      Class space:        1.00 GB reserved,     768.00 KB ( <1%) committed 
             Both:        1.01 GB reserved,       6.75 MB ( <1%) committed 

Chunk freelists:
   Non-Class:  0 bytes
       Class:  0 bytes
        Both:  0 bytes

MaxMetaspaceSize: unlimited
CompressedClassSpaceSize: 1.00 GB
Initial GC threshold: 20.80 MB
Current GC threshold: 20.80 MB
CDS: on

CodeHeap 'non-profiled nmethods': size=120036Kb used=260Kb max_used=260Kb free=119775Kb
 bounds [0x00007f02482c4000, 0x00007f0248534000, 0x00007f024f7fd000]
CodeHeap 'profiled nmethods': size=120032Kb used=1648Kb max_used=1648Kb free=118383Kb
 bounds [0x00007f0240d8c000, 0x00007f0240ffc000, 0x00007f02482c4000]
CodeHeap 'non-nmethods': size=5692Kb used=1148Kb max_used=1164Kb free=4543Kb
 bounds [0x00007f02407fd000, 0x00007f0240a6d000, 0x00007f0240d8c000]
 total_blobs=1288 nmethods=878 adapters=324
 compilation: enabled
              stopped_count=0, restarted_count=0
 full_count=0

Compilation events (20 events):
Event: 0.691 Thread 0x00007f025812d800  860       3       java.lang.invoke.LambdaForm$Name::isParam (13 bytes)
Event: 0.691 Thread 0x00007f025812d800 nmethod 860 0x00007f0240f1d390 code [0x00007f0240f1d540, 0x00007f0240f1d6b0]
Event: 0.692 Thread 0x00007f025812d800  861       1       java.lang.invoke.LambdaForm$NamedFunction::intrinsicName (5 bytes)
Event: 0.692 Thread 0x00007f025812d800 nmethod 861 0x00007f0248304110 code [0x00007f02483042c0, 0x00007f0248304390]
Event: 0.692 Thread 0x00007f025812d800  862       3       jdk.internal.org.objectweb.asm.Frame::pop (43 bytes)
Event: 0.692 Thread 0x00007f025812d800 nmethod 862 0x00007f0240f1d710 code [0x00007f0240f1d8c0, 0x00007f0240f1da70]
Event: 0.692 Thread 0x00007f025812d800  864       3       java.lang.invoke.LambdaForm::uncustomize (57 bytes)
Event: 0.692 Thread 0x00007f025812d800 nmethod 864 0x00007f0240f1db90 code [0x00007f0240f1dd60, 0x00007f0240f1e080]
Event: 0.692 Thread 0x00007f025812d800  865       3       java.lang.invoke.MethodTypeForm::canonicalize (64 bytes)
Event: 0.693 Thread 0x00007f025812d800 nmethod 865 0x00007f0240f1e190 code [0x00007f0240f1e380, 0x00007f0240f1e660]
Event: 0.693 Thread 0x00007f025812d800  866       3       java.lang.invoke.MethodType$ConcurrentWeakInternSet::add (66 bytes)
Event: 0.693 Thread 0x00007f025812d800 nmethod 866 0x00007f0240f1e790 code [0x00007f0240f1ea20, 0x00007f0240f1f940]
Event: 0.693 Thread 0x00007f025812d800  867       3       sun.invoke.util.BytecodeDescriptor::unparseSig (91 bytes)
Event: 0.694 Thread 0x00007f025812d800 nmethod 867 0x00007f0240f1fd90 code [0x00007f0240f20020, 0x00007f0240f20840]
Event: 0.694 Thread 0x00007f025812d800  870       3       java.lang.invoke.MethodType::erase (8 bytes)
Event: 0.694 Thread 0x00007f025812d800 nmethod 870 0x00007f0240f20c10 code [0x00007f0240f20dc0, 0x00007f0240f20ef0]
Event: 0.695 Thread 0x00007f025812d800  871       3       java.lang.invoke.LambdaForm$BasicType::basicTypeSlots (8 bytes)
Event: 0.695 Thread 0x00007f025812d800 nmethod 871 0x00007f0240f20f90 code [0x00007f0240f21140, 0x00007f0240f212d0]
Event: 0.695 Thread 0x00007f025812d800  873       3       jdk.internal.org.objectweb.asm.Frame::type (416 bytes)
Event: 0.697 Thread 0x00007f025812d800 nmethod 873 0x00007f0240f21390 code [0x00007f0240f217a0, 0x00007f0240f23770]

GC Heap History (4 events):
Event: 0.230 GC heap before
{Heap before GC invocations=0 (full 0):
 garbage-first heap   total 65536K, used 6860K [0x00000000c3200000, 0x0000000100000000)
  region size 1024K, 7 young (7168K), 0 survivors (0K)
 Metaspace       used 1125K, capacity 4702K, committed 4864K, reserved 1056768K
  class space    used 109K, capacity 439K, committed 512K, reserved 1048576K
}
Event: 0.235 GC heap after
{Heap after GC invocations=1 (full 0):
 garbage-first heap   total 65536K, used 6131K [0x00000000c3200000, 0x0000000100000000)
  region size 1024K, 1 young (1024K), 1 survivors (1024K)
 Metaspace       used 1125K, capacity 4702K, committed 4864K, reserved 1056768K
  class space    used 109K, capacity 439K, committed 512K, reserved 1048576K
}
Event: 0.361 GC heap before
{Heap before GC invocations=1 (full 0):
 garbage-first heap   total 65536K, used 7155K [0x00000000c3200000, 0x0000000100000000)
  region size 1024K, 3 young (3072K), 1 survivors (1024K)
 Metaspace       used 2070K, capacity 5406K, committed 5504K, reserved 1056768K
  class space    used 248K, capacity 567K, committed 640K, reserved 1048576K
}
Event: 0.365 GC heap after
{Heap after GC invocations=2 (full 0):
 garbage-first heap   total 65536K, used 6045K [0x00000000c3200000, 0x0000000100000000)
  region size 1024K, 1 young (1024K), 1 survivors (1024K)
 Metaspace       used 2070K, capacity 5406K, committed 5504K, reserved 1056768K
  class space    used 248K, capacity 567K, committed 640K, reserved 1048576K
}

Deoptimization events (20 events):
Event: 0.440 Thread 0x00007f0258017800 Uncommon trap: trap_request=0xffffffbe fr.pc=0x00007f02482e0194 relative=0x00000000000003d4
Event: 0.440 Thread 0x00007f0258017800 Uncommon trap: reason=profile_predicate action=maybe_recompile pc=0x00007f02482e0194 method=java.lang.StringLatin1.indexOf([BI[BII)I @ 18 c2
Event: 0.440 Thread 0x00007f0258017800 DEOPT PACKING pc=0x00007f02482e0194 sp=0x00007f025f632150
Event: 0.440 Thread 0x00007f0258017800 DEOPT UNPACKING pc=0x00007f0240846ea5 sp=0x00007f025f6320d0 mode 2
Event: 0.656 Thread 0x00007f0258017800 Uncommon trap: trap_request=0xffffffc6 fr.pc=0x00007f02482cdc24 relative=0x0000000000000084
Event: 0.656 Thread 0x00007f0258017800 Uncommon trap: reason=bimorphic_or_optimized_type_check action=maybe_recompile pc=0x00007f02482cdc24 method=java.util.AbstractCollection.isEmpty()Z @ 1 c2
Event: 0.656 Thread 0x00007f0258017800 DEOPT PACKING pc=0x00007f02482cdc24 sp=0x00007f025f6321f0
Event: 0.656 Thread 0x00007f0258017800 DEOPT UNPACKING pc=0x00007f0240846ea5 sp=0x00007f025f6321a0 mode 2
Event: 0.656 Thread 0x00007f0258017800 Uncommon trap: trap_request=0xffffffc6 fr.pc=0x00007f02482cdc24 relative=0x0000000000000084
Event: 0.656 Thread 0x00007f0258017800 Uncommon trap: reason=bimorphic_or_optimized_type_check action=maybe_recompile pc=0x00007f02482cdc24 method=java.util.AbstractCollection.isEmpty()Z @ 1 c2
Event: 0.656 Thread 0x00007f0258017800 DEOPT PACKING pc=0x00007f02482cdc24 sp=0x00007f025f6323c0
Event: 0.656 Thread 0x00007f0258017800 DEOPT UNPACKING pc=0x00007f0240846ea5 sp=0x00007f025f632370 mode 2
Event: 0.658 Thread 0x00007f0258017800 Uncommon trap: trap_request=0xffffffc6 fr.pc=0x00007f02482cdc24 relative=0x0000000000000084
Event: 0.658 Thread 0x00007f0258017800 Uncommon trap: reason=bimorphic_or_optimized_type_check action=maybe_recompile pc=0x00007f02482cdc24 method=java.util.AbstractCollection.isEmpty()Z @ 1 c2
Event: 0.658 Thread 0x00007f0258017800 DEOPT PACKING pc=0x00007f02482cdc24 sp=0x00007f025f6323e0
Event: 0.658 Thread 0x00007f0258017800 DEOPT UNPACKING pc=0x00007f0240846ea5 sp=0x00007f025f632390 mode 2
Event: 0.658 Thread 0x00007f0258017800 Uncommon trap: trap_request=0xffffffc6 fr.pc=0x00007f02482cdc24 relative=0x0000000000000084
Event: 0.658 Thread 0x00007f0258017800 Uncommon trap: reason=bimorphic_or_optimized_type_check action=maybe_recompile pc=0x00007f02482cdc24 method=java.util.AbstractCollection.isEmpty()Z @ 1 c2
Event: 0.658 Thread 0x00007f0258017800 DEOPT PACKING pc=0x00007f02482cdc24 sp=0x00007f025f6321f0
Event: 0.658 Thread 0x00007f0258017800 DEOPT UNPACKING pc=0x00007f0240846ea5 sp=0x00007f025f6321a0 mode 2

Classes redefined (0 events):
No events

Internal exceptions (20 events):
Event: 0.150 Thread 0x00007f0258017800 Exception <a 'java/security/PrivilegedActionException'{0x00000000c6e4a260}> (0x00000000c6e4a260) thrown at [src/hotspot/share/prims/jvm.cpp, line 1304]
Event: 0.150 Thread 0x00007f0258017800 Exception <a 'java/security/PrivilegedActionException'{0x00000000c6e4a530}> (0x00000000c6e4a530) thrown at [src/hotspot/share/prims/jvm.cpp, line 1304]
Event: 0.150 Thread 0x00007f0258017800 Exception <a 'java/security/PrivilegedActionException'{0x00000000c6e4b000}> (0x00000000c6e4b000) thrown at [src/hotspot/share/prims/jvm.cpp, line 1304]
Event: 0.150 Thread 0x00007f0258017800 Exception <a 'java/security/PrivilegedActionException'{0x00000000c6e4b2d0}> (0x00000000c6e4b2d0) thrown at [src/hotspot/share/prims/jvm.cpp, line 1304]
Event: 0.150 Thread 0x00007f0258017800 Exception <a 'java/security/PrivilegedActionException'{0x00000000c6e4bdb8}> (0x00000000c6e4bdb8) thrown at [src/hotspot/share/prims/jvm.cpp, line 1304]
Event: 0.150 Thread 0x00007f0258017800 Exception <a 'java/security/PrivilegedActionException'{0x00000000c6e4c088}> (0x00000000c6e4c088) thrown at [src/hotspot/share/prims/jvm.cpp, line 1304]
Event: 0.151 Thread 0x00007f0258017800 Exception <a 'java/security/PrivilegedActionException'{0x00000000c6e4cb70}> (0x00000000c6e4cb70) thrown at [src/hotspot/share/prims/jvm.cpp, line 1304]
Event: 0.151 Thread 0x00007f0258017800 Exception <a 'java/security/PrivilegedActionException'{0x00000000c6e4ce40}> (0x00000000c6e4ce40) thrown at [src/hotspot/share/prims/jvm.cpp, line 1304]
Event: 0.151 Thread 0x00007f0258017800 Exception <a 'java/security/PrivilegedActionException'{0x00000000c6e4d938}> (0x00000000c6e4d938) thrown at [src/hotspot/share/prims/jvm.cpp, line 1304]
Event: 0.151 Thread 0x00007f0258017800 Exception <a 'java/security/PrivilegedActionException'{0x00000000c6e4dc08}> (0x00000000c6e4dc08) thrown at [src/hotspot/share/prims/jvm.cpp, line 1304]
Event: 0.151 Thread 0x00007f0258017800 Exception <a 'java/security/PrivilegedActionException'{0x00000000c6e4e6d8}> (0x00000000c6e4e6d8) thrown at [src/hotspot/share/prims/jvm.cpp, line 1304]
Event: 0.151 Thread 0x00007f0258017800 Exception <a 'java/security/PrivilegedActionException'{0x00000000c6e4e9a8}> (0x00000000c6e4e9a8) thrown at [src/hotspot/share/prims/jvm.cpp, line 1304]
Event: 0.151 Thread 0x00007f0258017800 Exception <a 'java/security/PrivilegedActionException'{0x00000000c6e4f4b8}> (0x00000000c6e4f4b8) thrown at [src/hotspot/share/prims/jvm.cpp, line 1304]
Event: 0.151 Thread 0x00007f0258017800 Exception <a 'java/security/PrivilegedActionException'{0x00000000c6e4f788}> (0x00000000c6e4f788) thrown at [src/hotspot/share/prims/jvm.cpp, line 1304]
Event: 0.168 Thread 0x00007f0258017800 Exception <a 'java/security/PrivilegedActionException'{0x00000000c6ed8560}> (0x00000000c6ed8560) thrown at [src/hotspot/share/prims/jvm.cpp, line 1304]
Event: 0.168 Thread 0x00007f0258017800 Exception <a 'java/security/PrivilegedActionException'{0x00000000c6ed8830}> (0x00000000c6ed8830) thrown at [src/hotspot/share/prims/jvm.cpp, line 1304]
Event: 0.427 Thread 0x00007f0258017800 Exception <a 'java/lang/NoSuchMethodError'{0x00000000c6e45ed8}: 'int java.lang.invoke.DirectMethodHandle$Holder.invokeStaticInit(java.lang.Object, java.lang.Object, java.lang.Object, java.lang.Object)'> (0x00000000c6e45ed8) thrown at [src/hotspot/share/interpreter/linkResolver.cpp, line 772]
Event: 0.428 Thread 0x00007f0258017800 Exception <a 'java/lang/IncompatibleClassChangeError'{0x00000000c6e4fc58}: Found class java.lang.Object, but interface was expected> (0x00000000c6e4fc58) thrown at [src/hotspot/share/interpreter/linkResolver.cpp, line 839]
Event: 0.430 Thread 0x00007f0258017800 Exception <a 'java/lang/NoSuchMethodError'{0x00000000c6e52e08}: 'void java.lang.invoke.DirectMethodHandle$Holder.invokeStaticInit(java.lang.Object, java.lang.Object)'> (0x00000000c6e52e08) thrown at [src/hotspot/share/interpreter/linkResolver.cpp, line 772]
Event: 0.431 Thread 0x00007f0258017800 Exception <a 'java/lang/NoSuchMethodError'{0x00000000c6e582f8}: 'int java.lang.invoke.DirectMethodHandle$Holder.invokeStaticInit(java.lang.Object, java.lang.Object)'> (0x00000000c6e582f8) thrown at [src/hotspot/share/interpreter/linkResolver.cpp, line 772]

Events (20 events):
Event: 0.652 Executing VM operation: Deoptimize
Event: 0.652 Executing VM operation: Deoptimize done
Event: 0.656 loading class java/lang/invoke/BoundMethodHandle$Species_LL
Event: 0.656 loading class java/lang/invoke/BoundMethodHandle$Species_LL done
Event: 0.658 loading class java/lang/invoke/BoundMethodHandle$Species_LLL
Event: 0.658 loading class java/lang/invoke/BoundMethodHandle$Species_LLL done
Event: 0.660 loading class java/lang/invoke/BoundMethodHandle$Species_LLLL
Event: 0.660 loading class java/lang/invoke/BoundMethodHandle$Species_LLLL done
Event: 0.664 loading class java/lang/invoke/BoundMethodHandle$Species_LLLLL
Event: 0.664 loading class java/lang/invoke/BoundMethodHandle$Species_LLLLL done
Event: 0.667 loading class java/lang/invoke/BoundMethodHandle$Species_LLLLLL
Event: 0.667 loading class java/lang/invoke/BoundMethodHandle$Species_LLLLLL done
Event: 0.674 loading class java/lang/invoke/BoundMethodHandle$Species_LLLLLLI
Event: 0.674 loading class java/lang/invoke/BoundMethodHandle$Species_LLLLLLI done
Event: 0.682 loading class java/lang/invoke/BoundMethodHandle$Species_LLLLLLII
Event: 0.682 loading class java/lang/invoke/BoundMethodHandle$Species_LLLLLLII done
Event: 0.683 loading class java/lang/invoke/BoundMethodHandle$Species_LLLLLLIIL
Event: 0.683 loading class java/lang/invoke/BoundMethodHandle$Species_LLLLLLIIL done
Event: 0.687 loading class scope/LocalScope
Event: 0.687 loading class scope/LocalScope done


Dynamic libraries:
c3200000-c7000000 rw-p 00000000 00:00 0 
c7000000-ffe00000 ---p 00000000 00:00 0 
ffe00000-ffe48000 rw-p 00b0a000 08:05 142310                             /usr/lib/jvm/java-11-openjdk-amd64/lib/server/classes.jsa
ffe48000-fff00000 rw-p 00000000 00:00 0 
fff00000-fff6b000 rw-p 00a9f000 08:05 142310                             /usr/lib/jvm/java-11-openjdk-amd64/lib/server/classes.jsa
fff6b000-100000000 rw-p 00000000 00:00 0 
800000000-800002000 rwxp 00001000 08:05 142310                           /usr/lib/jvm/java-11-openjdk-amd64/lib/server/classes.jsa
800002000-8003cc000 rw-p 00003000 08:05 142310                           /usr/lib/jvm/java-11-openjdk-amd64/lib/server/classes.jsa
8003cc000-800a9d000 r--p 003cd000 08:05 142310                           /usr/lib/jvm/java-11-openjdk-amd64/lib/server/classes.jsa
800a9d000-800a9e000 rw-p 00a9e000 08:05 142310                           /usr/lib/jvm/java-11-openjdk-amd64/lib/server/classes.jsa
840000000-8400c0000 rw-p 00000000 00:00 0 
8400c0000-880000000 ---p 00000000 00:00 0 
55d9d150f000-55d9d1510000 r--p 00000000 08:05 142834                     /usr/lib/jvm/java-11-openjdk-amd64/bin/java
55d9d1510000-55d9d1511000 r-xp 00001000 08:05 142834                     /usr/lib/jvm/java-11-openjdk-amd64/bin/java
55d9d1511000-55d9d1512000 r--p 00002000 08:05 142834                     /usr/lib/jvm/java-11-openjdk-amd64/bin/java
55d9d1512000-55d9d1513000 r--p 00002000 08:05 142834                     /usr/lib/jvm/java-11-openjdk-amd64/bin/java
55d9d1513000-55d9d1514000 rw-p 00003000 08:05 142834                     /usr/lib/jvm/java-11-openjdk-amd64/bin/java
55d9d3510000-55d9d3552000 rw-p 00000000 00:00 0                          [heap]
7f01fd52c000-7f01fde52000 r--p 00000000 08:05 525029                     /home/whale/.javacpp/cache/llvm-13.0.1-1.5.7-linux-x86_64.jar/org/bytedeco/llvm/linux-x86_64/libLLVM-13.so
7f01fde52000-7f0201815000 r-xp 00926000 08:05 525029                     /home/whale/.javacpp/cache/llvm-13.0.1-1.5.7-linux-x86_64.jar/org/bytedeco/llvm/linux-x86_64/libLLVM-13.so
7f0201815000-7f0203a6a000 r--p 042e9000 08:05 525029                     /home/whale/.javacpp/cache/llvm-13.0.1-1.5.7-linux-x86_64.jar/org/bytedeco/llvm/linux-x86_64/libLLVM-13.so
7f0203a6a000-7f0203f7f000 r--p 0653d000 08:05 525029                     /home/whale/.javacpp/cache/llvm-13.0.1-1.5.7-linux-x86_64.jar/org/bytedeco/llvm/linux-x86_64/libLLVM-13.so
7f0203f7f000-7f0203f8a000 rw-p 06a52000 08:05 525029                     /home/whale/.javacpp/cache/llvm-13.0.1-1.5.7-linux-x86_64.jar/org/bytedeco/llvm/linux-x86_64/libLLVM-13.so
7f0203f8a000-7f0204000000 rw-p 00000000 00:00 0 
7f0204000000-7f0204021000 rw-p 00000000 00:00 0 
7f0204021000-7f0208000000 ---p 00000000 00:00 0 
7f0208000000-7f0208021000 rw-p 00000000 00:00 0 
7f0208021000-7f020c000000 ---p 00000000 00:00 0 
7f020c000000-7f020c2f4000 rw-p 00000000 00:00 0 
7f020c2f4000-7f0210000000 ---p 00000000 00:00 0 
7f0210000000-7f02104ba000 rw-p 00000000 00:00 0 
7f02104ba000-7f0214000000 ---p 00000000 00:00 0 
7f0214000000-7f0214021000 rw-p 00000000 00:00 0 
7f0214021000-7f0218000000 ---p 00000000 00:00 0 
7f0218000000-7f0218021000 rw-p 00000000 00:00 0 
7f0218021000-7f021c000000 ---p 00000000 00:00 0 
7f021c000000-7f021c021000 rw-p 00000000 00:00 0 
7f021c021000-7f0220000000 ---p 00000000 00:00 0 
7f0220000000-7f0220021000 rw-p 00000000 00:00 0 
7f0220021000-7f0224000000 ---p 00000000 00:00 0 
7f0224000000-7f0224021000 rw-p 00000000 00:00 0 
7f0224021000-7f0228000000 ---p 00000000 00:00 0 
7f0228000000-7f0228021000 rw-p 00000000 00:00 0 
7f0228021000-7f022c000000 ---p 00000000 00:00 0 
7f022c000000-7f022c021000 rw-p 00000000 00:00 0 
7f022c021000-7f0230000000 ---p 00000000 00:00 0 
7f0230c86000-7f0230ceb000 r--p 00000000 08:05 525034                     /home/whale/.javacpp/cache/llvm-13.0.1-1.5.7-linux-x86_64.jar/org/bytedeco/llvm/linux-x86_64/libjniLLVM.so
7f0230ceb000-7f0230d59000 r-xp 00065000 08:05 525034                     /home/whale/.javacpp/cache/llvm-13.0.1-1.5.7-linux-x86_64.jar/org/bytedeco/llvm/linux-x86_64/libjniLLVM.so
7f0230d59000-7f0230d84000 r--p 000d3000 08:05 525034                     /home/whale/.javacpp/cache/llvm-13.0.1-1.5.7-linux-x86_64.jar/org/bytedeco/llvm/linux-x86_64/libjniLLVM.so
7f0230d84000-7f0230d87000 r--p 000fd000 08:05 525034                     /home/whale/.javacpp/cache/llvm-13.0.1-1.5.7-linux-x86_64.jar/org/bytedeco/llvm/linux-x86_64/libjniLLVM.so
7f0230d87000-7f0230d8a000 rw-p 00100000 08:05 525034                     /home/whale/.javacpp/cache/llvm-13.0.1-1.5.7-linux-x86_64.jar/org/bytedeco/llvm/linux-x86_64/libjniLLVM.so
7f0230d8a000-7f0230d8c000 rw-p 00000000 00:00 0 
7f0230d8c000-7f0230d90000 ---p 00000000 00:00 0 
7f0230d90000-7f0230e8d000 rw-p 00000000 00:00 0 
7f0230e8d000-7f0230e8e000 ---p 00000000 00:00 0 
7f0230e8e000-7f0230f8f000 rw-p 00000000 00:00 0 
7f0230f8f000-7f0231800000 r--p 00000000 08:05 131580                     /usr/lib/locale/locale-archive
7f0231800000-7f0231e00000 rw-p 00000000 00:00 0 
7f0231e00000-7f0232000000 ---p 00000000 00:00 0 
7f0232000000-7f0234000000 rw-p 00000000 00:00 0 
7f0234000000-7f0234021000 rw-p 00000000 00:00 0 
7f0234021000-7f0238000000 ---p 00000000 00:00 0 
7f0238000000-7f0238021000 rw-p 00000000 00:00 0 
7f0238021000-7f023c000000 ---p 00000000 00:00 0 
7f023c000000-7f023c021000 rw-p 00000000 00:00 0 
7f023c021000-7f0240000000 ---p 00000000 00:00 0 
7f02400f5000-7f02400f6000 ---p 00000000 00:00 0 
7f02400f6000-7f02401f7000 rw-p 00000000 00:00 0 
7f02401f7000-7f02401fb000 ---p 00000000 00:00 0 
7f02401fb000-7f02402f8000 rw-p 00000000 00:00 0 
7f02402f8000-7f02402fc000 ---p 00000000 00:00 0 
7f02402fc000-7f02403f9000 rw-p 00000000 00:00 0 
7f02403f9000-7f02403fd000 ---p 00000000 00:00 0 
7f02403fd000-7f02404fa000 rw-p 00000000 00:00 0 
7f02404fa000-7f02404fe000 ---p 00000000 00:00 0 
7f02404fe000-7f02405fb000 rw-p 00000000 00:00 0 
7f02405fb000-7f02405ff000 ---p 00000000 00:00 0 
7f02405ff000-7f02406fc000 rw-p 00000000 00:00 0 
7f02406fc000-7f0240700000 ---p 00000000 00:00 0 
7f0240700000-7f02407fd000 rw-p 00000000 00:00 0 
7f02407fd000-7f0240a6d000 rwxp 00000000 00:00 0 
7f0240a6d000-7f0240d8c000 ---p 00000000 00:00 0 
7f0240d8c000-7f0240ffc000 rwxp 00000000 00:00 0 
7f0240ffc000-7f02482c4000 ---p 00000000 00:00 0 
7f02482c4000-7f0248534000 rwxp 00000000 00:00 0 
7f0248534000-7f024f7fd000 ---p 00000000 00:00 0 
7f024f7fd000-7f0258000000 r--s 00000000 08:05 142924                     /usr/lib/jvm/java-11-openjdk-amd64/lib/modules
7f0258000000-7f0258455000 rw-p 00000000 00:00 0 
7f0258455000-7f025c000000 ---p 00000000 00:00 0 
7f025c03a000-7f025c041000 r--s 00000000 08:05 668551                     /usr/lib/x86_64-linux-gnu/gconv/gconv-modules.cache
7f025c041000-7f025c042000 r--p 00000000 08:05 525032                     /home/whale/.javacpp/cache/llvm-13.0.1-1.5.7-linux-x86_64.jar/org/bytedeco/llvm/linux-x86_64/libRemarks.so.13
7f025c042000-7f025c043000 r-xp 00001000 08:05 525032                     /home/whale/.javacpp/cache/llvm-13.0.1-1.5.7-linux-x86_64.jar/org/bytedeco/llvm/linux-x86_64/libRemarks.so.13
7f025c043000-7f025c044000 r--p 00002000 08:05 525032                     /home/whale/.javacpp/cache/llvm-13.0.1-1.5.7-linux-x86_64.jar/org/bytedeco/llvm/linux-x86_64/libRemarks.so.13
7f025c044000-7f025c045000 r--p 00002000 08:05 525032                     /home/whale/.javacpp/cache/llvm-13.0.1-1.5.7-linux-x86_64.jar/org/bytedeco/llvm/linux-x86_64/libRemarks.so.13
7f025c045000-7f025c046000 rw-p 00003000 08:05 525032                     /home/whale/.javacpp/cache/llvm-13.0.1-1.5.7-linux-x86_64.jar/org/bytedeco/llvm/linux-x86_64/libRemarks.so.13
7f025c046000-7f025c04d000 r--p 00000000 08:05 525030                     /home/whale/.javacpp/cache/llvm-13.0.1-1.5.7-linux-x86_64.jar/org/bytedeco/llvm/linux-x86_64/libLTO.so.13
7f025c04d000-7f025c055000 r-xp 00007000 08:05 525030                     /home/whale/.javacpp/cache/llvm-13.0.1-1.5.7-linux-x86_64.jar/org/bytedeco/llvm/linux-x86_64/libLTO.so.13
7f025c055000-7f025c057000 r--p 0000f000 08:05 525030                     /home/whale/.javacpp/cache/llvm-13.0.1-1.5.7-linux-x86_64.jar/org/bytedeco/llvm/linux-x86_64/libLTO.so.13
7f025c057000-7f025c058000 r--p 00010000 08:05 525030                     /home/whale/.javacpp/cache/llvm-13.0.1-1.5.7-linux-x86_64.jar/org/bytedeco/llvm/linux-x86_64/libLTO.so.13
7f025c058000-7f025c059000 rw-p 00011000 08:05 525030                     /home/whale/.javacpp/cache/llvm-13.0.1-1.5.7-linux-x86_64.jar/org/bytedeco/llvm/linux-x86_64/libLTO.so.13
7f025c059000-7f025c05d000 r--p 00000000 08:05 525023                     /home/whale/.javacpp/cache/javacpp-1.5.7-linux-x86_64.jar/org/bytedeco/javacpp/linux-x86_64/libjnijavacpp.so
7f025c05d000-7f025c064000 r-xp 00004000 08:05 525023                     /home/whale/.javacpp/cache/javacpp-1.5.7-linux-x86_64.jar/org/bytedeco/javacpp/linux-x86_64/libjnijavacpp.so
7f025c064000-7f025c068000 r--p 0000b000 08:05 525023                     /home/whale/.javacpp/cache/javacpp-1.5.7-linux-x86_64.jar/org/bytedeco/javacpp/linux-x86_64/libjnijavacpp.so
7f025c068000-7f025c069000 r--p 0000e000 08:05 525023                     /home/whale/.javacpp/cache/javacpp-1.5.7-linux-x86_64.jar/org/bytedeco/javacpp/linux-x86_64/libjnijavacpp.so
7f025c069000-7f025c06a000 rw-p 0000f000 08:05 525023                     /home/whale/.javacpp/cache/javacpp-1.5.7-linux-x86_64.jar/org/bytedeco/javacpp/linux-x86_64/libjnijavacpp.so
7f025c06a000-7f025c06e000 r--p 00000000 08:05 142914                     /usr/lib/jvm/java-11-openjdk-amd64/lib/libnet.so
7f025c06e000-7f025c07c000 r-xp 00004000 08:05 142914                     /usr/lib/jvm/java-11-openjdk-amd64/lib/libnet.so
7f025c07c000-7f025c080000 r--p 00012000 08:05 142914                     /usr/lib/jvm/java-11-openjdk-amd64/lib/libnet.so
7f025c080000-7f025c081000 r--p 00015000 08:05 142914                     /usr/lib/jvm/java-11-openjdk-amd64/lib/libnet.so
7f025c081000-7f025c082000 rw-p 00016000 08:05 142914                     /usr/lib/jvm/java-11-openjdk-amd64/lib/libnet.so
7f025c082000-7f025c089000 r--p 00000000 08:05 142915                     /usr/lib/jvm/java-11-openjdk-amd64/lib/libnio.so
7f025c089000-7f025c091000 r-xp 00007000 08:05 142915                     /usr/lib/jvm/java-11-openjdk-amd64/lib/libnio.so
7f025c091000-7f025c094000 r--p 0000f000 08:05 142915                     /usr/lib/jvm/java-11-openjdk-amd64/lib/libnio.so
7f025c094000-7f025c095000 r--p 00011000 08:05 142915                     /usr/lib/jvm/java-11-openjdk-amd64/lib/libnio.so
7f025c095000-7f025c096000 rw-p 00012000 08:05 142915                     /usr/lib/jvm/java-11-openjdk-amd64/lib/libnio.so
7f025c096000-7f025c09a000 ---p 00000000 00:00 0 
7f025c09a000-7f025c197000 rw-p 00000000 00:00 0 
7f025c197000-7f025c19b000 ---p 00000000 00:00 0 
7f025c19b000-7f025c298000 rw-p 00000000 00:00 0 
7f025c298000-7f025c29c000 ---p 00000000 00:00 0 
7f025c29c000-7f025c399000 rw-p 00000000 00:00 0 
7f025c399000-7f025c39a000 ---p 00000000 00:00 0 
7f025c39a000-7f025c577000 rw-p 00000000 00:00 0 
7f025c577000-7f025c578000 ---p 00000000 00:00 0 
7f025c578000-7f025c679000 rw-p 00000000 00:00 0 
7f025c679000-7f025c67a000 ---p 00000000 00:00 0 
7f025c67a000-7f025c97d000 rw-p 00000000 00:00 0 
7f025c97d000-7f025c97e000 ---p 00000000 00:00 0 
7f025c97e000-7f025ca7f000 rw-p 00000000 00:00 0 
7f025ca7f000-7f025ca80000 ---p 00000000 00:00 0 
7f025ca80000-7f025cc9a000 rw-p 00000000 00:00 0 
7f025cc9a000-7f025dad2000 ---p 00000000 00:00 0 
7f025dad2000-7f025dbd2000 rw-p 00000000 00:00 0 
7f025dbd2000-7f025ea0a000 ---p 00000000 00:00 0 
7f025ea0a000-7f025ea31000 rw-p 00000000 00:00 0 
7f025ea31000-7f025ebf8000 ---p 00000000 00:00 0 
7f025ebf8000-7f025ec18000 rw-p 00000000 00:00 0 
7f025ec18000-7f025eddf000 ---p 00000000 00:00 0 
7f025eddf000-7f025edff000 rw-p 00000000 00:00 0 
7f025edff000-7f025efc6000 ---p 00000000 00:00 0 
7f025efc6000-7f025f1c9000 rw-p 00000000 00:00 0 
7f025f1c9000-7f025f1ca000 ---p 00000000 00:00 0 
7f025f1ca000-7f025f2d0000 rw-p 00000000 00:00 0 
7f025f2d0000-7f025f3b6000 ---p 00000000 00:00 0 
7f025f3b6000-7f025f3bb000 rw-p 00000000 00:00 0 
7f025f3bb000-7f025f4a1000 ---p 00000000 00:00 0 
7f025f4a1000-7f025f4a6000 rw-p 00000000 00:00 0 
7f025f4a6000-7f025f4ad000 ---p 00000000 00:00 0 
7f025f4ad000-7f025f4af000 r--p 00000000 08:05 142923                     /usr/lib/jvm/java-11-openjdk-amd64/lib/libzip.so
7f025f4af000-7f025f4b4000 r-xp 00002000 08:05 142923                     /usr/lib/jvm/java-11-openjdk-amd64/lib/libzip.so
7f025f4b4000-7f025f4b6000 r--p 00007000 08:05 142923                     /usr/lib/jvm/java-11-openjdk-amd64/lib/libzip.so
7f025f4b6000-7f025f4b7000 r--p 00008000 08:05 142923                     /usr/lib/jvm/java-11-openjdk-amd64/lib/libzip.so
7f025f4b7000-7f025f4b8000 rw-p 00009000 08:05 142923                     /usr/lib/jvm/java-11-openjdk-amd64/lib/libzip.so
7f025f4b8000-7f025f4bb000 r--p 00000000 08:05 133285                     /usr/lib/x86_64-linux-gnu/libnss_files-2.31.so
7f025f4bb000-7f025f4c2000 r-xp 00003000 08:05 133285                     /usr/lib/x86_64-linux-gnu/libnss_files-2.31.so
7f025f4c2000-7f025f4c4000 r--p 0000a000 08:05 133285                     /usr/lib/x86_64-linux-gnu/libnss_files-2.31.so
7f025f4c4000-7f025f4c5000 r--p 0000b000 08:05 133285                     /usr/lib/x86_64-linux-gnu/libnss_files-2.31.so
7f025f4c5000-7f025f4c6000 rw-p 0000c000 08:05 133285                     /usr/lib/x86_64-linux-gnu/libnss_files-2.31.so
7f025f4c6000-7f025f4cc000 rw-p 00000000 00:00 0 
7f025f4d0000-7f025f4d1000 r--p 00000000 08:05 142896                     /usr/lib/jvm/java-11-openjdk-amd64/lib/libextnet.so
7f025f4d1000-7f025f4d2000 r-xp 00001000 08:05 142896                     /usr/lib/jvm/java-11-openjdk-amd64/lib/libextnet.so
7f025f4d2000-7f025f4d3000 r--p 00002000 08:05 142896                     /usr/lib/jvm/java-11-openjdk-amd64/lib/libextnet.so
7f025f4d3000-7f025f4d4000 r--p 00002000 08:05 142896                     /usr/lib/jvm/java-11-openjdk-amd64/lib/libextnet.so
7f025f4d4000-7f025f4d5000 rw-p 00003000 08:05 142896                     /usr/lib/jvm/java-11-openjdk-amd64/lib/libextnet.so
7f025f4d5000-7f025f4dd000 rw-s 00000000 08:05 266875                     /tmp/hsperfdata_whale/7609
7f025f4dd000-7f025f4df000 r--p 00000000 08:05 142898                     /usr/lib/jvm/java-11-openjdk-amd64/lib/libinstrument.so
7f025f4df000-7f025f4e5000 r-xp 00002000 08:05 142898                     /usr/lib/jvm/java-11-openjdk-amd64/lib/libinstrument.so
7f025f4e5000-7f025f4e8000 r--p 00008000 08:05 142898                     /usr/lib/jvm/java-11-openjdk-amd64/lib/libinstrument.so
7f025f4e8000-7f025f4e9000 r--p 0000a000 08:05 142898                     /usr/lib/jvm/java-11-openjdk-amd64/lib/libinstrument.so
7f025f4e9000-7f025f4ea000 rw-p 0000b000 08:05 142898                     /usr/lib/jvm/java-11-openjdk-amd64/lib/libinstrument.so
7f025f4ea000-7f025f4f8000 r--p 00000000 08:05 142903                     /usr/lib/jvm/java-11-openjdk-amd64/lib/libjava.so
7f025f4f8000-7f025f50e000 r-xp 0000e000 08:05 142903                     /usr/lib/jvm/java-11-openjdk-amd64/lib/libjava.so
7f025f50e000-7f025f515000 r--p 00024000 08:05 142903                     /usr/lib/jvm/java-11-openjdk-amd64/lib/libjava.so
7f025f515000-7f025f516000 r--p 0002a000 08:05 142903                     /usr/lib/jvm/java-11-openjdk-amd64/lib/libjava.so
7f025f516000-7f025f517000 rw-p 0002b000 08:05 142903                     /usr/lib/jvm/java-11-openjdk-amd64/lib/libjava.so
7f025f517000-7f025f518000 rw-p 00000000 00:00 0 
7f025f518000-7f025f51d000 r--p 00000000 08:05 142922                     /usr/lib/jvm/java-11-openjdk-amd64/lib/libverify.so
7f025f51d000-7f025f524000 r-xp 00005000 08:05 142922                     /usr/lib/jvm/java-11-openjdk-amd64/lib/libverify.so
7f025f524000-7f025f526000 r--p 0000c000 08:05 142922                     /usr/lib/jvm/java-11-openjdk-amd64/lib/libverify.so
7f025f526000-7f025f527000 ---p 0000e000 08:05 142922                     /usr/lib/jvm/java-11-openjdk-amd64/lib/libverify.so
7f025f527000-7f025f529000 r--p 0000e000 08:05 142922                     /usr/lib/jvm/java-11-openjdk-amd64/lib/libverify.so
7f025f529000-7f025f52a000 rw-p 00010000 08:05 142922                     /usr/lib/jvm/java-11-openjdk-amd64/lib/libverify.so
7f025f52a000-7f025f52c000 r--p 00000000 08:05 133292                     /usr/lib/x86_64-linux-gnu/librt-2.31.so
7f025f52c000-7f025f530000 r-xp 00002000 08:05 133292                     /usr/lib/x86_64-linux-gnu/librt-2.31.so
7f025f530000-7f025f532000 r--p 00006000 08:05 133292                     /usr/lib/x86_64-linux-gnu/librt-2.31.so
7f025f532000-7f025f533000 r--p 00007000 08:05 133292                     /usr/lib/x86_64-linux-gnu/librt-2.31.so
7f025f533000-7f025f534000 rw-p 00008000 08:05 133292                     /usr/lib/x86_64-linux-gnu/librt-2.31.so
7f025f534000-7f025f538000 ---p 00000000 00:00 0 
7f025f538000-7f025f635000 rw-p 00000000 00:00 0 
7f025f635000-7f025f638000 r--p 00000000 08:05 138285                     /usr/lib/x86_64-linux-gnu/libgcc_s.so.1
7f025f638000-7f025f64a000 r-xp 00003000 08:05 138285                     /usr/lib/x86_64-linux-gnu/libgcc_s.so.1
7f025f64a000-7f025f64e000 r--p 00015000 08:05 138285                     /usr/lib/x86_64-linux-gnu/libgcc_s.so.1
7f025f64e000-7f025f64f000 r--p 00018000 08:05 138285                     /usr/lib/x86_64-linux-gnu/libgcc_s.so.1
7f025f64f000-7f025f650000 rw-p 00019000 08:05 138285                     /usr/lib/x86_64-linux-gnu/libgcc_s.so.1
7f025f650000-7f025f65d000 r--p 00000000 08:05 131587                     /usr/lib/x86_64-linux-gnu/libm-2.31.so
7f025f65d000-7f025f704000 r-xp 0000d000 08:05 131587                     /usr/lib/x86_64-linux-gnu/libm-2.31.so
7f025f704000-7f025f79d000 r--p 000b4000 08:05 131587                     /usr/lib/x86_64-linux-gnu/libm-2.31.so
7f025f79d000-7f025f79e000 r--p 0014c000 08:05 131587                     /usr/lib/x86_64-linux-gnu/libm-2.31.so
7f025f79e000-7f025f79f000 rw-p 0014d000 08:05 131587                     /usr/lib/x86_64-linux-gnu/libm-2.31.so
7f025f79f000-7f025f835000 r--p 00000000 08:05 139076                     /usr/lib/x86_64-linux-gnu/libstdc++.so.6.0.28
7f025f835000-7f025f926000 r-xp 00096000 08:05 139076                     /usr/lib/x86_64-linux-gnu/libstdc++.so.6.0.28
7f025f926000-7f025f96f000 r--p 00187000 08:05 139076                     /usr/lib/x86_64-linux-gnu/libstdc++.so.6.0.28
7f025f96f000-7f025f970000 ---p 001d0000 08:05 139076                     /usr/lib/x86_64-linux-gnu/libstdc++.so.6.0.28
7f025f970000-7f025f97b000 r--p 001d0000 08:05 139076                     /usr/lib/x86_64-linux-gnu/libstdc++.so.6.0.28
7f025f97b000-7f025f97e000 rw-p 001db000 08:05 139076                     /usr/lib/x86_64-linux-gnu/libstdc++.so.6.0.28
7f025f97e000-7f025f981000 rw-p 00000000 00:00 0 
7f025f981000-7f025fc03000 r--p 00000000 08:05 142927                     /usr/lib/jvm/java-11-openjdk-amd64/lib/server/libjvm.so
7f025fc03000-7f026088c000 r-xp 00282000 08:05 142927                     /usr/lib/jvm/java-11-openjdk-amd64/lib/server/libjvm.so
7f026088c000-7f0260ae9000 r--p 00f0b000 08:05 142927                     /usr/lib/jvm/java-11-openjdk-amd64/lib/server/libjvm.so
7f0260ae9000-7f0260aea000 ---p 01168000 08:05 142927                     /usr/lib/jvm/java-11-openjdk-amd64/lib/server/libjvm.so
7f0260aea000-7f0260bae000 r--p 01168000 08:05 142927                     /usr/lib/jvm/java-11-openjdk-amd64/lib/server/libjvm.so
7f0260bae000-7f0260be9000 rw-p 0122c000 08:05 142927                     /usr/lib/jvm/java-11-openjdk-amd64/lib/server/libjvm.so
7f0260be9000-7f0260c42000 rw-p 00000000 00:00 0 
7f0260c42000-7f0260c48000 r--p 00000000 08:05 133290                     /usr/lib/x86_64-linux-gnu/libpthread-2.31.so
7f0260c48000-7f0260c59000 r-xp 00006000 08:05 133290                     /usr/lib/x86_64-linux-gnu/libpthread-2.31.so
7f0260c59000-7f0260c5f000 r--p 00017000 08:05 133290                     /usr/lib/x86_64-linux-gnu/libpthread-2.31.so
7f0260c5f000-7f0260c60000 r--p 0001c000 08:05 133290                     /usr/lib/x86_64-linux-gnu/libpthread-2.31.so
7f0260c60000-7f0260c61000 rw-p 0001d000 08:05 133290                     /usr/lib/x86_64-linux-gnu/libpthread-2.31.so
7f0260c61000-7f0260c65000 rw-p 00000000 00:00 0 
7f0260c65000-7f0260c66000 r--p 00000000 08:05 131586                     /usr/lib/x86_64-linux-gnu/libdl-2.31.so
7f0260c66000-7f0260c68000 r-xp 00001000 08:05 131586                     /usr/lib/x86_64-linux-gnu/libdl-2.31.so
7f0260c68000-7f0260c69000 r--p 00003000 08:05 131586                     /usr/lib/x86_64-linux-gnu/libdl-2.31.so
7f0260c69000-7f0260c6a000 r--p 00003000 08:05 131586                     /usr/lib/x86_64-linux-gnu/libdl-2.31.so
7f0260c6a000-7f0260c6b000 rw-p 00004000 08:05 131586                     /usr/lib/x86_64-linux-gnu/libdl-2.31.so
7f0260c6b000-7f0260c6d000 r--p 00000000 08:05 131303                     /usr/lib/x86_64-linux-gnu/libz.so.1.2.11
7f0260c6d000-7f0260c7e000 r-xp 00002000 08:05 131303                     /usr/lib/x86_64-linux-gnu/libz.so.1.2.11
7f0260c7e000-7f0260c84000 r--p 00013000 08:05 131303                     /usr/lib/x86_64-linux-gnu/libz.so.1.2.11
7f0260c84000-7f0260c85000 ---p 00019000 08:05 131303                     /usr/lib/x86_64-linux-gnu/libz.so.1.2.11
7f0260c85000-7f0260c86000 r--p 00019000 08:05 131303                     /usr/lib/x86_64-linux-gnu/libz.so.1.2.11
7f0260c86000-7f0260c87000 rw-p 0001a000 08:05 131303                     /usr/lib/x86_64-linux-gnu/libz.so.1.2.11
7f0260c87000-7f0260ca9000 r--p 00000000 08:05 131585                     /usr/lib/x86_64-linux-gnu/libc-2.31.so
7f0260ca9000-7f0260e21000 r-xp 00022000 08:05 131585                     /usr/lib/x86_64-linux-gnu/libc-2.31.so
7f0260e21000-7f0260e6f000 r--p 0019a000 08:05 131585                     /usr/lib/x86_64-linux-gnu/libc-2.31.so
7f0260e6f000-7f0260e73000 r--p 001e7000 08:05 131585                     /usr/lib/x86_64-linux-gnu/libc-2.31.so
7f0260e73000-7f0260e75000 rw-p 001eb000 08:05 131585                     /usr/lib/x86_64-linux-gnu/libc-2.31.so
7f0260e75000-7f0260e79000 rw-p 00000000 00:00 0 
7f0260e7d000-7f0260e7f000 r--s 0000c000 08:05 534628                     /usr/share/java/java-atk-wrapper.jar
7f0260e7f000-7f0260e80000 ---p 00000000 00:00 0 
7f0260e80000-7f0260e81000 r--p 00000000 00:00 0 
7f0260e81000-7f0260e83000 r--p 00000000 08:05 142906                     /usr/lib/jvm/java-11-openjdk-amd64/lib/libjimage.so
7f0260e83000-7f0260e86000 r-xp 00002000 08:05 142906                     /usr/lib/jvm/java-11-openjdk-amd64/lib/libjimage.so
7f0260e86000-7f0260e87000 r--p 00005000 08:05 142906                     /usr/lib/jvm/java-11-openjdk-amd64/lib/libjimage.so
7f0260e87000-7f0260e88000 ---p 00006000 08:05 142906                     /usr/lib/jvm/java-11-openjdk-amd64/lib/libjimage.so
7f0260e88000-7f0260e89000 r--p 00006000 08:05 142906                     /usr/lib/jvm/java-11-openjdk-amd64/lib/libjimage.so
7f0260e89000-7f0260e8a000 rw-p 00007000 08:05 142906                     /usr/lib/jvm/java-11-openjdk-amd64/lib/libjimage.so
7f0260e8a000-7f0260e8d000 r--p 00000000 08:05 142888                     /usr/lib/jvm/java-11-openjdk-amd64/lib/jli/libjli.so
7f0260e8d000-7f0260e97000 r-xp 00003000 08:05 142888                     /usr/lib/jvm/java-11-openjdk-amd64/lib/jli/libjli.so
7f0260e97000-7f0260e9a000 r--p 0000d000 08:05 142888                     /usr/lib/jvm/java-11-openjdk-amd64/lib/jli/libjli.so
7f0260e9a000-7f0260e9b000 ---p 00010000 08:05 142888                     /usr/lib/jvm/java-11-openjdk-amd64/lib/jli/libjli.so
7f0260e9b000-7f0260e9c000 r--p 00010000 08:05 142888                     /usr/lib/jvm/java-11-openjdk-amd64/lib/jli/libjli.so
7f0260e9c000-7f0260e9d000 rw-p 00011000 08:05 142888                     /usr/lib/jvm/java-11-openjdk-amd64/lib/jli/libjli.so
7f0260e9d000-7f0260e9f000 rw-p 00000000 00:00 0 
7f0260e9f000-7f0260ea0000 r--p 00000000 08:05 131184                     /usr/lib/x86_64-linux-gnu/ld-2.31.so
7f0260ea0000-7f0260ec3000 r-xp 00001000 08:05 131184                     /usr/lib/x86_64-linux-gnu/ld-2.31.so
7f0260ec3000-7f0260ecb000 r--p 00024000 08:05 131184                     /usr/lib/x86_64-linux-gnu/ld-2.31.so
7f0260ecc000-7f0260ecd000 r--p 0002c000 08:05 131184                     /usr/lib/x86_64-linux-gnu/ld-2.31.so
7f0260ecd000-7f0260ece000 rw-p 0002d000 08:05 131184                     /usr/lib/x86_64-linux-gnu/ld-2.31.so
7f0260ece000-7f0260ecf000 rw-p 00000000 00:00 0 
7fffd1c47000-7fffd1c69000 rw-p 00000000 00:00 0                          [stack]
7fffd1d7d000-7fffd1d81000 r--p 00000000 00:00 0                          [vvar]
7fffd1d81000-7fffd1d83000 r-xp 00000000 00:00 0                          [vdso]
ffffffffff600000-ffffffffff601000 --xp 00000000 00:00 0                  [vsyscall]


VM Arguments:
jvm_args: -javaagent:/snap/intellij-idea-ultimate/401/lib/idea_rt.jar=40423:/snap/intellij-idea-ultimate/401/bin -Dfile.encoding=UTF-8 
java_command: Main
java_class_path (initial): /home/whale/Lab/target/classes:/usr/local/lib/antlr-4.9.1-complete.jar:/opt/maven/repository/org/bytedeco/llvm-platform/13.0.1-1.5.7/llvm-platform-13.0.1-1.5.7.jar:/opt/maven/repository/org/bytedeco/javacpp-platform/1.5.7/javacpp-platform-1.5.7.jar:/opt/maven/repository/org/bytedeco/javacpp/1.5.7/javacpp-1.5.7.jar:/opt/maven/repository/org/bytedeco/javacpp/1.5.7/javacpp-1.5.7-android-arm.jar:/opt/maven/repository/org/bytedeco/javacpp/1.5.7/javacpp-1.5.7-android-arm64.jar:/opt/maven/repository/org/bytedeco/javacpp/1.5.7/javacpp-1.5.7-android-x86.jar:/opt/maven/repository/org/bytedeco/javacpp/1.5.7/javacpp-1.5.7-android-x86_64.jar:/opt/maven/repository/org/bytedeco/javacpp/1.5.7/javacpp-1.5.7-ios-arm64.jar:/opt/maven/repository/org/bytedeco/javacpp/1.5.7/javacpp-1.5.7-ios-x86_64.jar:/opt/maven/repository/org/bytedeco/javacpp/1.5.7/javacpp-1.5.7-linux-armhf.jar:/opt/maven/repository/org/bytedeco/javacpp/1.5.7/javacpp-1.5.7-linux-arm64.jar:/opt/maven/repository/org/bytedeco/javacpp/1.5.7/javacpp-1.5.7-linux-ppc64le.jar:/opt/maven/repository/org/bytedeco/javacpp/1.5.7/javacpp-1.5.7-linux-x86.jar:/opt/maven/repository/org/bytedeco/javacpp/1.5.7/javacpp-1.5.7-linux-x86_64.jar:/opt/maven/repository/org/bytedeco/javacpp/1.5.7/javacpp-1.5.7-macosx-arm64.jar:/opt/maven/repository/org/bytedeco/javacpp/1.5.7/javacpp-1.5.7-macosx-x86_64.jar:/opt/maven/repository/org/bytedeco/javacpp/1.5.7/javacpp-1.5.7-windows-x86.jar:/opt/maven/repository/org/bytedeco/javacpp/1.5.7/javacpp-1.5.7-windows-x86_64.jar:/opt/maven/repository/org/bytedeco/llvm/13.0.1-1.5.7/llvm-13.0.1-1.5.7.jar:/opt/maven/repository/org/bytedeco/llvm/13.0.1-1.5.7/llvm-13.0.1-1.5.7-linux-x86.jar:/opt/maven/repository/org/bytedeco/llvm/13.0.1-1.5.7/llvm-13.0.1-1.5.7-linux-x86_64.jar:/opt/maven/repository/org/bytedeco/llvm/13.0.1-1.5.7/llvm-13.0.1-1.5.7-linux-armhf.jar:/opt/maven/repository/org/bytedeco/llvm/13.0.1-1.5.7/llvm-13.0.1-1.5.7-linux-arm64.jar:/opt/maven/repository/org/bytedeco/llvm
Launcher Type: SUN_STANDARD

[Global flags]
     intx CICompilerCount                          = 2                                         {product} {ergonomic}
     uint ConcGCThreads                            = 1                                         {product} {ergonomic}
     uint G1ConcRefinementThreads                  = 2                                         {product} {ergonomic}
   size_t G1HeapRegionSize                         = 1048576                                   {product} {ergonomic}
    uintx GCDrainStackTargetSize                   = 64                                        {product} {ergonomic}
   size_t InitialHeapSize                          = 65011712                                  {product} {ergonomic}
   size_t MarkStackSize                            = 4194304                                   {product} {ergonomic}
   size_t MaxHeapSize                              = 1021313024                                {product} {ergonomic}
   size_t MaxNewSize                               = 612368384                                 {product} {ergonomic}
   size_t MinHeapDeltaBytes                        = 1048576                                   {product} {ergonomic}
    uintx NonNMethodCodeHeapSize                   = 5825164                                {pd product} {ergonomic}
    uintx NonProfiledCodeHeapSize                  = 122916538                              {pd product} {ergonomic}
    uintx ProfiledCodeHeapSize                     = 122916538                              {pd product} {ergonomic}
    uintx ReservedCodeCacheSize                    = 251658240                              {pd product} {ergonomic}
     bool SegmentedCodeCache                       = true                                      {product} {ergonomic}
     bool UseCompressedClassPointers               = true                                 {lp64_product} {ergonomic}
     bool UseCompressedOops                        = true                                 {lp64_product} {ergonomic}
     bool UseG1GC                                  = true                                      {product} {ergonomic}

Logging:
Log output configuration:
 #0: stdout all=warning uptime,level,tags
 #1: stderr all=off uptime,level,tags

Environment Variables:
PATH=/opt/maven/apache-maven-3.8.6/bin:/usr/local/sbin:/usr/local/bin:/usr/sbin:/usr/bin:/sbin:/bin:/usr/games:/usr/local/games:/snap/bin:/usr/local/cbc/bin
USERNAME=whale
SHELL=/bin/bash
DISPLAY=:0
LANG=zh_CN.UTF-8

Signal Handlers:
SIGSEGV: [libjvm.so+0xe97eb0], sa_mask[0]=11111111011111111101111111111110, sa_flags=SA_RESTART|SA_SIGINFO
SIGBUS: [libjvm.so+0xe97eb0], sa_mask[0]=11111111011111111101111111111110, sa_flags=SA_RESTART|SA_SIGINFO
SIGFPE: [libjvm.so+0xe97eb0], sa_mask[0]=11111111011111111101111111111110, sa_flags=SA_RESTART|SA_SIGINFO
SIGPIPE: [libjvm.so+0xbde850], sa_mask[0]=11111111011111111101111111111110, sa_flags=SA_RESTART|SA_SIGINFO
SIGXFSZ: [libjvm.so+0xbde850], sa_mask[0]=11111111011111111101111111111110, sa_flags=SA_RESTART|SA_SIGINFO
SIGILL: [libjvm.so+0xe97eb0], sa_mask[0]=11111111011111111101111111111110, sa_flags=SA_RESTART|SA_SIGINFO
SIGUSR2: [libjvm.so+0xbde6f0], sa_mask[0]=00100000000000000000000000000000, sa_flags=SA_RESTART|SA_SIGINFO
SIGHUP: [libjvm.so+0xbde9e0], sa_mask[0]=11111111011111111101111111111110, sa_flags=SA_RESTART|SA_SIGINFO
SIGINT: [libjvm.so+0xbde9e0], sa_mask[0]=11111111011111111101111111111110, sa_flags=SA_RESTART|SA_SIGINFO
SIGTERM: [libjvm.so+0xbde9e0], sa_mask[0]=11111111011111111101111111111110, sa_flags=SA_RESTART|SA_SIGINFO
SIGQUIT: [libjvm.so+0xbde9e0], sa_mask[0]=11111111011111111101111111111110, sa_flags=SA_RESTART|SA_SIGINFO


---------------  S Y S T E M  ---------------

OS:DISTRIB_ID=Ubuntu
DISTRIB_RELEASE=20.04
DISTRIB_CODENAME=focal
DISTRIB_DESCRIPTION="Ubuntu 20.04.5 LTS"
uname:Linux 5.15.0-56-generic #62~20.04.1-Ubuntu SMP Tue Nov 22 21:24:20 UTC 2022 x86_64
OS uptime: 0 days 2:46 hours
libc:glibc 2.31 NPTL 2.31 
rlimit (soft/hard): STACK 8192k/infinity , CORE 0k/infinity , NPROC 15258/15258 , NOFILE 1048576/1048576 , AS infinity/infinity , CPU infinity/infinity , DATA infinity/infinity , FSIZE infinity/infinity , MEMLOCK 65536k/65536k
load average:0.77 1.47 1.29

/proc/meminfo:
MemTotal:        3983216 kB
MemFree:          218636 kB
MemAvailable:     308920 kB
Buffers:            5124 kB
Cached:           284296 kB
SwapCached:        39236 kB
Active:          1349948 kB
Inactive:        1795628 kB
Active(anon):    1204392 kB
Inactive(anon):  1676620 kB
Active(file):     145556 kB
Inactive(file):   119008 kB
Unevictable:          32 kB
Mlocked:              32 kB
SwapTotal:        945416 kB
SwapFree:              0 kB
Dirty:               744 kB
Writeback:             0 kB
AnonPages:       2817028 kB
Mapped:           155304 kB
Shmem:             24856 kB
KReclaimable:      68228 kB
Slab:             167380 kB
SReclaimable:      68228 kB
SUnreclaim:        99152 kB
KernelStack:       16236 kB
PageTables:        32508 kB
NFS_Unstable:          0 kB
Bounce:                0 kB
WritebackTmp:          0 kB
CommitLimit:     2937024 kB
Committed_AS:    7046008 kB
VmallocTotal:   34359738367 kB
VmallocUsed:       67184 kB
VmallocChunk:          0 kB
Percpu:           108544 kB
HardwareCorrupted:     0 kB
AnonHugePages:         0 kB
ShmemHugePages:        0 kB
ShmemPmdMapped:        0 kB
FileHugePages:         0 kB
FilePmdMapped:         0 kB
HugePages_Total:       0
HugePages_Free:        0
HugePages_Rsvd:        0
HugePages_Surp:        0
Hugepagesize:       2048 kB
Hugetlb:               0 kB
DirectMap4k:      321344 kB
DirectMap2M:     3872768 kB
DirectMap1G:     2097152 kB

/sys/kernel/mm/transparent_hugepage/enabled:
always [madvise] never
/sys/kernel/mm/transparent_hugepage/defrag (defrag/compaction efforts parameter):
always defer defer+madvise [madvise] never

Process Memory:
Virtual Size: 3675080K (peak: 12380388K)
Resident Set Size: 101344K (peak: 101344K) (anon: 47972K, file: 53372K, shmem: 0K)
Swapped out: 0K
C-Heap outstanding allocations: 16917K, retained: 2242K
glibc malloc tunables: (default)

/proc/sys/kernel/threads-max (system-wide limit on the number of threads):
30517
/proc/sys/vm/max_map_count (maximum number of memory map areas a process may have):
65530
/proc/sys/kernel/pid_max (system-wide limit on number of process identifiers):
4194304

container (cgroup) information:
container_type: cgroupv1
cpu_cpuset_cpus: 0-1
cpu_memory_nodes: 0
active_processor_count: 2
cpu_quota: no quota
cpu_period: 100000
cpu_shares: no shares
memory_limit_in_bytes: unlimited
memory_and_swap_limit_in_bytes: unlimited
memory_soft_limit_in_bytes: unlimited
memory_usage_in_bytes: 3044472 k
memory_max_usage_in_bytes: 3225036 k
maximum number of tasks: unlimited
current number of tasks: 597

VMWare virtualization detected
Steal ticks since vm start: 0
Steal ticks percentage since vm start:  0.000

CPU:total 2 (initial active 2) (1 cores per cpu, 1 threads per core) family 23 model 96 stepping 1 microcode 0x8600104, cmov, cx8, fxsr, mmx, sse, sse2, sse3, ssse3, sse4.1, sse4.2, popcnt, avx, avx2, aes, clmul, mmxext, 3dnowpref, lzcnt, sse4a, tsc, tscinvbit, tscinv, bmi1, bmi2, adx, sha, fma
CPU Model and flags from /proc/cpuinfo:
model name	: AMD Ryzen 7 4800H with Radeon Graphics
flags		: fpu vme de pse tsc msr pae mce cx8 apic sep mtrr pge mca cmov pat pse36 clflush mmx fxsr sse sse2 syscall nx mmxext fxsr_opt pdpe1gb rdtscp lm constant_tsc rep_good nopl tsc_reliable nonstop_tsc cpuid extd_apicid tsc_known_freq pni pclmulqdq ssse3 fma cx16 sse4_1 sse4_2 x2apic movbe popcnt aes xsave avx f16c rdrand hypervisor lahf_lm extapic cr8_legacy abm sse4a misalignsse 3dnowprefetch osvw topoext ssbd ibpb vmmcall fsgsbase bmi1 avx2 smep bmi2 rdseed adx smap clflushopt clwb sha_ni xsaveopt xsavec xgetbv1 xsaves clzero wbnoinvd arat umip rdpid overflow_recov succor
Online cpus:
0-1
Offline cpus:
2-127
BIOS frequency limitation:
<Not Available>
Frequency switch latency (ns):
<Not Available>
Available cpu frequencies:
<Not Available>
Current governor:
<Not Available>
Core performance/turbo boost:
<Not Available>

Memory: 4k page, physical 3983216k(218636k free), swap 945416k(0k free)

vm_info: OpenJDK 64-Bit Server VM (11.0.17+8-post-Ubuntu-1ubuntu220.04) for linux-amd64 JRE (11.0.17+8-post-Ubuntu-1ubuntu220.04), built on Oct 25 2022 09:30:51 by "unknown" with gcc 9.4.0

END.
