#
# A fatal error has been detected by the Java Runtime Environment:
#
#  SIGSEGV (0xb) at pc=0x00007f7df6158882, pid=3665, tid=3666
#
# JRE version: OpenJDK Runtime Environment (11.0.17+8) (build 11.0.17+8-post-Ubuntu-1ubuntu220.04)
# Java VM: OpenJDK 64-Bit Server VM (11.0.17+8-post-Ubuntu-1ubuntu220.04, mixed mode, sharing, tiered, compressed oops, g1 gc, linux-amd64)
# Problematic frame:
# C  [libLLVM-13.so+0xc2c882]  LLVMBuildLoad+0x12
#
# Core dump will be written. Default location: Core dumps may be processed with "/usr/share/apport/apport -p%p -s%s -c%c -d%d -P%P -u%u -g%g -- %E" (or dumping to /home/whale/Lab/core.3665)
#
# If you would like to submit a bug report, please visit:
#   https://bugs.launchpad.net/ubuntu/+source/openjdk-lts
# The crash happened outside the Java Virtual Machine in native code.
# See problematic frame for where to report the bug.
#

---------------  S U M M A R Y ------------

Command Line: -javaagent:/snap/intellij-idea-ultimate/401/lib/idea_rt.jar=39155:/snap/intellij-idea-ultimate/401/bin -Dfile.encoding=UTF-8 Main

Host: AMD Ryzen 7 4800H with Radeon Graphics, 2 cores, 3G, Ubuntu 20.04.5 LTS
Time: Fri Jan  6 01:40:39 2023 CST elapsed time: 0.739351 seconds (0d 0h 0m 0s)

---------------  T H R E A D  ---------------

Current thread (0x00007f7e58017800):  JavaThread "main" [_thread_in_native, id=3666, stack(0x00007f7e5e159000,0x00007f7e5e25a000)]

Stack: [0x00007f7e5e159000,0x00007f7e5e25a000],  sp=0x00007f7e5e257bb0,  free space=1018k
Native frames: (J=compiled Java code, A=aot compiled Java code, j=interpreted, Vv=VM code, C=native code)
C  [libLLVM-13.so+0xc2c882]  LLVMBuildLoad+0x12

Java frames: (J=compiled Java code, j=interpreted, Vv=VM code)
j  org.bytedeco.llvm.global.LLVM.LLVMBuildLoad(Lorg/bytedeco/llvm/LLVM/LLVMBuilderRef;Lorg/bytedeco/llvm/LLVM/LLVMValueRef;Ljava/lang/String;)Lorg/bytedeco/llvm/LLVM/LLVMValueRef;+0
j  MyIRVisitor.visitLeftValExp(LSysYParser$LeftValExpContext;)Lorg/bytedeco/llvm/LLVM/LLVMValueRef;+21
j  MyIRVisitor.visitLeftValExp(LSysYParser$LeftValExpContext;)Ljava/lang/Object;+2
j  SysYParser$LeftValExpContext.accept(Lorg/antlr/v4/runtime/tree/ParseTreeVisitor;)Ljava/lang/Object;+12
j  org.antlr.v4.runtime.tree.AbstractParseTreeVisitor.visit(Lorg/antlr/v4/runtime/tree/ParseTree;)Ljava/lang/Object;+2
j  MyIRVisitor.visitReturnStat(LSysYParser$ReturnStatContext;)Lorg/bytedeco/llvm/LLVM/LLVMValueRef;+21
j  MyIRVisitor.visitReturnStat(LSysYParser$ReturnStatContext;)Ljava/lang/Object;+2
j  SysYParser$ReturnStatContext.accept(Lorg/antlr/v4/runtime/tree/ParseTreeVisitor;)Ljava/lang/Object;+12
j  org.antlr.v4.runtime.tree.AbstractParseTreeVisitor.visitChildren(Lorg/antlr/v4/runtime/tree/RuleNode;)Ljava/lang/Object;+46
j  SysYParserBaseVisitor.visitStat(LSysYParser$StatContext;)Ljava/lang/Object;+2
j  SysYParser$StatContext.accept(Lorg/antlr/v4/runtime/tree/ParseTreeVisitor;)Ljava/lang/Object;+12
j  org.antlr.v4.runtime.tree.AbstractParseTreeVisitor.visitChildren(Lorg/antlr/v4/runtime/tree/RuleNode;)Ljava/lang/Object;+46
j  SysYParserBaseVisitor.visitBlock(LSysYParser$BlockContext;)Ljava/lang/Object;+2
j  MyIRVisitor.visitBlock(LSysYParser$BlockContext;)Lorg/bytedeco/llvm/LLVM/LLVMValueRef;+17
j  MyIRVisitor.visitBlock(LSysYParser$BlockContext;)Ljava/lang/Object;+2
j  SysYParser$BlockContext.accept(Lorg/antlr/v4/runtime/tree/ParseTreeVisitor;)Ljava/lang/Object;+12
j  org.antlr.v4.runtime.tree.AbstractParseTreeVisitor.visit(Lorg/antlr/v4/runtime/tree/ParseTree;)Ljava/lang/Object;+2
j  MyIRVisitor.visitFuncDef(LSysYParser$FuncDefContext;)Lorg/bytedeco/llvm/LLVM/LLVMValueRef;+266
j  MyIRVisitor.visitFuncDef(LSysYParser$FuncDefContext;)Ljava/lang/Object;+2
j  SysYParser$FuncDefContext.accept(Lorg/antlr/v4/runtime/tree/ParseTreeVisitor;)Ljava/lang/Object;+12
j  org.antlr.v4.runtime.tree.AbstractParseTreeVisitor.visitChildren(Lorg/antlr/v4/runtime/tree/RuleNode;)Ljava/lang/Object;+46
j  SysYParserBaseVisitor.visitCompUnit(LSysYParser$CompUnitContext;)Ljava/lang/Object;+2
j  SysYParser$CompUnitContext.accept(Lorg/antlr/v4/runtime/tree/ParseTreeVisitor;)Ljava/lang/Object;+12
j  org.antlr.v4.runtime.tree.AbstractParseTreeVisitor.visitChildren(Lorg/antlr/v4/runtime/tree/RuleNode;)Ljava/lang/Object;+46
j  SysYParserBaseVisitor.visitProgram(LSysYParser$ProgramContext;)Ljava/lang/Object;+2
j  MyIRVisitor.visitProgram(LSysYParser$ProgramContext;)Lorg/bytedeco/llvm/LLVM/LLVMValueRef;+21
j  MyIRVisitor.visitProgram(LSysYParser$ProgramContext;)Ljava/lang/Object;+2
j  SysYParser$ProgramContext.accept(Lorg/antlr/v4/runtime/tree/ParseTreeVisitor;)Ljava/lang/Object;+12
j  org.antlr.v4.runtime.tree.AbstractParseTreeVisitor.visit(Lorg/antlr/v4/runtime/tree/ParseTree;)Ljava/lang/Object;+2
j  Main.main([Ljava/lang/String;)V+78
v  ~StubRoutines::call_stub

siginfo: si_signo: 11 (SIGSEGV), si_code: 1 (SEGV_MAPERR), si_addr: 0x0000000000000000

Register to memory mapping:

RAX=0x00007f7e584ac200 points into unknown readable memory: 0x0000000000000069 | 69 00 00 00 00 00 00 00
RBX=0x0 is NULL
RCX=0x0000000000000069 is an unknown value
RDX=0x00007f7e584ac200 points into unknown readable memory: 0x0000000000000069 | 69 00 00 00 00 00 00 00
RSP=0x00007f7e5e257bb0 is pointing into the stack for thread: 0x00007f7e58017800
RBP=0x00007f7e58477650 points into unknown readable memory: 0x00007f7e58477660 | 60 76 47 58 7e 7f 00 00
RSI=0x0 is NULL
RDI=0x00007f7e58477650 points into unknown readable memory: 0x00007f7e58477660 | 60 76 47 58 7e 7f 00 00
R8 =0x00000000c6e23fe8 points into unknown readable memory: 0x657479622f677269 | 69 72 67 2f 62 79 74 65
R9 =0x00007f7e58017800 is a thread
R10=0xfffffffffffff55a is an unknown value
R11=0x00007f7df6158870: LLVMBuildLoad+0x0000000000000000 in /home/whale/.javacpp/cache/llvm-13.0.1-1.5.7-linux-x86_64.jar/org/bytedeco/llvm/linux-x86_64/libLLVM-13.so at 0x00007f7df552c000
R12=0x0 is NULL
R13=0x0 is NULL
R14=0x00007f7e584ac200 points into unknown readable memory: 0x0000000000000069 | 69 00 00 00 00 00 00 00
R15=0x00007f7e58017800 is a thread


Registers:
RAX=0x00007f7e584ac200, RBX=0x0000000000000000, RCX=0x0000000000000069, RDX=0x00007f7e584ac200
RSP=0x00007f7e5e257bb0, RBP=0x00007f7e58477650, RSI=0x0000000000000000, RDI=0x00007f7e58477650
R8 =0x00000000c6e23fe8, R9 =0x00007f7e58017800, R10=0xfffffffffffff55a, R11=0x00007f7df6158870
R12=0x0000000000000000, R13=0x0000000000000000, R14=0x00007f7e584ac200, R15=0x00007f7e58017800
RIP=0x00007f7df6158882, EFLAGS=0x0000000000010202, CSGSFS=0x002b000000000033, ERR=0x0000000000000004
  TRAPNO=0x000000000000000e

Top of Stack: (sp=0x00007f7e5e257bb0)
0x00007f7e5e257bb0:   00007f7e58017800 0000000000000000
0x00007f7e5e257bc0:   00007f7e58017800 00007f7e5811dfb0
0x00007f7e5e257bd0:   0000000000000002 0000000000000001
0x00007f7e5e257be0:   00007f7e584ac200 00007f7e5811dfb0 

Instructions: (pc=0x00007f7df6158882)
0x00007f7df6158782:   89 c4 4c 8d 4c 24 40 e8 92 57 09 00 48 8b 7d 50
0x00007f7df6158792:   48 8b 4d 30 4c 89 e6 48 8d 54 24 10 4c 8b 45 38
0x00007f7df61587a2:   48 8b 07 ff 50 10 48 8b 5d 00 8b 6d 08 5a 59 48
0x00007f7df61587b2:   c1 e5 04 48 01 dd 48 39 eb 74 1a 0f 1f 00 48 8b
0x00007f7df61587c2:   53 08 8b 33 4c 89 e7 48 83 c3 10 e8 6e 16 0e 00
0x00007f7df61587d2:   48 39 dd 75 e9 48 83 c4 68 4c 89 e0 5b 5d 41 5c
0x00007f7df61587e2:   41 5d 41 5e 41 5f c3 0f 1f 80 00 00 00 00 41 54
0x00007f7df61587f2:   b8 01 01 00 00 55 48 89 fd 48 89 f7 53 48 83 ec
0x00007f7df6158802:   30 48 8b 75 30 66 89 44 24 20 e8 ef 24 09 00 48
0x00007f7df6158812:   8b 7d 50 48 8b 4d 30 48 89 e2 49 89 c4 4c 8b 45
0x00007f7df6158822:   38 48 8b 07 4c 89 e6 ff 50 10 48 8b 5d 00 8b 6d
0x00007f7df6158832:   08 48 c1 e5 04 48 01 dd 48 39 eb 74 18 90 48 8b
0x00007f7df6158842:   53 08 8b 33 4c 89 e7 48 83 c3 10 e8 ee 15 0e 00
0x00007f7df6158852:   48 39 dd 75 e9 48 83 c4 30 4c 89 e0 5b 5d 41 5c
0x00007f7df6158862:   c3 66 2e 0f 1f 84 00 00 00 00 00 0f 1f 00 41 56
0x00007f7df6158872:   41 55 49 89 f5 41 54 55 48 89 fd 53 48 83 ec 60
0x00007f7df6158882:   48 8b 06 80 3a 00 be 01 01 00 00 4c 8b 70 18 66
0x00007f7df6158892:   89 74 24 20 74 09 48 89 14 24 c6 44 24 20 03 48
0x00007f7df61588a2:   8b 7d 30 e8 d6 15 fc ff 48 89 c7 e8 4e 47 0e 00
0x00007f7df61588b2:   4c 89 f6 48 89 c7 e8 b3 46 01 00 be 01 00 00 00
0x00007f7df61588c2:   bf 40 00 00 00 89 c3 b8 01 01 00 00 66 89 44 24
0x00007f7df61588d2:   50 e8 a8 0a 13 00 48 8d 4c 24 30 41 89 d9 45 31
0x00007f7df61588e2:   c0 48 83 ec 08 48 89 c7 4c 89 ea 4c 89 f6 6a 00
0x00007f7df61588f2:   49 89 c4 e8 26 5d 09 00 48 8b 7d 50 48 8b 4d 30
0x00007f7df6158902:   4c 89 e6 48 8d 54 24 10 4c 8b 45 38 48 8b 07 ff
0x00007f7df6158912:   50 10 48 8b 5d 00 8b 6d 08 5a 59 48 c1 e5 04 48
0x00007f7df6158922:   01 dd 48 39 eb 74 1e 0f 1f 80 00 00 00 00 48 8b
0x00007f7df6158932:   53 08 8b 33 4c 89 e7 48 83 c3 10 e8 fe 14 0e 00
0x00007f7df6158942:   48 39 dd 75 e9 48 83 c4 60 4c 89 e0 5b 5d 41 5c
0x00007f7df6158952:   41 5d 41 5e c3 66 0f 1f 84 00 00 00 00 00 41 56
0x00007f7df6158962:   49 89 d6 41 55 49 89 f5 be 01 01 00 00 41 54 55
0x00007f7df6158972:   48 89 fd 53 48 83 ec 60 80 39 00 66 89 74 24 20 


Stack slot to memory mapping:
stack at sp + 0 slots: 0x00007f7e58017800 is a thread
stack at sp + 1 slots: 0x0 is NULL
stack at sp + 2 slots: 0x00007f7e58017800 is a thread
stack at sp + 3 slots: 0x00007f7e5811dfb0 points into unknown readable memory: 0x00000000c6e23fd8 | d8 3f e2 c6 00 00 00 00
stack at sp + 4 slots: 0x0000000000000002 is an unknown value
stack at sp + 5 slots: 0x0000000000000001 is an unknown value
stack at sp + 6 slots: 0x00007f7e584ac200 points into unknown readable memory: 0x0000000000000069 | 69 00 00 00 00 00 00 00
stack at sp + 7 slots: 0x00007f7e5811dfb0 points into unknown readable memory: 0x00000000c6e23fd8 | d8 3f e2 c6 00 00 00 00


---------------  P R O C E S S  ---------------

Threads class SMR info:
_java_thread_list=0x00007f7e5837b160, length=11, elements={
0x00007f7e58017800, 0x00007f7e5811f800, 0x00007f7e58121800, 0x00007f7e58127000,
0x00007f7e58129000, 0x00007f7e5812b000, 0x00007f7e5812d800, 0x00007f7e5812f800,
0x00007f7e5813d800, 0x00007f7e582c3800, 0x00007f7e5837a000
}

Java Threads: ( => current thread )
=>0x00007f7e58017800 JavaThread "main" [_thread_in_native, id=3666, stack(0x00007f7e5e159000,0x00007f7e5e25a000)]
  0x00007f7e5811f800 JavaThread "Reference Handler" daemon [_thread_blocked, id=3675, stack(0x00007f7e40579000,0x00007f7e4067a000)]
  0x00007f7e58121800 JavaThread "Finalizer" daemon [_thread_blocked, id=3676, stack(0x00007f7e40478000,0x00007f7e40579000)]
  0x00007f7e58127000 JavaThread "Signal Dispatcher" daemon [_thread_blocked, id=3677, stack(0x00007f7e40377000,0x00007f7e40478000)]
  0x00007f7e58129000 JavaThread "Service Thread" daemon [_thread_blocked, id=3679, stack(0x00007f7e40276000,0x00007f7e40377000)]
  0x00007f7e5812b000 JavaThread "C2 CompilerThread0" daemon [_thread_in_native, id=3680, stack(0x00007f7e40175000,0x00007f7e40276000)]
  0x00007f7e5812d800 JavaThread "C1 CompilerThread0" daemon [_thread_blocked, id=3682, stack(0x00007f7e40074000,0x00007f7e40175000)]
  0x00007f7e5812f800 JavaThread "Sweeper thread" daemon [_thread_blocked, id=3683, stack(0x00007f7e0beff000,0x00007f7e0c000000)]
  0x00007f7e5813d800 JavaThread "Common-Cleaner" daemon [_thread_blocked, id=3685, stack(0x00007f7e0bdfe000,0x00007f7e0beff000)]
  0x00007f7e582c3800 JavaThread "Monitor Ctrl-Break" daemon [_thread_in_native, id=3696, stack(0x00007f7e0bcfd000,0x00007f7e0bdfe000)]
  0x00007f7e5837a000 JavaThread "JavaCPP Deallocator" daemon [_thread_blocked, id=3699, stack(0x00007f7e0b9f8000,0x00007f7e0baf9000)]

Other Threads:
  0x00007f7e5811c800 VMThread "VM Thread" [stack: 0x00007f7e4067c000,0x00007f7e4077c000] [id=3674]
  0x00007f7e582c7000 WatcherThread [stack: 0x00007f7e0bbfd000,0x00007f7e0bcfd000] [id=3697]
  0x00007f7e5802f800 GCTaskThread "GC Thread#0" [stack: 0x00007f7e5ddf0000,0x00007f7e5def0000] [id=3667]
  0x00007f7e28001000 GCTaskThread "GC Thread#1" [stack: 0x00007f7e0bafb000,0x00007f7e0bbfb000] [id=3698]
  0x00007f7e5804a800 ConcurrentGCThread "G1 Main Marker" [stack: 0x00007f7e5c5de000,0x00007f7e5c6de000] [id=3669]
  0x00007f7e5804c000 ConcurrentGCThread "G1 Conc#0" [stack: 0x00007f7e5c4dc000,0x00007f7e5c5dc000] [id=3670]
  0x00007f7e58087800 ConcurrentGCThread "G1 Refine#0" [stack: 0x00007f7e5c1d8000,0x00007f7e5c2d8000] [id=3671]
  0x00007f7e58089800 ConcurrentGCThread "G1 Young RemSet Sampling" [stack: 0x00007f7e5c0d6000,0x00007f7e5c1d6000] [id=3672]

Threads with active compile tasks:
C2 CompilerThread0      742  711   !   4       java.util.zip.ZipFile::getEntry (73 bytes)

VM state:not at safepoint (normal execution)

VM Mutex/Monitor currently owned by a thread: None

Heap address: 0x00000000c3200000, size: 974 MB, Compressed Oops mode: 32-bit
Narrow klass base: 0x0000000800000000, Narrow klass shift: 3
Compressed class space size: 1073741824 Address: 0x0000000840000000

Heap:
 garbage-first heap   total 65536K, used 7496K [0x00000000c3200000, 0x0000000100000000)
  region size 1024K, 3 young (3072K), 1 survivors (1024K)
 Metaspace       used 4119K, capacity 6703K, committed 6912K, reserved 1056768K
  class space    used 470K, capacity 748K, committed 768K, reserved 1048576K
Heap Regions: E=young(eden), S=young(survivor), O=old, HS=humongous(starts), HC=humongous(continues), CS=collection set, F=free, A=archive, TAMS=top-at-mark-start (previous, next)
|   0|0x00000000c3200000, 0x00000000c3300000, 0x00000000c3300000|100%| O|  |TAMS 0x00000000c3200000, 0x00000000c3200000| Untracked 
|   1|0x00000000c3300000, 0x00000000c3400000, 0x00000000c3400000|100%| O|  |TAMS 0x00000000c3300000, 0x00000000c3300000| Untracked 
|   2|0x00000000c3400000, 0x00000000c3500000, 0x00000000c3500000|100%| O|  |TAMS 0x00000000c3400000, 0x00000000c3400000| Untracked 
|   3|0x00000000c3500000, 0x00000000c3600000, 0x00000000c3600000|100%| O|  |TAMS 0x00000000c3500000, 0x00000000c3500000| Untracked 
|   4|0x00000000c3600000, 0x00000000c3700000, 0x00000000c3700000|100%| O|  |TAMS 0x00000000c3600000, 0x00000000c3600000| Untracked 
|   5|0x00000000c3700000, 0x00000000c371e200, 0x00000000c3800000| 11%| O|  |TAMS 0x00000000c3700000, 0x00000000c3700000| Untracked 
|   6|0x00000000c3800000, 0x00000000c3800000, 0x00000000c3900000|  0%| F|  |TAMS 0x00000000c3800000, 0x00000000c3800000| Untracked 
|   7|0x00000000c3900000, 0x00000000c3900000, 0x00000000c3a00000|  0%| F|  |TAMS 0x00000000c3900000, 0x00000000c3900000| Untracked 
|   8|0x00000000c3a00000, 0x00000000c3a00000, 0x00000000c3b00000|  0%| F|  |TAMS 0x00000000c3a00000, 0x00000000c3a00000| Untracked 
|   9|0x00000000c3b00000, 0x00000000c3b00000, 0x00000000c3c00000|  0%| F|  |TAMS 0x00000000c3b00000, 0x00000000c3b00000| Untracked 
|  10|0x00000000c3c00000, 0x00000000c3c00000, 0x00000000c3d00000|  0%| F|  |TAMS 0x00000000c3c00000, 0x00000000c3c00000| Untracked 
|  11|0x00000000c3d00000, 0x00000000c3d00000, 0x00000000c3e00000|  0%| F|  |TAMS 0x00000000c3d00000, 0x00000000c3d00000| Untracked 
|  12|0x00000000c3e00000, 0x00000000c3e00000, 0x00000000c3f00000|  0%| F|  |TAMS 0x00000000c3e00000, 0x00000000c3e00000| Untracked 
|  13|0x00000000c3f00000, 0x00000000c3f00000, 0x00000000c4000000|  0%| F|  |TAMS 0x00000000c3f00000, 0x00000000c3f00000| Untracked 
|  14|0x00000000c4000000, 0x00000000c4000000, 0x00000000c4100000|  0%| F|  |TAMS 0x00000000c4000000, 0x00000000c4000000| Untracked 
|  15|0x00000000c4100000, 0x00000000c4100000, 0x00000000c4200000|  0%| F|  |TAMS 0x00000000c4100000, 0x00000000c4100000| Untracked 
|  16|0x00000000c4200000, 0x00000000c4200000, 0x00000000c4300000|  0%| F|  |TAMS 0x00000000c4200000, 0x00000000c4200000| Untracked 
|  17|0x00000000c4300000, 0x00000000c4300000, 0x00000000c4400000|  0%| F|  |TAMS 0x00000000c4300000, 0x00000000c4300000| Untracked 
|  18|0x00000000c4400000, 0x00000000c4400000, 0x00000000c4500000|  0%| F|  |TAMS 0x00000000c4400000, 0x00000000c4400000| Untracked 
|  19|0x00000000c4500000, 0x00000000c4500000, 0x00000000c4600000|  0%| F|  |TAMS 0x00000000c4500000, 0x00000000c4500000| Untracked 
|  20|0x00000000c4600000, 0x00000000c4600000, 0x00000000c4700000|  0%| F|  |TAMS 0x00000000c4600000, 0x00000000c4600000| Untracked 
|  21|0x00000000c4700000, 0x00000000c4700000, 0x00000000c4800000|  0%| F|  |TAMS 0x00000000c4700000, 0x00000000c4700000| Untracked 
|  22|0x00000000c4800000, 0x00000000c4800000, 0x00000000c4900000|  0%| F|  |TAMS 0x00000000c4800000, 0x00000000c4800000| Untracked 
|  23|0x00000000c4900000, 0x00000000c4900000, 0x00000000c4a00000|  0%| F|  |TAMS 0x00000000c4900000, 0x00000000c4900000| Untracked 
|  24|0x00000000c4a00000, 0x00000000c4a00000, 0x00000000c4b00000|  0%| F|  |TAMS 0x00000000c4a00000, 0x00000000c4a00000| Untracked 
|  25|0x00000000c4b00000, 0x00000000c4b00000, 0x00000000c4c00000|  0%| F|  |TAMS 0x00000000c4b00000, 0x00000000c4b00000| Untracked 
|  26|0x00000000c4c00000, 0x00000000c4c00000, 0x00000000c4d00000|  0%| F|  |TAMS 0x00000000c4c00000, 0x00000000c4c00000| Untracked 
|  27|0x00000000c4d00000, 0x00000000c4d00000, 0x00000000c4e00000|  0%| F|  |TAMS 0x00000000c4d00000, 0x00000000c4d00000| Untracked 
|  28|0x00000000c4e00000, 0x00000000c4e00000, 0x00000000c4f00000|  0%| F|  |TAMS 0x00000000c4e00000, 0x00000000c4e00000| Untracked 
|  29|0x00000000c4f00000, 0x00000000c4f00000, 0x00000000c5000000|  0%| F|  |TAMS 0x00000000c4f00000, 0x00000000c4f00000| Untracked 
|  30|0x00000000c5000000, 0x00000000c5000000, 0x00000000c5100000|  0%| F|  |TAMS 0x00000000c5000000, 0x00000000c5000000| Untracked 
|  31|0x00000000c5100000, 0x00000000c5100000, 0x00000000c5200000|  0%| F|  |TAMS 0x00000000c5100000, 0x00000000c5100000| Untracked 
|  32|0x00000000c5200000, 0x00000000c5200000, 0x00000000c5300000|  0%| F|  |TAMS 0x00000000c5200000, 0x00000000c5200000| Untracked 
|  33|0x00000000c5300000, 0x00000000c5300000, 0x00000000c5400000|  0%| F|  |TAMS 0x00000000c5300000, 0x00000000c5300000| Untracked 
|  34|0x00000000c5400000, 0x00000000c5400000, 0x00000000c5500000|  0%| F|  |TAMS 0x00000000c5400000, 0x00000000c5400000| Untracked 
|  35|0x00000000c5500000, 0x00000000c5500000, 0x00000000c5600000|  0%| F|  |TAMS 0x00000000c5500000, 0x00000000c5500000| Untracked 
|  36|0x00000000c5600000, 0x00000000c5600000, 0x00000000c5700000|  0%| F|  |TAMS 0x00000000c5600000, 0x00000000c5600000| Untracked 
|  37|0x00000000c5700000, 0x00000000c5700000, 0x00000000c5800000|  0%| F|  |TAMS 0x00000000c5700000, 0x00000000c5700000| Untracked 
|  38|0x00000000c5800000, 0x00000000c5800000, 0x00000000c5900000|  0%| F|  |TAMS 0x00000000c5800000, 0x00000000c5800000| Untracked 
|  39|0x00000000c5900000, 0x00000000c5900000, 0x00000000c5a00000|  0%| F|  |TAMS 0x00000000c5900000, 0x00000000c5900000| Untracked 
|  40|0x00000000c5a00000, 0x00000000c5a00000, 0x00000000c5b00000|  0%| F|  |TAMS 0x00000000c5a00000, 0x00000000c5a00000| Untracked 
|  41|0x00000000c5b00000, 0x00000000c5b00000, 0x00000000c5c00000|  0%| F|  |TAMS 0x00000000c5b00000, 0x00000000c5b00000| Untracked 
|  42|0x00000000c5c00000, 0x00000000c5c00000, 0x00000000c5d00000|  0%| F|  |TAMS 0x00000000c5c00000, 0x00000000c5c00000| Untracked 
|  43|0x00000000c5d00000, 0x00000000c5d00000, 0x00000000c5e00000|  0%| F|  |TAMS 0x00000000c5d00000, 0x00000000c5d00000| Untracked 
|  44|0x00000000c5e00000, 0x00000000c5e00000, 0x00000000c5f00000|  0%| F|  |TAMS 0x00000000c5e00000, 0x00000000c5e00000| Untracked 
|  45|0x00000000c5f00000, 0x00000000c5f00000, 0x00000000c6000000|  0%| F|  |TAMS 0x00000000c5f00000, 0x00000000c5f00000| Untracked 
|  46|0x00000000c6000000, 0x00000000c6000000, 0x00000000c6100000|  0%| F|  |TAMS 0x00000000c6000000, 0x00000000c6000000| Untracked 
|  47|0x00000000c6100000, 0x00000000c6100000, 0x00000000c6200000|  0%| F|  |TAMS 0x00000000c6100000, 0x00000000c6100000| Untracked 
|  48|0x00000000c6200000, 0x00000000c6200000, 0x00000000c6300000|  0%| F|  |TAMS 0x00000000c6200000, 0x00000000c6200000| Untracked 
|  49|0x00000000c6300000, 0x00000000c6300000, 0x00000000c6400000|  0%| F|  |TAMS 0x00000000c6300000, 0x00000000c6300000| Untracked 
|  50|0x00000000c6400000, 0x00000000c6480fe8, 0x00000000c6500000| 50%| S|CS|TAMS 0x00000000c6400000, 0x00000000c6400000| Complete 
|  51|0x00000000c6500000, 0x00000000c6500000, 0x00000000c6600000|  0%| F|  |TAMS 0x00000000c6500000, 0x00000000c6500000| Untracked 
|  52|0x00000000c6600000, 0x00000000c6600000, 0x00000000c6700000|  0%| F|  |TAMS 0x00000000c6600000, 0x00000000c6600000| Untracked 
|  53|0x00000000c6700000, 0x00000000c6700000, 0x00000000c6800000|  0%| F|  |TAMS 0x00000000c6700000, 0x00000000c6700000| Untracked 
|  54|0x00000000c6800000, 0x00000000c6800000, 0x00000000c6900000|  0%| F|  |TAMS 0x00000000c6800000, 0x00000000c6800000| Untracked 
|  55|0x00000000c6900000, 0x00000000c6900000, 0x00000000c6a00000|  0%| F|  |TAMS 0x00000000c6900000, 0x00000000c6900000| Untracked 
|  56|0x00000000c6a00000, 0x00000000c6a00000, 0x00000000c6b00000|  0%| F|  |TAMS 0x00000000c6a00000, 0x00000000c6a00000| Untracked 
|  57|0x00000000c6b00000, 0x00000000c6b00000, 0x00000000c6c00000|  0%| F|  |TAMS 0x00000000c6b00000, 0x00000000c6b00000| Untracked 
|  58|0x00000000c6c00000, 0x00000000c6c00000, 0x00000000c6d00000|  0%| F|  |TAMS 0x00000000c6c00000, 0x00000000c6c00000| Untracked 
|  59|0x00000000c6d00000, 0x00000000c6d00000, 0x00000000c6e00000|  0%| F|  |TAMS 0x00000000c6d00000, 0x00000000c6d00000| Untracked 
|  60|0x00000000c6e00000, 0x00000000c6e645e8, 0x00000000c6f00000| 39%| E|  |TAMS 0x00000000c6e00000, 0x00000000c6e00000| Complete 
|  61|0x00000000c6f00000, 0x00000000c7000000, 0x00000000c7000000|100%| E|CS|TAMS 0x00000000c6f00000, 0x00000000c6f00000| Complete 
| 972|0x00000000ffe00000, 0x00000000ffe48000, 0x00000000fff00000| 28%|OA|  |TAMS 0x00000000ffe00000, 0x00000000ffe00000| Untracked 
| 973|0x00000000fff00000, 0x00000000fff6b000, 0x0000000100000000| 41%|CA|  |TAMS 0x00000000fff00000, 0x00000000fff00000| Untracked 

Card table byte_map: [0x00007f7e5d81e000,0x00007f7e5da05000] _byte_map_base: 0x00007f7e5d205000

Marking Bits (Prev, Next): (CMBitMap*) 0x00007f7e58045998, (CMBitMap*) 0x00007f7e580459d0
 Prev Bits: [0x00007f7e5c6ff000, 0x00007f7e5d637000)
 Next Bits: [0x00007f7e3b0c8000, 0x00007f7e3c000000)

Polling page: 0x00007f7e5faa4000

Metaspace:

Usage:
  Non-class:      5.82 MB capacity,     3.56 MB ( 61%) used,     2.24 MB ( 39%) free+waste,     9.19 KB ( <1%) overhead. 
      Class:    748.00 KB capacity,   470.54 KB ( 63%) used,   272.34 KB ( 36%) free+waste,     5.12 KB ( <1%) overhead. 
       Both:      6.55 MB capacity,     4.02 MB ( 61%) used,     2.51 MB ( 38%) free+waste,    14.31 KB ( <1%) overhead. 

Virtual space:
  Non-class space:        8.00 MB reserved,       6.00 MB ( 75%) committed 
      Class space:        1.00 GB reserved,     768.00 KB ( <1%) committed 
             Both:        1.01 GB reserved,       6.75 MB ( <1%) committed 

Chunk freelists:
   Non-Class:  0 bytes
       Class:  0 bytes
        Both:  0 bytes

MaxMetaspaceSize: unlimited
CompressedClassSpaceSize: 1.00 GB
Initial GC threshold: 20.80 MB
Current GC threshold: 20.80 MB
CDS: on

CodeHeap 'non-profiled nmethods': size=120036Kb used=231Kb max_used=231Kb free=119805Kb
 bounds [0x00007f7e482c4000, 0x00007f7e48534000, 0x00007f7e4f7fd000]
CodeHeap 'profiled nmethods': size=120032Kb used=1444Kb max_used=1444Kb free=118587Kb
 bounds [0x00007f7e40d8c000, 0x00007f7e40ffc000, 0x00007f7e482c4000]
CodeHeap 'non-nmethods': size=5692Kb used=1149Kb max_used=1160Kb free=4542Kb
 bounds [0x00007f7e407fd000, 0x00007f7e40a6d000, 0x00007f7e40d8c000]
 total_blobs=1207 nmethods=797 adapters=324
 compilation: enabled
              stopped_count=0, restarted_count=0
 full_count=0

Compilation events (20 events):
Event: 0.715 Thread 0x00007f7e5812d800 nmethod 764 0x00007f7e40edcb90 code [0x00007f7e40edcd40, 0x00007f7e40edce50]
Event: 0.715 Thread 0x00007f7e5812d800  765       3       java.lang.invoke.MemberName::init (66 bytes)
Event: 0.715 Thread 0x00007f7e5812d800 nmethod 765 0x00007f7e40edcf10 code [0x00007f7e40edd0c0, 0x00007f7e40edd310]
Event: 0.715 Thread 0x00007f7e5812d800  767       3       java.lang.invoke.LambdaForm::parameterType (9 bytes)
Event: 0.715 Thread 0x00007f7e5812d800 nmethod 767 0x00007f7e40edd390 code [0x00007f7e40edd540, 0x00007f7e40edd6a0]
Event: 0.715 Thread 0x00007f7e5812d800  769       3       java.lang.invoke.LambdaForm$Name::<init> (54 bytes)
Event: 0.715 Thread 0x00007f7e5812d800 nmethod 769 0x00007f7e40edd790 code [0x00007f7e40edd960, 0x00007f7e40eddc30]
Event: 0.715 Thread 0x00007f7e5812d800  768       3       java.lang.invoke.MemberName::checkForTypeAlias (168 bytes)
Event: 0.717 Thread 0x00007f7e5812b000 nmethod 704 0x00007f7e482fb290 code [0x00007f7e482fb440, 0x00007f7e482fb698]
Event: 0.717 Thread 0x00007f7e5812b000  711   !   4       java.util.zip.ZipFile::getEntry (73 bytes)
Event: 0.720 Thread 0x00007f7e5812d800 nmethod 768 0x00007f7e40eddd10 code [0x00007f7e40ede1c0, 0x00007f7e40ee0490]
Event: 0.720 Thread 0x00007f7e5812d800  772       3       java.lang.invoke.LambdaForm$Name::useCount (42 bytes)
Event: 0.720 Thread 0x00007f7e5812d800 nmethod 772 0x00007f7e40ee0e90 code [0x00007f7e40ee1060, 0x00007f7e40ee1370]
Event: 0.720 Thread 0x00007f7e5812d800  773       3       jdk.internal.org.objectweb.asm.Frame::execute (2264 bytes)
Event: 0.730 Thread 0x00007f7e5812d800 nmethod 773 0x00007f7e40ee1490 code [0x00007f7e40ee2320, 0x00007f7e40ee8ff0]
Event: 0.730 Thread 0x00007f7e5812d800  786       3       jdk.internal.org.objectweb.asm.Type::getArgumentsAndReturnSizes (151 bytes)
Event: 0.735 Thread 0x00007f7e5812d800 nmethod 786 0x00007f7e40eeae90 code [0x00007f7e40eeb200, 0x00007f7e40eeca10]
Event: 0.735 Thread 0x00007f7e5812d800  800       3       java.lang.invoke.LambdaForm$Name::lastUseIndex (36 bytes)
Event: 0.735 Thread 0x00007f7e5812d800 nmethod 800 0x00007f7e40eed290 code [0x00007f7e40eed460, 0x00007f7e40eed710]
Event: 0.735 Thread 0x00007f7e5812d800  794       3       jdk.internal.org.objectweb.asm.Frame::push (110 bytes)

GC Heap History (6 events):
Event: 0.373 GC heap before
{Heap before GC invocations=0 (full 0):
 garbage-first heap   total 65536K, used 6860K [0x00000000c3200000, 0x0000000100000000)
  region size 1024K, 7 young (7168K), 0 survivors (0K)
 Metaspace       used 1244K, capacity 4702K, committed 4864K, reserved 1056768K
  class space    used 117K, capacity 439K, committed 512K, reserved 1048576K
}
Event: 0.379 GC heap after
{Heap after GC invocations=1 (full 0):
 garbage-first heap   total 65536K, used 6002K [0x00000000c3200000, 0x0000000100000000)
  region size 1024K, 1 young (1024K), 1 survivors (1024K)
 Metaspace       used 1244K, capacity 4702K, committed 4864K, reserved 1056768K
  class space    used 117K, capacity 439K, committed 512K, reserved 1048576K
}
Event: 0.537 GC heap before
{Heap before GC invocations=1 (full 0):
 garbage-first heap   total 65536K, used 9074K [0x00000000c3200000, 0x0000000100000000)
  region size 1024K, 4 young (4096K), 1 survivors (1024K)
 Metaspace       used 2552K, capacity 5736K, committed 6016K, reserved 1056768K
  class space    used 286K, capacity 571K, committed 640K, reserved 1048576K
}
Event: 0.542 GC heap after
{Heap after GC invocations=2 (full 0):
 garbage-first heap   total 65536K, used 6259K [0x00000000c3200000, 0x0000000100000000)
  region size 1024K, 1 young (1024K), 1 survivors (1024K)
 Metaspace       used 2552K, capacity 5736K, committed 6016K, reserved 1056768K
  class space    used 286K, capacity 571K, committed 640K, reserved 1048576K
}
Event: 0.694 GC heap before
{Heap before GC invocations=2 (full 0):
 garbage-first heap   total 65536K, used 16499K [0x00000000c3200000, 0x0000000100000000)
  region size 1024K, 11 young (11264K), 1 survivors (1024K)
 Metaspace       used 3883K, capacity 6580K, committed 6912K, reserved 1056768K
  class space    used 430K, capacity 682K, committed 768K, reserved 1048576K
}
Event: 0.696 GC heap after
{Heap after GC invocations=3 (full 0):
 garbage-first heap   total 65536K, used 6472K [0x00000000c3200000, 0x0000000100000000)
  region size 1024K, 1 young (1024K), 1 survivors (1024K)
 Metaspace       used 3883K, capacity 6580K, committed 6912K, reserved 1056768K
  class space    used 430K, capacity 682K, committed 768K, reserved 1048576K
}

Deoptimization events (20 events):
Event: 0.551 Thread 0x00007f7e58017800 Uncommon trap: trap_request=0xffffffbe fr.pc=0x00007f7e482dfd14 relative=0x00000000000003d4
Event: 0.551 Thread 0x00007f7e58017800 Uncommon trap: reason=profile_predicate action=maybe_recompile pc=0x00007f7e482dfd14 method=java.lang.StringLatin1.indexOf([BI[BII)I @ 18 c2
Event: 0.551 Thread 0x00007f7e58017800 DEOPT PACKING pc=0x00007f7e482dfd14 sp=0x00007f7e5e257150
Event: 0.551 Thread 0x00007f7e58017800 DEOPT UNPACKING pc=0x00007f7e40846ea5 sp=0x00007f7e5e2570d0 mode 2
Event: 0.708 Thread 0x00007f7e58017800 Uncommon trap: trap_request=0xffffffc6 fr.pc=0x00007f7e482cdc24 relative=0x0000000000000084
Event: 0.708 Thread 0x00007f7e58017800 Uncommon trap: reason=bimorphic_or_optimized_type_check action=maybe_recompile pc=0x00007f7e482cdc24 method=java.util.AbstractCollection.isEmpty()Z @ 1 c2
Event: 0.708 Thread 0x00007f7e58017800 DEOPT PACKING pc=0x00007f7e482cdc24 sp=0x00007f7e5e2571f0
Event: 0.708 Thread 0x00007f7e58017800 DEOPT UNPACKING pc=0x00007f7e40846ea5 sp=0x00007f7e5e2571a0 mode 2
Event: 0.708 Thread 0x00007f7e58017800 Uncommon trap: trap_request=0xffffffc6 fr.pc=0x00007f7e482cdc24 relative=0x0000000000000084
Event: 0.708 Thread 0x00007f7e58017800 Uncommon trap: reason=bimorphic_or_optimized_type_check action=maybe_recompile pc=0x00007f7e482cdc24 method=java.util.AbstractCollection.isEmpty()Z @ 1 c2
Event: 0.708 Thread 0x00007f7e58017800 DEOPT PACKING pc=0x00007f7e482cdc24 sp=0x00007f7e5e2573c0
Event: 0.708 Thread 0x00007f7e58017800 DEOPT UNPACKING pc=0x00007f7e40846ea5 sp=0x00007f7e5e257370 mode 2
Event: 0.709 Thread 0x00007f7e58017800 Uncommon trap: trap_request=0xffffffc6 fr.pc=0x00007f7e482cdc24 relative=0x0000000000000084
Event: 0.709 Thread 0x00007f7e58017800 Uncommon trap: reason=bimorphic_or_optimized_type_check action=maybe_recompile pc=0x00007f7e482cdc24 method=java.util.AbstractCollection.isEmpty()Z @ 1 c2
Event: 0.709 Thread 0x00007f7e58017800 DEOPT PACKING pc=0x00007f7e482cdc24 sp=0x00007f7e5e2573e0
Event: 0.709 Thread 0x00007f7e58017800 DEOPT UNPACKING pc=0x00007f7e40846ea5 sp=0x00007f7e5e257390 mode 2
Event: 0.709 Thread 0x00007f7e58017800 Uncommon trap: trap_request=0xffffffc6 fr.pc=0x00007f7e482cdc24 relative=0x0000000000000084
Event: 0.709 Thread 0x00007f7e58017800 Uncommon trap: reason=bimorphic_or_optimized_type_check action=maybe_recompile pc=0x00007f7e482cdc24 method=java.util.AbstractCollection.isEmpty()Z @ 1 c2
Event: 0.709 Thread 0x00007f7e58017800 DEOPT PACKING pc=0x00007f7e482cdc24 sp=0x00007f7e5e2571f0
Event: 0.709 Thread 0x00007f7e58017800 DEOPT UNPACKING pc=0x00007f7e40846ea5 sp=0x00007f7e5e2571a0 mode 2

Classes redefined (0 events):
No events

Internal exceptions (20 events):
Event: 0.275 Thread 0x00007f7e58017800 Exception <a 'java/security/PrivilegedActionException'{0x00000000c6e68fc0}> (0x00000000c6e68fc0) thrown at [src/hotspot/share/prims/jvm.cpp, line 1304]
Event: 0.275 Thread 0x00007f7e58017800 Exception <a 'java/security/PrivilegedActionException'{0x00000000c6e69290}> (0x00000000c6e69290) thrown at [src/hotspot/share/prims/jvm.cpp, line 1304]
Event: 0.275 Thread 0x00007f7e58017800 Exception <a 'java/security/PrivilegedActionException'{0x00000000c6e69d60}> (0x00000000c6e69d60) thrown at [src/hotspot/share/prims/jvm.cpp, line 1304]
Event: 0.275 Thread 0x00007f7e58017800 Exception <a 'java/security/PrivilegedActionException'{0x00000000c6e6a030}> (0x00000000c6e6a030) thrown at [src/hotspot/share/prims/jvm.cpp, line 1304]
Event: 0.275 Thread 0x00007f7e58017800 Exception <a 'java/security/PrivilegedActionException'{0x00000000c6e6ab18}> (0x00000000c6e6ab18) thrown at [src/hotspot/share/prims/jvm.cpp, line 1304]
Event: 0.275 Thread 0x00007f7e58017800 Exception <a 'java/security/PrivilegedActionException'{0x00000000c6e6ade8}> (0x00000000c6e6ade8) thrown at [src/hotspot/share/prims/jvm.cpp, line 1304]
Event: 0.275 Thread 0x00007f7e58017800 Exception <a 'java/security/PrivilegedActionException'{0x00000000c6e6b8d0}> (0x00000000c6e6b8d0) thrown at [src/hotspot/share/prims/jvm.cpp, line 1304]
Event: 0.275 Thread 0x00007f7e58017800 Exception <a 'java/security/PrivilegedActionException'{0x00000000c6e6bba0}> (0x00000000c6e6bba0) thrown at [src/hotspot/share/prims/jvm.cpp, line 1304]
Event: 0.275 Thread 0x00007f7e58017800 Exception <a 'java/security/PrivilegedActionException'{0x00000000c6e6c9e0}> (0x00000000c6e6c9e0) thrown at [src/hotspot/share/prims/jvm.cpp, line 1304]
Event: 0.275 Thread 0x00007f7e58017800 Exception <a 'java/security/PrivilegedActionException'{0x00000000c6e6ccb0}> (0x00000000c6e6ccb0) thrown at [src/hotspot/share/prims/jvm.cpp, line 1304]
Event: 0.275 Thread 0x00007f7e58017800 Exception <a 'java/security/PrivilegedActionException'{0x00000000c6e6d780}> (0x00000000c6e6d780) thrown at [src/hotspot/share/prims/jvm.cpp, line 1304]
Event: 0.275 Thread 0x00007f7e58017800 Exception <a 'java/security/PrivilegedActionException'{0x00000000c6e6da50}> (0x00000000c6e6da50) thrown at [src/hotspot/share/prims/jvm.cpp, line 1304]
Event: 0.275 Thread 0x00007f7e58017800 Exception <a 'java/security/PrivilegedActionException'{0x00000000c6e6e560}> (0x00000000c6e6e560) thrown at [src/hotspot/share/prims/jvm.cpp, line 1304]
Event: 0.275 Thread 0x00007f7e58017800 Exception <a 'java/security/PrivilegedActionException'{0x00000000c6e6e830}> (0x00000000c6e6e830) thrown at [src/hotspot/share/prims/jvm.cpp, line 1304]
Event: 0.293 Thread 0x00007f7e58017800 Exception <a 'java/security/PrivilegedActionException'{0x00000000c6ef6e10}> (0x00000000c6ef6e10) thrown at [src/hotspot/share/prims/jvm.cpp, line 1304]
Event: 0.293 Thread 0x00007f7e58017800 Exception <a 'java/security/PrivilegedActionException'{0x00000000c6ef70e0}> (0x00000000c6ef70e0) thrown at [src/hotspot/share/prims/jvm.cpp, line 1304]
Event: 0.534 Thread 0x00007f7e58017800 Exception <a 'java/lang/NoSuchMethodError'{0x00000000c6df4b90}: 'int java.lang.invoke.DirectMethodHandle$Holder.invokeStaticInit(java.lang.Object, java.lang.Object, java.lang.Object, java.lang.Object)'> (0x00000000c6df4b90) thrown at [src/hotspot/share/interpreter/linkResolver.cpp, line 772]
Event: 0.535 Thread 0x00007f7e58017800 Exception <a 'java/lang/IncompatibleClassChangeError'{0x00000000c6dfeb70}: Found class java.lang.Object, but interface was expected> (0x00000000c6dfeb70) thrown at [src/hotspot/share/interpreter/linkResolver.cpp, line 839]
Event: 0.542 Thread 0x00007f7e58017800 Exception <a 'java/lang/NoSuchMethodError'{0x00000000c6f02278}: 'void java.lang.invoke.DirectMethodHandle$Holder.invokeStaticInit(java.lang.Object, java.lang.Object)'> (0x00000000c6f02278) thrown at [src/hotspot/share/interpreter/linkResolver.cpp, line 772]
Event: 0.545 Thread 0x00007f7e58017800 Exception <a 'java/lang/NoSuchMethodError'{0x00000000c6f07748}: 'int java.lang.invoke.DirectMethodHandle$Holder.invokeStaticInit(java.lang.Object, java.lang.Object)'> (0x00000000c6f07748) thrown at [src/hotspot/share/interpreter/linkResolver.cpp, line 772]

Events (20 events):
Event: 0.705 Executing VM operation: Deoptimize
Event: 0.705 Executing VM operation: Deoptimize done
Event: 0.707 loading class java/lang/invoke/BoundMethodHandle$Species_LL
Event: 0.708 loading class java/lang/invoke/BoundMethodHandle$Species_LL done
Event: 0.709 loading class java/lang/invoke/BoundMethodHandle$Species_LLL
Event: 0.709 loading class java/lang/invoke/BoundMethodHandle$Species_LLL done
Event: 0.711 loading class java/lang/invoke/BoundMethodHandle$Species_LLLL
Event: 0.711 loading class java/lang/invoke/BoundMethodHandle$Species_LLLL done
Event: 0.712 loading class java/lang/invoke/BoundMethodHandle$Species_LLLLL
Event: 0.712 loading class java/lang/invoke/BoundMethodHandle$Species_LLLLL done
Event: 0.713 loading class java/lang/invoke/BoundMethodHandle$Species_LLLLLL
Event: 0.713 loading class java/lang/invoke/BoundMethodHandle$Species_LLLLLL done
Event: 0.715 loading class java/lang/invoke/BoundMethodHandle$Species_LLLLLLI
Event: 0.715 loading class java/lang/invoke/BoundMethodHandle$Species_LLLLLLI done
Event: 0.716 loading class java/lang/invoke/BoundMethodHandle$Species_LLLLLLII
Event: 0.716 loading class java/lang/invoke/BoundMethodHandle$Species_LLLLLLII done
Event: 0.717 loading class java/lang/invoke/BoundMethodHandle$Species_LLLLLLIIL
Event: 0.717 loading class java/lang/invoke/BoundMethodHandle$Species_LLLLLLIIL done
Event: 0.718 loading class scope/LocalScope
Event: 0.718 loading class scope/LocalScope done


Dynamic libraries:
c3200000-c7000000 rw-p 00000000 00:00 0 
c7000000-ffe00000 ---p 00000000 00:00 0 
ffe00000-ffe48000 rw-p 00b0a000 08:05 142310                             /usr/lib/jvm/java-11-openjdk-amd64/lib/server/classes.jsa
ffe48000-fff00000 rw-p 00000000 00:00 0 
fff00000-fff6b000 rw-p 00a9f000 08:05 142310                             /usr/lib/jvm/java-11-openjdk-amd64/lib/server/classes.jsa
fff6b000-100000000 rw-p 00000000 00:00 0 
800000000-800002000 rwxp 00001000 08:05 142310                           /usr/lib/jvm/java-11-openjdk-amd64/lib/server/classes.jsa
800002000-8003cc000 rw-p 00003000 08:05 142310                           /usr/lib/jvm/java-11-openjdk-amd64/lib/server/classes.jsa
8003cc000-800a9d000 r--p 003cd000 08:05 142310                           /usr/lib/jvm/java-11-openjdk-amd64/lib/server/classes.jsa
800a9d000-800a9e000 rw-p 00a9e000 08:05 142310                           /usr/lib/jvm/java-11-openjdk-amd64/lib/server/classes.jsa
840000000-8400c0000 rw-p 00000000 00:00 0 
8400c0000-880000000 ---p 00000000 00:00 0 
562b91ba1000-562b91ba2000 r--p 00000000 08:05 142834                     /usr/lib/jvm/java-11-openjdk-amd64/bin/java
562b91ba2000-562b91ba3000 r-xp 00001000 08:05 142834                     /usr/lib/jvm/java-11-openjdk-amd64/bin/java
562b91ba3000-562b91ba4000 r--p 00002000 08:05 142834                     /usr/lib/jvm/java-11-openjdk-amd64/bin/java
562b91ba4000-562b91ba5000 r--p 00002000 08:05 142834                     /usr/lib/jvm/java-11-openjdk-amd64/bin/java
562b91ba5000-562b91ba6000 rw-p 00003000 08:05 142834                     /usr/lib/jvm/java-11-openjdk-amd64/bin/java
562b938df000-562b93921000 rw-p 00000000 00:00 0                          [heap]
7f7df552c000-7f7df5e52000 r--p 00000000 08:05 525029                     /home/whale/.javacpp/cache/llvm-13.0.1-1.5.7-linux-x86_64.jar/org/bytedeco/llvm/linux-x86_64/libLLVM-13.so
7f7df5e52000-7f7df9815000 r-xp 00926000 08:05 525029                     /home/whale/.javacpp/cache/llvm-13.0.1-1.5.7-linux-x86_64.jar/org/bytedeco/llvm/linux-x86_64/libLLVM-13.so
7f7df9815000-7f7dfba6a000 r--p 042e9000 08:05 525029                     /home/whale/.javacpp/cache/llvm-13.0.1-1.5.7-linux-x86_64.jar/org/bytedeco/llvm/linux-x86_64/libLLVM-13.so
7f7dfba6a000-7f7dfbf7f000 r--p 0653d000 08:05 525029                     /home/whale/.javacpp/cache/llvm-13.0.1-1.5.7-linux-x86_64.jar/org/bytedeco/llvm/linux-x86_64/libLLVM-13.so
7f7dfbf7f000-7f7dfbf8a000 rw-p 06a52000 08:05 525029                     /home/whale/.javacpp/cache/llvm-13.0.1-1.5.7-linux-x86_64.jar/org/bytedeco/llvm/linux-x86_64/libLLVM-13.so
7f7dfbf8a000-7f7dfc000000 rw-p 00000000 00:00 0 
7f7dfc000000-7f7dfc021000 rw-p 00000000 00:00 0 
7f7dfc021000-7f7e00000000 ---p 00000000 00:00 0 
7f7e04000000-7f7e04021000 rw-p 00000000 00:00 0 
7f7e04021000-7f7e08000000 ---p 00000000 00:00 0 
7f7e0b8f2000-7f7e0b957000 r--p 00000000 08:05 525034                     /home/whale/.javacpp/cache/llvm-13.0.1-1.5.7-linux-x86_64.jar/org/bytedeco/llvm/linux-x86_64/libjniLLVM.so
7f7e0b957000-7f7e0b9c5000 r-xp 00065000 08:05 525034                     /home/whale/.javacpp/cache/llvm-13.0.1-1.5.7-linux-x86_64.jar/org/bytedeco/llvm/linux-x86_64/libjniLLVM.so
7f7e0b9c5000-7f7e0b9f0000 r--p 000d3000 08:05 525034                     /home/whale/.javacpp/cache/llvm-13.0.1-1.5.7-linux-x86_64.jar/org/bytedeco/llvm/linux-x86_64/libjniLLVM.so
7f7e0b9f0000-7f7e0b9f3000 r--p 000fd000 08:05 525034                     /home/whale/.javacpp/cache/llvm-13.0.1-1.5.7-linux-x86_64.jar/org/bytedeco/llvm/linux-x86_64/libjniLLVM.so
7f7e0b9f3000-7f7e0b9f6000 rw-p 00100000 08:05 525034                     /home/whale/.javacpp/cache/llvm-13.0.1-1.5.7-linux-x86_64.jar/org/bytedeco/llvm/linux-x86_64/libjniLLVM.so
7f7e0b9f6000-7f7e0b9f8000 rw-p 00000000 00:00 0 
7f7e0b9f8000-7f7e0b9fc000 ---p 00000000 00:00 0 
7f7e0b9fc000-7f7e0baf9000 rw-p 00000000 00:00 0 
7f7e0baf9000-7f7e0bafa000 ---p 00000000 00:00 0 
7f7e0bafa000-7f7e0bbfb000 rw-p 00000000 00:00 0 
7f7e0bbfb000-7f7e0bbfc000 ---p 00000000 00:00 0 
7f7e0bbfc000-7f7e0bcfd000 rw-p 00000000 00:00 0 
7f7e0bcfd000-7f7e0bd01000 ---p 00000000 00:00 0 
7f7e0bd01000-7f7e0bdfe000 rw-p 00000000 00:00 0 
7f7e0bdfe000-7f7e0be02000 ---p 00000000 00:00 0 
7f7e0be02000-7f7e0beff000 rw-p 00000000 00:00 0 
7f7e0beff000-7f7e0bf03000 ---p 00000000 00:00 0 
7f7e0bf03000-7f7e0c000000 rw-p 00000000 00:00 0 
7f7e0c000000-7f7e0c259000 rw-p 00000000 00:00 0 
7f7e0c259000-7f7e10000000 ---p 00000000 00:00 0 
7f7e10000000-7f7e1051f000 rw-p 00000000 00:00 0 
7f7e1051f000-7f7e14000000 ---p 00000000 00:00 0 
7f7e14000000-7f7e14021000 rw-p 00000000 00:00 0 
7f7e14021000-7f7e18000000 ---p 00000000 00:00 0 
7f7e18000000-7f7e18021000 rw-p 00000000 00:00 0 
7f7e18021000-7f7e1c000000 ---p 00000000 00:00 0 
7f7e1c000000-7f7e1c021000 rw-p 00000000 00:00 0 
7f7e1c021000-7f7e20000000 ---p 00000000 00:00 0 
7f7e20000000-7f7e20021000 rw-p 00000000 00:00 0 
7f7e20021000-7f7e24000000 ---p 00000000 00:00 0 
7f7e24000000-7f7e24021000 rw-p 00000000 00:00 0 
7f7e24021000-7f7e28000000 ---p 00000000 00:00 0 
7f7e28000000-7f7e28021000 rw-p 00000000 00:00 0 
7f7e28021000-7f7e2c000000 ---p 00000000 00:00 0 
7f7e2c000000-7f7e2c021000 rw-p 00000000 00:00 0 
7f7e2c021000-7f7e30000000 ---p 00000000 00:00 0 
7f7e30000000-7f7e30021000 rw-p 00000000 00:00 0 
7f7e30021000-7f7e34000000 ---p 00000000 00:00 0 
7f7e34000000-7f7e34021000 rw-p 00000000 00:00 0 
7f7e34021000-7f7e38000000 ---p 00000000 00:00 0 
7f7e38057000-7f7e388c8000 r--p 00000000 08:05 131580                     /usr/lib/locale/locale-archive
7f7e388c8000-7f7e38ec8000 rw-p 00000000 00:00 0 
7f7e38ec8000-7f7e390c8000 ---p 00000000 00:00 0 
7f7e390c8000-7f7e3b1c0000 rw-p 00000000 00:00 0 
7f7e3b1c0000-7f7e3bff8000 ---p 00000000 00:00 0 
7f7e3bff8000-7f7e3c000000 rw-p 00000000 00:00 0 
7f7e3c000000-7f7e3c021000 rw-p 00000000 00:00 0 
7f7e3c021000-7f7e40000000 ---p 00000000 00:00 0 
7f7e40074000-7f7e40078000 ---p 00000000 00:00 0 
7f7e40078000-7f7e40175000 rw-p 00000000 00:00 0 
7f7e40175000-7f7e40179000 ---p 00000000 00:00 0 
7f7e40179000-7f7e40276000 rw-p 00000000 00:00 0 
7f7e40276000-7f7e4027a000 ---p 00000000 00:00 0 
7f7e4027a000-7f7e40377000 rw-p 00000000 00:00 0 
7f7e40377000-7f7e4037b000 ---p 00000000 00:00 0 
7f7e4037b000-7f7e40478000 rw-p 00000000 00:00 0 
7f7e40478000-7f7e4047c000 ---p 00000000 00:00 0 
7f7e4047c000-7f7e40579000 rw-p 00000000 00:00 0 
7f7e40579000-7f7e4057d000 ---p 00000000 00:00 0 
7f7e4057d000-7f7e4067a000 rw-p 00000000 00:00 0 
7f7e4067a000-7f7e4067b000 ---p 00000000 00:00 0 
7f7e4067b000-7f7e407fd000 rw-p 00000000 00:00 0 
7f7e407fd000-7f7e40a6d000 rwxp 00000000 00:00 0 
7f7e40a6d000-7f7e40d8c000 ---p 00000000 00:00 0 
7f7e40d8c000-7f7e40ffc000 rwxp 00000000 00:00 0 
7f7e40ffc000-7f7e482c4000 ---p 00000000 00:00 0 
7f7e482c4000-7f7e48534000 rwxp 00000000 00:00 0 
7f7e48534000-7f7e4f7fd000 ---p 00000000 00:00 0 
7f7e4f7fd000-7f7e58000000 r--s 00000000 08:05 142924                     /usr/lib/jvm/java-11-openjdk-amd64/lib/modules
7f7e58000000-7f7e584ae000 rw-p 00000000 00:00 0 
7f7e584ae000-7f7e5c000000 ---p 00000000 00:00 0 
7f7e5c01d000-7f7e5c024000 r--s 00000000 08:05 668551                     /usr/lib/x86_64-linux-gnu/gconv/gconv-modules.cache
7f7e5c024000-7f7e5c025000 r--p 00000000 08:05 525032                     /home/whale/.javacpp/cache/llvm-13.0.1-1.5.7-linux-x86_64.jar/org/bytedeco/llvm/linux-x86_64/libRemarks.so.13
7f7e5c025000-7f7e5c026000 r-xp 00001000 08:05 525032                     /home/whale/.javacpp/cache/llvm-13.0.1-1.5.7-linux-x86_64.jar/org/bytedeco/llvm/linux-x86_64/libRemarks.so.13
7f7e5c026000-7f7e5c027000 r--p 00002000 08:05 525032                     /home/whale/.javacpp/cache/llvm-13.0.1-1.5.7-linux-x86_64.jar/org/bytedeco/llvm/linux-x86_64/libRemarks.so.13
7f7e5c027000-7f7e5c028000 r--p 00002000 08:05 525032                     /home/whale/.javacpp/cache/llvm-13.0.1-1.5.7-linux-x86_64.jar/org/bytedeco/llvm/linux-x86_64/libRemarks.so.13
7f7e5c028000-7f7e5c029000 rw-p 00003000 08:05 525032                     /home/whale/.javacpp/cache/llvm-13.0.1-1.5.7-linux-x86_64.jar/org/bytedeco/llvm/linux-x86_64/libRemarks.so.13
7f7e5c029000-7f7e5c030000 r--p 00000000 08:05 525030                     /home/whale/.javacpp/cache/llvm-13.0.1-1.5.7-linux-x86_64.jar/org/bytedeco/llvm/linux-x86_64/libLTO.so.13
7f7e5c030000-7f7e5c038000 r-xp 00007000 08:05 525030                     /home/whale/.javacpp/cache/llvm-13.0.1-1.5.7-linux-x86_64.jar/org/bytedeco/llvm/linux-x86_64/libLTO.so.13
7f7e5c038000-7f7e5c03a000 r--p 0000f000 08:05 525030                     /home/whale/.javacpp/cache/llvm-13.0.1-1.5.7-linux-x86_64.jar/org/bytedeco/llvm/linux-x86_64/libLTO.so.13
7f7e5c03a000-7f7e5c03b000 r--p 00010000 08:05 525030                     /home/whale/.javacpp/cache/llvm-13.0.1-1.5.7-linux-x86_64.jar/org/bytedeco/llvm/linux-x86_64/libLTO.so.13
7f7e5c03b000-7f7e5c03c000 rw-p 00011000 08:05 525030                     /home/whale/.javacpp/cache/llvm-13.0.1-1.5.7-linux-x86_64.jar/org/bytedeco/llvm/linux-x86_64/libLTO.so.13
7f7e5c03c000-7f7e5c040000 r--p 00000000 08:05 525023                     /home/whale/.javacpp/cache/javacpp-1.5.7-linux-x86_64.jar/org/bytedeco/javacpp/linux-x86_64/libjnijavacpp.so
7f7e5c040000-7f7e5c047000 r-xp 00004000 08:05 525023                     /home/whale/.javacpp/cache/javacpp-1.5.7-linux-x86_64.jar/org/bytedeco/javacpp/linux-x86_64/libjnijavacpp.so
7f7e5c047000-7f7e5c04b000 r--p 0000b000 08:05 525023                     /home/whale/.javacpp/cache/javacpp-1.5.7-linux-x86_64.jar/org/bytedeco/javacpp/linux-x86_64/libjnijavacpp.so
7f7e5c04b000-7f7e5c04c000 r--p 0000e000 08:05 525023                     /home/whale/.javacpp/cache/javacpp-1.5.7-linux-x86_64.jar/org/bytedeco/javacpp/linux-x86_64/libjnijavacpp.so
7f7e5c04c000-7f7e5c04d000 rw-p 0000f000 08:05 525023                     /home/whale/.javacpp/cache/javacpp-1.5.7-linux-x86_64.jar/org/bytedeco/javacpp/linux-x86_64/libjnijavacpp.so
7f7e5c04d000-7f7e5c051000 r--p 00000000 08:05 142914                     /usr/lib/jvm/java-11-openjdk-amd64/lib/libnet.so
7f7e5c051000-7f7e5c05f000 r-xp 00004000 08:05 142914                     /usr/lib/jvm/java-11-openjdk-amd64/lib/libnet.so
7f7e5c05f000-7f7e5c063000 r--p 00012000 08:05 142914                     /usr/lib/jvm/java-11-openjdk-amd64/lib/libnet.so
7f7e5c063000-7f7e5c064000 r--p 00015000 08:05 142914                     /usr/lib/jvm/java-11-openjdk-amd64/lib/libnet.so
7f7e5c064000-7f7e5c065000 rw-p 00016000 08:05 142914                     /usr/lib/jvm/java-11-openjdk-amd64/lib/libnet.so
7f7e5c065000-7f7e5c06c000 r--p 00000000 08:05 142915                     /usr/lib/jvm/java-11-openjdk-amd64/lib/libnio.so
7f7e5c06c000-7f7e5c074000 r-xp 00007000 08:05 142915                     /usr/lib/jvm/java-11-openjdk-amd64/lib/libnio.so
7f7e5c074000-7f7e5c077000 r--p 0000f000 08:05 142915                     /usr/lib/jvm/java-11-openjdk-amd64/lib/libnio.so
7f7e5c077000-7f7e5c078000 r--p 00011000 08:05 142915                     /usr/lib/jvm/java-11-openjdk-amd64/lib/libnio.so
7f7e5c078000-7f7e5c079000 rw-p 00012000 08:05 142915                     /usr/lib/jvm/java-11-openjdk-amd64/lib/libnio.so
7f7e5c079000-7f7e5c0d4000 rw-p 00000000 00:00 0 
7f7e5c0d4000-7f7e5c0d5000 ---p 00000000 00:00 0 
7f7e5c0d5000-7f7e5c1d6000 rw-p 00000000 00:00 0 
7f7e5c1d6000-7f7e5c1d7000 ---p 00000000 00:00 0 
7f7e5c1d7000-7f7e5c4da000 rw-p 00000000 00:00 0 
7f7e5c4da000-7f7e5c4db000 ---p 00000000 00:00 0 
7f7e5c4db000-7f7e5c5dc000 rw-p 00000000 00:00 0 
7f7e5c5dc000-7f7e5c5dd000 ---p 00000000 00:00 0 
7f7e5c5dd000-7f7e5c7f7000 rw-p 00000000 00:00 0 
7f7e5c7f7000-7f7e5d62f000 ---p 00000000 00:00 0 
7f7e5d62f000-7f7e5d656000 rw-p 00000000 00:00 0 
7f7e5d656000-7f7e5d81d000 ---p 00000000 00:00 0 
7f7e5d81d000-7f7e5d83d000 rw-p 00000000 00:00 0 
7f7e5d83d000-7f7e5da04000 ---p 00000000 00:00 0 
7f7e5da04000-7f7e5da24000 rw-p 00000000 00:00 0 
7f7e5da24000-7f7e5dbeb000 ---p 00000000 00:00 0 
7f7e5dbeb000-7f7e5ddee000 rw-p 00000000 00:00 0 
7f7e5ddee000-7f7e5ddef000 ---p 00000000 00:00 0 
7f7e5ddef000-7f7e5def5000 rw-p 00000000 00:00 0 
7f7e5def5000-7f7e5dfdb000 ---p 00000000 00:00 0 
7f7e5dfdb000-7f7e5dfe0000 rw-p 00000000 00:00 0 
7f7e5dfe0000-7f7e5e0c6000 ---p 00000000 00:00 0 
7f7e5e0c6000-7f7e5e0cb000 rw-p 00000000 00:00 0 
7f7e5e0cb000-7f7e5e0d2000 ---p 00000000 00:00 0 
7f7e5e0d2000-7f7e5e0d4000 r--p 00000000 08:05 142923                     /usr/lib/jvm/java-11-openjdk-amd64/lib/libzip.so
7f7e5e0d4000-7f7e5e0d9000 r-xp 00002000 08:05 142923                     /usr/lib/jvm/java-11-openjdk-amd64/lib/libzip.so
7f7e5e0d9000-7f7e5e0db000 r--p 00007000 08:05 142923                     /usr/lib/jvm/java-11-openjdk-amd64/lib/libzip.so
7f7e5e0db000-7f7e5e0dc000 r--p 00008000 08:05 142923                     /usr/lib/jvm/java-11-openjdk-amd64/lib/libzip.so
7f7e5e0dc000-7f7e5e0dd000 rw-p 00009000 08:05 142923                     /usr/lib/jvm/java-11-openjdk-amd64/lib/libzip.so
7f7e5e0dd000-7f7e5e0e0000 r--p 00000000 08:05 133285                     /usr/lib/x86_64-linux-gnu/libnss_files-2.31.so
7f7e5e0e0000-7f7e5e0e7000 r-xp 00003000 08:05 133285                     /usr/lib/x86_64-linux-gnu/libnss_files-2.31.so
7f7e5e0e7000-7f7e5e0e9000 r--p 0000a000 08:05 133285                     /usr/lib/x86_64-linux-gnu/libnss_files-2.31.so
7f7e5e0e9000-7f7e5e0ea000 r--p 0000b000 08:05 133285                     /usr/lib/x86_64-linux-gnu/libnss_files-2.31.so
7f7e5e0ea000-7f7e5e0eb000 rw-p 0000c000 08:05 133285                     /usr/lib/x86_64-linux-gnu/libnss_files-2.31.so
7f7e5e0eb000-7f7e5e0f1000 rw-p 00000000 00:00 0 
7f7e5e0f5000-7f7e5e0f6000 r--p 00000000 08:05 142896                     /usr/lib/jvm/java-11-openjdk-amd64/lib/libextnet.so
7f7e5e0f6000-7f7e5e0f7000 r-xp 00001000 08:05 142896                     /usr/lib/jvm/java-11-openjdk-amd64/lib/libextnet.so
7f7e5e0f7000-7f7e5e0f8000 r--p 00002000 08:05 142896                     /usr/lib/jvm/java-11-openjdk-amd64/lib/libextnet.so
7f7e5e0f8000-7f7e5e0f9000 r--p 00002000 08:05 142896                     /usr/lib/jvm/java-11-openjdk-amd64/lib/libextnet.so
7f7e5e0f9000-7f7e5e0fa000 rw-p 00003000 08:05 142896                     /usr/lib/jvm/java-11-openjdk-amd64/lib/libextnet.so
7f7e5e0fa000-7f7e5e102000 rw-s 00000000 08:05 266874                     /tmp/hsperfdata_whale/3665
7f7e5e102000-7f7e5e104000 r--p 00000000 08:05 142898                     /usr/lib/jvm/java-11-openjdk-amd64/lib/libinstrument.so
7f7e5e104000-7f7e5e10a000 r-xp 00002000 08:05 142898                     /usr/lib/jvm/java-11-openjdk-amd64/lib/libinstrument.so
7f7e5e10a000-7f7e5e10d000 r--p 00008000 08:05 142898                     /usr/lib/jvm/java-11-openjdk-amd64/lib/libinstrument.so
7f7e5e10d000-7f7e5e10e000 r--p 0000a000 08:05 142898                     /usr/lib/jvm/java-11-openjdk-amd64/lib/libinstrument.so
7f7e5e10e000-7f7e5e10f000 rw-p 0000b000 08:05 142898                     /usr/lib/jvm/java-11-openjdk-amd64/lib/libinstrument.so
7f7e5e10f000-7f7e5e11d000 r--p 00000000 08:05 142903                     /usr/lib/jvm/java-11-openjdk-amd64/lib/libjava.so
7f7e5e11d000-7f7e5e133000 r-xp 0000e000 08:05 142903                     /usr/lib/jvm/java-11-openjdk-amd64/lib/libjava.so
7f7e5e133000-7f7e5e13a000 r--p 00024000 08:05 142903                     /usr/lib/jvm/java-11-openjdk-amd64/lib/libjava.so
7f7e5e13a000-7f7e5e13b000 r--p 0002a000 08:05 142903                     /usr/lib/jvm/java-11-openjdk-amd64/lib/libjava.so
7f7e5e13b000-7f7e5e13c000 rw-p 0002b000 08:05 142903                     /usr/lib/jvm/java-11-openjdk-amd64/lib/libjava.so
7f7e5e13c000-7f7e5e13d000 rw-p 00000000 00:00 0 
7f7e5e13d000-7f7e5e142000 r--p 00000000 08:05 142922                     /usr/lib/jvm/java-11-openjdk-amd64/lib/libverify.so
7f7e5e142000-7f7e5e149000 r-xp 00005000 08:05 142922                     /usr/lib/jvm/java-11-openjdk-amd64/lib/libverify.so
7f7e5e149000-7f7e5e14b000 r--p 0000c000 08:05 142922                     /usr/lib/jvm/java-11-openjdk-amd64/lib/libverify.so
7f7e5e14b000-7f7e5e14c000 ---p 0000e000 08:05 142922                     /usr/lib/jvm/java-11-openjdk-amd64/lib/libverify.so
7f7e5e14c000-7f7e5e14e000 r--p 0000e000 08:05 142922                     /usr/lib/jvm/java-11-openjdk-amd64/lib/libverify.so
7f7e5e14e000-7f7e5e14f000 rw-p 00010000 08:05 142922                     /usr/lib/jvm/java-11-openjdk-amd64/lib/libverify.so
7f7e5e14f000-7f7e5e151000 r--p 00000000 08:05 133292                     /usr/lib/x86_64-linux-gnu/librt-2.31.so
7f7e5e151000-7f7e5e155000 r-xp 00002000 08:05 133292                     /usr/lib/x86_64-linux-gnu/librt-2.31.so
7f7e5e155000-7f7e5e157000 r--p 00006000 08:05 133292                     /usr/lib/x86_64-linux-gnu/librt-2.31.so
7f7e5e157000-7f7e5e158000 r--p 00007000 08:05 133292                     /usr/lib/x86_64-linux-gnu/librt-2.31.so
7f7e5e158000-7f7e5e159000 rw-p 00008000 08:05 133292                     /usr/lib/x86_64-linux-gnu/librt-2.31.so
7f7e5e159000-7f7e5e15d000 ---p 00000000 00:00 0 
7f7e5e15d000-7f7e5e25a000 rw-p 00000000 00:00 0 
7f7e5e25a000-7f7e5e25d000 r--p 00000000 08:05 138285                     /usr/lib/x86_64-linux-gnu/libgcc_s.so.1
7f7e5e25d000-7f7e5e26f000 r-xp 00003000 08:05 138285                     /usr/lib/x86_64-linux-gnu/libgcc_s.so.1
7f7e5e26f000-7f7e5e273000 r--p 00015000 08:05 138285                     /usr/lib/x86_64-linux-gnu/libgcc_s.so.1
7f7e5e273000-7f7e5e274000 r--p 00018000 08:05 138285                     /usr/lib/x86_64-linux-gnu/libgcc_s.so.1
7f7e5e274000-7f7e5e275000 rw-p 00019000 08:05 138285                     /usr/lib/x86_64-linux-gnu/libgcc_s.so.1
7f7e5e275000-7f7e5e282000 r--p 00000000 08:05 131587                     /usr/lib/x86_64-linux-gnu/libm-2.31.so
7f7e5e282000-7f7e5e329000 r-xp 0000d000 08:05 131587                     /usr/lib/x86_64-linux-gnu/libm-2.31.so
7f7e5e329000-7f7e5e3c2000 r--p 000b4000 08:05 131587                     /usr/lib/x86_64-linux-gnu/libm-2.31.so
7f7e5e3c2000-7f7e5e3c3000 r--p 0014c000 08:05 131587                     /usr/lib/x86_64-linux-gnu/libm-2.31.so
7f7e5e3c3000-7f7e5e3c4000 rw-p 0014d000 08:05 131587                     /usr/lib/x86_64-linux-gnu/libm-2.31.so
7f7e5e3c4000-7f7e5e45a000 r--p 00000000 08:05 139076                     /usr/lib/x86_64-linux-gnu/libstdc++.so.6.0.28
7f7e5e45a000-7f7e5e54b000 r-xp 00096000 08:05 139076                     /usr/lib/x86_64-linux-gnu/libstdc++.so.6.0.28
7f7e5e54b000-7f7e5e594000 r--p 00187000 08:05 139076                     /usr/lib/x86_64-linux-gnu/libstdc++.so.6.0.28
7f7e5e594000-7f7e5e595000 ---p 001d0000 08:05 139076                     /usr/lib/x86_64-linux-gnu/libstdc++.so.6.0.28
7f7e5e595000-7f7e5e5a0000 r--p 001d0000 08:05 139076                     /usr/lib/x86_64-linux-gnu/libstdc++.so.6.0.28
7f7e5e5a0000-7f7e5e5a3000 rw-p 001db000 08:05 139076                     /usr/lib/x86_64-linux-gnu/libstdc++.so.6.0.28
7f7e5e5a3000-7f7e5e5a6000 rw-p 00000000 00:00 0 
7f7e5e5a6000-7f7e5e828000 r--p 00000000 08:05 142927                     /usr/lib/jvm/java-11-openjdk-amd64/lib/server/libjvm.so
7f7e5e828000-7f7e5f4b1000 r-xp 00282000 08:05 142927                     /usr/lib/jvm/java-11-openjdk-amd64/lib/server/libjvm.so
7f7e5f4b1000-7f7e5f70e000 r--p 00f0b000 08:05 142927                     /usr/lib/jvm/java-11-openjdk-amd64/lib/server/libjvm.so
7f7e5f70e000-7f7e5f70f000 ---p 01168000 08:05 142927                     /usr/lib/jvm/java-11-openjdk-amd64/lib/server/libjvm.so
7f7e5f70f000-7f7e5f7d3000 r--p 01168000 08:05 142927                     /usr/lib/jvm/java-11-openjdk-amd64/lib/server/libjvm.so
7f7e5f7d3000-7f7e5f80e000 rw-p 0122c000 08:05 142927                     /usr/lib/jvm/java-11-openjdk-amd64/lib/server/libjvm.so
7f7e5f80e000-7f7e5f867000 rw-p 00000000 00:00 0 
7f7e5f867000-7f7e5f86d000 r--p 00000000 08:05 133290                     /usr/lib/x86_64-linux-gnu/libpthread-2.31.so
7f7e5f86d000-7f7e5f87e000 r-xp 00006000 08:05 133290                     /usr/lib/x86_64-linux-gnu/libpthread-2.31.so
7f7e5f87e000-7f7e5f884000 r--p 00017000 08:05 133290                     /usr/lib/x86_64-linux-gnu/libpthread-2.31.so
7f7e5f884000-7f7e5f885000 r--p 0001c000 08:05 133290                     /usr/lib/x86_64-linux-gnu/libpthread-2.31.so
7f7e5f885000-7f7e5f886000 rw-p 0001d000 08:05 133290                     /usr/lib/x86_64-linux-gnu/libpthread-2.31.so
7f7e5f886000-7f7e5f88a000 rw-p 00000000 00:00 0 
7f7e5f88a000-7f7e5f88b000 r--p 00000000 08:05 131586                     /usr/lib/x86_64-linux-gnu/libdl-2.31.so
7f7e5f88b000-7f7e5f88d000 r-xp 00001000 08:05 131586                     /usr/lib/x86_64-linux-gnu/libdl-2.31.so
7f7e5f88d000-7f7e5f88e000 r--p 00003000 08:05 131586                     /usr/lib/x86_64-linux-gnu/libdl-2.31.so
7f7e5f88e000-7f7e5f88f000 r--p 00003000 08:05 131586                     /usr/lib/x86_64-linux-gnu/libdl-2.31.so
7f7e5f88f000-7f7e5f890000 rw-p 00004000 08:05 131586                     /usr/lib/x86_64-linux-gnu/libdl-2.31.so
7f7e5f890000-7f7e5f892000 r--p 00000000 08:05 131303                     /usr/lib/x86_64-linux-gnu/libz.so.1.2.11
7f7e5f892000-7f7e5f8a3000 r-xp 00002000 08:05 131303                     /usr/lib/x86_64-linux-gnu/libz.so.1.2.11
7f7e5f8a3000-7f7e5f8a9000 r--p 00013000 08:05 131303                     /usr/lib/x86_64-linux-gnu/libz.so.1.2.11
7f7e5f8a9000-7f7e5f8aa000 ---p 00019000 08:05 131303                     /usr/lib/x86_64-linux-gnu/libz.so.1.2.11
7f7e5f8aa000-7f7e5f8ab000 r--p 00019000 08:05 131303                     /usr/lib/x86_64-linux-gnu/libz.so.1.2.11
7f7e5f8ab000-7f7e5f8ac000 rw-p 0001a000 08:05 131303                     /usr/lib/x86_64-linux-gnu/libz.so.1.2.11
7f7e5f8ac000-7f7e5f8ce000 r--p 00000000 08:05 131585                     /usr/lib/x86_64-linux-gnu/libc-2.31.so
7f7e5f8ce000-7f7e5fa46000 r-xp 00022000 08:05 131585                     /usr/lib/x86_64-linux-gnu/libc-2.31.so
7f7e5fa46000-7f7e5fa94000 r--p 0019a000 08:05 131585                     /usr/lib/x86_64-linux-gnu/libc-2.31.so
7f7e5fa94000-7f7e5fa98000 r--p 001e7000 08:05 131585                     /usr/lib/x86_64-linux-gnu/libc-2.31.so
7f7e5fa98000-7f7e5fa9a000 rw-p 001eb000 08:05 131585                     /usr/lib/x86_64-linux-gnu/libc-2.31.so
7f7e5fa9a000-7f7e5fa9e000 rw-p 00000000 00:00 0 
7f7e5faa2000-7f7e5faa4000 r--s 0000c000 08:05 534628                     /usr/share/java/java-atk-wrapper.jar
7f7e5faa4000-7f7e5faa5000 ---p 00000000 00:00 0 
7f7e5faa5000-7f7e5faa6000 r--p 00000000 00:00 0 
7f7e5faa6000-7f7e5faa8000 r--p 00000000 08:05 142906                     /usr/lib/jvm/java-11-openjdk-amd64/lib/libjimage.so
7f7e5faa8000-7f7e5faab000 r-xp 00002000 08:05 142906                     /usr/lib/jvm/java-11-openjdk-amd64/lib/libjimage.so
7f7e5faab000-7f7e5faac000 r--p 00005000 08:05 142906                     /usr/lib/jvm/java-11-openjdk-amd64/lib/libjimage.so
7f7e5faac000-7f7e5faad000 ---p 00006000 08:05 142906                     /usr/lib/jvm/java-11-openjdk-amd64/lib/libjimage.so
7f7e5faad000-7f7e5faae000 r--p 00006000 08:05 142906                     /usr/lib/jvm/java-11-openjdk-amd64/lib/libjimage.so
7f7e5faae000-7f7e5faaf000 rw-p 00007000 08:05 142906                     /usr/lib/jvm/java-11-openjdk-amd64/lib/libjimage.so
7f7e5faaf000-7f7e5fab2000 r--p 00000000 08:05 142888                     /usr/lib/jvm/java-11-openjdk-amd64/lib/jli/libjli.so
7f7e5fab2000-7f7e5fabc000 r-xp 00003000 08:05 142888                     /usr/lib/jvm/java-11-openjdk-amd64/lib/jli/libjli.so
7f7e5fabc000-7f7e5fabf000 r--p 0000d000 08:05 142888                     /usr/lib/jvm/java-11-openjdk-amd64/lib/jli/libjli.so
7f7e5fabf000-7f7e5fac0000 ---p 00010000 08:05 142888                     /usr/lib/jvm/java-11-openjdk-amd64/lib/jli/libjli.so
7f7e5fac0000-7f7e5fac1000 r--p 00010000 08:05 142888                     /usr/lib/jvm/java-11-openjdk-amd64/lib/jli/libjli.so
7f7e5fac1000-7f7e5fac2000 rw-p 00011000 08:05 142888                     /usr/lib/jvm/java-11-openjdk-amd64/lib/jli/libjli.so
7f7e5fac2000-7f7e5fac4000 rw-p 00000000 00:00 0 
7f7e5fac4000-7f7e5fac5000 r--p 00000000 08:05 131184                     /usr/lib/x86_64-linux-gnu/ld-2.31.so
7f7e5fac5000-7f7e5fae8000 r-xp 00001000 08:05 131184                     /usr/lib/x86_64-linux-gnu/ld-2.31.so
7f7e5fae8000-7f7e5faf0000 r--p 00024000 08:05 131184                     /usr/lib/x86_64-linux-gnu/ld-2.31.so
7f7e5faf1000-7f7e5faf2000 r--p 0002c000 08:05 131184                     /usr/lib/x86_64-linux-gnu/ld-2.31.so
7f7e5faf2000-7f7e5faf3000 rw-p 0002d000 08:05 131184                     /usr/lib/x86_64-linux-gnu/ld-2.31.so
7f7e5faf3000-7f7e5faf4000 rw-p 00000000 00:00 0 
7ffd6bb5a000-7ffd6bb7c000 rw-p 00000000 00:00 0                          [stack]
7ffd6bbde000-7ffd6bbe2000 r--p 00000000 00:00 0                          [vvar]
7ffd6bbe2000-7ffd6bbe4000 r-xp 00000000 00:00 0                          [vdso]
ffffffffff600000-ffffffffff601000 --xp 00000000 00:00 0                  [vsyscall]


VM Arguments:
jvm_args: -javaagent:/snap/intellij-idea-ultimate/401/lib/idea_rt.jar=39155:/snap/intellij-idea-ultimate/401/bin -Dfile.encoding=UTF-8 
java_command: Main
java_class_path (initial): /home/whale/Lab/target/classes:/usr/local/lib/antlr-4.9.1-complete.jar:/opt/maven/repository/org/bytedeco/llvm-platform/13.0.1-1.5.7/llvm-platform-13.0.1-1.5.7.jar:/opt/maven/repository/org/bytedeco/javacpp-platform/1.5.7/javacpp-platform-1.5.7.jar:/opt/maven/repository/org/bytedeco/javacpp/1.5.7/javacpp-1.5.7.jar:/opt/maven/repository/org/bytedeco/javacpp/1.5.7/javacpp-1.5.7-android-arm.jar:/opt/maven/repository/org/bytedeco/javacpp/1.5.7/javacpp-1.5.7-android-arm64.jar:/opt/maven/repository/org/bytedeco/javacpp/1.5.7/javacpp-1.5.7-android-x86.jar:/opt/maven/repository/org/bytedeco/javacpp/1.5.7/javacpp-1.5.7-android-x86_64.jar:/opt/maven/repository/org/bytedeco/javacpp/1.5.7/javacpp-1.5.7-ios-arm64.jar:/opt/maven/repository/org/bytedeco/javacpp/1.5.7/javacpp-1.5.7-ios-x86_64.jar:/opt/maven/repository/org/bytedeco/javacpp/1.5.7/javacpp-1.5.7-linux-armhf.jar:/opt/maven/repository/org/bytedeco/javacpp/1.5.7/javacpp-1.5.7-linux-arm64.jar:/opt/maven/repository/org/bytedeco/javacpp/1.5.7/javacpp-1.5.7-linux-ppc64le.jar:/opt/maven/repository/org/bytedeco/javacpp/1.5.7/javacpp-1.5.7-linux-x86.jar:/opt/maven/repository/org/bytedeco/javacpp/1.5.7/javacpp-1.5.7-linux-x86_64.jar:/opt/maven/repository/org/bytedeco/javacpp/1.5.7/javacpp-1.5.7-macosx-arm64.jar:/opt/maven/repository/org/bytedeco/javacpp/1.5.7/javacpp-1.5.7-macosx-x86_64.jar:/opt/maven/repository/org/bytedeco/javacpp/1.5.7/javacpp-1.5.7-windows-x86.jar:/opt/maven/repository/org/bytedeco/javacpp/1.5.7/javacpp-1.5.7-windows-x86_64.jar:/opt/maven/repository/org/bytedeco/llvm/13.0.1-1.5.7/llvm-13.0.1-1.5.7.jar:/opt/maven/repository/org/bytedeco/llvm/13.0.1-1.5.7/llvm-13.0.1-1.5.7-linux-x86.jar:/opt/maven/repository/org/bytedeco/llvm/13.0.1-1.5.7/llvm-13.0.1-1.5.7-linux-x86_64.jar:/opt/maven/repository/org/bytedeco/llvm/13.0.1-1.5.7/llvm-13.0.1-1.5.7-linux-armhf.jar:/opt/maven/repository/org/bytedeco/llvm/13.0.1-1.5.7/llvm-13.0.1-1.5.7-linux-arm64.jar:/opt/maven/repository/org/bytedeco/llvm
Launcher Type: SUN_STANDARD

[Global flags]
     intx CICompilerCount                          = 2                                         {product} {ergonomic}
     uint ConcGCThreads                            = 1                                         {product} {ergonomic}
     uint G1ConcRefinementThreads                  = 2                                         {product} {ergonomic}
   size_t G1HeapRegionSize                         = 1048576                                   {product} {ergonomic}
    uintx GCDrainStackTargetSize                   = 64                                        {product} {ergonomic}
   size_t InitialHeapSize                          = 65011712                                  {product} {ergonomic}
   size_t MarkStackSize                            = 4194304                                   {product} {ergonomic}
   size_t MaxHeapSize                              = 1021313024                                {product} {ergonomic}
   size_t MaxNewSize                               = 612368384                                 {product} {ergonomic}
   size_t MinHeapDeltaBytes                        = 1048576                                   {product} {ergonomic}
    uintx NonNMethodCodeHeapSize                   = 5825164                                {pd product} {ergonomic}
    uintx NonProfiledCodeHeapSize                  = 122916538                              {pd product} {ergonomic}
    uintx ProfiledCodeHeapSize                     = 122916538                              {pd product} {ergonomic}
    uintx ReservedCodeCacheSize                    = 251658240                              {pd product} {ergonomic}
     bool SegmentedCodeCache                       = true                                      {product} {ergonomic}
     bool UseCompressedClassPointers               = true                                 {lp64_product} {ergonomic}
     bool UseCompressedOops                        = true                                 {lp64_product} {ergonomic}
     bool UseG1GC                                  = true                                      {product} {ergonomic}

Logging:
Log output configuration:
 #0: stdout all=warning uptime,level,tags
 #1: stderr all=off uptime,level,tags

Environment Variables:
PATH=/opt/maven/apache-maven-3.8.6/bin:/usr/local/sbin:/usr/local/bin:/usr/sbin:/usr/bin:/sbin:/bin:/usr/games:/usr/local/games:/snap/bin:/usr/local/cbc/bin
USERNAME=whale
SHELL=/bin/bash
DISPLAY=:0
LANG=zh_CN.UTF-8

Signal Handlers:
SIGSEGV: [libjvm.so+0xe97eb0], sa_mask[0]=11111111011111111101111111111110, sa_flags=SA_RESTART|SA_SIGINFO
SIGBUS: [libjvm.so+0xe97eb0], sa_mask[0]=11111111011111111101111111111110, sa_flags=SA_RESTART|SA_SIGINFO
SIGFPE: [libjvm.so+0xe97eb0], sa_mask[0]=11111111011111111101111111111110, sa_flags=SA_RESTART|SA_SIGINFO
SIGPIPE: [libjvm.so+0xbde850], sa_mask[0]=11111111011111111101111111111110, sa_flags=SA_RESTART|SA_SIGINFO
SIGXFSZ: [libjvm.so+0xbde850], sa_mask[0]=11111111011111111101111111111110, sa_flags=SA_RESTART|SA_SIGINFO
SIGILL: [libjvm.so+0xe97eb0], sa_mask[0]=11111111011111111101111111111110, sa_flags=SA_RESTART|SA_SIGINFO
SIGUSR2: [libjvm.so+0xbde6f0], sa_mask[0]=00100000000000000000000000000000, sa_flags=SA_RESTART|SA_SIGINFO
SIGHUP: [libjvm.so+0xbde9e0], sa_mask[0]=11111111011111111101111111111110, sa_flags=SA_RESTART|SA_SIGINFO
SIGINT: [libjvm.so+0xbde9e0], sa_mask[0]=11111111011111111101111111111110, sa_flags=SA_RESTART|SA_SIGINFO
SIGTERM: [libjvm.so+0xbde9e0], sa_mask[0]=11111111011111111101111111111110, sa_flags=SA_RESTART|SA_SIGINFO
SIGQUIT: [libjvm.so+0xbde9e0], sa_mask[0]=11111111011111111101111111111110, sa_flags=SA_RESTART|SA_SIGINFO


---------------  S Y S T E M  ---------------

OS:DISTRIB_ID=Ubuntu
DISTRIB_RELEASE=20.04
DISTRIB_CODENAME=focal
DISTRIB_DESCRIPTION="Ubuntu 20.04.5 LTS"
uname:Linux 5.15.0-56-generic #62~20.04.1-Ubuntu SMP Tue Nov 22 21:24:20 UTC 2022 x86_64
OS uptime: 0 days 0:11 hours
libc:glibc 2.31 NPTL 2.31 
rlimit (soft/hard): STACK 8192k/infinity , CORE 0k/infinity , NPROC 15258/15258 , NOFILE 1048576/1048576 , AS infinity/infinity , CPU infinity/infinity , DATA infinity/infinity , FSIZE infinity/infinity , MEMLOCK 65536k/65536k
load average:2.01 1.53 1.02

/proc/meminfo:
MemTotal:        3983208 kB
MemFree:          188748 kB
MemAvailable:     653700 kB
Buffers:           12152 kB
Cached:           639016 kB
SwapCached:        27852 kB
Active:          1158256 kB
Inactive:        2075852 kB
Active(anon):     869888 kB
Inactive(anon):  1741732 kB
Active(file):     288368 kB
Inactive(file):   334120 kB
Unevictable:          16 kB
Mlocked:              16 kB
SwapTotal:        945416 kB
SwapFree:         231068 kB
Dirty:              5660 kB
Writeback:             0 kB
AnonPages:       2568284 kB
Mapped:           353680 kB
Shmem:             29012 kB
KReclaimable:      93876 kB
Slab:             187376 kB
SReclaimable:      93876 kB
SUnreclaim:        93500 kB
KernelStack:       15728 kB
PageTables:        29232 kB
NFS_Unstable:          0 kB
Bounce:                0 kB
WritebackTmp:          0 kB
CommitLimit:     2937020 kB
Committed_AS:    6572784 kB
VmallocTotal:   34359738367 kB
VmallocUsed:       66748 kB
VmallocChunk:          0 kB
Percpu:           104960 kB
HardwareCorrupted:     0 kB
AnonHugePages:         0 kB
ShmemHugePages:        0 kB
ShmemPmdMapped:        0 kB
FileHugePages:         0 kB
FilePmdMapped:         0 kB
HugePages_Total:       0
HugePages_Free:        0
HugePages_Rsvd:        0
HugePages_Surp:        0
Hugepagesize:       2048 kB
Hugetlb:               0 kB
DirectMap4k:      251712 kB
DirectMap2M:     3942400 kB
DirectMap1G:     2097152 kB

/sys/kernel/mm/transparent_hugepage/enabled:
always [madvise] never
/sys/kernel/mm/transparent_hugepage/defrag (defrag/compaction efforts parameter):
always defer defer+madvise [madvise] never

Process Memory:
Virtual Size: 3675080K (peak: 12380388K)
Resident Set Size: 100632K (peak: 101076K) (anon: 45012K, file: 55620K, shmem: 0K)
Swapped out: 0K
C-Heap outstanding allocations: 16599K, retained: 2000K
glibc malloc tunables: (default)

/proc/sys/kernel/threads-max (system-wide limit on the number of threads):
30516
/proc/sys/vm/max_map_count (maximum number of memory map areas a process may have):
65530
/proc/sys/kernel/pid_max (system-wide limit on number of process identifiers):
4194304

container (cgroup) information:
container_type: cgroupv1
cpu_cpuset_cpus: 0-1
cpu_memory_nodes: 0
active_processor_count: 2
cpu_quota: no quota
cpu_period: 100000
cpu_shares: no shares
memory_limit_in_bytes: unlimited
memory_and_swap_limit_in_bytes: unlimited
memory_soft_limit_in_bytes: unlimited
memory_usage_in_bytes: 3046652 k
memory_max_usage_in_bytes: 3175804 k
maximum number of tasks: unlimited
current number of tasks: 564

VMWare virtualization detected
Steal ticks since vm start: 0
Steal ticks percentage since vm start:  0.000

CPU:total 2 (initial active 2) (1 cores per cpu, 1 threads per core) family 23 model 96 stepping 1 microcode 0x8600104, cmov, cx8, fxsr, mmx, sse, sse2, sse3, ssse3, sse4.1, sse4.2, popcnt, avx, avx2, aes, clmul, mmxext, 3dnowpref, lzcnt, sse4a, tsc, tscinvbit, tscinv, bmi1, bmi2, adx, sha, fma
CPU Model and flags from /proc/cpuinfo:
model name	: AMD Ryzen 7 4800H with Radeon Graphics
flags		: fpu vme de pse tsc msr pae mce cx8 apic sep mtrr pge mca cmov pat pse36 clflush mmx fxsr sse sse2 syscall nx mmxext fxsr_opt pdpe1gb rdtscp lm constant_tsc rep_good nopl tsc_reliable nonstop_tsc cpuid extd_apicid tsc_known_freq pni pclmulqdq ssse3 fma cx16 sse4_1 sse4_2 x2apic movbe popcnt aes xsave avx f16c rdrand hypervisor lahf_lm extapic cr8_legacy abm sse4a misalignsse 3dnowprefetch osvw topoext ssbd ibpb vmmcall fsgsbase bmi1 avx2 smep bmi2 rdseed adx smap clflushopt clwb sha_ni xsaveopt xsavec xgetbv1 xsaves clzero wbnoinvd arat umip rdpid overflow_recov succor
Online cpus:
0-1
Offline cpus:
2-127
BIOS frequency limitation:
<Not Available>
Frequency switch latency (ns):
<Not Available>
Available cpu frequencies:
<Not Available>
Current governor:
<Not Available>
Core performance/turbo boost:
<Not Available>

Memory: 4k page, physical 3983208k(188748k free), swap 945416k(231068k free)

vm_info: OpenJDK 64-Bit Server VM (11.0.17+8-post-Ubuntu-1ubuntu220.04) for linux-amd64 JRE (11.0.17+8-post-Ubuntu-1ubuntu220.04), built on Oct 25 2022 09:30:51 by "unknown" with gcc 9.4.0

END.
