#
# A fatal error has been detected by the Java Runtime Environment:
#
#  SIGSEGV (0xb) at pc=0x00007f0942158882, pid=3609, tid=3610
#
# JRE version: OpenJDK Runtime Environment (11.0.17+8) (build 11.0.17+8-post-Ubuntu-1ubuntu220.04)
# Java VM: OpenJDK 64-Bit Server VM (11.0.17+8-post-Ubuntu-1ubuntu220.04, mixed mode, sharing, tiered, compressed oops, g1 gc, linux-amd64)
# Problematic frame:
# C  [libLLVM-13.so+0xc2c882]  LLVMBuildLoad+0x12
#
# Core dump will be written. Default location: Core dumps may be processed with "/usr/share/apport/apport -p%p -s%s -c%c -d%d -P%P -u%u -g%g -- %E" (or dumping to /home/whale/Lab/core.3609)
#
# If you would like to submit a bug report, please visit:
#   https://bugs.launchpad.net/ubuntu/+source/openjdk-lts
# The crash happened outside the Java Virtual Machine in native code.
# See problematic frame for where to report the bug.
#

---------------  S U M M A R Y ------------

Command Line: -javaagent:/snap/intellij-idea-ultimate/401/lib/idea_rt.jar=40429:/snap/intellij-idea-ultimate/401/bin -Dfile.encoding=UTF-8 Main

Host: AMD Ryzen 7 4800H with Radeon Graphics, 2 cores, 3G, Ubuntu 20.04.5 LTS
Time: Fri Jan  6 01:40:29 2023 CST elapsed time: 0.993273 seconds (0d 0h 0m 0s)

---------------  T H R E A D  ---------------

Current thread (0x00007f099c017800):  JavaThread "main" [_thread_in_native, id=3610, stack(0x00007f09a2d95000,0x00007f09a2e96000)]

Stack: [0x00007f09a2d95000,0x00007f09a2e96000],  sp=0x00007f09a2e93bb0,  free space=1018k
Native frames: (J=compiled Java code, A=aot compiled Java code, j=interpreted, Vv=VM code, C=native code)
C  [libLLVM-13.so+0xc2c882]  LLVMBuildLoad+0x12

Java frames: (J=compiled Java code, j=interpreted, Vv=VM code)
j  org.bytedeco.llvm.global.LLVM.LLVMBuildLoad(Lorg/bytedeco/llvm/LLVM/LLVMBuilderRef;Lorg/bytedeco/llvm/LLVM/LLVMValueRef;Ljava/lang/String;)Lorg/bytedeco/llvm/LLVM/LLVMValueRef;+0
j  MyIRVisitor.visitLeftValExp(LSysYParser$LeftValExpContext;)Lorg/bytedeco/llvm/LLVM/LLVMValueRef;+21
j  MyIRVisitor.visitLeftValExp(LSysYParser$LeftValExpContext;)Ljava/lang/Object;+2
j  SysYParser$LeftValExpContext.accept(Lorg/antlr/v4/runtime/tree/ParseTreeVisitor;)Ljava/lang/Object;+12
j  org.antlr.v4.runtime.tree.AbstractParseTreeVisitor.visit(Lorg/antlr/v4/runtime/tree/ParseTree;)Ljava/lang/Object;+2
j  MyIRVisitor.visitReturnStat(LSysYParser$ReturnStatContext;)Lorg/bytedeco/llvm/LLVM/LLVMValueRef;+21
j  MyIRVisitor.visitReturnStat(LSysYParser$ReturnStatContext;)Ljava/lang/Object;+2
j  SysYParser$ReturnStatContext.accept(Lorg/antlr/v4/runtime/tree/ParseTreeVisitor;)Ljava/lang/Object;+12
j  org.antlr.v4.runtime.tree.AbstractParseTreeVisitor.visitChildren(Lorg/antlr/v4/runtime/tree/RuleNode;)Ljava/lang/Object;+46
j  SysYParserBaseVisitor.visitStat(LSysYParser$StatContext;)Ljava/lang/Object;+2
j  SysYParser$StatContext.accept(Lorg/antlr/v4/runtime/tree/ParseTreeVisitor;)Ljava/lang/Object;+12
j  org.antlr.v4.runtime.tree.AbstractParseTreeVisitor.visitChildren(Lorg/antlr/v4/runtime/tree/RuleNode;)Ljava/lang/Object;+46
j  SysYParserBaseVisitor.visitBlock(LSysYParser$BlockContext;)Ljava/lang/Object;+2
j  MyIRVisitor.visitBlock(LSysYParser$BlockContext;)Lorg/bytedeco/llvm/LLVM/LLVMValueRef;+17
j  MyIRVisitor.visitBlock(LSysYParser$BlockContext;)Ljava/lang/Object;+2
j  SysYParser$BlockContext.accept(Lorg/antlr/v4/runtime/tree/ParseTreeVisitor;)Ljava/lang/Object;+12
j  org.antlr.v4.runtime.tree.AbstractParseTreeVisitor.visit(Lorg/antlr/v4/runtime/tree/ParseTree;)Ljava/lang/Object;+2
j  MyIRVisitor.visitFuncDef(LSysYParser$FuncDefContext;)Lorg/bytedeco/llvm/LLVM/LLVMValueRef;+266
j  MyIRVisitor.visitFuncDef(LSysYParser$FuncDefContext;)Ljava/lang/Object;+2
j  SysYParser$FuncDefContext.accept(Lorg/antlr/v4/runtime/tree/ParseTreeVisitor;)Ljava/lang/Object;+12
j  org.antlr.v4.runtime.tree.AbstractParseTreeVisitor.visitChildren(Lorg/antlr/v4/runtime/tree/RuleNode;)Ljava/lang/Object;+46
j  SysYParserBaseVisitor.visitCompUnit(LSysYParser$CompUnitContext;)Ljava/lang/Object;+2
j  SysYParser$CompUnitContext.accept(Lorg/antlr/v4/runtime/tree/ParseTreeVisitor;)Ljava/lang/Object;+12
j  org.antlr.v4.runtime.tree.AbstractParseTreeVisitor.visitChildren(Lorg/antlr/v4/runtime/tree/RuleNode;)Ljava/lang/Object;+46
j  SysYParserBaseVisitor.visitProgram(LSysYParser$ProgramContext;)Ljava/lang/Object;+2
j  MyIRVisitor.visitProgram(LSysYParser$ProgramContext;)Lorg/bytedeco/llvm/LLVM/LLVMValueRef;+21
j  MyIRVisitor.visitProgram(LSysYParser$ProgramContext;)Ljava/lang/Object;+2
j  SysYParser$ProgramContext.accept(Lorg/antlr/v4/runtime/tree/ParseTreeVisitor;)Ljava/lang/Object;+12
j  org.antlr.v4.runtime.tree.AbstractParseTreeVisitor.visit(Lorg/antlr/v4/runtime/tree/ParseTree;)Ljava/lang/Object;+2
j  Main.main([Ljava/lang/String;)V+78
v  ~StubRoutines::call_stub

siginfo: si_signo: 11 (SIGSEGV), si_code: 1 (SEGV_MAPERR), si_addr: 0x0000000000000000

Register to memory mapping:

RAX=0x00007f099c4ad3c0 points into unknown readable memory: 0x0000000000000069 | 69 00 00 00 00 00 00 00
RBX=0x0 is NULL
RCX=0x0000000000000069 is an unknown value
RDX=0x00007f099c4ad3c0 points into unknown readable memory: 0x0000000000000069 | 69 00 00 00 00 00 00 00
RSP=0x00007f09a2e93bb0 is pointing into the stack for thread: 0x00007f099c017800
RBP=0x00007f099c478be0 points into unknown readable memory: 0x00007f099c478bf0 | f0 8b 47 9c 09 7f 00 00
RSI=0x0 is NULL
RDI=0x00007f099c478be0 points into unknown readable memory: 0x00007f099c478bf0 | f0 8b 47 9c 09 7f 00 00
R8 =0x00000000c6326aa8 points into unknown readable memory: 0x0000000000000069 | 69 00 00 00 00 00 00 00
R9 =0x00007f099c017800 is a thread
R10=0xfffffffffffff55a is an unknown value
R11=0x00007f0942158870: LLVMBuildLoad+0x0000000000000000 in /home/whale/.javacpp/cache/llvm-13.0.1-1.5.7-linux-x86_64.jar/org/bytedeco/llvm/linux-x86_64/libLLVM-13.so at 0x00007f094152c000
R12=0x0 is NULL
R13=0x0 is NULL
R14=0x00007f099c4ad3c0 points into unknown readable memory: 0x0000000000000069 | 69 00 00 00 00 00 00 00
R15=0x00007f099c017800 is a thread


Registers:
RAX=0x00007f099c4ad3c0, RBX=0x0000000000000000, RCX=0x0000000000000069, RDX=0x00007f099c4ad3c0
RSP=0x00007f09a2e93bb0, RBP=0x00007f099c478be0, RSI=0x0000000000000000, RDI=0x00007f099c478be0
R8 =0x00000000c6326aa8, R9 =0x00007f099c017800, R10=0xfffffffffffff55a, R11=0x00007f0942158870
R12=0x0000000000000000, R13=0x0000000000000000, R14=0x00007f099c4ad3c0, R15=0x00007f099c017800
RIP=0x00007f0942158882, EFLAGS=0x0000000000010202, CSGSFS=0x002b000000000033, ERR=0x0000000000000004
  TRAPNO=0x000000000000000e

Top of Stack: (sp=0x00007f09a2e93bb0)
0x00007f09a2e93bb0:   00007f099c017800 0000000000000000
0x00007f09a2e93bc0:   00007f099c017800 00007f099c11dfb0
0x00007f09a2e93bd0:   0000000000000002 0000000000000001
0x00007f09a2e93be0:   00007f099c4ad3c0 00007f099c11dfb0 

Instructions: (pc=0x00007f0942158882)
0x00007f0942158782:   89 c4 4c 8d 4c 24 40 e8 92 57 09 00 48 8b 7d 50
0x00007f0942158792:   48 8b 4d 30 4c 89 e6 48 8d 54 24 10 4c 8b 45 38
0x00007f09421587a2:   48 8b 07 ff 50 10 48 8b 5d 00 8b 6d 08 5a 59 48
0x00007f09421587b2:   c1 e5 04 48 01 dd 48 39 eb 74 1a 0f 1f 00 48 8b
0x00007f09421587c2:   53 08 8b 33 4c 89 e7 48 83 c3 10 e8 6e 16 0e 00
0x00007f09421587d2:   48 39 dd 75 e9 48 83 c4 68 4c 89 e0 5b 5d 41 5c
0x00007f09421587e2:   41 5d 41 5e 41 5f c3 0f 1f 80 00 00 00 00 41 54
0x00007f09421587f2:   b8 01 01 00 00 55 48 89 fd 48 89 f7 53 48 83 ec
0x00007f0942158802:   30 48 8b 75 30 66 89 44 24 20 e8 ef 24 09 00 48
0x00007f0942158812:   8b 7d 50 48 8b 4d 30 48 89 e2 49 89 c4 4c 8b 45
0x00007f0942158822:   38 48 8b 07 4c 89 e6 ff 50 10 48 8b 5d 00 8b 6d
0x00007f0942158832:   08 48 c1 e5 04 48 01 dd 48 39 eb 74 18 90 48 8b
0x00007f0942158842:   53 08 8b 33 4c 89 e7 48 83 c3 10 e8 ee 15 0e 00
0x00007f0942158852:   48 39 dd 75 e9 48 83 c4 30 4c 89 e0 5b 5d 41 5c
0x00007f0942158862:   c3 66 2e 0f 1f 84 00 00 00 00 00 0f 1f 00 41 56
0x00007f0942158872:   41 55 49 89 f5 41 54 55 48 89 fd 53 48 83 ec 60
0x00007f0942158882:   48 8b 06 80 3a 00 be 01 01 00 00 4c 8b 70 18 66
0x00007f0942158892:   89 74 24 20 74 09 48 89 14 24 c6 44 24 20 03 48
0x00007f09421588a2:   8b 7d 30 e8 d6 15 fc ff 48 89 c7 e8 4e 47 0e 00
0x00007f09421588b2:   4c 89 f6 48 89 c7 e8 b3 46 01 00 be 01 00 00 00
0x00007f09421588c2:   bf 40 00 00 00 89 c3 b8 01 01 00 00 66 89 44 24
0x00007f09421588d2:   50 e8 a8 0a 13 00 48 8d 4c 24 30 41 89 d9 45 31
0x00007f09421588e2:   c0 48 83 ec 08 48 89 c7 4c 89 ea 4c 89 f6 6a 00
0x00007f09421588f2:   49 89 c4 e8 26 5d 09 00 48 8b 7d 50 48 8b 4d 30
0x00007f0942158902:   4c 89 e6 48 8d 54 24 10 4c 8b 45 38 48 8b 07 ff
0x00007f0942158912:   50 10 48 8b 5d 00 8b 6d 08 5a 59 48 c1 e5 04 48
0x00007f0942158922:   01 dd 48 39 eb 74 1e 0f 1f 80 00 00 00 00 48 8b
0x00007f0942158932:   53 08 8b 33 4c 89 e7 48 83 c3 10 e8 fe 14 0e 00
0x00007f0942158942:   48 39 dd 75 e9 48 83 c4 60 4c 89 e0 5b 5d 41 5c
0x00007f0942158952:   41 5d 41 5e c3 66 0f 1f 84 00 00 00 00 00 41 56
0x00007f0942158962:   49 89 d6 41 55 49 89 f5 be 01 01 00 00 41 54 55
0x00007f0942158972:   48 89 fd 53 48 83 ec 60 80 39 00 66 89 74 24 20 


Stack slot to memory mapping:
stack at sp + 0 slots: 0x00007f099c017800 is a thread
stack at sp + 1 slots: 0x0 is NULL
stack at sp + 2 slots: 0x00007f099c017800 is a thread
stack at sp + 3 slots: 0x00007f099c11dfb0 points into unknown readable memory: 0x00000000c6326a98 | 98 6a 32 c6 00 00 00 00
stack at sp + 4 slots: 0x0000000000000002 is an unknown value
stack at sp + 5 slots: 0x0000000000000001 is an unknown value
stack at sp + 6 slots: 0x00007f099c4ad3c0 points into unknown readable memory: 0x0000000000000069 | 69 00 00 00 00 00 00 00
stack at sp + 7 slots: 0x00007f099c11dfb0 points into unknown readable memory: 0x00000000c6326a98 | 98 6a 32 c6 00 00 00 00


---------------  P R O C E S S  ---------------

Threads class SMR info:
_java_thread_list=0x00007f099c37cdd0, length=11, elements={
0x00007f099c017800, 0x00007f099c11f800, 0x00007f099c121800, 0x00007f099c127000,
0x00007f099c129000, 0x00007f099c12b000, 0x00007f099c12d800, 0x00007f099c12f800,
0x00007f099c13d800, 0x00007f099c2c7000, 0x00007f099c37c000
}

Java Threads: ( => current thread )
=>0x00007f099c017800 JavaThread "main" [_thread_in_native, id=3610, stack(0x00007f09a2d95000,0x00007f09a2e96000)]
  0x00007f099c11f800 JavaThread "Reference Handler" daemon [_thread_blocked, id=3619, stack(0x00007f09842f5000,0x00007f09843f6000)]
  0x00007f099c121800 JavaThread "Finalizer" daemon [_thread_blocked, id=3620, stack(0x00007f09841f4000,0x00007f09842f5000)]
  0x00007f099c127000 JavaThread "Signal Dispatcher" daemon [_thread_blocked, id=3621, stack(0x00007f09840f3000,0x00007f09841f4000)]
  0x00007f099c129000 JavaThread "Service Thread" daemon [_thread_blocked, id=3622, stack(0x00007f0974e8e000,0x00007f0974f8f000)]
  0x00007f099c12b000 JavaThread "C2 CompilerThread0" daemon [_thread_blocked, id=3623, stack(0x00007f0974d8d000,0x00007f0974e8e000)]
  0x00007f099c12d800 JavaThread "C1 CompilerThread0" daemon [_thread_blocked, id=3624, stack(0x00007f0974c8c000,0x00007f0974d8d000)]
  0x00007f099c12f800 JavaThread "Sweeper thread" daemon [_thread_blocked, id=3625, stack(0x00007f0974b8b000,0x00007f0974c8c000)]
  0x00007f099c13d800 JavaThread "Common-Cleaner" daemon [_thread_blocked, id=3626, stack(0x00007f0974a8a000,0x00007f0974b8b000)]
  0x00007f099c2c7000 JavaThread "Monitor Ctrl-Break" daemon [_thread_in_native, id=3627, stack(0x00007f0974989000,0x00007f0974a8a000)]
  0x00007f099c37c000 JavaThread "JavaCPP Deallocator" daemon [_thread_blocked, id=3630, stack(0x00007f0974684000,0x00007f0974785000)]

Other Threads:
  0x00007f099c11c800 VMThread "VM Thread" [stack: 0x00007f09843f8000,0x00007f09844f8000] [id=3618]
  0x00007f099c2c9800 WatcherThread [stack: 0x00007f0974889000,0x00007f0974989000] [id=3628]
  0x00007f099c02f800 GCTaskThread "GC Thread#0" [stack: 0x00007f09a2a2c000,0x00007f09a2b2c000] [id=3613]
  0x00007f096c001000 GCTaskThread "GC Thread#1" [stack: 0x00007f0974787000,0x00007f0974887000] [id=3629]
  0x00007f099c04a800 ConcurrentGCThread "G1 Main Marker" [stack: 0x00007f09a02e2000,0x00007f09a03e2000] [id=3614]
  0x00007f099c04c000 ConcurrentGCThread "G1 Conc#0" [stack: 0x00007f09a01e0000,0x00007f09a02e0000] [id=3615]
  0x00007f099c087800 ConcurrentGCThread "G1 Refine#0" [stack: 0x00007f09845fc000,0x00007f09846fc000] [id=3616]
  0x00007f099c089800 ConcurrentGCThread "G1 Young RemSet Sampling" [stack: 0x00007f09844fa000,0x00007f09845fa000] [id=3617]

Threads with active compile tasks:

VM state:not at safepoint (normal execution)

VM Mutex/Monitor currently owned by a thread: None

Heap address: 0x00000000c3200000, size: 974 MB, Compressed Oops mode: 32-bit
Narrow klass base: 0x0000000800000000, Narrow klass shift: 3
Compressed class space size: 1073741824 Address: 0x0000000840000000

Heap:
 garbage-first heap   total 65536K, used 17494K [0x00000000c3200000, 0x0000000100000000)
  region size 1024K, 13 young (13312K), 1 survivors (1024K)
 Metaspace       used 4111K, capacity 6704K, committed 6912K, reserved 1056768K
  class space    used 470K, capacity 748K, committed 768K, reserved 1048576K
Heap Regions: E=young(eden), S=young(survivor), O=old, HS=humongous(starts), HC=humongous(continues), CS=collection set, F=free, A=archive, TAMS=top-at-mark-start (previous, next)
|   0|0x00000000c3200000, 0x00000000c3300000, 0x00000000c3300000|100%| O|  |TAMS 0x00000000c3200000, 0x00000000c3200000| Untracked 
|   1|0x00000000c3300000, 0x00000000c3400000, 0x00000000c3400000|100%| O|  |TAMS 0x00000000c3300000, 0x00000000c3300000| Untracked 
|   2|0x00000000c3400000, 0x00000000c3500000, 0x00000000c3500000|100%| O|  |TAMS 0x00000000c3400000, 0x00000000c3400000| Untracked 
|   3|0x00000000c3500000, 0x00000000c3600000, 0x00000000c3600000|100%| O|  |TAMS 0x00000000c3500000, 0x00000000c3500000| Untracked 
|   4|0x00000000c3600000, 0x00000000c3700000, 0x00000000c3700000|100%| O|  |TAMS 0x00000000c3600000, 0x00000000c3600000| Untracked 
|   5|0x00000000c3700000, 0x00000000c371b400, 0x00000000c3800000| 10%| O|  |TAMS 0x00000000c3700000, 0x00000000c3700000| Untracked 
|   6|0x00000000c3800000, 0x00000000c3800000, 0x00000000c3900000|  0%| F|  |TAMS 0x00000000c3800000, 0x00000000c3800000| Untracked 
|   7|0x00000000c3900000, 0x00000000c3900000, 0x00000000c3a00000|  0%| F|  |TAMS 0x00000000c3900000, 0x00000000c3900000| Untracked 
|   8|0x00000000c3a00000, 0x00000000c3a00000, 0x00000000c3b00000|  0%| F|  |TAMS 0x00000000c3a00000, 0x00000000c3a00000| Untracked 
|   9|0x00000000c3b00000, 0x00000000c3b00000, 0x00000000c3c00000|  0%| F|  |TAMS 0x00000000c3b00000, 0x00000000c3b00000| Untracked 
|  10|0x00000000c3c00000, 0x00000000c3c00000, 0x00000000c3d00000|  0%| F|  |TAMS 0x00000000c3c00000, 0x00000000c3c00000| Untracked 
|  11|0x00000000c3d00000, 0x00000000c3d00000, 0x00000000c3e00000|  0%| F|  |TAMS 0x00000000c3d00000, 0x00000000c3d00000| Untracked 
|  12|0x00000000c3e00000, 0x00000000c3e00000, 0x00000000c3f00000|  0%| F|  |TAMS 0x00000000c3e00000, 0x00000000c3e00000| Untracked 
|  13|0x00000000c3f00000, 0x00000000c3f00000, 0x00000000c4000000|  0%| F|  |TAMS 0x00000000c3f00000, 0x00000000c3f00000| Untracked 
|  14|0x00000000c4000000, 0x00000000c4000000, 0x00000000c4100000|  0%| F|  |TAMS 0x00000000c4000000, 0x00000000c4000000| Untracked 
|  15|0x00000000c4100000, 0x00000000c4100000, 0x00000000c4200000|  0%| F|  |TAMS 0x00000000c4100000, 0x00000000c4100000| Untracked 
|  16|0x00000000c4200000, 0x00000000c4200000, 0x00000000c4300000|  0%| F|  |TAMS 0x00000000c4200000, 0x00000000c4200000| Untracked 
|  17|0x00000000c4300000, 0x00000000c4300000, 0x00000000c4400000|  0%| F|  |TAMS 0x00000000c4300000, 0x00000000c4300000| Untracked 
|  18|0x00000000c4400000, 0x00000000c4400000, 0x00000000c4500000|  0%| F|  |TAMS 0x00000000c4400000, 0x00000000c4400000| Untracked 
|  19|0x00000000c4500000, 0x00000000c4500000, 0x00000000c4600000|  0%| F|  |TAMS 0x00000000c4500000, 0x00000000c4500000| Untracked 
|  20|0x00000000c4600000, 0x00000000c4600000, 0x00000000c4700000|  0%| F|  |TAMS 0x00000000c4600000, 0x00000000c4600000| Untracked 
|  21|0x00000000c4700000, 0x00000000c4700000, 0x00000000c4800000|  0%| F|  |TAMS 0x00000000c4700000, 0x00000000c4700000| Untracked 
|  22|0x00000000c4800000, 0x00000000c4800000, 0x00000000c4900000|  0%| F|  |TAMS 0x00000000c4800000, 0x00000000c4800000| Untracked 
|  23|0x00000000c4900000, 0x00000000c4900000, 0x00000000c4a00000|  0%| F|  |TAMS 0x00000000c4900000, 0x00000000c4900000| Untracked 
|  24|0x00000000c4a00000, 0x00000000c4a00000, 0x00000000c4b00000|  0%| F|  |TAMS 0x00000000c4a00000, 0x00000000c4a00000| Untracked 
|  25|0x00000000c4b00000, 0x00000000c4b00000, 0x00000000c4c00000|  0%| F|  |TAMS 0x00000000c4b00000, 0x00000000c4b00000| Untracked 
|  26|0x00000000c4c00000, 0x00000000c4c00000, 0x00000000c4d00000|  0%| F|  |TAMS 0x00000000c4c00000, 0x00000000c4c00000| Untracked 
|  27|0x00000000c4d00000, 0x00000000c4d00000, 0x00000000c4e00000|  0%| F|  |TAMS 0x00000000c4d00000, 0x00000000c4d00000| Untracked 
|  28|0x00000000c4e00000, 0x00000000c4e00000, 0x00000000c4f00000|  0%| F|  |TAMS 0x00000000c4e00000, 0x00000000c4e00000| Untracked 
|  29|0x00000000c4f00000, 0x00000000c4f00000, 0x00000000c5000000|  0%| F|  |TAMS 0x00000000c4f00000, 0x00000000c4f00000| Untracked 
|  30|0x00000000c5000000, 0x00000000c5000000, 0x00000000c5100000|  0%| F|  |TAMS 0x00000000c5000000, 0x00000000c5000000| Untracked 
|  31|0x00000000c5100000, 0x00000000c5100000, 0x00000000c5200000|  0%| F|  |TAMS 0x00000000c5100000, 0x00000000c5100000| Untracked 
|  32|0x00000000c5200000, 0x00000000c5200000, 0x00000000c5300000|  0%| F|  |TAMS 0x00000000c5200000, 0x00000000c5200000| Untracked 
|  33|0x00000000c5300000, 0x00000000c5300000, 0x00000000c5400000|  0%| F|  |TAMS 0x00000000c5300000, 0x00000000c5300000| Untracked 
|  34|0x00000000c5400000, 0x00000000c5400000, 0x00000000c5500000|  0%| F|  |TAMS 0x00000000c5400000, 0x00000000c5400000| Untracked 
|  35|0x00000000c5500000, 0x00000000c5500000, 0x00000000c5600000|  0%| F|  |TAMS 0x00000000c5500000, 0x00000000c5500000| Untracked 
|  36|0x00000000c5600000, 0x00000000c5600000, 0x00000000c5700000|  0%| F|  |TAMS 0x00000000c5600000, 0x00000000c5600000| Untracked 
|  37|0x00000000c5700000, 0x00000000c5700000, 0x00000000c5800000|  0%| F|  |TAMS 0x00000000c5700000, 0x00000000c5700000| Untracked 
|  38|0x00000000c5800000, 0x00000000c5800000, 0x00000000c5900000|  0%| F|  |TAMS 0x00000000c5800000, 0x00000000c5800000| Untracked 
|  39|0x00000000c5900000, 0x00000000c5900000, 0x00000000c5a00000|  0%| F|  |TAMS 0x00000000c5900000, 0x00000000c5900000| Untracked 
|  40|0x00000000c5a00000, 0x00000000c5a00000, 0x00000000c5b00000|  0%| F|  |TAMS 0x00000000c5a00000, 0x00000000c5a00000| Untracked 
|  41|0x00000000c5b00000, 0x00000000c5b00000, 0x00000000c5c00000|  0%| F|  |TAMS 0x00000000c5b00000, 0x00000000c5b00000| Untracked 
|  42|0x00000000c5c00000, 0x00000000c5c00000, 0x00000000c5d00000|  0%| F|  |TAMS 0x00000000c5c00000, 0x00000000c5c00000| Untracked 
|  43|0x00000000c5d00000, 0x00000000c5d00000, 0x00000000c5e00000|  0%| F|  |TAMS 0x00000000c5d00000, 0x00000000c5d00000| Untracked 
|  44|0x00000000c5e00000, 0x00000000c5e00000, 0x00000000c5f00000|  0%| F|  |TAMS 0x00000000c5e00000, 0x00000000c5e00000| Untracked 
|  45|0x00000000c5f00000, 0x00000000c5f00000, 0x00000000c6000000|  0%| F|  |TAMS 0x00000000c5f00000, 0x00000000c5f00000| Untracked 
|  46|0x00000000c6000000, 0x00000000c6000000, 0x00000000c6100000|  0%| F|  |TAMS 0x00000000c6000000, 0x00000000c6000000| Untracked 
|  47|0x00000000c6100000, 0x00000000c6100000, 0x00000000c6200000|  0%| F|  |TAMS 0x00000000c6100000, 0x00000000c6100000| Untracked 
|  48|0x00000000c6200000, 0x00000000c6200000, 0x00000000c6300000|  0%| F|  |TAMS 0x00000000c6200000, 0x00000000c6200000| Untracked 
|  49|0x00000000c6300000, 0x00000000c633bf98, 0x00000000c6400000| 23%| E|  |TAMS 0x00000000c6300000, 0x00000000c6300000| Complete 
|  50|0x00000000c6400000, 0x00000000c6500000, 0x00000000c6500000|100%| E|CS|TAMS 0x00000000c6400000, 0x00000000c6400000| Complete 
|  51|0x00000000c6500000, 0x00000000c6600000, 0x00000000c6600000|100%| E|CS|TAMS 0x00000000c6500000, 0x00000000c6500000| Complete 
|  52|0x00000000c6600000, 0x00000000c6700000, 0x00000000c6700000|100%| E|CS|TAMS 0x00000000c6600000, 0x00000000c6600000| Complete 
|  53|0x00000000c6700000, 0x00000000c6800000, 0x00000000c6800000|100%| E|CS|TAMS 0x00000000c6700000, 0x00000000c6700000| Complete 
|  54|0x00000000c6800000, 0x00000000c6900000, 0x00000000c6900000|100%| E|CS|TAMS 0x00000000c6800000, 0x00000000c6800000| Complete 
|  55|0x00000000c6900000, 0x00000000c6a00000, 0x00000000c6a00000|100%| E|CS|TAMS 0x00000000c6900000, 0x00000000c6900000| Complete 
|  56|0x00000000c6a00000, 0x00000000c6b00000, 0x00000000c6b00000|100%| E|CS|TAMS 0x00000000c6a00000, 0x00000000c6a00000| Complete 
|  57|0x00000000c6b00000, 0x00000000c6c00000, 0x00000000c6c00000|100%| E|CS|TAMS 0x00000000c6b00000, 0x00000000c6b00000| Complete 
|  58|0x00000000c6c00000, 0x00000000c6c47438, 0x00000000c6d00000| 27%| S|CS|TAMS 0x00000000c6c00000, 0x00000000c6c00000| Complete 
|  59|0x00000000c6d00000, 0x00000000c6e00000, 0x00000000c6e00000|100%| E|CS|TAMS 0x00000000c6d00000, 0x00000000c6d00000| Complete 
|  60|0x00000000c6e00000, 0x00000000c6f00000, 0x00000000c6f00000|100%| E|CS|TAMS 0x00000000c6e00000, 0x00000000c6e00000| Complete 
|  61|0x00000000c6f00000, 0x00000000c7000000, 0x00000000c7000000|100%| E|CS|TAMS 0x00000000c6f00000, 0x00000000c6f00000| Complete 
| 972|0x00000000ffe00000, 0x00000000ffe48000, 0x00000000fff00000| 28%|OA|  |TAMS 0x00000000ffe00000, 0x00000000ffe00000| Untracked 
| 973|0x00000000fff00000, 0x00000000fff6b000, 0x0000000100000000| 41%|CA|  |TAMS 0x00000000fff00000, 0x00000000fff00000| Untracked 

Card table byte_map: [0x00007f09a245a000,0x00007f09a2641000] _byte_map_base: 0x00007f09a1e41000

Marking Bits (Prev, Next): (CMBitMap*) 0x00007f099c045998, (CMBitMap*) 0x00007f099c0459d0
 Prev Bits: [0x00007f09a133b000, 0x00007f09a2273000)
 Next Bits: [0x00007f09a0403000, 0x00007f09a133b000)

Polling page: 0x00007f09a46e0000

Metaspace:

Usage:
  Non-class:      5.82 MB capacity,     3.56 MB ( 61%) used,     2.25 MB ( 39%) free+waste,     9.25 KB ( <1%) overhead. 
      Class:    748.00 KB capacity,   470.54 KB ( 63%) used,   272.34 KB ( 36%) free+waste,     5.12 KB ( <1%) overhead. 
       Both:      6.55 MB capacity,     4.01 MB ( 61%) used,     2.52 MB ( 38%) free+waste,    14.38 KB ( <1%) overhead. 

Virtual space:
  Non-class space:        8.00 MB reserved,       6.00 MB ( 75%) committed 
      Class space:        1.00 GB reserved,     768.00 KB ( <1%) committed 
             Both:        1.01 GB reserved,       6.75 MB ( <1%) committed 

Chunk freelists:
   Non-Class:  0 bytes
       Class:  0 bytes
        Both:  0 bytes

MaxMetaspaceSize: unlimited
CompressedClassSpaceSize: 1.00 GB
Initial GC threshold: 20.80 MB
Current GC threshold: 20.80 MB
CDS: on

CodeHeap 'non-profiled nmethods': size=120036Kb used=254Kb max_used=254Kb free=119781Kb
 bounds [0x00007f098c2c4000, 0x00007f098c534000, 0x00007f09937fd000]
CodeHeap 'profiled nmethods': size=120032Kb used=1414Kb max_used=1414Kb free=118617Kb
 bounds [0x00007f0984d8c000, 0x00007f0984ffc000, 0x00007f098c2c4000]
CodeHeap 'non-nmethods': size=5692Kb used=1147Kb max_used=1163Kb free=4544Kb
 bounds [0x00007f09847fd000, 0x00007f0984a6d000, 0x00007f0984d8c000]
 total_blobs=1231 nmethods=821 adapters=324
 compilation: enabled
              stopped_count=0, restarted_count=0
 full_count=0

Compilation events (20 events):
Event: 0.976 Thread 0x00007f099c12b000  789       4       jdk.internal.org.objectweb.asm.ByteVector::putUTF8 (142 bytes)
Event: 0.978 Thread 0x00007f099c12d800  807       3       java.lang.invoke.LambdaForm::useCount (90 bytes)
Event: 0.978 Thread 0x00007f099c12d800 nmethod 807 0x00007f0984ee1590 code [0x00007f0984ee1780, 0x00007f0984ee1b50]
Event: 0.978 Thread 0x00007f099c12d800  808       3       java.lang.invoke.MemberName::getName (25 bytes)
Event: 0.978 Thread 0x00007f099c12d800 nmethod 808 0x00007f0984ee1d10 code [0x00007f0984ee1ee0, 0x00007f0984ee2260]
Event: 0.978 Thread 0x00007f099c12d800  810       3       java.lang.invoke.InvokerBytecodeGenerator::emitImplicitConversion (159 bytes)
Event: 0.979 Thread 0x00007f099c12d800 nmethod 810 0x00007f0984ee2390 code [0x00007f0984ee26e0, 0x00007f0984ee3790]
Event: 0.979 Thread 0x00007f099c12d800  814       3       java.lang.invoke.LambdaForm$Name::replaceNames (174 bytes)
Event: 0.979 Thread 0x00007f099c12d800 nmethod 814 0x00007f0984ee3d10 code [0x00007f0984ee3f60, 0x00007f0984ee4bb0]
Event: 0.979 Thread 0x00007f099c12d800  812       3       java.lang.invoke.InvokerBytecodeGenerator::loadInsnOpcode (86 bytes)
Event: 0.981 Thread 0x00007f099c12d800 nmethod 812 0x00007f0984ee4f10 code [0x00007f0984ee51a0, 0x00007f0984ee5d30]
Event: 0.981 Thread 0x00007f099c12d800  813       3       jdk.internal.org.objectweb.asm.ByteVector::put11 (52 bytes)
Event: 0.981 Thread 0x00007f099c12d800 nmethod 813 0x00007f0984ee6110 code [0x00007f0984ee62e0, 0x00007f0984ee6500]
Event: 0.981 Thread 0x00007f099c12d800  809       3       java.lang.invoke.MemberName::getInvocationType (56 bytes)
Event: 0.981 Thread 0x00007f099c12d800 nmethod 809 0x00007f0984ee6690 code [0x00007f0984ee68c0, 0x00007f0984ee71a0]
Event: 0.981 Thread 0x00007f099c12d800  815       3       java.lang.invoke.LambdaForm$Name::<init> (44 bytes)
Event: 0.981 Thread 0x00007f099c12d800 nmethod 815 0x00007f0984ee7410 code [0x00007f0984ee7640, 0x00007f0984ee7c00]
Event: 0.981 Thread 0x00007f099c12d800  811       3       java.lang.invoke.MethodType::insertParameterTypes (121 bytes)
Event: 0.982 Thread 0x00007f099c12d800 nmethod 811 0x00007f0984ee7f10 code [0x00007f0984ee8200, 0x00007f0984ee9090]
Event: 0.982 Thread 0x00007f099c12d800  816       3       java.lang.invoke.LambdaForm$NamedFunction::returnType (11 bytes)

GC Heap History (4 events):
Event: 0.330 GC heap before
{Heap before GC invocations=0 (full 0):
 garbage-first heap   total 65536K, used 6860K [0x00000000c3200000, 0x0000000100000000)
  region size 1024K, 7 young (7168K), 0 survivors (0K)
 Metaspace       used 1211K, capacity 4702K, committed 4864K, reserved 1056768K
  class space    used 117K, capacity 439K, committed 512K, reserved 1048576K
}
Event: 0.341 GC heap after
{Heap after GC invocations=1 (full 0):
 garbage-first heap   total 65536K, used 6133K [0x00000000c3200000, 0x0000000100000000)
  region size 1024K, 1 young (1024K), 1 survivors (1024K)
 Metaspace       used 1211K, capacity 4702K, committed 4864K, reserved 1056768K
  class space    used 117K, capacity 439K, committed 512K, reserved 1048576K
}
Event: 0.511 GC heap before
{Heap before GC invocations=1 (full 0):
 garbage-first heap   total 65536K, used 9205K [0x00000000c3200000, 0x0000000100000000)
  region size 1024K, 4 young (4096K), 1 survivors (1024K)
 Metaspace       used 2503K, capacity 5736K, committed 6016K, reserved 1056768K
  class space    used 286K, capacity 571K, committed 640K, reserved 1048576K
}
Event: 0.516 GC heap after
{Heap after GC invocations=2 (full 0):
 garbage-first heap   total 65536K, used 6230K [0x00000000c3200000, 0x0000000100000000)
  region size 1024K, 1 young (1024K), 1 survivors (1024K)
 Metaspace       used 2503K, capacity 5736K, committed 6016K, reserved 1056768K
  class space    used 286K, capacity 571K, committed 640K, reserved 1048576K
}

Deoptimization events (20 events):
Event: 0.541 Thread 0x00007f099c017800 Uncommon trap: trap_request=0xffffffbe fr.pc=0x00007f098c2dff14 relative=0x00000000000003d4
Event: 0.541 Thread 0x00007f099c017800 Uncommon trap: reason=profile_predicate action=maybe_recompile pc=0x00007f098c2dff14 method=java.lang.StringLatin1.indexOf([BI[BII)I @ 18 c2
Event: 0.541 Thread 0x00007f099c017800 DEOPT PACKING pc=0x00007f098c2dff14 sp=0x00007f09a2e93140
Event: 0.542 Thread 0x00007f099c017800 DEOPT UNPACKING pc=0x00007f0984846ea5 sp=0x00007f09a2e930c0 mode 2
Event: 0.923 Thread 0x00007f099c017800 Uncommon trap: trap_request=0xffffffc6 fr.pc=0x00007f098c2cdba4 relative=0x0000000000000084
Event: 0.923 Thread 0x00007f099c017800 Uncommon trap: reason=bimorphic_or_optimized_type_check action=maybe_recompile pc=0x00007f098c2cdba4 method=java.util.AbstractCollection.isEmpty()Z @ 1 c2
Event: 0.923 Thread 0x00007f099c017800 DEOPT PACKING pc=0x00007f098c2cdba4 sp=0x00007f09a2e931f0
Event: 0.923 Thread 0x00007f099c017800 DEOPT UNPACKING pc=0x00007f0984846ea5 sp=0x00007f09a2e931a0 mode 2
Event: 0.923 Thread 0x00007f099c017800 Uncommon trap: trap_request=0xffffffc6 fr.pc=0x00007f098c2cdba4 relative=0x0000000000000084
Event: 0.923 Thread 0x00007f099c017800 Uncommon trap: reason=bimorphic_or_optimized_type_check action=maybe_recompile pc=0x00007f098c2cdba4 method=java.util.AbstractCollection.isEmpty()Z @ 1 c2
Event: 0.923 Thread 0x00007f099c017800 DEOPT PACKING pc=0x00007f098c2cdba4 sp=0x00007f09a2e933c0
Event: 0.923 Thread 0x00007f099c017800 DEOPT UNPACKING pc=0x00007f0984846ea5 sp=0x00007f09a2e93370 mode 2
Event: 0.926 Thread 0x00007f099c017800 Uncommon trap: trap_request=0xffffffc6 fr.pc=0x00007f098c2cdba4 relative=0x0000000000000084
Event: 0.926 Thread 0x00007f099c017800 Uncommon trap: reason=bimorphic_or_optimized_type_check action=maybe_recompile pc=0x00007f098c2cdba4 method=java.util.AbstractCollection.isEmpty()Z @ 1 c2
Event: 0.926 Thread 0x00007f099c017800 DEOPT PACKING pc=0x00007f098c2cdba4 sp=0x00007f09a2e933e0
Event: 0.926 Thread 0x00007f099c017800 DEOPT UNPACKING pc=0x00007f0984846ea5 sp=0x00007f09a2e93390 mode 2
Event: 0.927 Thread 0x00007f099c017800 Uncommon trap: trap_request=0xffffffc6 fr.pc=0x00007f098c2cdba4 relative=0x0000000000000084
Event: 0.927 Thread 0x00007f099c017800 Uncommon trap: reason=bimorphic_or_optimized_type_check action=maybe_recompile pc=0x00007f098c2cdba4 method=java.util.AbstractCollection.isEmpty()Z @ 1 c2
Event: 0.927 Thread 0x00007f099c017800 DEOPT PACKING pc=0x00007f098c2cdba4 sp=0x00007f09a2e931f0
Event: 0.927 Thread 0x00007f099c017800 DEOPT UNPACKING pc=0x00007f0984846ea5 sp=0x00007f09a2e931a0 mode 2

Classes redefined (0 events):
No events

Internal exceptions (20 events):
Event: 0.152 Thread 0x00007f099c017800 Exception <a 'java/security/PrivilegedActionException'{0x00000000c6e68fe0}> (0x00000000c6e68fe0) thrown at [src/hotspot/share/prims/jvm.cpp, line 1304]
Event: 0.152 Thread 0x00007f099c017800 Exception <a 'java/security/PrivilegedActionException'{0x00000000c6e692b0}> (0x00000000c6e692b0) thrown at [src/hotspot/share/prims/jvm.cpp, line 1304]
Event: 0.152 Thread 0x00007f099c017800 Exception <a 'java/security/PrivilegedActionException'{0x00000000c6e69d80}> (0x00000000c6e69d80) thrown at [src/hotspot/share/prims/jvm.cpp, line 1304]
Event: 0.152 Thread 0x00007f099c017800 Exception <a 'java/security/PrivilegedActionException'{0x00000000c6e6a050}> (0x00000000c6e6a050) thrown at [src/hotspot/share/prims/jvm.cpp, line 1304]
Event: 0.152 Thread 0x00007f099c017800 Exception <a 'java/security/PrivilegedActionException'{0x00000000c6e6ab38}> (0x00000000c6e6ab38) thrown at [src/hotspot/share/prims/jvm.cpp, line 1304]
Event: 0.152 Thread 0x00007f099c017800 Exception <a 'java/security/PrivilegedActionException'{0x00000000c6e6ae08}> (0x00000000c6e6ae08) thrown at [src/hotspot/share/prims/jvm.cpp, line 1304]
Event: 0.152 Thread 0x00007f099c017800 Exception <a 'java/security/PrivilegedActionException'{0x00000000c6e6b8f0}> (0x00000000c6e6b8f0) thrown at [src/hotspot/share/prims/jvm.cpp, line 1304]
Event: 0.152 Thread 0x00007f099c017800 Exception <a 'java/security/PrivilegedActionException'{0x00000000c6e6bbc0}> (0x00000000c6e6bbc0) thrown at [src/hotspot/share/prims/jvm.cpp, line 1304]
Event: 0.153 Thread 0x00007f099c017800 Exception <a 'java/security/PrivilegedActionException'{0x00000000c6e6c9e8}> (0x00000000c6e6c9e8) thrown at [src/hotspot/share/prims/jvm.cpp, line 1304]
Event: 0.153 Thread 0x00007f099c017800 Exception <a 'java/security/PrivilegedActionException'{0x00000000c6e6ccb8}> (0x00000000c6e6ccb8) thrown at [src/hotspot/share/prims/jvm.cpp, line 1304]
Event: 0.153 Thread 0x00007f099c017800 Exception <a 'java/security/PrivilegedActionException'{0x00000000c6e6d788}> (0x00000000c6e6d788) thrown at [src/hotspot/share/prims/jvm.cpp, line 1304]
Event: 0.153 Thread 0x00007f099c017800 Exception <a 'java/security/PrivilegedActionException'{0x00000000c6e6da58}> (0x00000000c6e6da58) thrown at [src/hotspot/share/prims/jvm.cpp, line 1304]
Event: 0.153 Thread 0x00007f099c017800 Exception <a 'java/security/PrivilegedActionException'{0x00000000c6e6e568}> (0x00000000c6e6e568) thrown at [src/hotspot/share/prims/jvm.cpp, line 1304]
Event: 0.153 Thread 0x00007f099c017800 Exception <a 'java/security/PrivilegedActionException'{0x00000000c6e6e838}> (0x00000000c6e6e838) thrown at [src/hotspot/share/prims/jvm.cpp, line 1304]
Event: 0.189 Thread 0x00007f099c017800 Exception <a 'java/security/PrivilegedActionException'{0x00000000c6ef6e18}> (0x00000000c6ef6e18) thrown at [src/hotspot/share/prims/jvm.cpp, line 1304]
Event: 0.189 Thread 0x00007f099c017800 Exception <a 'java/security/PrivilegedActionException'{0x00000000c6ef70e8}> (0x00000000c6ef70e8) thrown at [src/hotspot/share/prims/jvm.cpp, line 1304]
Event: 0.508 Thread 0x00007f099c017800 Exception <a 'java/lang/NoSuchMethodError'{0x00000000c6df4e68}: 'int java.lang.invoke.DirectMethodHandle$Holder.invokeStaticInit(java.lang.Object, java.lang.Object, java.lang.Object, java.lang.Object)'> (0x00000000c6df4e68) thrown at [src/hotspot/share/interpreter/linkResolver.cpp, line 772]
Event: 0.509 Thread 0x00007f099c017800 Exception <a 'java/lang/IncompatibleClassChangeError'{0x00000000c6dfee40}: Found class java.lang.Object, but interface was expected> (0x00000000c6dfee40) thrown at [src/hotspot/share/interpreter/linkResolver.cpp, line 839]
Event: 0.525 Thread 0x00007f099c017800 Exception <a 'java/lang/NoSuchMethodError'{0x00000000c6f024a0}: 'void java.lang.invoke.DirectMethodHandle$Holder.invokeStaticInit(java.lang.Object, java.lang.Object)'> (0x00000000c6f024a0) thrown at [src/hotspot/share/interpreter/linkResolver.cpp, line 772]
Event: 0.526 Thread 0x00007f099c017800 Exception <a 'java/lang/NoSuchMethodError'{0x00000000c6f07910}: 'int java.lang.invoke.DirectMethodHandle$Holder.invokeStaticInit(java.lang.Object, java.lang.Object)'> (0x00000000c6f07910) thrown at [src/hotspot/share/interpreter/linkResolver.cpp, line 772]

Events (20 events):
Event: 0.916 Executing VM operation: Deoptimize
Event: 0.916 Executing VM operation: Deoptimize done
Event: 0.923 loading class java/lang/invoke/BoundMethodHandle$Species_LL
Event: 0.923 loading class java/lang/invoke/BoundMethodHandle$Species_LL done
Event: 0.927 loading class java/lang/invoke/BoundMethodHandle$Species_LLL
Event: 0.927 loading class java/lang/invoke/BoundMethodHandle$Species_LLL done
Event: 0.927 loading class java/lang/invoke/BoundMethodHandle$Species_LLLL
Event: 0.927 loading class java/lang/invoke/BoundMethodHandle$Species_LLLL done
Event: 0.929 loading class java/lang/invoke/BoundMethodHandle$Species_LLLLL
Event: 0.929 loading class java/lang/invoke/BoundMethodHandle$Species_LLLLL done
Event: 0.929 loading class java/lang/invoke/BoundMethodHandle$Species_LLLLLL
Event: 0.929 loading class java/lang/invoke/BoundMethodHandle$Species_LLLLLL done
Event: 0.946 loading class java/lang/invoke/BoundMethodHandle$Species_LLLLLLI
Event: 0.946 loading class java/lang/invoke/BoundMethodHandle$Species_LLLLLLI done
Event: 0.947 loading class java/lang/invoke/BoundMethodHandle$Species_LLLLLLII
Event: 0.947 loading class java/lang/invoke/BoundMethodHandle$Species_LLLLLLII done
Event: 0.950 loading class java/lang/invoke/BoundMethodHandle$Species_LLLLLLIIL
Event: 0.951 loading class java/lang/invoke/BoundMethodHandle$Species_LLLLLLIIL done
Event: 0.966 loading class scope/LocalScope
Event: 0.966 loading class scope/LocalScope done


Dynamic libraries:
c3200000-c7000000 rw-p 00000000 00:00 0 
c7000000-ffe00000 ---p 00000000 00:00 0 
ffe00000-ffe48000 rw-p 00b0a000 08:05 142310                             /usr/lib/jvm/java-11-openjdk-amd64/lib/server/classes.jsa
ffe48000-fff00000 rw-p 00000000 00:00 0 
fff00000-fff6b000 rw-p 00a9f000 08:05 142310                             /usr/lib/jvm/java-11-openjdk-amd64/lib/server/classes.jsa
fff6b000-100000000 rw-p 00000000 00:00 0 
800000000-800002000 rwxp 00001000 08:05 142310                           /usr/lib/jvm/java-11-openjdk-amd64/lib/server/classes.jsa
800002000-8003cc000 rw-p 00003000 08:05 142310                           /usr/lib/jvm/java-11-openjdk-amd64/lib/server/classes.jsa
8003cc000-800a9d000 r--p 003cd000 08:05 142310                           /usr/lib/jvm/java-11-openjdk-amd64/lib/server/classes.jsa
800a9d000-800a9e000 rw-p 00a9e000 08:05 142310                           /usr/lib/jvm/java-11-openjdk-amd64/lib/server/classes.jsa
840000000-8400c0000 rw-p 00000000 00:00 0 
8400c0000-880000000 ---p 00000000 00:00 0 
5643f9295000-5643f9296000 r--p 00000000 08:05 142834                     /usr/lib/jvm/java-11-openjdk-amd64/bin/java
5643f9296000-5643f9297000 r-xp 00001000 08:05 142834                     /usr/lib/jvm/java-11-openjdk-amd64/bin/java
5643f9297000-5643f9298000 r--p 00002000 08:05 142834                     /usr/lib/jvm/java-11-openjdk-amd64/bin/java
5643f9298000-5643f9299000 r--p 00002000 08:05 142834                     /usr/lib/jvm/java-11-openjdk-amd64/bin/java
5643f9299000-5643f929a000 rw-p 00003000 08:05 142834                     /usr/lib/jvm/java-11-openjdk-amd64/bin/java
5643fad4b000-5643fad8d000 rw-p 00000000 00:00 0                          [heap]
7f094152c000-7f0941e52000 r--p 00000000 08:05 525029                     /home/whale/.javacpp/cache/llvm-13.0.1-1.5.7-linux-x86_64.jar/org/bytedeco/llvm/linux-x86_64/libLLVM-13.so
7f0941e52000-7f0945815000 r-xp 00926000 08:05 525029                     /home/whale/.javacpp/cache/llvm-13.0.1-1.5.7-linux-x86_64.jar/org/bytedeco/llvm/linux-x86_64/libLLVM-13.so
7f0945815000-7f0947a6a000 r--p 042e9000 08:05 525029                     /home/whale/.javacpp/cache/llvm-13.0.1-1.5.7-linux-x86_64.jar/org/bytedeco/llvm/linux-x86_64/libLLVM-13.so
7f0947a6a000-7f0947f7f000 r--p 0653d000 08:05 525029                     /home/whale/.javacpp/cache/llvm-13.0.1-1.5.7-linux-x86_64.jar/org/bytedeco/llvm/linux-x86_64/libLLVM-13.so
7f0947f7f000-7f0947f8a000 rw-p 06a52000 08:05 525029                     /home/whale/.javacpp/cache/llvm-13.0.1-1.5.7-linux-x86_64.jar/org/bytedeco/llvm/linux-x86_64/libLLVM-13.so
7f0947f8a000-7f0948000000 rw-p 00000000 00:00 0 
7f0948000000-7f0948021000 rw-p 00000000 00:00 0 
7f0948021000-7f094c000000 ---p 00000000 00:00 0 
7f094c000000-7f094c021000 rw-p 00000000 00:00 0 
7f094c021000-7f0950000000 ---p 00000000 00:00 0 
7f0950000000-7f09502dc000 rw-p 00000000 00:00 0 
7f09502dc000-7f0954000000 ---p 00000000 00:00 0 
7f0954000000-7f09544a6000 rw-p 00000000 00:00 0 
7f09544a6000-7f0958000000 ---p 00000000 00:00 0 
7f0958000000-7f0958021000 rw-p 00000000 00:00 0 
7f0958021000-7f095c000000 ---p 00000000 00:00 0 
7f095c000000-7f095c021000 rw-p 00000000 00:00 0 
7f095c021000-7f0960000000 ---p 00000000 00:00 0 
7f0960000000-7f0960021000 rw-p 00000000 00:00 0 
7f0960021000-7f0964000000 ---p 00000000 00:00 0 
7f0964000000-7f0964021000 rw-p 00000000 00:00 0 
7f0964021000-7f0968000000 ---p 00000000 00:00 0 
7f0968000000-7f0968021000 rw-p 00000000 00:00 0 
7f0968021000-7f096c000000 ---p 00000000 00:00 0 
7f096c000000-7f096c021000 rw-p 00000000 00:00 0 
7f096c021000-7f0970000000 ---p 00000000 00:00 0 
7f0970000000-7f0970021000 rw-p 00000000 00:00 0 
7f0970021000-7f0974000000 ---p 00000000 00:00 0 
7f097457e000-7f09745e3000 r--p 00000000 08:05 525034                     /home/whale/.javacpp/cache/llvm-13.0.1-1.5.7-linux-x86_64.jar/org/bytedeco/llvm/linux-x86_64/libjniLLVM.so
7f09745e3000-7f0974651000 r-xp 00065000 08:05 525034                     /home/whale/.javacpp/cache/llvm-13.0.1-1.5.7-linux-x86_64.jar/org/bytedeco/llvm/linux-x86_64/libjniLLVM.so
7f0974651000-7f097467c000 r--p 000d3000 08:05 525034                     /home/whale/.javacpp/cache/llvm-13.0.1-1.5.7-linux-x86_64.jar/org/bytedeco/llvm/linux-x86_64/libjniLLVM.so
7f097467c000-7f097467f000 r--p 000fd000 08:05 525034                     /home/whale/.javacpp/cache/llvm-13.0.1-1.5.7-linux-x86_64.jar/org/bytedeco/llvm/linux-x86_64/libjniLLVM.so
7f097467f000-7f0974682000 rw-p 00100000 08:05 525034                     /home/whale/.javacpp/cache/llvm-13.0.1-1.5.7-linux-x86_64.jar/org/bytedeco/llvm/linux-x86_64/libjniLLVM.so
7f0974682000-7f0974684000 rw-p 00000000 00:00 0 
7f0974684000-7f0974688000 ---p 00000000 00:00 0 
7f0974688000-7f0974785000 rw-p 00000000 00:00 0 
7f0974785000-7f0974786000 ---p 00000000 00:00 0 
7f0974786000-7f0974887000 rw-p 00000000 00:00 0 
7f0974887000-7f0974888000 ---p 00000000 00:00 0 
7f0974888000-7f0974989000 rw-p 00000000 00:00 0 
7f0974989000-7f097498d000 ---p 00000000 00:00 0 
7f097498d000-7f0974a8a000 rw-p 00000000 00:00 0 
7f0974a8a000-7f0974a8e000 ---p 00000000 00:00 0 
7f0974a8e000-7f0974b8b000 rw-p 00000000 00:00 0 
7f0974b8b000-7f0974b8f000 ---p 00000000 00:00 0 
7f0974b8f000-7f0974c8c000 rw-p 00000000 00:00 0 
7f0974c8c000-7f0974c90000 ---p 00000000 00:00 0 
7f0974c90000-7f0974d8d000 rw-p 00000000 00:00 0 
7f0974d8d000-7f0974d91000 ---p 00000000 00:00 0 
7f0974d91000-7f0974e8e000 rw-p 00000000 00:00 0 
7f0974e8e000-7f0974e92000 ---p 00000000 00:00 0 
7f0974e92000-7f0974f8f000 rw-p 00000000 00:00 0 
7f0974f8f000-7f0975800000 r--p 00000000 08:05 131580                     /usr/lib/locale/locale-archive
7f0975800000-7f0975e00000 rw-p 00000000 00:00 0 
7f0975e00000-7f0976000000 ---p 00000000 00:00 0 
7f0976000000-7f0978000000 rw-p 00000000 00:00 0 
7f0978000000-7f0978021000 rw-p 00000000 00:00 0 
7f0978021000-7f097c000000 ---p 00000000 00:00 0 
7f097c000000-7f097c021000 rw-p 00000000 00:00 0 
7f097c021000-7f0980000000 ---p 00000000 00:00 0 
7f0980000000-7f0980021000 rw-p 00000000 00:00 0 
7f0980021000-7f0984000000 ---p 00000000 00:00 0 
7f0984097000-7f098409e000 r--s 00000000 08:05 668551                     /usr/lib/x86_64-linux-gnu/gconv/gconv-modules.cache
7f098409e000-7f098409f000 r--p 00000000 08:05 525032                     /home/whale/.javacpp/cache/llvm-13.0.1-1.5.7-linux-x86_64.jar/org/bytedeco/llvm/linux-x86_64/libRemarks.so.13
7f098409f000-7f09840a0000 r-xp 00001000 08:05 525032                     /home/whale/.javacpp/cache/llvm-13.0.1-1.5.7-linux-x86_64.jar/org/bytedeco/llvm/linux-x86_64/libRemarks.so.13
7f09840a0000-7f09840a1000 r--p 00002000 08:05 525032                     /home/whale/.javacpp/cache/llvm-13.0.1-1.5.7-linux-x86_64.jar/org/bytedeco/llvm/linux-x86_64/libRemarks.so.13
7f09840a1000-7f09840a2000 r--p 00002000 08:05 525032                     /home/whale/.javacpp/cache/llvm-13.0.1-1.5.7-linux-x86_64.jar/org/bytedeco/llvm/linux-x86_64/libRemarks.so.13
7f09840a2000-7f09840a3000 rw-p 00003000 08:05 525032                     /home/whale/.javacpp/cache/llvm-13.0.1-1.5.7-linux-x86_64.jar/org/bytedeco/llvm/linux-x86_64/libRemarks.so.13
7f09840a3000-7f09840aa000 r--p 00000000 08:05 525030                     /home/whale/.javacpp/cache/llvm-13.0.1-1.5.7-linux-x86_64.jar/org/bytedeco/llvm/linux-x86_64/libLTO.so.13
7f09840aa000-7f09840b2000 r-xp 00007000 08:05 525030                     /home/whale/.javacpp/cache/llvm-13.0.1-1.5.7-linux-x86_64.jar/org/bytedeco/llvm/linux-x86_64/libLTO.so.13
7f09840b2000-7f09840b4000 r--p 0000f000 08:05 525030                     /home/whale/.javacpp/cache/llvm-13.0.1-1.5.7-linux-x86_64.jar/org/bytedeco/llvm/linux-x86_64/libLTO.so.13
7f09840b4000-7f09840b5000 r--p 00010000 08:05 525030                     /home/whale/.javacpp/cache/llvm-13.0.1-1.5.7-linux-x86_64.jar/org/bytedeco/llvm/linux-x86_64/libLTO.so.13
7f09840b5000-7f09840b6000 rw-p 00011000 08:05 525030                     /home/whale/.javacpp/cache/llvm-13.0.1-1.5.7-linux-x86_64.jar/org/bytedeco/llvm/linux-x86_64/libLTO.so.13
7f09840b6000-7f09840ba000 r--p 00000000 08:05 525023                     /home/whale/.javacpp/cache/javacpp-1.5.7-linux-x86_64.jar/org/bytedeco/javacpp/linux-x86_64/libjnijavacpp.so
7f09840ba000-7f09840c1000 r-xp 00004000 08:05 525023                     /home/whale/.javacpp/cache/javacpp-1.5.7-linux-x86_64.jar/org/bytedeco/javacpp/linux-x86_64/libjnijavacpp.so
7f09840c1000-7f09840c5000 r--p 0000b000 08:05 525023                     /home/whale/.javacpp/cache/javacpp-1.5.7-linux-x86_64.jar/org/bytedeco/javacpp/linux-x86_64/libjnijavacpp.so
7f09840c5000-7f09840c6000 r--p 0000e000 08:05 525023                     /home/whale/.javacpp/cache/javacpp-1.5.7-linux-x86_64.jar/org/bytedeco/javacpp/linux-x86_64/libjnijavacpp.so
7f09840c6000-7f09840c7000 rw-p 0000f000 08:05 525023                     /home/whale/.javacpp/cache/javacpp-1.5.7-linux-x86_64.jar/org/bytedeco/javacpp/linux-x86_64/libjnijavacpp.so
7f09840c7000-7f09840cb000 r--p 00000000 08:05 142914                     /usr/lib/jvm/java-11-openjdk-amd64/lib/libnet.so
7f09840cb000-7f09840d9000 r-xp 00004000 08:05 142914                     /usr/lib/jvm/java-11-openjdk-amd64/lib/libnet.so
7f09840d9000-7f09840dd000 r--p 00012000 08:05 142914                     /usr/lib/jvm/java-11-openjdk-amd64/lib/libnet.so
7f09840dd000-7f09840de000 r--p 00015000 08:05 142914                     /usr/lib/jvm/java-11-openjdk-amd64/lib/libnet.so
7f09840de000-7f09840df000 rw-p 00016000 08:05 142914                     /usr/lib/jvm/java-11-openjdk-amd64/lib/libnet.so
7f09840df000-7f09840e6000 r--p 00000000 08:05 142915                     /usr/lib/jvm/java-11-openjdk-amd64/lib/libnio.so
7f09840e6000-7f09840ee000 r-xp 00007000 08:05 142915                     /usr/lib/jvm/java-11-openjdk-amd64/lib/libnio.so
7f09840ee000-7f09840f1000 r--p 0000f000 08:05 142915                     /usr/lib/jvm/java-11-openjdk-amd64/lib/libnio.so
7f09840f1000-7f09840f2000 r--p 00011000 08:05 142915                     /usr/lib/jvm/java-11-openjdk-amd64/lib/libnio.so
7f09840f2000-7f09840f3000 rw-p 00012000 08:05 142915                     /usr/lib/jvm/java-11-openjdk-amd64/lib/libnio.so
7f09840f3000-7f09840f7000 ---p 00000000 00:00 0 
7f09840f7000-7f09841f4000 rw-p 00000000 00:00 0 
7f09841f4000-7f09841f8000 ---p 00000000 00:00 0 
7f09841f8000-7f09842f5000 rw-p 00000000 00:00 0 
7f09842f5000-7f09842f9000 ---p 00000000 00:00 0 
7f09842f9000-7f09843f6000 rw-p 00000000 00:00 0 
7f09843f6000-7f09843f7000 ---p 00000000 00:00 0 
7f09843f7000-7f09844f8000 rw-p 00000000 00:00 0 
7f09844f8000-7f09844f9000 ---p 00000000 00:00 0 
7f09844f9000-7f09845fa000 rw-p 00000000 00:00 0 
7f09845fa000-7f09845fb000 ---p 00000000 00:00 0 
7f09845fb000-7f09847fd000 rw-p 00000000 00:00 0 
7f09847fd000-7f0984a6d000 rwxp 00000000 00:00 0 
7f0984a6d000-7f0984d8c000 ---p 00000000 00:00 0 
7f0984d8c000-7f0984ffc000 rwxp 00000000 00:00 0 
7f0984ffc000-7f098c2c4000 ---p 00000000 00:00 0 
7f098c2c4000-7f098c534000 rwxp 00000000 00:00 0 
7f098c534000-7f09937fd000 ---p 00000000 00:00 0 
7f09937fd000-7f099c000000 r--s 00000000 08:05 142924                     /usr/lib/jvm/java-11-openjdk-amd64/lib/modules
7f099c000000-7f099c4af000 rw-p 00000000 00:00 0 
7f099c4af000-7f09a0000000 ---p 00000000 00:00 0 
7f09a0001000-7f09a01de000 rw-p 00000000 00:00 0 
7f09a01de000-7f09a01df000 ---p 00000000 00:00 0 
7f09a01df000-7f09a02e0000 rw-p 00000000 00:00 0 
7f09a02e0000-7f09a02e1000 ---p 00000000 00:00 0 
7f09a02e1000-7f09a04fb000 rw-p 00000000 00:00 0 
7f09a04fb000-7f09a1333000 ---p 00000000 00:00 0 
7f09a1333000-7f09a1433000 rw-p 00000000 00:00 0 
7f09a1433000-7f09a226b000 ---p 00000000 00:00 0 
7f09a226b000-7f09a2292000 rw-p 00000000 00:00 0 
7f09a2292000-7f09a2459000 ---p 00000000 00:00 0 
7f09a2459000-7f09a2479000 rw-p 00000000 00:00 0 
7f09a2479000-7f09a2640000 ---p 00000000 00:00 0 
7f09a2640000-7f09a2660000 rw-p 00000000 00:00 0 
7f09a2660000-7f09a2827000 ---p 00000000 00:00 0 
7f09a2827000-7f09a2a2a000 rw-p 00000000 00:00 0 
7f09a2a2a000-7f09a2a2b000 ---p 00000000 00:00 0 
7f09a2a2b000-7f09a2b31000 rw-p 00000000 00:00 0 
7f09a2b31000-7f09a2c17000 ---p 00000000 00:00 0 
7f09a2c17000-7f09a2c1c000 rw-p 00000000 00:00 0 
7f09a2c1c000-7f09a2d02000 ---p 00000000 00:00 0 
7f09a2d02000-7f09a2d07000 rw-p 00000000 00:00 0 
7f09a2d07000-7f09a2d0e000 ---p 00000000 00:00 0 
7f09a2d0e000-7f09a2d10000 r--p 00000000 08:05 142923                     /usr/lib/jvm/java-11-openjdk-amd64/lib/libzip.so
7f09a2d10000-7f09a2d15000 r-xp 00002000 08:05 142923                     /usr/lib/jvm/java-11-openjdk-amd64/lib/libzip.so
7f09a2d15000-7f09a2d17000 r--p 00007000 08:05 142923                     /usr/lib/jvm/java-11-openjdk-amd64/lib/libzip.so
7f09a2d17000-7f09a2d18000 r--p 00008000 08:05 142923                     /usr/lib/jvm/java-11-openjdk-amd64/lib/libzip.so
7f09a2d18000-7f09a2d19000 rw-p 00009000 08:05 142923                     /usr/lib/jvm/java-11-openjdk-amd64/lib/libzip.so
7f09a2d19000-7f09a2d1c000 r--p 00000000 08:05 133285                     /usr/lib/x86_64-linux-gnu/libnss_files-2.31.so
7f09a2d1c000-7f09a2d23000 r-xp 00003000 08:05 133285                     /usr/lib/x86_64-linux-gnu/libnss_files-2.31.so
7f09a2d23000-7f09a2d25000 r--p 0000a000 08:05 133285                     /usr/lib/x86_64-linux-gnu/libnss_files-2.31.so
7f09a2d25000-7f09a2d26000 r--p 0000b000 08:05 133285                     /usr/lib/x86_64-linux-gnu/libnss_files-2.31.so
7f09a2d26000-7f09a2d27000 rw-p 0000c000 08:05 133285                     /usr/lib/x86_64-linux-gnu/libnss_files-2.31.so
7f09a2d27000-7f09a2d2d000 rw-p 00000000 00:00 0 
7f09a2d31000-7f09a2d32000 r--p 00000000 08:05 142896                     /usr/lib/jvm/java-11-openjdk-amd64/lib/libextnet.so
7f09a2d32000-7f09a2d33000 r-xp 00001000 08:05 142896                     /usr/lib/jvm/java-11-openjdk-amd64/lib/libextnet.so
7f09a2d33000-7f09a2d34000 r--p 00002000 08:05 142896                     /usr/lib/jvm/java-11-openjdk-amd64/lib/libextnet.so
7f09a2d34000-7f09a2d35000 r--p 00002000 08:05 142896                     /usr/lib/jvm/java-11-openjdk-amd64/lib/libextnet.so
7f09a2d35000-7f09a2d36000 rw-p 00003000 08:05 142896                     /usr/lib/jvm/java-11-openjdk-amd64/lib/libextnet.so
7f09a2d36000-7f09a2d3e000 rw-s 00000000 08:05 266875                     /tmp/hsperfdata_whale/3609
7f09a2d3e000-7f09a2d40000 r--p 00000000 08:05 142898                     /usr/lib/jvm/java-11-openjdk-amd64/lib/libinstrument.so
7f09a2d40000-7f09a2d46000 r-xp 00002000 08:05 142898                     /usr/lib/jvm/java-11-openjdk-amd64/lib/libinstrument.so
7f09a2d46000-7f09a2d49000 r--p 00008000 08:05 142898                     /usr/lib/jvm/java-11-openjdk-amd64/lib/libinstrument.so
7f09a2d49000-7f09a2d4a000 r--p 0000a000 08:05 142898                     /usr/lib/jvm/java-11-openjdk-amd64/lib/libinstrument.so
7f09a2d4a000-7f09a2d4b000 rw-p 0000b000 08:05 142898                     /usr/lib/jvm/java-11-openjdk-amd64/lib/libinstrument.so
7f09a2d4b000-7f09a2d59000 r--p 00000000 08:05 142903                     /usr/lib/jvm/java-11-openjdk-amd64/lib/libjava.so
7f09a2d59000-7f09a2d6f000 r-xp 0000e000 08:05 142903                     /usr/lib/jvm/java-11-openjdk-amd64/lib/libjava.so
7f09a2d6f000-7f09a2d76000 r--p 00024000 08:05 142903                     /usr/lib/jvm/java-11-openjdk-amd64/lib/libjava.so
7f09a2d76000-7f09a2d77000 r--p 0002a000 08:05 142903                     /usr/lib/jvm/java-11-openjdk-amd64/lib/libjava.so
7f09a2d77000-7f09a2d78000 rw-p 0002b000 08:05 142903                     /usr/lib/jvm/java-11-openjdk-amd64/lib/libjava.so
7f09a2d78000-7f09a2d79000 rw-p 00000000 00:00 0 
7f09a2d79000-7f09a2d7e000 r--p 00000000 08:05 142922                     /usr/lib/jvm/java-11-openjdk-amd64/lib/libverify.so
7f09a2d7e000-7f09a2d85000 r-xp 00005000 08:05 142922                     /usr/lib/jvm/java-11-openjdk-amd64/lib/libverify.so
7f09a2d85000-7f09a2d87000 r--p 0000c000 08:05 142922                     /usr/lib/jvm/java-11-openjdk-amd64/lib/libverify.so
7f09a2d87000-7f09a2d88000 ---p 0000e000 08:05 142922                     /usr/lib/jvm/java-11-openjdk-amd64/lib/libverify.so
7f09a2d88000-7f09a2d8a000 r--p 0000e000 08:05 142922                     /usr/lib/jvm/java-11-openjdk-amd64/lib/libverify.so
7f09a2d8a000-7f09a2d8b000 rw-p 00010000 08:05 142922                     /usr/lib/jvm/java-11-openjdk-amd64/lib/libverify.so
7f09a2d8b000-7f09a2d8d000 r--p 00000000 08:05 133292                     /usr/lib/x86_64-linux-gnu/librt-2.31.so
7f09a2d8d000-7f09a2d91000 r-xp 00002000 08:05 133292                     /usr/lib/x86_64-linux-gnu/librt-2.31.so
7f09a2d91000-7f09a2d93000 r--p 00006000 08:05 133292                     /usr/lib/x86_64-linux-gnu/librt-2.31.so
7f09a2d93000-7f09a2d94000 r--p 00007000 08:05 133292                     /usr/lib/x86_64-linux-gnu/librt-2.31.so
7f09a2d94000-7f09a2d95000 rw-p 00008000 08:05 133292                     /usr/lib/x86_64-linux-gnu/librt-2.31.so
7f09a2d95000-7f09a2d99000 ---p 00000000 00:00 0 
7f09a2d99000-7f09a2e96000 rw-p 00000000 00:00 0 
7f09a2e96000-7f09a2e99000 r--p 00000000 08:05 138285                     /usr/lib/x86_64-linux-gnu/libgcc_s.so.1
7f09a2e99000-7f09a2eab000 r-xp 00003000 08:05 138285                     /usr/lib/x86_64-linux-gnu/libgcc_s.so.1
7f09a2eab000-7f09a2eaf000 r--p 00015000 08:05 138285                     /usr/lib/x86_64-linux-gnu/libgcc_s.so.1
7f09a2eaf000-7f09a2eb0000 r--p 00018000 08:05 138285                     /usr/lib/x86_64-linux-gnu/libgcc_s.so.1
7f09a2eb0000-7f09a2eb1000 rw-p 00019000 08:05 138285                     /usr/lib/x86_64-linux-gnu/libgcc_s.so.1
7f09a2eb1000-7f09a2ebe000 r--p 00000000 08:05 131587                     /usr/lib/x86_64-linux-gnu/libm-2.31.so
7f09a2ebe000-7f09a2f65000 r-xp 0000d000 08:05 131587                     /usr/lib/x86_64-linux-gnu/libm-2.31.so
7f09a2f65000-7f09a2ffe000 r--p 000b4000 08:05 131587                     /usr/lib/x86_64-linux-gnu/libm-2.31.so
7f09a2ffe000-7f09a2fff000 r--p 0014c000 08:05 131587                     /usr/lib/x86_64-linux-gnu/libm-2.31.so
7f09a2fff000-7f09a3000000 rw-p 0014d000 08:05 131587                     /usr/lib/x86_64-linux-gnu/libm-2.31.so
7f09a3000000-7f09a3096000 r--p 00000000 08:05 139076                     /usr/lib/x86_64-linux-gnu/libstdc++.so.6.0.28
7f09a3096000-7f09a3187000 r-xp 00096000 08:05 139076                     /usr/lib/x86_64-linux-gnu/libstdc++.so.6.0.28
7f09a3187000-7f09a31d0000 r--p 00187000 08:05 139076                     /usr/lib/x86_64-linux-gnu/libstdc++.so.6.0.28
7f09a31d0000-7f09a31d1000 ---p 001d0000 08:05 139076                     /usr/lib/x86_64-linux-gnu/libstdc++.so.6.0.28
7f09a31d1000-7f09a31dc000 r--p 001d0000 08:05 139076                     /usr/lib/x86_64-linux-gnu/libstdc++.so.6.0.28
7f09a31dc000-7f09a31df000 rw-p 001db000 08:05 139076                     /usr/lib/x86_64-linux-gnu/libstdc++.so.6.0.28
7f09a31df000-7f09a31e2000 rw-p 00000000 00:00 0 
7f09a31e2000-7f09a3464000 r--p 00000000 08:05 142927                     /usr/lib/jvm/java-11-openjdk-amd64/lib/server/libjvm.so
7f09a3464000-7f09a40ed000 r-xp 00282000 08:05 142927                     /usr/lib/jvm/java-11-openjdk-amd64/lib/server/libjvm.so
7f09a40ed000-7f09a434a000 r--p 00f0b000 08:05 142927                     /usr/lib/jvm/java-11-openjdk-amd64/lib/server/libjvm.so
7f09a434a000-7f09a434b000 ---p 01168000 08:05 142927                     /usr/lib/jvm/java-11-openjdk-amd64/lib/server/libjvm.so
7f09a434b000-7f09a440f000 r--p 01168000 08:05 142927                     /usr/lib/jvm/java-11-openjdk-amd64/lib/server/libjvm.so
7f09a440f000-7f09a444a000 rw-p 0122c000 08:05 142927                     /usr/lib/jvm/java-11-openjdk-amd64/lib/server/libjvm.so
7f09a444a000-7f09a44a3000 rw-p 00000000 00:00 0 
7f09a44a3000-7f09a44a9000 r--p 00000000 08:05 133290                     /usr/lib/x86_64-linux-gnu/libpthread-2.31.so
7f09a44a9000-7f09a44ba000 r-xp 00006000 08:05 133290                     /usr/lib/x86_64-linux-gnu/libpthread-2.31.so
7f09a44ba000-7f09a44c0000 r--p 00017000 08:05 133290                     /usr/lib/x86_64-linux-gnu/libpthread-2.31.so
7f09a44c0000-7f09a44c1000 r--p 0001c000 08:05 133290                     /usr/lib/x86_64-linux-gnu/libpthread-2.31.so
7f09a44c1000-7f09a44c2000 rw-p 0001d000 08:05 133290                     /usr/lib/x86_64-linux-gnu/libpthread-2.31.so
7f09a44c2000-7f09a44c6000 rw-p 00000000 00:00 0 
7f09a44c6000-7f09a44c7000 r--p 00000000 08:05 131586                     /usr/lib/x86_64-linux-gnu/libdl-2.31.so
7f09a44c7000-7f09a44c9000 r-xp 00001000 08:05 131586                     /usr/lib/x86_64-linux-gnu/libdl-2.31.so
7f09a44c9000-7f09a44ca000 r--p 00003000 08:05 131586                     /usr/lib/x86_64-linux-gnu/libdl-2.31.so
7f09a44ca000-7f09a44cb000 r--p 00003000 08:05 131586                     /usr/lib/x86_64-linux-gnu/libdl-2.31.so
7f09a44cb000-7f09a44cc000 rw-p 00004000 08:05 131586                     /usr/lib/x86_64-linux-gnu/libdl-2.31.so
7f09a44cc000-7f09a44ce000 r--p 00000000 08:05 131303                     /usr/lib/x86_64-linux-gnu/libz.so.1.2.11
7f09a44ce000-7f09a44df000 r-xp 00002000 08:05 131303                     /usr/lib/x86_64-linux-gnu/libz.so.1.2.11
7f09a44df000-7f09a44e5000 r--p 00013000 08:05 131303                     /usr/lib/x86_64-linux-gnu/libz.so.1.2.11
7f09a44e5000-7f09a44e6000 ---p 00019000 08:05 131303                     /usr/lib/x86_64-linux-gnu/libz.so.1.2.11
7f09a44e6000-7f09a44e7000 r--p 00019000 08:05 131303                     /usr/lib/x86_64-linux-gnu/libz.so.1.2.11
7f09a44e7000-7f09a44e8000 rw-p 0001a000 08:05 131303                     /usr/lib/x86_64-linux-gnu/libz.so.1.2.11
7f09a44e8000-7f09a450a000 r--p 00000000 08:05 131585                     /usr/lib/x86_64-linux-gnu/libc-2.31.so
7f09a450a000-7f09a4682000 r-xp 00022000 08:05 131585                     /usr/lib/x86_64-linux-gnu/libc-2.31.so
7f09a4682000-7f09a46d0000 r--p 0019a000 08:05 131585                     /usr/lib/x86_64-linux-gnu/libc-2.31.so
7f09a46d0000-7f09a46d4000 r--p 001e7000 08:05 131585                     /usr/lib/x86_64-linux-gnu/libc-2.31.so
7f09a46d4000-7f09a46d6000 rw-p 001eb000 08:05 131585                     /usr/lib/x86_64-linux-gnu/libc-2.31.so
7f09a46d6000-7f09a46da000 rw-p 00000000 00:00 0 
7f09a46de000-7f09a46e0000 r--s 0000c000 08:05 534628                     /usr/share/java/java-atk-wrapper.jar
7f09a46e0000-7f09a46e1000 ---p 00000000 00:00 0 
7f09a46e1000-7f09a46e2000 r--p 00000000 00:00 0 
7f09a46e2000-7f09a46e4000 r--p 00000000 08:05 142906                     /usr/lib/jvm/java-11-openjdk-amd64/lib/libjimage.so
7f09a46e4000-7f09a46e7000 r-xp 00002000 08:05 142906                     /usr/lib/jvm/java-11-openjdk-amd64/lib/libjimage.so
7f09a46e7000-7f09a46e8000 r--p 00005000 08:05 142906                     /usr/lib/jvm/java-11-openjdk-amd64/lib/libjimage.so
7f09a46e8000-7f09a46e9000 ---p 00006000 08:05 142906                     /usr/lib/jvm/java-11-openjdk-amd64/lib/libjimage.so
7f09a46e9000-7f09a46ea000 r--p 00006000 08:05 142906                     /usr/lib/jvm/java-11-openjdk-amd64/lib/libjimage.so
7f09a46ea000-7f09a46eb000 rw-p 00007000 08:05 142906                     /usr/lib/jvm/java-11-openjdk-amd64/lib/libjimage.so
7f09a46eb000-7f09a46ee000 r--p 00000000 08:05 142888                     /usr/lib/jvm/java-11-openjdk-amd64/lib/jli/libjli.so
7f09a46ee000-7f09a46f8000 r-xp 00003000 08:05 142888                     /usr/lib/jvm/java-11-openjdk-amd64/lib/jli/libjli.so
7f09a46f8000-7f09a46fb000 r--p 0000d000 08:05 142888                     /usr/lib/jvm/java-11-openjdk-amd64/lib/jli/libjli.so
7f09a46fb000-7f09a46fc000 ---p 00010000 08:05 142888                     /usr/lib/jvm/java-11-openjdk-amd64/lib/jli/libjli.so
7f09a46fc000-7f09a46fd000 r--p 00010000 08:05 142888                     /usr/lib/jvm/java-11-openjdk-amd64/lib/jli/libjli.so
7f09a46fd000-7f09a46fe000 rw-p 00011000 08:05 142888                     /usr/lib/jvm/java-11-openjdk-amd64/lib/jli/libjli.so
7f09a46fe000-7f09a4700000 rw-p 00000000 00:00 0 
7f09a4700000-7f09a4701000 r--p 00000000 08:05 131184                     /usr/lib/x86_64-linux-gnu/ld-2.31.so
7f09a4701000-7f09a4724000 r-xp 00001000 08:05 131184                     /usr/lib/x86_64-linux-gnu/ld-2.31.so
7f09a4724000-7f09a472c000 r--p 00024000 08:05 131184                     /usr/lib/x86_64-linux-gnu/ld-2.31.so
7f09a472d000-7f09a472e000 r--p 0002c000 08:05 131184                     /usr/lib/x86_64-linux-gnu/ld-2.31.so
7f09a472e000-7f09a472f000 rw-p 0002d000 08:05 131184                     /usr/lib/x86_64-linux-gnu/ld-2.31.so
7f09a472f000-7f09a4730000 rw-p 00000000 00:00 0 
7ffcb25b9000-7ffcb25db000 rw-p 00000000 00:00 0                          [stack]
7ffcb25e7000-7ffcb25eb000 r--p 00000000 00:00 0                          [vvar]
7ffcb25eb000-7ffcb25ed000 r-xp 00000000 00:00 0                          [vdso]
ffffffffff600000-ffffffffff601000 --xp 00000000 00:00 0                  [vsyscall]


VM Arguments:
jvm_args: -javaagent:/snap/intellij-idea-ultimate/401/lib/idea_rt.jar=40429:/snap/intellij-idea-ultimate/401/bin -Dfile.encoding=UTF-8 
java_command: Main
java_class_path (initial): /home/whale/Lab/target/classes:/usr/local/lib/antlr-4.9.1-complete.jar:/opt/maven/repository/org/bytedeco/llvm-platform/13.0.1-1.5.7/llvm-platform-13.0.1-1.5.7.jar:/opt/maven/repository/org/bytedeco/javacpp-platform/1.5.7/javacpp-platform-1.5.7.jar:/opt/maven/repository/org/bytedeco/javacpp/1.5.7/javacpp-1.5.7.jar:/opt/maven/repository/org/bytedeco/javacpp/1.5.7/javacpp-1.5.7-android-arm.jar:/opt/maven/repository/org/bytedeco/javacpp/1.5.7/javacpp-1.5.7-android-arm64.jar:/opt/maven/repository/org/bytedeco/javacpp/1.5.7/javacpp-1.5.7-android-x86.jar:/opt/maven/repository/org/bytedeco/javacpp/1.5.7/javacpp-1.5.7-android-x86_64.jar:/opt/maven/repository/org/bytedeco/javacpp/1.5.7/javacpp-1.5.7-ios-arm64.jar:/opt/maven/repository/org/bytedeco/javacpp/1.5.7/javacpp-1.5.7-ios-x86_64.jar:/opt/maven/repository/org/bytedeco/javacpp/1.5.7/javacpp-1.5.7-linux-armhf.jar:/opt/maven/repository/org/bytedeco/javacpp/1.5.7/javacpp-1.5.7-linux-arm64.jar:/opt/maven/repository/org/bytedeco/javacpp/1.5.7/javacpp-1.5.7-linux-ppc64le.jar:/opt/maven/repository/org/bytedeco/javacpp/1.5.7/javacpp-1.5.7-linux-x86.jar:/opt/maven/repository/org/bytedeco/javacpp/1.5.7/javacpp-1.5.7-linux-x86_64.jar:/opt/maven/repository/org/bytedeco/javacpp/1.5.7/javacpp-1.5.7-macosx-arm64.jar:/opt/maven/repository/org/bytedeco/javacpp/1.5.7/javacpp-1.5.7-macosx-x86_64.jar:/opt/maven/repository/org/bytedeco/javacpp/1.5.7/javacpp-1.5.7-windows-x86.jar:/opt/maven/repository/org/bytedeco/javacpp/1.5.7/javacpp-1.5.7-windows-x86_64.jar:/opt/maven/repository/org/bytedeco/llvm/13.0.1-1.5.7/llvm-13.0.1-1.5.7.jar:/opt/maven/repository/org/bytedeco/llvm/13.0.1-1.5.7/llvm-13.0.1-1.5.7-linux-x86.jar:/opt/maven/repository/org/bytedeco/llvm/13.0.1-1.5.7/llvm-13.0.1-1.5.7-linux-x86_64.jar:/opt/maven/repository/org/bytedeco/llvm/13.0.1-1.5.7/llvm-13.0.1-1.5.7-linux-armhf.jar:/opt/maven/repository/org/bytedeco/llvm/13.0.1-1.5.7/llvm-13.0.1-1.5.7-linux-arm64.jar:/opt/maven/repository/org/bytedeco/llvm
Launcher Type: SUN_STANDARD

[Global flags]
     intx CICompilerCount                          = 2                                         {product} {ergonomic}
     uint ConcGCThreads                            = 1                                         {product} {ergonomic}
     uint G1ConcRefinementThreads                  = 2                                         {product} {ergonomic}
   size_t G1HeapRegionSize                         = 1048576                                   {product} {ergonomic}
    uintx GCDrainStackTargetSize                   = 64                                        {product} {ergonomic}
   size_t InitialHeapSize                          = 65011712                                  {product} {ergonomic}
   size_t MarkStackSize                            = 4194304                                   {product} {ergonomic}
   size_t MaxHeapSize                              = 1021313024                                {product} {ergonomic}
   size_t MaxNewSize                               = 612368384                                 {product} {ergonomic}
   size_t MinHeapDeltaBytes                        = 1048576                                   {product} {ergonomic}
    uintx NonNMethodCodeHeapSize                   = 5825164                                {pd product} {ergonomic}
    uintx NonProfiledCodeHeapSize                  = 122916538                              {pd product} {ergonomic}
    uintx ProfiledCodeHeapSize                     = 122916538                              {pd product} {ergonomic}
    uintx ReservedCodeCacheSize                    = 251658240                              {pd product} {ergonomic}
     bool SegmentedCodeCache                       = true                                      {product} {ergonomic}
     bool UseCompressedClassPointers               = true                                 {lp64_product} {ergonomic}
     bool UseCompressedOops                        = true                                 {lp64_product} {ergonomic}
     bool UseG1GC                                  = true                                      {product} {ergonomic}

Logging:
Log output configuration:
 #0: stdout all=warning uptime,level,tags
 #1: stderr all=off uptime,level,tags

Environment Variables:
PATH=/opt/maven/apache-maven-3.8.6/bin:/usr/local/sbin:/usr/local/bin:/usr/sbin:/usr/bin:/sbin:/bin:/usr/games:/usr/local/games:/snap/bin:/usr/local/cbc/bin
USERNAME=whale
SHELL=/bin/bash
DISPLAY=:0
LANG=zh_CN.UTF-8

Signal Handlers:
SIGSEGV: [libjvm.so+0xe97eb0], sa_mask[0]=11111111011111111101111111111110, sa_flags=SA_RESTART|SA_SIGINFO
SIGBUS: [libjvm.so+0xe97eb0], sa_mask[0]=11111111011111111101111111111110, sa_flags=SA_RESTART|SA_SIGINFO
SIGFPE: [libjvm.so+0xe97eb0], sa_mask[0]=11111111011111111101111111111110, sa_flags=SA_RESTART|SA_SIGINFO
SIGPIPE: [libjvm.so+0xbde850], sa_mask[0]=11111111011111111101111111111110, sa_flags=SA_RESTART|SA_SIGINFO
SIGXFSZ: [libjvm.so+0xbde850], sa_mask[0]=11111111011111111101111111111110, sa_flags=SA_RESTART|SA_SIGINFO
SIGILL: [libjvm.so+0xe97eb0], sa_mask[0]=11111111011111111101111111111110, sa_flags=SA_RESTART|SA_SIGINFO
SIGUSR2: [libjvm.so+0xbde6f0], sa_mask[0]=00100000000000000000000000000000, sa_flags=SA_RESTART|SA_SIGINFO
SIGHUP: [libjvm.so+0xbde9e0], sa_mask[0]=11111111011111111101111111111110, sa_flags=SA_RESTART|SA_SIGINFO
SIGINT: [libjvm.so+0xbde9e0], sa_mask[0]=11111111011111111101111111111110, sa_flags=SA_RESTART|SA_SIGINFO
SIGTERM: [libjvm.so+0xbde9e0], sa_mask[0]=11111111011111111101111111111110, sa_flags=SA_RESTART|SA_SIGINFO
SIGQUIT: [libjvm.so+0xbde9e0], sa_mask[0]=11111111011111111101111111111110, sa_flags=SA_RESTART|SA_SIGINFO


---------------  S Y S T E M  ---------------

OS:DISTRIB_ID=Ubuntu
DISTRIB_RELEASE=20.04
DISTRIB_CODENAME=focal
DISTRIB_DESCRIPTION="Ubuntu 20.04.5 LTS"
uname:Linux 5.15.0-56-generic #62~20.04.1-Ubuntu SMP Tue Nov 22 21:24:20 UTC 2022 x86_64
OS uptime: 0 days 0:10 hours
libc:glibc 2.31 NPTL 2.31 
rlimit (soft/hard): STACK 8192k/infinity , CORE 0k/infinity , NPROC 15258/15258 , NOFILE 1048576/1048576 , AS infinity/infinity , CPU infinity/infinity , DATA infinity/infinity , FSIZE infinity/infinity , MEMLOCK 65536k/65536k
load average:1.67 1.44 0.99

/proc/meminfo:
MemTotal:        3983208 kB
MemFree:          239156 kB
MemAvailable:     650392 kB
Buffers:            8076 kB
Cached:           589544 kB
SwapCached:        27868 kB
Active:          1107760 kB
Inactive:        2068112 kB
Active(anon):     869432 kB
Inactive(anon):  1737640 kB
Active(file):     238328 kB
Inactive(file):   330472 kB
Unevictable:          16 kB
Mlocked:              16 kB
SwapTotal:        945416 kB
SwapFree:         230300 kB
Dirty:              5900 kB
Writeback:             0 kB
AnonPages:       2563792 kB
Mapped:           344068 kB
Shmem:             28952 kB
KReclaimable:      93820 kB
Slab:             187220 kB
SReclaimable:      93820 kB
SUnreclaim:        93400 kB
KernelStack:       15760 kB
PageTables:        29220 kB
NFS_Unstable:          0 kB
Bounce:                0 kB
WritebackTmp:          0 kB
CommitLimit:     2937020 kB
Committed_AS:    6569336 kB
VmallocTotal:   34359738367 kB
VmallocUsed:       66764 kB
VmallocChunk:          0 kB
Percpu:           104960 kB
HardwareCorrupted:     0 kB
AnonHugePages:         0 kB
ShmemHugePages:        0 kB
ShmemPmdMapped:        0 kB
FileHugePages:         0 kB
FilePmdMapped:         0 kB
HugePages_Total:       0
HugePages_Free:        0
HugePages_Rsvd:        0
HugePages_Surp:        0
Hugepagesize:       2048 kB
Hugetlb:               0 kB
DirectMap4k:      251712 kB
DirectMap2M:     3942400 kB
DirectMap1G:     2097152 kB

/sys/kernel/mm/transparent_hugepage/enabled:
always [madvise] never
/sys/kernel/mm/transparent_hugepage/defrag (defrag/compaction efforts parameter):
always defer defer+madvise [madvise] never

Process Memory:
Virtual Size: 3675080K (peak: 12380388K)
Resident Set Size: 101556K (peak: 101556K) (anon: 46108K, file: 55448K, shmem: 0K)
Swapped out: 0K
C-Heap outstanding allocations: 16615K, retained: 2092K
glibc malloc tunables: (default)

/proc/sys/kernel/threads-max (system-wide limit on the number of threads):
30516
/proc/sys/vm/max_map_count (maximum number of memory map areas a process may have):
65530
/proc/sys/kernel/pid_max (system-wide limit on number of process identifiers):
4194304

container (cgroup) information:
container_type: cgroupv1
cpu_cpuset_cpus: 0-1
cpu_memory_nodes: 0
active_processor_count: 2
cpu_quota: no quota
cpu_period: 100000
cpu_shares: no shares
memory_limit_in_bytes: unlimited
memory_and_swap_limit_in_bytes: unlimited
memory_soft_limit_in_bytes: unlimited
memory_usage_in_bytes: 3019804 k
memory_max_usage_in_bytes: 3175804 k
maximum number of tasks: unlimited
current number of tasks: 563

VMWare virtualization detected
Steal ticks since vm start: 0
Steal ticks percentage since vm start:  0.000

CPU:total 2 (initial active 2) (1 cores per cpu, 1 threads per core) family 23 model 96 stepping 1 microcode 0x8600104, cmov, cx8, fxsr, mmx, sse, sse2, sse3, ssse3, sse4.1, sse4.2, popcnt, avx, avx2, aes, clmul, mmxext, 3dnowpref, lzcnt, sse4a, tsc, tscinvbit, tscinv, bmi1, bmi2, adx, sha, fma
CPU Model and flags from /proc/cpuinfo:
model name	: AMD Ryzen 7 4800H with Radeon Graphics
flags		: fpu vme de pse tsc msr pae mce cx8 apic sep mtrr pge mca cmov pat pse36 clflush mmx fxsr sse sse2 syscall nx mmxext fxsr_opt pdpe1gb rdtscp lm constant_tsc rep_good nopl tsc_reliable nonstop_tsc cpuid extd_apicid tsc_known_freq pni pclmulqdq ssse3 fma cx16 sse4_1 sse4_2 x2apic movbe popcnt aes xsave avx f16c rdrand hypervisor lahf_lm extapic cr8_legacy abm sse4a misalignsse 3dnowprefetch osvw topoext ssbd ibpb vmmcall fsgsbase bmi1 avx2 smep bmi2 rdseed adx smap clflushopt clwb sha_ni xsaveopt xsavec xgetbv1 xsaves clzero wbnoinvd arat umip rdpid overflow_recov succor
Online cpus:
0-1
Offline cpus:
2-127
BIOS frequency limitation:
<Not Available>
Frequency switch latency (ns):
<Not Available>
Available cpu frequencies:
<Not Available>
Current governor:
<Not Available>
Core performance/turbo boost:
<Not Available>

Memory: 4k page, physical 3983208k(239156k free), swap 945416k(230300k free)

vm_info: OpenJDK 64-Bit Server VM (11.0.17+8-post-Ubuntu-1ubuntu220.04) for linux-amd64 JRE (11.0.17+8-post-Ubuntu-1ubuntu220.04), built on Oct 25 2022 09:30:51 by "unknown" with gcc 9.4.0

END.
