#
# A fatal error has been detected by the Java Runtime Environment:
#
#  SIGSEGV (0xb) at pc=0x00007fd72e158882, pid=6869, tid=6870
#
# JRE version: OpenJDK Runtime Environment (11.0.17+8) (build 11.0.17+8-post-Ubuntu-1ubuntu220.04)
# Java VM: OpenJDK 64-Bit Server VM (11.0.17+8-post-Ubuntu-1ubuntu220.04, mixed mode, sharing, tiered, compressed oops, g1 gc, linux-amd64)
# Problematic frame:
# C  [libLLVM-13.so+0xc2c882]  LLVMBuildLoad+0x12
#
# Core dump will be written. Default location: Core dumps may be processed with "/usr/share/apport/apport -p%p -s%s -c%c -d%d -P%P -u%u -g%g -- %E" (or dumping to /home/whale/Lab/core.6869)
#
# If you would like to submit a bug report, please visit:
#   https://bugs.launchpad.net/ubuntu/+source/openjdk-lts
# The crash happened outside the Java Virtual Machine in native code.
# See problematic frame for where to report the bug.
#

---------------  S U M M A R Y ------------

Command Line: -javaagent:/snap/intellij-idea-ultimate/401/lib/idea_rt.jar=38687:/snap/intellij-idea-ultimate/401/bin -Dfile.encoding=UTF-8 Main

Host: AMD Ryzen 7 4800H with Radeon Graphics, 2 cores, 3G, Ubuntu 20.04.5 LTS
Time: Fri Jan  6 00:19:17 2023 CST elapsed time: 0.984025 seconds (0d 0h 0m 0s)

---------------  T H R E A D  ---------------

Current thread (0x00007fd78c017800):  JavaThread "main" [_thread_in_native, id=6870, stack(0x00007fd790f08000,0x00007fd791009000)]

Stack: [0x00007fd790f08000,0x00007fd791009000],  sp=0x00007fd7910066c0,  free space=1017k
Native frames: (J=compiled Java code, A=aot compiled Java code, j=interpreted, Vv=VM code, C=native code)
C  [libLLVM-13.so+0xc2c882]  LLVMBuildLoad+0x12

Java frames: (J=compiled Java code, j=interpreted, Vv=VM code)
j  org.bytedeco.llvm.global.LLVM.LLVMBuildLoad(Lorg/bytedeco/llvm/LLVM/LLVMBuilderRef;Lorg/bytedeco/llvm/LLVM/LLVMValueRef;Ljava/lang/String;)Lorg/bytedeco/llvm/LLVM/LLVMValueRef;+0
j  MyIRVisitor.visitLeftValExp(LSysYParser$LeftValExpContext;)Lorg/bytedeco/llvm/LLVM/LLVMValueRef;+21
j  MyIRVisitor.visitLeftValExp(LSysYParser$LeftValExpContext;)Ljava/lang/Object;+2
j  SysYParser$LeftValExpContext.accept(Lorg/antlr/v4/runtime/tree/ParseTreeVisitor;)Ljava/lang/Object;+12
j  org.antlr.v4.runtime.tree.AbstractParseTreeVisitor.visitChildren(Lorg/antlr/v4/runtime/tree/RuleNode;)Ljava/lang/Object;+46
j  SysYParserBaseVisitor.visitParam(LSysYParser$ParamContext;)Ljava/lang/Object;+2
j  SysYParser$ParamContext.accept(Lorg/antlr/v4/runtime/tree/ParseTreeVisitor;)Ljava/lang/Object;+12
j  org.antlr.v4.runtime.tree.AbstractParseTreeVisitor.visitChildren(Lorg/antlr/v4/runtime/tree/RuleNode;)Ljava/lang/Object;+46
j  SysYParserBaseVisitor.visitFuncRParams(LSysYParser$FuncRParamsContext;)Ljava/lang/Object;+2
j  SysYParser$FuncRParamsContext.accept(Lorg/antlr/v4/runtime/tree/ParseTreeVisitor;)Ljava/lang/Object;+12
j  org.antlr.v4.runtime.tree.AbstractParseTreeVisitor.visitChildren(Lorg/antlr/v4/runtime/tree/RuleNode;)Ljava/lang/Object;+46
j  SysYParserBaseVisitor.visitFuncCallExp(LSysYParser$FuncCallExpContext;)Ljava/lang/Object;+2
j  MyIRVisitor.visitFuncCallExp(LSysYParser$FuncCallExpContext;)Lorg/bytedeco/llvm/LLVM/LLVMValueRef;+2
j  MyIRVisitor.visitFuncCallExp(LSysYParser$FuncCallExpContext;)Ljava/lang/Object;+2
j  SysYParser$FuncCallExpContext.accept(Lorg/antlr/v4/runtime/tree/ParseTreeVisitor;)Ljava/lang/Object;+12
j  org.antlr.v4.runtime.tree.AbstractParseTreeVisitor.visit(Lorg/antlr/v4/runtime/tree/ParseTree;)Ljava/lang/Object;+2
j  MyIRVisitor.visitReturnStat(LSysYParser$ReturnStatContext;)Lorg/bytedeco/llvm/LLVM/LLVMValueRef;+21
j  MyIRVisitor.visitReturnStat(LSysYParser$ReturnStatContext;)Ljava/lang/Object;+2
j  SysYParser$ReturnStatContext.accept(Lorg/antlr/v4/runtime/tree/ParseTreeVisitor;)Ljava/lang/Object;+12
j  org.antlr.v4.runtime.tree.AbstractParseTreeVisitor.visitChildren(Lorg/antlr/v4/runtime/tree/RuleNode;)Ljava/lang/Object;+46
j  SysYParserBaseVisitor.visitStat(LSysYParser$StatContext;)Ljava/lang/Object;+2
j  SysYParser$StatContext.accept(Lorg/antlr/v4/runtime/tree/ParseTreeVisitor;)Ljava/lang/Object;+12
j  org.antlr.v4.runtime.tree.AbstractParseTreeVisitor.visitChildren(Lorg/antlr/v4/runtime/tree/RuleNode;)Ljava/lang/Object;+46
j  SysYParserBaseVisitor.visitBlock(LSysYParser$BlockContext;)Ljava/lang/Object;+2
j  MyIRVisitor.visitBlock(LSysYParser$BlockContext;)Lorg/bytedeco/llvm/LLVM/LLVMValueRef;+17
j  MyIRVisitor.visitBlock(LSysYParser$BlockContext;)Ljava/lang/Object;+2
j  SysYParser$BlockContext.accept(Lorg/antlr/v4/runtime/tree/ParseTreeVisitor;)Ljava/lang/Object;+12
j  org.antlr.v4.runtime.tree.AbstractParseTreeVisitor.visit(Lorg/antlr/v4/runtime/tree/ParseTree;)Ljava/lang/Object;+2
j  MyIRVisitor.visitFuncDef(LSysYParser$FuncDefContext;)Lorg/bytedeco/llvm/LLVM/LLVMValueRef;+254
j  MyIRVisitor.visitFuncDef(LSysYParser$FuncDefContext;)Ljava/lang/Object;+2
j  SysYParser$FuncDefContext.accept(Lorg/antlr/v4/runtime/tree/ParseTreeVisitor;)Ljava/lang/Object;+12
j  org.antlr.v4.runtime.tree.AbstractParseTreeVisitor.visitChildren(Lorg/antlr/v4/runtime/tree/RuleNode;)Ljava/lang/Object;+46
j  SysYParserBaseVisitor.visitCompUnit(LSysYParser$CompUnitContext;)Ljava/lang/Object;+2
j  SysYParser$CompUnitContext.accept(Lorg/antlr/v4/runtime/tree/ParseTreeVisitor;)Ljava/lang/Object;+12
j  org.antlr.v4.runtime.tree.AbstractParseTreeVisitor.visitChildren(Lorg/antlr/v4/runtime/tree/RuleNode;)Ljava/lang/Object;+46
j  SysYParserBaseVisitor.visitProgram(LSysYParser$ProgramContext;)Ljava/lang/Object;+2
j  MyIRVisitor.visitProgram(LSysYParser$ProgramContext;)Lorg/bytedeco/llvm/LLVM/LLVMValueRef;+21
j  MyIRVisitor.visitProgram(LSysYParser$ProgramContext;)Ljava/lang/Object;+2
j  SysYParser$ProgramContext.accept(Lorg/antlr/v4/runtime/tree/ParseTreeVisitor;)Ljava/lang/Object;+12
j  org.antlr.v4.runtime.tree.AbstractParseTreeVisitor.visit(Lorg/antlr/v4/runtime/tree/ParseTree;)Ljava/lang/Object;+2
j  Main.main([Ljava/lang/String;)V+78
v  ~StubRoutines::call_stub

siginfo: si_signo: 11 (SIGSEGV), si_code: 1 (SEGV_MAPERR), si_addr: 0x0000000000000000

Register to memory mapping:

RAX=0x00007fd78c4a8a70 points into unknown readable memory: 0x0000000000000061 | 61 00 00 00 00 00 00 00
RBX=0x0 is NULL
RCX=0x0000000000000061 is an unknown value
RDX=0x00007fd78c4a8a70 points into unknown readable memory: 0x0000000000000061 | 61 00 00 00 00 00 00 00
RSP=0x00007fd7910066c0 is pointing into the stack for thread: 0x00007fd78c017800
RBP=0x00007fd78c473100 points into unknown readable memory: 0x00007fd78c473110 | 10 31 47 8c d7 7f 00 00
RSI=0x0 is NULL
RDI=0x00007fd78c473100 points into unknown readable memory: 0x00007fd78c473110 | 10 31 47 8c d7 7f 00 00
R8 =0x00000000c6f265c8 points into unknown readable memory: 0x0000000000000061 | 61 00 00 00 00 00 00 00
R9 =0x00007fd78c017800 is a thread
R10=0x0 is NULL
R11=0x00000000000003d8 is an unknown value
R12=0x0 is NULL
R13=0x0 is NULL
R14=0x00007fd78c4a8a70 points into unknown readable memory: 0x0000000000000061 | 61 00 00 00 00 00 00 00
R15=0x00007fd78c017800 is a thread


Registers:
RAX=0x00007fd78c4a8a70, RBX=0x0000000000000000, RCX=0x0000000000000061, RDX=0x00007fd78c4a8a70
RSP=0x00007fd7910066c0, RBP=0x00007fd78c473100, RSI=0x0000000000000000, RDI=0x00007fd78c473100
R8 =0x00000000c6f265c8, R9 =0x00007fd78c017800, R10=0x0000000000000000, R11=0x00000000000003d8
R12=0x0000000000000000, R13=0x0000000000000000, R14=0x00007fd78c4a8a70, R15=0x00007fd78c017800
RIP=0x00007fd72e158882, EFLAGS=0x0000000000010206, CSGSFS=0x002b000000000033, ERR=0x0000000000000004
  TRAPNO=0x000000000000000e

Top of Stack: (sp=0x00007fd7910066c0)
0x00007fd7910066c0:   00007fd78c017800 0000000000000000
0x00007fd7910066d0:   00007fd78c017800 00007fd7926f5299
0x00007fd7910066e0:   0000000000000002 0000000000000001
0x00007fd7910066f0:   00007fd78c4a8a70 00007fd78c11dfc0 

Instructions: (pc=0x00007fd72e158882)
0x00007fd72e158782:   89 c4 4c 8d 4c 24 40 e8 92 57 09 00 48 8b 7d 50
0x00007fd72e158792:   48 8b 4d 30 4c 89 e6 48 8d 54 24 10 4c 8b 45 38
0x00007fd72e1587a2:   48 8b 07 ff 50 10 48 8b 5d 00 8b 6d 08 5a 59 48
0x00007fd72e1587b2:   c1 e5 04 48 01 dd 48 39 eb 74 1a 0f 1f 00 48 8b
0x00007fd72e1587c2:   53 08 8b 33 4c 89 e7 48 83 c3 10 e8 6e 16 0e 00
0x00007fd72e1587d2:   48 39 dd 75 e9 48 83 c4 68 4c 89 e0 5b 5d 41 5c
0x00007fd72e1587e2:   41 5d 41 5e 41 5f c3 0f 1f 80 00 00 00 00 41 54
0x00007fd72e1587f2:   b8 01 01 00 00 55 48 89 fd 48 89 f7 53 48 83 ec
0x00007fd72e158802:   30 48 8b 75 30 66 89 44 24 20 e8 ef 24 09 00 48
0x00007fd72e158812:   8b 7d 50 48 8b 4d 30 48 89 e2 49 89 c4 4c 8b 45
0x00007fd72e158822:   38 48 8b 07 4c 89 e6 ff 50 10 48 8b 5d 00 8b 6d
0x00007fd72e158832:   08 48 c1 e5 04 48 01 dd 48 39 eb 74 18 90 48 8b
0x00007fd72e158842:   53 08 8b 33 4c 89 e7 48 83 c3 10 e8 ee 15 0e 00
0x00007fd72e158852:   48 39 dd 75 e9 48 83 c4 30 4c 89 e0 5b 5d 41 5c
0x00007fd72e158862:   c3 66 2e 0f 1f 84 00 00 00 00 00 0f 1f 00 41 56
0x00007fd72e158872:   41 55 49 89 f5 41 54 55 48 89 fd 53 48 83 ec 60
0x00007fd72e158882:   48 8b 06 80 3a 00 be 01 01 00 00 4c 8b 70 18 66
0x00007fd72e158892:   89 74 24 20 74 09 48 89 14 24 c6 44 24 20 03 48
0x00007fd72e1588a2:   8b 7d 30 e8 d6 15 fc ff 48 89 c7 e8 4e 47 0e 00
0x00007fd72e1588b2:   4c 89 f6 48 89 c7 e8 b3 46 01 00 be 01 00 00 00
0x00007fd72e1588c2:   bf 40 00 00 00 89 c3 b8 01 01 00 00 66 89 44 24
0x00007fd72e1588d2:   50 e8 a8 0a 13 00 48 8d 4c 24 30 41 89 d9 45 31
0x00007fd72e1588e2:   c0 48 83 ec 08 48 89 c7 4c 89 ea 4c 89 f6 6a 00
0x00007fd72e1588f2:   49 89 c4 e8 26 5d 09 00 48 8b 7d 50 48 8b 4d 30
0x00007fd72e158902:   4c 89 e6 48 8d 54 24 10 4c 8b 45 38 48 8b 07 ff
0x00007fd72e158912:   50 10 48 8b 5d 00 8b 6d 08 5a 59 48 c1 e5 04 48
0x00007fd72e158922:   01 dd 48 39 eb 74 1e 0f 1f 80 00 00 00 00 48 8b
0x00007fd72e158932:   53 08 8b 33 4c 89 e7 48 83 c3 10 e8 fe 14 0e 00
0x00007fd72e158942:   48 39 dd 75 e9 48 83 c4 60 4c 89 e0 5b 5d 41 5c
0x00007fd72e158952:   41 5d 41 5e c3 66 0f 1f 84 00 00 00 00 00 41 56
0x00007fd72e158962:   49 89 d6 41 55 49 89 f5 be 01 01 00 00 41 54 55
0x00007fd72e158972:   48 89 fd 53 48 83 ec 60 80 39 00 66 89 74 24 20 


Stack slot to memory mapping:
stack at sp + 0 slots: 0x00007fd78c017800 is a thread
stack at sp + 1 slots: 0x0 is NULL
stack at sp + 2 slots: 0x00007fd78c017800 is a thread
stack at sp + 3 slots: 0x00007fd7926f5299: __libc_malloc+0x00000000000001b9 in /lib/x86_64-linux-gnu/libc.so.6 at 0x00007fd79265b000
stack at sp + 4 slots: 0x0000000000000002 is an unknown value
stack at sp + 5 slots: 0x0000000000000001 is an unknown value
stack at sp + 6 slots: 0x00007fd78c4a8a70 points into unknown readable memory: 0x0000000000000061 | 61 00 00 00 00 00 00 00
stack at sp + 7 slots: 0x00007fd78c11dfc0 points into unknown readable memory: 0x00000000c6f265b8 | b8 65 f2 c6 00 00 00 00


---------------  P R O C E S S  ---------------

Threads class SMR info:
_java_thread_list=0x00007fd78c377310, length=11, elements={
0x00007fd78c017800, 0x00007fd78c11f800, 0x00007fd78c121800, 0x00007fd78c127000,
0x00007fd78c129000, 0x00007fd78c12b000, 0x00007fd78c12d800, 0x00007fd78c12f800,
0x00007fd78c13d000, 0x00007fd78c316000, 0x00007fd78c376000
}

Java Threads: ( => current thread )
=>0x00007fd78c017800 JavaThread "main" [_thread_in_native, id=6870, stack(0x00007fd790f08000,0x00007fd791009000)]
  0x00007fd78c11f800 JavaThread "Reference Handler" daemon [_thread_blocked, id=6886, stack(0x00007fd774274000,0x00007fd774375000)]
  0x00007fd78c121800 JavaThread "Finalizer" daemon [_thread_blocked, id=6887, stack(0x00007fd774173000,0x00007fd774274000)]
  0x00007fd78c127000 JavaThread "Signal Dispatcher" daemon [_thread_blocked, id=6888, stack(0x00007fd774072000,0x00007fd774173000)]
  0x00007fd78c129000 JavaThread "Service Thread" daemon [_thread_blocked, id=6890, stack(0x00007fd76c08f000,0x00007fd76c190000)]
  0x00007fd78c12b000 JavaThread "C2 CompilerThread0" daemon [_thread_blocked, id=6892, stack(0x00007fd75ee8e000,0x00007fd75ef8f000)]
  0x00007fd78c12d800 JavaThread "C1 CompilerThread0" daemon [_thread_blocked, id=6893, stack(0x00007fd75ed8d000,0x00007fd75ee8e000)]
  0x00007fd78c12f800 JavaThread "Sweeper thread" daemon [_thread_blocked, id=6894, stack(0x00007fd75ec8c000,0x00007fd75ed8d000)]
  0x00007fd78c13d000 JavaThread "Common-Cleaner" daemon [_thread_blocked, id=6898, stack(0x00007fd75eb8b000,0x00007fd75ec8c000)]
  0x00007fd78c316000 JavaThread "Monitor Ctrl-Break" daemon [_thread_in_native, id=6901, stack(0x00007fd75ea8a000,0x00007fd75eb8b000)]
  0x00007fd78c376000 JavaThread "JavaCPP Deallocator" daemon [_thread_blocked, id=6904, stack(0x00007fd75e785000,0x00007fd75e886000)]

Other Threads:
  0x00007fd78c11c800 VMThread "VM Thread" [stack: 0x00007fd774377000,0x00007fd774477000] [id=6883]
  0x00007fd78c310000 WatcherThread [stack: 0x00007fd75e98a000,0x00007fd75ea8a000] [id=6902]
  0x00007fd78c02f800 GCTaskThread "GC Thread#0" [stack: 0x00007fd790b9f000,0x00007fd790c9f000] [id=6872]
  0x00007fd754001000 GCTaskThread "GC Thread#1" [stack: 0x00007fd75e888000,0x00007fd75e988000] [id=6903]
  0x00007fd78c04a800 ConcurrentGCThread "G1 Main Marker" [stack: 0x00007fd7902c5000,0x00007fd7903c5000] [id=6874]
  0x00007fd78c04c000 ConcurrentGCThread "G1 Conc#0" [stack: 0x00007fd7901c3000,0x00007fd7902c3000] [id=6875]
  0x00007fd78c087800 ConcurrentGCThread "G1 Refine#0" [stack: 0x00007fd7745fc000,0x00007fd7746fc000] [id=6880]
  0x00007fd78c089800 ConcurrentGCThread "G1 Young RemSet Sampling" [stack: 0x00007fd7744fa000,0x00007fd7745fa000] [id=6881]

Threads with active compile tasks:

VM state:not at safepoint (normal execution)

VM Mutex/Monitor currently owned by a thread: None

Heap address: 0x00000000c3200000, size: 974 MB, Compressed Oops mode: 32-bit
Narrow klass base: 0x0000000800000000, Narrow klass shift: 3
Compressed class space size: 1073741824 Address: 0x0000000840000000

Heap:
 garbage-first heap   total 65536K, used 6574K [0x00000000c3200000, 0x0000000100000000)
  region size 1024K, 2 young (2048K), 1 survivors (1024K)
 Metaspace       used 4204K, capacity 6703K, committed 6912K, reserved 1056768K
  class space    used 471K, capacity 748K, committed 768K, reserved 1048576K
Heap Regions: E=young(eden), S=young(survivor), O=old, HS=humongous(starts), HC=humongous(continues), CS=collection set, F=free, A=archive, TAMS=top-at-mark-start (previous, next)
|   0|0x00000000c3200000, 0x00000000c3300000, 0x00000000c3300000|100%| O|  |TAMS 0x00000000c3200000, 0x00000000c3200000| Untracked 
|   1|0x00000000c3300000, 0x00000000c3400000, 0x00000000c3400000|100%| O|  |TAMS 0x00000000c3300000, 0x00000000c3300000| Untracked 
|   2|0x00000000c3400000, 0x00000000c3500000, 0x00000000c3500000|100%| O|  |TAMS 0x00000000c3400000, 0x00000000c3400000| Untracked 
|   3|0x00000000c3500000, 0x00000000c3600000, 0x00000000c3600000|100%| O|  |TAMS 0x00000000c3500000, 0x00000000c3500000| Untracked 
|   4|0x00000000c3600000, 0x00000000c3700000, 0x00000000c3700000|100%| O|  |TAMS 0x00000000c3600000, 0x00000000c3600000| Untracked 
|   5|0x00000000c3700000, 0x00000000c371d800, 0x00000000c3800000| 11%| O|  |TAMS 0x00000000c3700000, 0x00000000c3700000| Untracked 
|   6|0x00000000c3800000, 0x00000000c3800000, 0x00000000c3900000|  0%| F|  |TAMS 0x00000000c3800000, 0x00000000c3800000| Untracked 
|   7|0x00000000c3900000, 0x00000000c3900000, 0x00000000c3a00000|  0%| F|  |TAMS 0x00000000c3900000, 0x00000000c3900000| Untracked 
|   8|0x00000000c3a00000, 0x00000000c3a00000, 0x00000000c3b00000|  0%| F|  |TAMS 0x00000000c3a00000, 0x00000000c3a00000| Untracked 
|   9|0x00000000c3b00000, 0x00000000c3b00000, 0x00000000c3c00000|  0%| F|  |TAMS 0x00000000c3b00000, 0x00000000c3b00000| Untracked 
|  10|0x00000000c3c00000, 0x00000000c3c00000, 0x00000000c3d00000|  0%| F|  |TAMS 0x00000000c3c00000, 0x00000000c3c00000| Untracked 
|  11|0x00000000c3d00000, 0x00000000c3d00000, 0x00000000c3e00000|  0%| F|  |TAMS 0x00000000c3d00000, 0x00000000c3d00000| Untracked 
|  12|0x00000000c3e00000, 0x00000000c3e00000, 0x00000000c3f00000|  0%| F|  |TAMS 0x00000000c3e00000, 0x00000000c3e00000| Untracked 
|  13|0x00000000c3f00000, 0x00000000c3f00000, 0x00000000c4000000|  0%| F|  |TAMS 0x00000000c3f00000, 0x00000000c3f00000| Untracked 
|  14|0x00000000c4000000, 0x00000000c4000000, 0x00000000c4100000|  0%| F|  |TAMS 0x00000000c4000000, 0x00000000c4000000| Untracked 
|  15|0x00000000c4100000, 0x00000000c4100000, 0x00000000c4200000|  0%| F|  |TAMS 0x00000000c4100000, 0x00000000c4100000| Untracked 
|  16|0x00000000c4200000, 0x00000000c4200000, 0x00000000c4300000|  0%| F|  |TAMS 0x00000000c4200000, 0x00000000c4200000| Untracked 
|  17|0x00000000c4300000, 0x00000000c4300000, 0x00000000c4400000|  0%| F|  |TAMS 0x00000000c4300000, 0x00000000c4300000| Untracked 
|  18|0x00000000c4400000, 0x00000000c4400000, 0x00000000c4500000|  0%| F|  |TAMS 0x00000000c4400000, 0x00000000c4400000| Untracked 
|  19|0x00000000c4500000, 0x00000000c4500000, 0x00000000c4600000|  0%| F|  |TAMS 0x00000000c4500000, 0x00000000c4500000| Untracked 
|  20|0x00000000c4600000, 0x00000000c4600000, 0x00000000c4700000|  0%| F|  |TAMS 0x00000000c4600000, 0x00000000c4600000| Untracked 
|  21|0x00000000c4700000, 0x00000000c4700000, 0x00000000c4800000|  0%| F|  |TAMS 0x00000000c4700000, 0x00000000c4700000| Untracked 
|  22|0x00000000c4800000, 0x00000000c4800000, 0x00000000c4900000|  0%| F|  |TAMS 0x00000000c4800000, 0x00000000c4800000| Untracked 
|  23|0x00000000c4900000, 0x00000000c4900000, 0x00000000c4a00000|  0%| F|  |TAMS 0x00000000c4900000, 0x00000000c4900000| Untracked 
|  24|0x00000000c4a00000, 0x00000000c4a00000, 0x00000000c4b00000|  0%| F|  |TAMS 0x00000000c4a00000, 0x00000000c4a00000| Untracked 
|  25|0x00000000c4b00000, 0x00000000c4b00000, 0x00000000c4c00000|  0%| F|  |TAMS 0x00000000c4b00000, 0x00000000c4b00000| Untracked 
|  26|0x00000000c4c00000, 0x00000000c4c00000, 0x00000000c4d00000|  0%| F|  |TAMS 0x00000000c4c00000, 0x00000000c4c00000| Untracked 
|  27|0x00000000c4d00000, 0x00000000c4d00000, 0x00000000c4e00000|  0%| F|  |TAMS 0x00000000c4d00000, 0x00000000c4d00000| Untracked 
|  28|0x00000000c4e00000, 0x00000000c4e00000, 0x00000000c4f00000|  0%| F|  |TAMS 0x00000000c4e00000, 0x00000000c4e00000| Untracked 
|  29|0x00000000c4f00000, 0x00000000c4f00000, 0x00000000c5000000|  0%| F|  |TAMS 0x00000000c4f00000, 0x00000000c4f00000| Untracked 
|  30|0x00000000c5000000, 0x00000000c5000000, 0x00000000c5100000|  0%| F|  |TAMS 0x00000000c5000000, 0x00000000c5000000| Untracked 
|  31|0x00000000c5100000, 0x00000000c5100000, 0x00000000c5200000|  0%| F|  |TAMS 0x00000000c5100000, 0x00000000c5100000| Untracked 
|  32|0x00000000c5200000, 0x00000000c5200000, 0x00000000c5300000|  0%| F|  |TAMS 0x00000000c5200000, 0x00000000c5200000| Untracked 
|  33|0x00000000c5300000, 0x00000000c5300000, 0x00000000c5400000|  0%| F|  |TAMS 0x00000000c5300000, 0x00000000c5300000| Untracked 
|  34|0x00000000c5400000, 0x00000000c5400000, 0x00000000c5500000|  0%| F|  |TAMS 0x00000000c5400000, 0x00000000c5400000| Untracked 
|  35|0x00000000c5500000, 0x00000000c5500000, 0x00000000c5600000|  0%| F|  |TAMS 0x00000000c5500000, 0x00000000c5500000| Untracked 
|  36|0x00000000c5600000, 0x00000000c5600000, 0x00000000c5700000|  0%| F|  |TAMS 0x00000000c5600000, 0x00000000c5600000| Untracked 
|  37|0x00000000c5700000, 0x00000000c5700000, 0x00000000c5800000|  0%| F|  |TAMS 0x00000000c5700000, 0x00000000c5700000| Untracked 
|  38|0x00000000c5800000, 0x00000000c5800000, 0x00000000c5900000|  0%| F|  |TAMS 0x00000000c5800000, 0x00000000c5800000| Untracked 
|  39|0x00000000c5900000, 0x00000000c5900000, 0x00000000c5a00000|  0%| F|  |TAMS 0x00000000c5900000, 0x00000000c5900000| Untracked 
|  40|0x00000000c5a00000, 0x00000000c5a00000, 0x00000000c5b00000|  0%| F|  |TAMS 0x00000000c5a00000, 0x00000000c5a00000| Untracked 
|  41|0x00000000c5b00000, 0x00000000c5b00000, 0x00000000c5c00000|  0%| F|  |TAMS 0x00000000c5b00000, 0x00000000c5b00000| Untracked 
|  42|0x00000000c5c00000, 0x00000000c5c00000, 0x00000000c5d00000|  0%| F|  |TAMS 0x00000000c5c00000, 0x00000000c5c00000| Untracked 
|  43|0x00000000c5d00000, 0x00000000c5d00000, 0x00000000c5e00000|  0%| F|  |TAMS 0x00000000c5d00000, 0x00000000c5d00000| Untracked 
|  44|0x00000000c5e00000, 0x00000000c5e00000, 0x00000000c5f00000|  0%| F|  |TAMS 0x00000000c5e00000, 0x00000000c5e00000| Untracked 
|  45|0x00000000c5f00000, 0x00000000c5f00000, 0x00000000c6000000|  0%| F|  |TAMS 0x00000000c5f00000, 0x00000000c5f00000| Untracked 
|  46|0x00000000c6000000, 0x00000000c6000000, 0x00000000c6100000|  0%| F|  |TAMS 0x00000000c6000000, 0x00000000c6000000| Untracked 
|  47|0x00000000c6100000, 0x00000000c6100000, 0x00000000c6200000|  0%| F|  |TAMS 0x00000000c6100000, 0x00000000c6100000| Untracked 
|  48|0x00000000c6200000, 0x00000000c6200000, 0x00000000c6300000|  0%| F|  |TAMS 0x00000000c6200000, 0x00000000c6200000| Untracked 
|  49|0x00000000c6300000, 0x00000000c639b1c0, 0x00000000c6400000| 60%| S|CS|TAMS 0x00000000c6300000, 0x00000000c6300000| Complete 
|  50|0x00000000c6400000, 0x00000000c6400000, 0x00000000c6500000|  0%| F|  |TAMS 0x00000000c6400000, 0x00000000c6400000| Untracked 
|  51|0x00000000c6500000, 0x00000000c6500000, 0x00000000c6600000|  0%| F|  |TAMS 0x00000000c6500000, 0x00000000c6500000| Untracked 
|  52|0x00000000c6600000, 0x00000000c6600000, 0x00000000c6700000|  0%| F|  |TAMS 0x00000000c6600000, 0x00000000c6600000| Untracked 
|  53|0x00000000c6700000, 0x00000000c6700000, 0x00000000c6800000|  0%| F|  |TAMS 0x00000000c6700000, 0x00000000c6700000| Untracked 
|  54|0x00000000c6800000, 0x00000000c6800000, 0x00000000c6900000|  0%| F|  |TAMS 0x00000000c6800000, 0x00000000c6800000| Untracked 
|  55|0x00000000c6900000, 0x00000000c6900000, 0x00000000c6a00000|  0%| F|  |TAMS 0x00000000c6900000, 0x00000000c6900000| Untracked 
|  56|0x00000000c6a00000, 0x00000000c6a00000, 0x00000000c6b00000|  0%| F|  |TAMS 0x00000000c6a00000, 0x00000000c6a00000| Untracked 
|  57|0x00000000c6b00000, 0x00000000c6b00000, 0x00000000c6c00000|  0%| F|  |TAMS 0x00000000c6b00000, 0x00000000c6b00000| Untracked 
|  58|0x00000000c6c00000, 0x00000000c6c00000, 0x00000000c6d00000|  0%| F|  |TAMS 0x00000000c6c00000, 0x00000000c6c00000| Untracked 
|  59|0x00000000c6d00000, 0x00000000c6d00000, 0x00000000c6e00000|  0%| F|  |TAMS 0x00000000c6d00000, 0x00000000c6d00000| Untracked 
|  60|0x00000000c6e00000, 0x00000000c6e00000, 0x00000000c6f00000|  0%| F|  |TAMS 0x00000000c6e00000, 0x00000000c6e00000| Untracked 
|  61|0x00000000c6f00000, 0x00000000c6f69680, 0x00000000c7000000| 41%| E|  |TAMS 0x00000000c6f00000, 0x00000000c6f00000| Complete 
| 972|0x00000000ffe00000, 0x00000000ffe48000, 0x00000000fff00000| 28%|OA|  |TAMS 0x00000000ffe00000, 0x00000000ffe00000| Untracked 
| 973|0x00000000fff00000, 0x00000000fff6b000, 0x0000000100000000| 41%|CA|  |TAMS 0x00000000fff00000, 0x00000000fff00000| Untracked 

Card table byte_map: [0x00007fd7905cd000,0x00007fd7907b4000] _byte_map_base: 0x00007fd78ffb4000

Marking Bits (Prev, Next): (CMBitMap*) 0x00007fd78c0459a8, (CMBitMap*) 0x00007fd78c0459e0
 Prev Bits: [0x00007fd76f0c8000, 0x00007fd770000000)
 Next Bits: [0x00007fd76e190000, 0x00007fd76f0c8000)

Polling page: 0x00007fd792853000

Metaspace:

Usage:
  Non-class:      5.82 MB capacity,     3.65 MB ( 63%) used,     2.16 MB ( 37%) free+waste,     9.19 KB ( <1%) overhead. 
      Class:    748.00 KB capacity,   471.94 KB ( 63%) used,   270.94 KB ( 36%) free+waste,     5.12 KB ( <1%) overhead. 
       Both:      6.55 MB capacity,     4.11 MB ( 63%) used,     2.43 MB ( 37%) free+waste,    14.31 KB ( <1%) overhead. 

Virtual space:
  Non-class space:        8.00 MB reserved,       6.00 MB ( 75%) committed 
      Class space:        1.00 GB reserved,     768.00 KB ( <1%) committed 
             Both:        1.01 GB reserved,       6.75 MB ( <1%) committed 

Chunk freelists:
   Non-Class:  0 bytes
       Class:  0 bytes
        Both:  0 bytes

MaxMetaspaceSize: unlimited
CompressedClassSpaceSize: 1.00 GB
Initial GC threshold: 20.80 MB
Current GC threshold: 20.80 MB
CDS: on

CodeHeap 'non-profiled nmethods': size=120036Kb used=283Kb max_used=283Kb free=119752Kb
 bounds [0x00007fd77c2c4000, 0x00007fd77c534000, 0x00007fd7837fd000]
CodeHeap 'profiled nmethods': size=120032Kb used=1710Kb max_used=1710Kb free=118321Kb
 bounds [0x00007fd774d8c000, 0x00007fd774ffc000, 0x00007fd77c2c4000]
CodeHeap 'non-nmethods': size=5692Kb used=1148Kb max_used=1164Kb free=4543Kb
 bounds [0x00007fd7747fd000, 0x00007fd774a6d000, 0x00007fd774d8c000]
 total_blobs=1331 nmethods=921 adapters=324
 compilation: enabled
              stopped_count=0, restarted_count=0
 full_count=0

Compilation events (20 events):
Event: 0.973 Thread 0x00007fd78c12d800 nmethod 906 0x00007fd774f31710 code [0x00007fd774f318e0, 0x00007fd774f31b00]
Event: 0.973 Thread 0x00007fd78c12d800  905       3       jdk.internal.org.objectweb.asm.ByteVector::<init> (13 bytes)
Event: 0.973 Thread 0x00007fd78c12d800 nmethod 905 0x00007fd774f31c10 code [0x00007fd774f31dc0, 0x00007fd774f32030]
Event: 0.973 Thread 0x00007fd78c12d800  908       3       java.lang.invoke.InvokerBytecodeGenerator::loadInsnOpcode (86 bytes)
Event: 0.973 Thread 0x00007fd78c12d800 nmethod 908 0x00007fd774f32110 code [0x00007fd774f323a0, 0x00007fd774f32f30]
Event: 0.976 Thread 0x00007fd78c12d800  917       3       jdk.internal.org.objectweb.asm.ByteVector::put11 (52 bytes)
Event: 0.977 Thread 0x00007fd78c12b000  916       4       jdk.internal.org.objectweb.asm.ByteVector::putUTF8 (142 bytes)
Event: 0.977 Thread 0x00007fd78c12d800 nmethod 917 0x00007fd774f33310 code [0x00007fd774f334e0, 0x00007fd774f33700]
Event: 0.977 Thread 0x00007fd78c12d800  918       3       java.lang.invoke.InvokerBytecodeGenerator::getInternalName (98 bytes)
Event: 0.978 Thread 0x00007fd78c12d800 nmethod 918 0x00007fd774f33890 code [0x00007fd774f33aa0, 0x00007fd774f33f70]
Event: 0.978 Thread 0x00007fd78c12d800  915       3       java.lang.invoke.MemberName::getName (25 bytes)
Event: 0.978 Thread 0x00007fd78c12d800 nmethod 915 0x00007fd774f34090 code [0x00007fd774f34260, 0x00007fd774f345e0]
Event: 0.978 Thread 0x00007fd78c12d800  913       3       java.lang.invoke.MemberName::isMethod (7 bytes)
Event: 0.978 Thread 0x00007fd78c12d800 nmethod 913 0x00007fd774f34710 code [0x00007fd774f348c0, 0x00007fd774f34b10]
Event: 0.978 Thread 0x00007fd78c12d800  914       3       java.lang.invoke.MemberName::getInvocationType (56 bytes)
Event: 0.979 Thread 0x00007fd78c12d800 nmethod 914 0x00007fd774f34c10 code [0x00007fd774f34e40, 0x00007fd774f35720]
Event: 0.980 Thread 0x00007fd78c12d800  920       3       sun.invoke.util.VerifyType::isNullConversion (157 bytes)
Event: 0.981 Thread 0x00007fd78c12d800 nmethod 920 0x00007fd774f35990 code [0x00007fd774f35ca0, 0x00007fd774f37180]
Event: 0.981 Thread 0x00007fd78c12d800  921       3       java.lang.StringLatin1::inflate (34 bytes)
Event: 0.981 Thread 0x00007fd78c12d800 nmethod 921 0x00007fd774f37610 code [0x00007fd774f377e0, 0x00007fd774f379d0]

GC Heap History (6 events):
Event: 0.330 GC heap before
{Heap before GC invocations=0 (full 0):
 garbage-first heap   total 65536K, used 6860K [0x00000000c3200000, 0x0000000100000000)
  region size 1024K, 7 young (7168K), 0 survivors (0K)
 Metaspace       used 1233K, capacity 4702K, committed 4864K, reserved 1056768K
  class space    used 117K, capacity 439K, committed 512K, reserved 1048576K
}
Event: 0.336 GC heap after
{Heap after GC invocations=1 (full 0):
 garbage-first heap   total 65536K, used 5990K [0x00000000c3200000, 0x0000000100000000)
  region size 1024K, 1 young (1024K), 1 survivors (1024K)
 Metaspace       used 1233K, capacity 4702K, committed 4864K, reserved 1056768K
  class space    used 117K, capacity 439K, committed 512K, reserved 1048576K
}
Event: 0.535 GC heap before
{Heap before GC invocations=1 (full 0):
 garbage-first heap   total 65536K, used 9062K [0x00000000c3200000, 0x0000000100000000)
  region size 1024K, 4 young (4096K), 1 survivors (1024K)
 Metaspace       used 2578K, capacity 5777K, committed 6016K, reserved 1056768K
  class space    used 291K, capacity 606K, committed 640K, reserved 1048576K
}
Event: 0.539 GC heap after
{Heap after GC invocations=2 (full 0):
 garbage-first heap   total 65536K, used 6251K [0x00000000c3200000, 0x0000000100000000)
  region size 1024K, 1 young (1024K), 1 survivors (1024K)
 Metaspace       used 2578K, capacity 5777K, committed 6016K, reserved 1056768K
  class space    used 291K, capacity 606K, committed 640K, reserved 1048576K
}
Event: 0.968 GC heap before
{Heap before GC invocations=2 (full 0):
 garbage-first heap   total 65536K, used 17515K [0x00000000c3200000, 0x0000000100000000)
  region size 1024K, 12 young (12288K), 1 survivors (1024K)
 Metaspace       used 4170K, capacity 6675K, committed 6912K, reserved 1056768K
  class space    used 466K, capacity 738K, committed 768K, reserved 1048576K
}
Event: 0.971 GC heap after
{Heap after GC invocations=3 (full 0):
 garbage-first heap   total 65536K, used 6574K [0x00000000c3200000, 0x0000000100000000)
  region size 1024K, 1 young (1024K), 1 survivors (1024K)
 Metaspace       used 4170K, capacity 6675K, committed 6912K, reserved 1056768K
  class space    used 466K, capacity 738K, committed 768K, reserved 1048576K
}

Deoptimization events (20 events):
Event: 0.572 Thread 0x00007fd78c017800 Uncommon trap: trap_request=0xffffff4d fr.pc=0x00007fd77c2eaab4 relative=0x00000000000003f4
Event: 0.572 Thread 0x00007fd78c017800 Uncommon trap: reason=unstable_if action=reinterpret pc=0x00007fd77c2eaab4 method=java.lang.StringLatin1.indexOf([BI[BII)I @ 91 c2
Event: 0.572 Thread 0x00007fd78c017800 DEOPT PACKING pc=0x00007fd77c2eaab4 sp=0x00007fd791006280
Event: 0.572 Thread 0x00007fd78c017800 DEOPT UNPACKING pc=0x00007fd774846ea5 sp=0x00007fd791006200 mode 2
Event: 0.925 Thread 0x00007fd78c017800 Uncommon trap: trap_request=0xffffffc6 fr.pc=0x00007fd77c2ce824 relative=0x0000000000000084
Event: 0.925 Thread 0x00007fd78c017800 Uncommon trap: reason=bimorphic_or_optimized_type_check action=maybe_recompile pc=0x00007fd77c2ce824 method=java.util.AbstractCollection.isEmpty()Z @ 1 c2
Event: 0.925 Thread 0x00007fd78c017800 DEOPT PACKING pc=0x00007fd77c2ce824 sp=0x00007fd7910061f0
Event: 0.925 Thread 0x00007fd78c017800 DEOPT UNPACKING pc=0x00007fd774846ea5 sp=0x00007fd7910061a0 mode 2
Event: 0.926 Thread 0x00007fd78c017800 Uncommon trap: trap_request=0xffffffc6 fr.pc=0x00007fd77c2ce824 relative=0x0000000000000084
Event: 0.926 Thread 0x00007fd78c017800 Uncommon trap: reason=bimorphic_or_optimized_type_check action=maybe_recompile pc=0x00007fd77c2ce824 method=java.util.AbstractCollection.isEmpty()Z @ 1 c2
Event: 0.926 Thread 0x00007fd78c017800 DEOPT PACKING pc=0x00007fd77c2ce824 sp=0x00007fd7910063c0
Event: 0.926 Thread 0x00007fd78c017800 DEOPT UNPACKING pc=0x00007fd774846ea5 sp=0x00007fd791006370 mode 2
Event: 0.928 Thread 0x00007fd78c017800 Uncommon trap: trap_request=0xffffffc6 fr.pc=0x00007fd77c2ce824 relative=0x0000000000000084
Event: 0.928 Thread 0x00007fd78c017800 Uncommon trap: reason=bimorphic_or_optimized_type_check action=maybe_recompile pc=0x00007fd77c2ce824 method=java.util.AbstractCollection.isEmpty()Z @ 1 c2
Event: 0.928 Thread 0x00007fd78c017800 DEOPT PACKING pc=0x00007fd77c2ce824 sp=0x00007fd7910063e0
Event: 0.928 Thread 0x00007fd78c017800 DEOPT UNPACKING pc=0x00007fd774846ea5 sp=0x00007fd791006390 mode 2
Event: 0.928 Thread 0x00007fd78c017800 Uncommon trap: trap_request=0xffffffc6 fr.pc=0x00007fd77c2ce824 relative=0x0000000000000084
Event: 0.928 Thread 0x00007fd78c017800 Uncommon trap: reason=bimorphic_or_optimized_type_check action=maybe_recompile pc=0x00007fd77c2ce824 method=java.util.AbstractCollection.isEmpty()Z @ 1 c2
Event: 0.928 Thread 0x00007fd78c017800 DEOPT PACKING pc=0x00007fd77c2ce824 sp=0x00007fd7910061f0
Event: 0.928 Thread 0x00007fd78c017800 DEOPT UNPACKING pc=0x00007fd774846ea5 sp=0x00007fd7910061a0 mode 2

Classes redefined (0 events):
No events

Internal exceptions (20 events):
Event: 0.184 Thread 0x00007fd78c017800 Exception <a 'java/security/PrivilegedActionException'{0x00000000c6e6de48}> (0x00000000c6e6de48) thrown at [src/hotspot/share/prims/jvm.cpp, line 1304]
Event: 0.184 Thread 0x00007fd78c017800 Exception <a 'java/security/PrivilegedActionException'{0x00000000c6e6e118}> (0x00000000c6e6e118) thrown at [src/hotspot/share/prims/jvm.cpp, line 1304]
Event: 0.184 Thread 0x00007fd78c017800 Exception <a 'java/security/PrivilegedActionException'{0x00000000c6e6ebe8}> (0x00000000c6e6ebe8) thrown at [src/hotspot/share/prims/jvm.cpp, line 1304]
Event: 0.184 Thread 0x00007fd78c017800 Exception <a 'java/security/PrivilegedActionException'{0x00000000c6e6eeb8}> (0x00000000c6e6eeb8) thrown at [src/hotspot/share/prims/jvm.cpp, line 1304]
Event: 0.184 Thread 0x00007fd78c017800 Exception <a 'java/security/PrivilegedActionException'{0x00000000c6e6f9a0}> (0x00000000c6e6f9a0) thrown at [src/hotspot/share/prims/jvm.cpp, line 1304]
Event: 0.184 Thread 0x00007fd78c017800 Exception <a 'java/security/PrivilegedActionException'{0x00000000c6e6fc70}> (0x00000000c6e6fc70) thrown at [src/hotspot/share/prims/jvm.cpp, line 1304]
Event: 0.184 Thread 0x00007fd78c017800 Exception <a 'java/security/PrivilegedActionException'{0x00000000c6e70758}> (0x00000000c6e70758) thrown at [src/hotspot/share/prims/jvm.cpp, line 1304]
Event: 0.184 Thread 0x00007fd78c017800 Exception <a 'java/security/PrivilegedActionException'{0x00000000c6e70a28}> (0x00000000c6e70a28) thrown at [src/hotspot/share/prims/jvm.cpp, line 1304]
Event: 0.184 Thread 0x00007fd78c017800 Exception <a 'java/security/PrivilegedActionException'{0x00000000c6e71520}> (0x00000000c6e71520) thrown at [src/hotspot/share/prims/jvm.cpp, line 1304]
Event: 0.184 Thread 0x00007fd78c017800 Exception <a 'java/security/PrivilegedActionException'{0x00000000c6e717f0}> (0x00000000c6e717f0) thrown at [src/hotspot/share/prims/jvm.cpp, line 1304]
Event: 0.184 Thread 0x00007fd78c017800 Exception <a 'java/security/PrivilegedActionException'{0x00000000c6e722c0}> (0x00000000c6e722c0) thrown at [src/hotspot/share/prims/jvm.cpp, line 1304]
Event: 0.184 Thread 0x00007fd78c017800 Exception <a 'java/security/PrivilegedActionException'{0x00000000c6e72590}> (0x00000000c6e72590) thrown at [src/hotspot/share/prims/jvm.cpp, line 1304]
Event: 0.185 Thread 0x00007fd78c017800 Exception <a 'java/security/PrivilegedActionException'{0x00000000c6e730a0}> (0x00000000c6e730a0) thrown at [src/hotspot/share/prims/jvm.cpp, line 1304]
Event: 0.185 Thread 0x00007fd78c017800 Exception <a 'java/security/PrivilegedActionException'{0x00000000c6e73370}> (0x00000000c6e73370) thrown at [src/hotspot/share/prims/jvm.cpp, line 1304]
Event: 0.208 Thread 0x00007fd78c017800 Exception <a 'java/security/PrivilegedActionException'{0x00000000c6efbb48}> (0x00000000c6efbb48) thrown at [src/hotspot/share/prims/jvm.cpp, line 1304]
Event: 0.208 Thread 0x00007fd78c017800 Exception <a 'java/security/PrivilegedActionException'{0x00000000c6efbe18}> (0x00000000c6efbe18) thrown at [src/hotspot/share/prims/jvm.cpp, line 1304]
Event: 0.529 Thread 0x00007fd78c017800 Exception <a 'java/lang/NoSuchMethodError'{0x00000000c6decf58}: 'int java.lang.invoke.DirectMethodHandle$Holder.invokeStaticInit(java.lang.Object, java.lang.Object, java.lang.Object, java.lang.Object)'> (0x00000000c6decf58) thrown at [src/hotspot/share/interpreter/linkResolver.cpp, line 772]
Event: 0.531 Thread 0x00007fd78c017800 Exception <a 'java/lang/IncompatibleClassChangeError'{0x00000000c6df6cd8}: Found class java.lang.Object, but interface was expected> (0x00000000c6df6cd8) thrown at [src/hotspot/share/interpreter/linkResolver.cpp, line 839]
Event: 0.533 Thread 0x00007fd78c017800 Exception <a 'java/lang/NoSuchMethodError'{0x00000000c6df9e88}: 'void java.lang.invoke.DirectMethodHandle$Holder.invokeStaticInit(java.lang.Object, java.lang.Object)'> (0x00000000c6df9e88) thrown at [src/hotspot/share/interpreter/linkResolver.cpp, line 772]
Event: 0.535 Thread 0x00007fd78c017800 Exception <a 'java/lang/NoSuchMethodError'{0x00000000c6dff5e0}: 'int java.lang.invoke.DirectMethodHandle$Holder.invokeStaticInit(java.lang.Object, java.lang.Object)'> (0x00000000c6dff5e0) thrown at [src/hotspot/share/interpreter/linkResolver.cpp, line 772]

Events (20 events):
Event: 0.925 loading class java/lang/invoke/BoundMethodHandle$Species_LL
Event: 0.925 loading class java/lang/invoke/BoundMethodHandle$Species_LL done
Event: 0.928 loading class java/lang/invoke/BoundMethodHandle$Species_LLL
Event: 0.928 loading class java/lang/invoke/BoundMethodHandle$Species_LLL done
Event: 0.930 loading class java/lang/invoke/BoundMethodHandle$Species_LLLL
Event: 0.930 loading class java/lang/invoke/BoundMethodHandle$Species_LLLL done
Event: 0.934 loading class java/lang/invoke/BoundMethodHandle$Species_LLLLL
Event: 0.934 loading class java/lang/invoke/BoundMethodHandle$Species_LLLLL done
Event: 0.939 loading class java/lang/invoke/BoundMethodHandle$Species_LLLLLL
Event: 0.939 loading class java/lang/invoke/BoundMethodHandle$Species_LLLLLL done
Event: 0.943 loading class java/lang/invoke/BoundMethodHandle$Species_LLLLLLI
Event: 0.943 loading class java/lang/invoke/BoundMethodHandle$Species_LLLLLLI done
Event: 0.949 loading class java/lang/invoke/BoundMethodHandle$Species_LLLLLLII
Event: 0.949 loading class java/lang/invoke/BoundMethodHandle$Species_LLLLLLII done
Event: 0.951 loading class java/lang/invoke/BoundMethodHandle$Species_LLLLLLIIL
Event: 0.951 loading class java/lang/invoke/BoundMethodHandle$Species_LLLLLLIIL done
Event: 0.955 loading class scope/LocalScope
Event: 0.955 loading class scope/LocalScope done
Event: 0.968 Executing VM operation: G1CollectForAllocation
Event: 0.971 Executing VM operation: G1CollectForAllocation done


Dynamic libraries:
c3200000-c7000000 rw-p 00000000 00:00 0 
c7000000-ffe00000 ---p 00000000 00:00 0 
ffe00000-ffe48000 rw-p 00b0a000 08:05 142310                             /usr/lib/jvm/java-11-openjdk-amd64/lib/server/classes.jsa
ffe48000-fff00000 rw-p 00000000 00:00 0 
fff00000-fff6b000 rw-p 00a9f000 08:05 142310                             /usr/lib/jvm/java-11-openjdk-amd64/lib/server/classes.jsa
fff6b000-100000000 rw-p 00000000 00:00 0 
800000000-800002000 rwxp 00001000 08:05 142310                           /usr/lib/jvm/java-11-openjdk-amd64/lib/server/classes.jsa
800002000-8003cc000 rw-p 00003000 08:05 142310                           /usr/lib/jvm/java-11-openjdk-amd64/lib/server/classes.jsa
8003cc000-800a9d000 r--p 003cd000 08:05 142310                           /usr/lib/jvm/java-11-openjdk-amd64/lib/server/classes.jsa
800a9d000-800a9e000 rw-p 00a9e000 08:05 142310                           /usr/lib/jvm/java-11-openjdk-amd64/lib/server/classes.jsa
840000000-8400c0000 rw-p 00000000 00:00 0 
8400c0000-880000000 ---p 00000000 00:00 0 
558a927af000-558a927b0000 r--p 00000000 08:05 142834                     /usr/lib/jvm/java-11-openjdk-amd64/bin/java
558a927b0000-558a927b1000 r-xp 00001000 08:05 142834                     /usr/lib/jvm/java-11-openjdk-amd64/bin/java
558a927b1000-558a927b2000 r--p 00002000 08:05 142834                     /usr/lib/jvm/java-11-openjdk-amd64/bin/java
558a927b2000-558a927b3000 r--p 00002000 08:05 142834                     /usr/lib/jvm/java-11-openjdk-amd64/bin/java
558a927b3000-558a927b4000 rw-p 00003000 08:05 142834                     /usr/lib/jvm/java-11-openjdk-amd64/bin/java
558a92e41000-558a92e62000 rw-p 00000000 00:00 0                          [heap]
7fd72d52c000-7fd72de52000 r--p 00000000 08:05 525029                     /home/whale/.javacpp/cache/llvm-13.0.1-1.5.7-linux-x86_64.jar/org/bytedeco/llvm/linux-x86_64/libLLVM-13.so
7fd72de52000-7fd731815000 r-xp 00926000 08:05 525029                     /home/whale/.javacpp/cache/llvm-13.0.1-1.5.7-linux-x86_64.jar/org/bytedeco/llvm/linux-x86_64/libLLVM-13.so
7fd731815000-7fd733a6a000 r--p 042e9000 08:05 525029                     /home/whale/.javacpp/cache/llvm-13.0.1-1.5.7-linux-x86_64.jar/org/bytedeco/llvm/linux-x86_64/libLLVM-13.so
7fd733a6a000-7fd733f7f000 r--p 0653d000 08:05 525029                     /home/whale/.javacpp/cache/llvm-13.0.1-1.5.7-linux-x86_64.jar/org/bytedeco/llvm/linux-x86_64/libLLVM-13.so
7fd733f7f000-7fd733f8a000 rw-p 06a52000 08:05 525029                     /home/whale/.javacpp/cache/llvm-13.0.1-1.5.7-linux-x86_64.jar/org/bytedeco/llvm/linux-x86_64/libLLVM-13.so
7fd733f8a000-7fd734000000 rw-p 00000000 00:00 0 
7fd734000000-7fd734021000 rw-p 00000000 00:00 0 
7fd734021000-7fd738000000 ---p 00000000 00:00 0 
7fd738000000-7fd738021000 rw-p 00000000 00:00 0 
7fd738021000-7fd73c000000 ---p 00000000 00:00 0 
7fd73c000000-7fd73c20b000 rw-p 00000000 00:00 0 
7fd73c20b000-7fd740000000 ---p 00000000 00:00 0 
7fd740000000-7fd740508000 rw-p 00000000 00:00 0 
7fd740508000-7fd744000000 ---p 00000000 00:00 0 
7fd744000000-7fd744021000 rw-p 00000000 00:00 0 
7fd744021000-7fd748000000 ---p 00000000 00:00 0 
7fd748000000-7fd748021000 rw-p 00000000 00:00 0 
7fd748021000-7fd74c000000 ---p 00000000 00:00 0 
7fd74c000000-7fd74c021000 rw-p 00000000 00:00 0 
7fd74c021000-7fd750000000 ---p 00000000 00:00 0 
7fd750000000-7fd750021000 rw-p 00000000 00:00 0 
7fd750021000-7fd754000000 ---p 00000000 00:00 0 
7fd754000000-7fd754021000 rw-p 00000000 00:00 0 
7fd754021000-7fd758000000 ---p 00000000 00:00 0 
7fd758000000-7fd758021000 rw-p 00000000 00:00 0 
7fd758021000-7fd75c000000 ---p 00000000 00:00 0 
7fd75e67f000-7fd75e6e4000 r--p 00000000 08:05 525034                     /home/whale/.javacpp/cache/llvm-13.0.1-1.5.7-linux-x86_64.jar/org/bytedeco/llvm/linux-x86_64/libjniLLVM.so
7fd75e6e4000-7fd75e752000 r-xp 00065000 08:05 525034                     /home/whale/.javacpp/cache/llvm-13.0.1-1.5.7-linux-x86_64.jar/org/bytedeco/llvm/linux-x86_64/libjniLLVM.so
7fd75e752000-7fd75e77d000 r--p 000d3000 08:05 525034                     /home/whale/.javacpp/cache/llvm-13.0.1-1.5.7-linux-x86_64.jar/org/bytedeco/llvm/linux-x86_64/libjniLLVM.so
7fd75e77d000-7fd75e780000 r--p 000fd000 08:05 525034                     /home/whale/.javacpp/cache/llvm-13.0.1-1.5.7-linux-x86_64.jar/org/bytedeco/llvm/linux-x86_64/libjniLLVM.so
7fd75e780000-7fd75e783000 rw-p 00100000 08:05 525034                     /home/whale/.javacpp/cache/llvm-13.0.1-1.5.7-linux-x86_64.jar/org/bytedeco/llvm/linux-x86_64/libjniLLVM.so
7fd75e783000-7fd75e785000 rw-p 00000000 00:00 0 
7fd75e785000-7fd75e789000 ---p 00000000 00:00 0 
7fd75e789000-7fd75e886000 rw-p 00000000 00:00 0 
7fd75e886000-7fd75e887000 ---p 00000000 00:00 0 
7fd75e887000-7fd75e988000 rw-p 00000000 00:00 0 
7fd75e988000-7fd75e989000 ---p 00000000 00:00 0 
7fd75e989000-7fd75ea8a000 rw-p 00000000 00:00 0 
7fd75ea8a000-7fd75ea8e000 ---p 00000000 00:00 0 
7fd75ea8e000-7fd75eb8b000 rw-p 00000000 00:00 0 
7fd75eb8b000-7fd75eb8f000 ---p 00000000 00:00 0 
7fd75eb8f000-7fd75ec8c000 rw-p 00000000 00:00 0 
7fd75ec8c000-7fd75ec90000 ---p 00000000 00:00 0 
7fd75ec90000-7fd75ed8d000 rw-p 00000000 00:00 0 
7fd75ed8d000-7fd75ed91000 ---p 00000000 00:00 0 
7fd75ed91000-7fd75ee8e000 rw-p 00000000 00:00 0 
7fd75ee8e000-7fd75ee92000 ---p 00000000 00:00 0 
7fd75ee92000-7fd75ef8f000 rw-p 00000000 00:00 0 
7fd75ef8f000-7fd75f800000 r--p 00000000 08:05 131580                     /usr/lib/locale/locale-archive
7fd75f800000-7fd75fe00000 rw-p 00000000 00:00 0 
7fd75fe00000-7fd760000000 ---p 00000000 00:00 0 
7fd760000000-7fd760021000 rw-p 00000000 00:00 0 
7fd760021000-7fd764000000 ---p 00000000 00:00 0 
7fd764000000-7fd764021000 rw-p 00000000 00:00 0 
7fd764021000-7fd768000000 ---p 00000000 00:00 0 
7fd768000000-7fd768021000 rw-p 00000000 00:00 0 
7fd768021000-7fd76c000000 ---p 00000000 00:00 0 
7fd76c08f000-7fd76c093000 ---p 00000000 00:00 0 
7fd76c093000-7fd76e288000 rw-p 00000000 00:00 0 
7fd76e288000-7fd76f0c0000 ---p 00000000 00:00 0 
7fd76f0c0000-7fd76f1c0000 rw-p 00000000 00:00 0 
7fd76f1c0000-7fd76fff8000 ---p 00000000 00:00 0 
7fd76fff8000-7fd770000000 rw-p 00000000 00:00 0 
7fd770000000-7fd770021000 rw-p 00000000 00:00 0 
7fd770021000-7fd774000000 ---p 00000000 00:00 0 
7fd774072000-7fd774076000 ---p 00000000 00:00 0 
7fd774076000-7fd774173000 rw-p 00000000 00:00 0 
7fd774173000-7fd774177000 ---p 00000000 00:00 0 
7fd774177000-7fd774274000 rw-p 00000000 00:00 0 
7fd774274000-7fd774278000 ---p 00000000 00:00 0 
7fd774278000-7fd774375000 rw-p 00000000 00:00 0 
7fd774375000-7fd774376000 ---p 00000000 00:00 0 
7fd774376000-7fd7744f8000 rw-p 00000000 00:00 0 
7fd7744f8000-7fd7744f9000 ---p 00000000 00:00 0 
7fd7744f9000-7fd7745fa000 rw-p 00000000 00:00 0 
7fd7745fa000-7fd7745fb000 ---p 00000000 00:00 0 
7fd7745fb000-7fd7747fd000 rw-p 00000000 00:00 0 
7fd7747fd000-7fd774a6d000 rwxp 00000000 00:00 0 
7fd774a6d000-7fd774d8c000 ---p 00000000 00:00 0 
7fd774d8c000-7fd774ffc000 rwxp 00000000 00:00 0 
7fd774ffc000-7fd77c2c4000 ---p 00000000 00:00 0 
7fd77c2c4000-7fd77c534000 rwxp 00000000 00:00 0 
7fd77c534000-7fd7837fd000 ---p 00000000 00:00 0 
7fd7837fd000-7fd78c000000 r--s 00000000 08:05 142924                     /usr/lib/jvm/java-11-openjdk-amd64/lib/modules
7fd78c000000-7fd78c4aa000 rw-p 00000000 00:00 0 
7fd78c4aa000-7fd790000000 ---p 00000000 00:00 0 
7fd790009000-7fd790010000 r--s 00000000 08:05 668551                     /usr/lib/x86_64-linux-gnu/gconv/gconv-modules.cache
7fd790010000-7fd790011000 r--p 00000000 08:05 525032                     /home/whale/.javacpp/cache/llvm-13.0.1-1.5.7-linux-x86_64.jar/org/bytedeco/llvm/linux-x86_64/libRemarks.so.13
7fd790011000-7fd790012000 r-xp 00001000 08:05 525032                     /home/whale/.javacpp/cache/llvm-13.0.1-1.5.7-linux-x86_64.jar/org/bytedeco/llvm/linux-x86_64/libRemarks.so.13
7fd790012000-7fd790013000 r--p 00002000 08:05 525032                     /home/whale/.javacpp/cache/llvm-13.0.1-1.5.7-linux-x86_64.jar/org/bytedeco/llvm/linux-x86_64/libRemarks.so.13
7fd790013000-7fd790014000 r--p 00002000 08:05 525032                     /home/whale/.javacpp/cache/llvm-13.0.1-1.5.7-linux-x86_64.jar/org/bytedeco/llvm/linux-x86_64/libRemarks.so.13
7fd790014000-7fd790015000 rw-p 00003000 08:05 525032                     /home/whale/.javacpp/cache/llvm-13.0.1-1.5.7-linux-x86_64.jar/org/bytedeco/llvm/linux-x86_64/libRemarks.so.13
7fd790015000-7fd79001c000 r--p 00000000 08:05 525030                     /home/whale/.javacpp/cache/llvm-13.0.1-1.5.7-linux-x86_64.jar/org/bytedeco/llvm/linux-x86_64/libLTO.so.13
7fd79001c000-7fd790024000 r-xp 00007000 08:05 525030                     /home/whale/.javacpp/cache/llvm-13.0.1-1.5.7-linux-x86_64.jar/org/bytedeco/llvm/linux-x86_64/libLTO.so.13
7fd790024000-7fd790026000 r--p 0000f000 08:05 525030                     /home/whale/.javacpp/cache/llvm-13.0.1-1.5.7-linux-x86_64.jar/org/bytedeco/llvm/linux-x86_64/libLTO.so.13
7fd790026000-7fd790027000 r--p 00010000 08:05 525030                     /home/whale/.javacpp/cache/llvm-13.0.1-1.5.7-linux-x86_64.jar/org/bytedeco/llvm/linux-x86_64/libLTO.so.13
7fd790027000-7fd790028000 rw-p 00011000 08:05 525030                     /home/whale/.javacpp/cache/llvm-13.0.1-1.5.7-linux-x86_64.jar/org/bytedeco/llvm/linux-x86_64/libLTO.so.13
7fd790028000-7fd79002c000 r--p 00000000 08:05 525023                     /home/whale/.javacpp/cache/javacpp-1.5.7-linux-x86_64.jar/org/bytedeco/javacpp/linux-x86_64/libjnijavacpp.so
7fd79002c000-7fd790033000 r-xp 00004000 08:05 525023                     /home/whale/.javacpp/cache/javacpp-1.5.7-linux-x86_64.jar/org/bytedeco/javacpp/linux-x86_64/libjnijavacpp.so
7fd790033000-7fd790037000 r--p 0000b000 08:05 525023                     /home/whale/.javacpp/cache/javacpp-1.5.7-linux-x86_64.jar/org/bytedeco/javacpp/linux-x86_64/libjnijavacpp.so
7fd790037000-7fd790038000 r--p 0000e000 08:05 525023                     /home/whale/.javacpp/cache/javacpp-1.5.7-linux-x86_64.jar/org/bytedeco/javacpp/linux-x86_64/libjnijavacpp.so
7fd790038000-7fd790039000 rw-p 0000f000 08:05 525023                     /home/whale/.javacpp/cache/javacpp-1.5.7-linux-x86_64.jar/org/bytedeco/javacpp/linux-x86_64/libjnijavacpp.so
7fd790039000-7fd79003d000 r--p 00000000 08:05 142914                     /usr/lib/jvm/java-11-openjdk-amd64/lib/libnet.so
7fd79003d000-7fd79004b000 r-xp 00004000 08:05 142914                     /usr/lib/jvm/java-11-openjdk-amd64/lib/libnet.so
7fd79004b000-7fd79004f000 r--p 00012000 08:05 142914                     /usr/lib/jvm/java-11-openjdk-amd64/lib/libnet.so
7fd79004f000-7fd790050000 r--p 00015000 08:05 142914                     /usr/lib/jvm/java-11-openjdk-amd64/lib/libnet.so
7fd790050000-7fd790051000 rw-p 00016000 08:05 142914                     /usr/lib/jvm/java-11-openjdk-amd64/lib/libnet.so
7fd790051000-7fd790058000 r--p 00000000 08:05 142915                     /usr/lib/jvm/java-11-openjdk-amd64/lib/libnio.so
7fd790058000-7fd790060000 r-xp 00007000 08:05 142915                     /usr/lib/jvm/java-11-openjdk-amd64/lib/libnio.so
7fd790060000-7fd790063000 r--p 0000f000 08:05 142915                     /usr/lib/jvm/java-11-openjdk-amd64/lib/libnio.so
7fd790063000-7fd790064000 r--p 00011000 08:05 142915                     /usr/lib/jvm/java-11-openjdk-amd64/lib/libnio.so
7fd790064000-7fd790065000 rw-p 00012000 08:05 142915                     /usr/lib/jvm/java-11-openjdk-amd64/lib/libnio.so
7fd790065000-7fd7901c1000 rw-p 00000000 00:00 0 
7fd7901c1000-7fd7901c2000 ---p 00000000 00:00 0 
7fd7901c2000-7fd7902c3000 rw-p 00000000 00:00 0 
7fd7902c3000-7fd7902c4000 ---p 00000000 00:00 0 
7fd7902c4000-7fd790405000 rw-p 00000000 00:00 0 
7fd790405000-7fd7905cc000 ---p 00000000 00:00 0 
7fd7905cc000-7fd7905ec000 rw-p 00000000 00:00 0 
7fd7905ec000-7fd7907b3000 ---p 00000000 00:00 0 
7fd7907b3000-7fd7907d3000 rw-p 00000000 00:00 0 
7fd7907d3000-7fd79099a000 ---p 00000000 00:00 0 
7fd79099a000-7fd790b9d000 rw-p 00000000 00:00 0 
7fd790b9d000-7fd790b9e000 ---p 00000000 00:00 0 
7fd790b9e000-7fd790ca4000 rw-p 00000000 00:00 0 
7fd790ca4000-7fd790d8a000 ---p 00000000 00:00 0 
7fd790d8a000-7fd790d8f000 rw-p 00000000 00:00 0 
7fd790d8f000-7fd790e75000 ---p 00000000 00:00 0 
7fd790e75000-7fd790e7a000 rw-p 00000000 00:00 0 
7fd790e7a000-7fd790e81000 ---p 00000000 00:00 0 
7fd790e81000-7fd790e83000 r--p 00000000 08:05 142923                     /usr/lib/jvm/java-11-openjdk-amd64/lib/libzip.so
7fd790e83000-7fd790e88000 r-xp 00002000 08:05 142923                     /usr/lib/jvm/java-11-openjdk-amd64/lib/libzip.so
7fd790e88000-7fd790e8a000 r--p 00007000 08:05 142923                     /usr/lib/jvm/java-11-openjdk-amd64/lib/libzip.so
7fd790e8a000-7fd790e8b000 r--p 00008000 08:05 142923                     /usr/lib/jvm/java-11-openjdk-amd64/lib/libzip.so
7fd790e8b000-7fd790e8c000 rw-p 00009000 08:05 142923                     /usr/lib/jvm/java-11-openjdk-amd64/lib/libzip.so
7fd790e8c000-7fd790e8f000 r--p 00000000 08:05 133285                     /usr/lib/x86_64-linux-gnu/libnss_files-2.31.so
7fd790e8f000-7fd790e96000 r-xp 00003000 08:05 133285                     /usr/lib/x86_64-linux-gnu/libnss_files-2.31.so
7fd790e96000-7fd790e98000 r--p 0000a000 08:05 133285                     /usr/lib/x86_64-linux-gnu/libnss_files-2.31.so
7fd790e98000-7fd790e99000 r--p 0000b000 08:05 133285                     /usr/lib/x86_64-linux-gnu/libnss_files-2.31.so
7fd790e99000-7fd790e9a000 rw-p 0000c000 08:05 133285                     /usr/lib/x86_64-linux-gnu/libnss_files-2.31.so
7fd790e9a000-7fd790ea0000 rw-p 00000000 00:00 0 
7fd790ea4000-7fd790ea5000 r--p 00000000 08:05 142896                     /usr/lib/jvm/java-11-openjdk-amd64/lib/libextnet.so
7fd790ea5000-7fd790ea6000 r-xp 00001000 08:05 142896                     /usr/lib/jvm/java-11-openjdk-amd64/lib/libextnet.so
7fd790ea6000-7fd790ea7000 r--p 00002000 08:05 142896                     /usr/lib/jvm/java-11-openjdk-amd64/lib/libextnet.so
7fd790ea7000-7fd790ea8000 r--p 00002000 08:05 142896                     /usr/lib/jvm/java-11-openjdk-amd64/lib/libextnet.so
7fd790ea8000-7fd790ea9000 rw-p 00003000 08:05 142896                     /usr/lib/jvm/java-11-openjdk-amd64/lib/libextnet.so
7fd790ea9000-7fd790eb1000 rw-s 00000000 08:05 262346                     /tmp/hsperfdata_whale/6869
7fd790eb1000-7fd790eb3000 r--p 00000000 08:05 142898                     /usr/lib/jvm/java-11-openjdk-amd64/lib/libinstrument.so
7fd790eb3000-7fd790eb9000 r-xp 00002000 08:05 142898                     /usr/lib/jvm/java-11-openjdk-amd64/lib/libinstrument.so
7fd790eb9000-7fd790ebc000 r--p 00008000 08:05 142898                     /usr/lib/jvm/java-11-openjdk-amd64/lib/libinstrument.so
7fd790ebc000-7fd790ebd000 r--p 0000a000 08:05 142898                     /usr/lib/jvm/java-11-openjdk-amd64/lib/libinstrument.so
7fd790ebd000-7fd790ebe000 rw-p 0000b000 08:05 142898                     /usr/lib/jvm/java-11-openjdk-amd64/lib/libinstrument.so
7fd790ebe000-7fd790ecc000 r--p 00000000 08:05 142903                     /usr/lib/jvm/java-11-openjdk-amd64/lib/libjava.so
7fd790ecc000-7fd790ee2000 r-xp 0000e000 08:05 142903                     /usr/lib/jvm/java-11-openjdk-amd64/lib/libjava.so
7fd790ee2000-7fd790ee9000 r--p 00024000 08:05 142903                     /usr/lib/jvm/java-11-openjdk-amd64/lib/libjava.so
7fd790ee9000-7fd790eea000 r--p 0002a000 08:05 142903                     /usr/lib/jvm/java-11-openjdk-amd64/lib/libjava.so
7fd790eea000-7fd790eeb000 rw-p 0002b000 08:05 142903                     /usr/lib/jvm/java-11-openjdk-amd64/lib/libjava.so
7fd790eeb000-7fd790eec000 rw-p 00000000 00:00 0 
7fd790eec000-7fd790ef1000 r--p 00000000 08:05 142922                     /usr/lib/jvm/java-11-openjdk-amd64/lib/libverify.so
7fd790ef1000-7fd790ef8000 r-xp 00005000 08:05 142922                     /usr/lib/jvm/java-11-openjdk-amd64/lib/libverify.so
7fd790ef8000-7fd790efa000 r--p 0000c000 08:05 142922                     /usr/lib/jvm/java-11-openjdk-amd64/lib/libverify.so
7fd790efa000-7fd790efb000 ---p 0000e000 08:05 142922                     /usr/lib/jvm/java-11-openjdk-amd64/lib/libverify.so
7fd790efb000-7fd790efd000 r--p 0000e000 08:05 142922                     /usr/lib/jvm/java-11-openjdk-amd64/lib/libverify.so
7fd790efd000-7fd790efe000 rw-p 00010000 08:05 142922                     /usr/lib/jvm/java-11-openjdk-amd64/lib/libverify.so
7fd790efe000-7fd790f00000 r--p 00000000 08:05 133292                     /usr/lib/x86_64-linux-gnu/librt-2.31.so
7fd790f00000-7fd790f04000 r-xp 00002000 08:05 133292                     /usr/lib/x86_64-linux-gnu/librt-2.31.so
7fd790f04000-7fd790f06000 r--p 00006000 08:05 133292                     /usr/lib/x86_64-linux-gnu/librt-2.31.so
7fd790f06000-7fd790f07000 r--p 00007000 08:05 133292                     /usr/lib/x86_64-linux-gnu/librt-2.31.so
7fd790f07000-7fd790f08000 rw-p 00008000 08:05 133292                     /usr/lib/x86_64-linux-gnu/librt-2.31.so
7fd790f08000-7fd790f0c000 ---p 00000000 00:00 0 
7fd790f0c000-7fd791009000 rw-p 00000000 00:00 0 
7fd791009000-7fd79100c000 r--p 00000000 08:05 138285                     /usr/lib/x86_64-linux-gnu/libgcc_s.so.1
7fd79100c000-7fd79101e000 r-xp 00003000 08:05 138285                     /usr/lib/x86_64-linux-gnu/libgcc_s.so.1
7fd79101e000-7fd791022000 r--p 00015000 08:05 138285                     /usr/lib/x86_64-linux-gnu/libgcc_s.so.1
7fd791022000-7fd791023000 r--p 00018000 08:05 138285                     /usr/lib/x86_64-linux-gnu/libgcc_s.so.1
7fd791023000-7fd791024000 rw-p 00019000 08:05 138285                     /usr/lib/x86_64-linux-gnu/libgcc_s.so.1
7fd791024000-7fd791031000 r--p 00000000 08:05 131587                     /usr/lib/x86_64-linux-gnu/libm-2.31.so
7fd791031000-7fd7910d8000 r-xp 0000d000 08:05 131587                     /usr/lib/x86_64-linux-gnu/libm-2.31.so
7fd7910d8000-7fd791171000 r--p 000b4000 08:05 131587                     /usr/lib/x86_64-linux-gnu/libm-2.31.so
7fd791171000-7fd791172000 r--p 0014c000 08:05 131587                     /usr/lib/x86_64-linux-gnu/libm-2.31.so
7fd791172000-7fd791173000 rw-p 0014d000 08:05 131587                     /usr/lib/x86_64-linux-gnu/libm-2.31.so
7fd791173000-7fd791209000 r--p 00000000 08:05 139076                     /usr/lib/x86_64-linux-gnu/libstdc++.so.6.0.28
7fd791209000-7fd7912fa000 r-xp 00096000 08:05 139076                     /usr/lib/x86_64-linux-gnu/libstdc++.so.6.0.28
7fd7912fa000-7fd791343000 r--p 00187000 08:05 139076                     /usr/lib/x86_64-linux-gnu/libstdc++.so.6.0.28
7fd791343000-7fd791344000 ---p 001d0000 08:05 139076                     /usr/lib/x86_64-linux-gnu/libstdc++.so.6.0.28
7fd791344000-7fd79134f000 r--p 001d0000 08:05 139076                     /usr/lib/x86_64-linux-gnu/libstdc++.so.6.0.28
7fd79134f000-7fd791352000 rw-p 001db000 08:05 139076                     /usr/lib/x86_64-linux-gnu/libstdc++.so.6.0.28
7fd791352000-7fd791355000 rw-p 00000000 00:00 0 
7fd791355000-7fd7915d7000 r--p 00000000 08:05 142927                     /usr/lib/jvm/java-11-openjdk-amd64/lib/server/libjvm.so
7fd7915d7000-7fd792260000 r-xp 00282000 08:05 142927                     /usr/lib/jvm/java-11-openjdk-amd64/lib/server/libjvm.so
7fd792260000-7fd7924bd000 r--p 00f0b000 08:05 142927                     /usr/lib/jvm/java-11-openjdk-amd64/lib/server/libjvm.so
7fd7924bd000-7fd7924be000 ---p 01168000 08:05 142927                     /usr/lib/jvm/java-11-openjdk-amd64/lib/server/libjvm.so
7fd7924be000-7fd792582000 r--p 01168000 08:05 142927                     /usr/lib/jvm/java-11-openjdk-amd64/lib/server/libjvm.so
7fd792582000-7fd7925bd000 rw-p 0122c000 08:05 142927                     /usr/lib/jvm/java-11-openjdk-amd64/lib/server/libjvm.so
7fd7925bd000-7fd792616000 rw-p 00000000 00:00 0 
7fd792616000-7fd79261c000 r--p 00000000 08:05 133290                     /usr/lib/x86_64-linux-gnu/libpthread-2.31.so
7fd79261c000-7fd79262d000 r-xp 00006000 08:05 133290                     /usr/lib/x86_64-linux-gnu/libpthread-2.31.so
7fd79262d000-7fd792633000 r--p 00017000 08:05 133290                     /usr/lib/x86_64-linux-gnu/libpthread-2.31.so
7fd792633000-7fd792634000 r--p 0001c000 08:05 133290                     /usr/lib/x86_64-linux-gnu/libpthread-2.31.so
7fd792634000-7fd792635000 rw-p 0001d000 08:05 133290                     /usr/lib/x86_64-linux-gnu/libpthread-2.31.so
7fd792635000-7fd792639000 rw-p 00000000 00:00 0 
7fd792639000-7fd79263a000 r--p 00000000 08:05 131586                     /usr/lib/x86_64-linux-gnu/libdl-2.31.so
7fd79263a000-7fd79263c000 r-xp 00001000 08:05 131586                     /usr/lib/x86_64-linux-gnu/libdl-2.31.so
7fd79263c000-7fd79263d000 r--p 00003000 08:05 131586                     /usr/lib/x86_64-linux-gnu/libdl-2.31.so
7fd79263d000-7fd79263e000 r--p 00003000 08:05 131586                     /usr/lib/x86_64-linux-gnu/libdl-2.31.so
7fd79263e000-7fd79263f000 rw-p 00004000 08:05 131586                     /usr/lib/x86_64-linux-gnu/libdl-2.31.so
7fd79263f000-7fd792641000 r--p 00000000 08:05 131303                     /usr/lib/x86_64-linux-gnu/libz.so.1.2.11
7fd792641000-7fd792652000 r-xp 00002000 08:05 131303                     /usr/lib/x86_64-linux-gnu/libz.so.1.2.11
7fd792652000-7fd792658000 r--p 00013000 08:05 131303                     /usr/lib/x86_64-linux-gnu/libz.so.1.2.11
7fd792658000-7fd792659000 ---p 00019000 08:05 131303                     /usr/lib/x86_64-linux-gnu/libz.so.1.2.11
7fd792659000-7fd79265a000 r--p 00019000 08:05 131303                     /usr/lib/x86_64-linux-gnu/libz.so.1.2.11
7fd79265a000-7fd79265b000 rw-p 0001a000 08:05 131303                     /usr/lib/x86_64-linux-gnu/libz.so.1.2.11
7fd79265b000-7fd79267d000 r--p 00000000 08:05 131585                     /usr/lib/x86_64-linux-gnu/libc-2.31.so
7fd79267d000-7fd7927f5000 r-xp 00022000 08:05 131585                     /usr/lib/x86_64-linux-gnu/libc-2.31.so
7fd7927f5000-7fd792843000 r--p 0019a000 08:05 131585                     /usr/lib/x86_64-linux-gnu/libc-2.31.so
7fd792843000-7fd792847000 r--p 001e7000 08:05 131585                     /usr/lib/x86_64-linux-gnu/libc-2.31.so
7fd792847000-7fd792849000 rw-p 001eb000 08:05 131585                     /usr/lib/x86_64-linux-gnu/libc-2.31.so
7fd792849000-7fd79284d000 rw-p 00000000 00:00 0 
7fd792851000-7fd792853000 r--s 0000c000 08:05 534628                     /usr/share/java/java-atk-wrapper.jar
7fd792853000-7fd792854000 ---p 00000000 00:00 0 
7fd792854000-7fd792855000 r--p 00000000 00:00 0 
7fd792855000-7fd792857000 r--p 00000000 08:05 142906                     /usr/lib/jvm/java-11-openjdk-amd64/lib/libjimage.so
7fd792857000-7fd79285a000 r-xp 00002000 08:05 142906                     /usr/lib/jvm/java-11-openjdk-amd64/lib/libjimage.so
7fd79285a000-7fd79285b000 r--p 00005000 08:05 142906                     /usr/lib/jvm/java-11-openjdk-amd64/lib/libjimage.so
7fd79285b000-7fd79285c000 ---p 00006000 08:05 142906                     /usr/lib/jvm/java-11-openjdk-amd64/lib/libjimage.so
7fd79285c000-7fd79285d000 r--p 00006000 08:05 142906                     /usr/lib/jvm/java-11-openjdk-amd64/lib/libjimage.so
7fd79285d000-7fd79285e000 rw-p 00007000 08:05 142906                     /usr/lib/jvm/java-11-openjdk-amd64/lib/libjimage.so
7fd79285e000-7fd792861000 r--p 00000000 08:05 142888                     /usr/lib/jvm/java-11-openjdk-amd64/lib/jli/libjli.so
7fd792861000-7fd79286b000 r-xp 00003000 08:05 142888                     /usr/lib/jvm/java-11-openjdk-amd64/lib/jli/libjli.so
7fd79286b000-7fd79286e000 r--p 0000d000 08:05 142888                     /usr/lib/jvm/java-11-openjdk-amd64/lib/jli/libjli.so
7fd79286e000-7fd79286f000 ---p 00010000 08:05 142888                     /usr/lib/jvm/java-11-openjdk-amd64/lib/jli/libjli.so
7fd79286f000-7fd792870000 r--p 00010000 08:05 142888                     /usr/lib/jvm/java-11-openjdk-amd64/lib/jli/libjli.so
7fd792870000-7fd792871000 rw-p 00011000 08:05 142888                     /usr/lib/jvm/java-11-openjdk-amd64/lib/jli/libjli.so
7fd792871000-7fd792873000 rw-p 00000000 00:00 0 
7fd792873000-7fd792874000 r--p 00000000 08:05 131184                     /usr/lib/x86_64-linux-gnu/ld-2.31.so
7fd792874000-7fd792897000 r-xp 00001000 08:05 131184                     /usr/lib/x86_64-linux-gnu/ld-2.31.so
7fd792897000-7fd79289f000 r--p 00024000 08:05 131184                     /usr/lib/x86_64-linux-gnu/ld-2.31.so
7fd7928a0000-7fd7928a1000 r--p 0002c000 08:05 131184                     /usr/lib/x86_64-linux-gnu/ld-2.31.so
7fd7928a1000-7fd7928a2000 rw-p 0002d000 08:05 131184                     /usr/lib/x86_64-linux-gnu/ld-2.31.so
7fd7928a2000-7fd7928a3000 rw-p 00000000 00:00 0 
7ffd792b5000-7ffd792d7000 rw-p 00000000 00:00 0                          [stack]
7ffd792d8000-7ffd792dc000 r--p 00000000 00:00 0                          [vvar]
7ffd792dc000-7ffd792de000 r-xp 00000000 00:00 0                          [vdso]
ffffffffff600000-ffffffffff601000 --xp 00000000 00:00 0                  [vsyscall]


VM Arguments:
jvm_args: -javaagent:/snap/intellij-idea-ultimate/401/lib/idea_rt.jar=38687:/snap/intellij-idea-ultimate/401/bin -Dfile.encoding=UTF-8 
java_command: Main
java_class_path (initial): /home/whale/Lab/target/classes:/usr/local/lib/antlr-4.9.1-complete.jar:/opt/maven/repository/org/bytedeco/llvm-platform/13.0.1-1.5.7/llvm-platform-13.0.1-1.5.7.jar:/opt/maven/repository/org/bytedeco/javacpp-platform/1.5.7/javacpp-platform-1.5.7.jar:/opt/maven/repository/org/bytedeco/javacpp/1.5.7/javacpp-1.5.7.jar:/opt/maven/repository/org/bytedeco/javacpp/1.5.7/javacpp-1.5.7-android-arm.jar:/opt/maven/repository/org/bytedeco/javacpp/1.5.7/javacpp-1.5.7-android-arm64.jar:/opt/maven/repository/org/bytedeco/javacpp/1.5.7/javacpp-1.5.7-android-x86.jar:/opt/maven/repository/org/bytedeco/javacpp/1.5.7/javacpp-1.5.7-android-x86_64.jar:/opt/maven/repository/org/bytedeco/javacpp/1.5.7/javacpp-1.5.7-ios-arm64.jar:/opt/maven/repository/org/bytedeco/javacpp/1.5.7/javacpp-1.5.7-ios-x86_64.jar:/opt/maven/repository/org/bytedeco/javacpp/1.5.7/javacpp-1.5.7-linux-armhf.jar:/opt/maven/repository/org/bytedeco/javacpp/1.5.7/javacpp-1.5.7-linux-arm64.jar:/opt/maven/repository/org/bytedeco/javacpp/1.5.7/javacpp-1.5.7-linux-ppc64le.jar:/opt/maven/repository/org/bytedeco/javacpp/1.5.7/javacpp-1.5.7-linux-x86.jar:/opt/maven/repository/org/bytedeco/javacpp/1.5.7/javacpp-1.5.7-linux-x86_64.jar:/opt/maven/repository/org/bytedeco/javacpp/1.5.7/javacpp-1.5.7-macosx-arm64.jar:/opt/maven/repository/org/bytedeco/javacpp/1.5.7/javacpp-1.5.7-macosx-x86_64.jar:/opt/maven/repository/org/bytedeco/javacpp/1.5.7/javacpp-1.5.7-windows-x86.jar:/opt/maven/repository/org/bytedeco/javacpp/1.5.7/javacpp-1.5.7-windows-x86_64.jar:/opt/maven/repository/org/bytedeco/llvm/13.0.1-1.5.7/llvm-13.0.1-1.5.7.jar:/opt/maven/repository/org/bytedeco/llvm/13.0.1-1.5.7/llvm-13.0.1-1.5.7-linux-x86.jar:/opt/maven/repository/org/bytedeco/llvm/13.0.1-1.5.7/llvm-13.0.1-1.5.7-linux-x86_64.jar:/opt/maven/repository/org/bytedeco/llvm/13.0.1-1.5.7/llvm-13.0.1-1.5.7-linux-armhf.jar:/opt/maven/repository/org/bytedeco/llvm/13.0.1-1.5.7/llvm-13.0.1-1.5.7-linux-arm64.jar:/opt/maven/repository/org/bytedeco/llvm
Launcher Type: SUN_STANDARD

[Global flags]
     intx CICompilerCount                          = 2                                         {product} {ergonomic}
     uint ConcGCThreads                            = 1                                         {product} {ergonomic}
     uint G1ConcRefinementThreads                  = 2                                         {product} {ergonomic}
   size_t G1HeapRegionSize                         = 1048576                                   {product} {ergonomic}
    uintx GCDrainStackTargetSize                   = 64                                        {product} {ergonomic}
   size_t InitialHeapSize                          = 65011712                                  {product} {ergonomic}
   size_t MarkStackSize                            = 4194304                                   {product} {ergonomic}
   size_t MaxHeapSize                              = 1021313024                                {product} {ergonomic}
   size_t MaxNewSize                               = 612368384                                 {product} {ergonomic}
   size_t MinHeapDeltaBytes                        = 1048576                                   {product} {ergonomic}
    uintx NonNMethodCodeHeapSize                   = 5825164                                {pd product} {ergonomic}
    uintx NonProfiledCodeHeapSize                  = 122916538                              {pd product} {ergonomic}
    uintx ProfiledCodeHeapSize                     = 122916538                              {pd product} {ergonomic}
    uintx ReservedCodeCacheSize                    = 251658240                              {pd product} {ergonomic}
     bool SegmentedCodeCache                       = true                                      {product} {ergonomic}
     bool UseCompressedClassPointers               = true                                 {lp64_product} {ergonomic}
     bool UseCompressedOops                        = true                                 {lp64_product} {ergonomic}
     bool UseG1GC                                  = true                                      {product} {ergonomic}

Logging:
Log output configuration:
 #0: stdout all=warning uptime,level,tags
 #1: stderr all=off uptime,level,tags

Environment Variables:
PATH=/opt/maven/apache-maven-3.8.6/bin:/usr/local/sbin:/usr/local/bin:/usr/sbin:/usr/bin:/sbin:/bin:/usr/games:/usr/local/games:/snap/bin:/usr/local/cbc/bin
USERNAME=whale
SHELL=/bin/bash
DISPLAY=:0
LANG=zh_CN.UTF-8

Signal Handlers:
SIGSEGV: [libjvm.so+0xe97eb0], sa_mask[0]=11111111011111111101111111111110, sa_flags=SA_RESTART|SA_SIGINFO
SIGBUS: [libjvm.so+0xe97eb0], sa_mask[0]=11111111011111111101111111111110, sa_flags=SA_RESTART|SA_SIGINFO
SIGFPE: [libjvm.so+0xe97eb0], sa_mask[0]=11111111011111111101111111111110, sa_flags=SA_RESTART|SA_SIGINFO
SIGPIPE: [libjvm.so+0xbde850], sa_mask[0]=11111111011111111101111111111110, sa_flags=SA_RESTART|SA_SIGINFO
SIGXFSZ: [libjvm.so+0xbde850], sa_mask[0]=11111111011111111101111111111110, sa_flags=SA_RESTART|SA_SIGINFO
SIGILL: [libjvm.so+0xe97eb0], sa_mask[0]=11111111011111111101111111111110, sa_flags=SA_RESTART|SA_SIGINFO
SIGUSR2: [libjvm.so+0xbde6f0], sa_mask[0]=00100000000000000000000000000000, sa_flags=SA_RESTART|SA_SIGINFO
SIGHUP: [libjvm.so+0xbde9e0], sa_mask[0]=11111111011111111101111111111110, sa_flags=SA_RESTART|SA_SIGINFO
SIGINT: [libjvm.so+0xbde9e0], sa_mask[0]=11111111011111111101111111111110, sa_flags=SA_RESTART|SA_SIGINFO
SIGTERM: [libjvm.so+0xbde9e0], sa_mask[0]=11111111011111111101111111111110, sa_flags=SA_RESTART|SA_SIGINFO
SIGQUIT: [libjvm.so+0xbde9e0], sa_mask[0]=11111111011111111101111111111110, sa_flags=SA_RESTART|SA_SIGINFO


---------------  S Y S T E M  ---------------

OS:DISTRIB_ID=Ubuntu
DISTRIB_RELEASE=20.04
DISTRIB_CODENAME=focal
DISTRIB_DESCRIPTION="Ubuntu 20.04.5 LTS"
uname:Linux 5.15.0-56-generic #62~20.04.1-Ubuntu SMP Tue Nov 22 21:24:20 UTC 2022 x86_64
OS uptime: 0 days 2:40 hours
libc:glibc 2.31 NPTL 2.31 
rlimit (soft/hard): STACK 8192k/infinity , CORE 0k/infinity , NPROC 15258/15258 , NOFILE 1048576/1048576 , AS infinity/infinity , CPU infinity/infinity , DATA infinity/infinity , FSIZE infinity/infinity , MEMLOCK 65536k/65536k
load average:4.38 1.64 1.11

/proc/meminfo:
MemTotal:        3983216 kB
MemFree:          106228 kB
MemAvailable:     338604 kB
Buffers:           13848 kB
Cached:           405384 kB
SwapCached:        42556 kB
Active:          1294252 kB
Inactive:        1974752 kB
Active(anon):    1165792 kB
Inactive(anon):  1708568 kB
Active(file):     128460 kB
Inactive(file):   266184 kB
Unevictable:          32 kB
Mlocked:              32 kB
SwapTotal:        945416 kB
SwapFree:              0 kB
Dirty:              3312 kB
Writeback:             0 kB
AnonPages:       2807300 kB
Mapped:           155684 kB
Shmem:             24576 kB
KReclaimable:      84064 kB
Slab:             182500 kB
SReclaimable:      84064 kB
SUnreclaim:        98436 kB
KernelStack:       16120 kB
PageTables:        32128 kB
NFS_Unstable:          0 kB
Bounce:                0 kB
WritebackTmp:          0 kB
CommitLimit:     2937024 kB
Committed_AS:    7112608 kB
VmallocTotal:   34359738367 kB
VmallocUsed:       67080 kB
VmallocChunk:          0 kB
Percpu:           108544 kB
HardwareCorrupted:     0 kB
AnonHugePages:         0 kB
ShmemHugePages:        0 kB
ShmemPmdMapped:        0 kB
FileHugePages:         0 kB
FilePmdMapped:         0 kB
HugePages_Total:       0
HugePages_Free:        0
HugePages_Rsvd:        0
HugePages_Surp:        0
Hugepagesize:       2048 kB
Hugetlb:               0 kB
DirectMap4k:      309056 kB
DirectMap2M:     3885056 kB
DirectMap1G:     2097152 kB

/sys/kernel/mm/transparent_hugepage/enabled:
always [madvise] never
/sys/kernel/mm/transparent_hugepage/defrag (defrag/compaction efforts parameter):
always defer defer+madvise [madvise] never

Process Memory:
Virtual Size: 3674948K (peak: 12380388K)
Resident Set Size: 102716K (peak: 102716K) (anon: 46828K, file: 55888K, shmem: 0K)
Swapped out: 0K
C-Heap outstanding allocations: 15737K, retained: 3010K
glibc malloc tunables: (default)

/proc/sys/kernel/threads-max (system-wide limit on the number of threads):
30517
/proc/sys/vm/max_map_count (maximum number of memory map areas a process may have):
65530
/proc/sys/kernel/pid_max (system-wide limit on number of process identifiers):
4194304

container (cgroup) information:
container_type: cgroupv1
cpu_cpuset_cpus: 0-1
cpu_memory_nodes: 0
active_processor_count: 2
cpu_quota: no quota
cpu_period: 100000
cpu_shares: no shares
memory_limit_in_bytes: unlimited
memory_and_swap_limit_in_bytes: unlimited
memory_soft_limit_in_bytes: unlimited
memory_usage_in_bytes: 3163264 k
memory_max_usage_in_bytes: 3184856 k
maximum number of tasks: unlimited
current number of tasks: 590

VMWare virtualization detected
Steal ticks since vm start: 0
Steal ticks percentage since vm start:  0.000

CPU:total 2 (initial active 2) (1 cores per cpu, 1 threads per core) family 23 model 96 stepping 1 microcode 0x8600104, cmov, cx8, fxsr, mmx, sse, sse2, sse3, ssse3, sse4.1, sse4.2, popcnt, avx, avx2, aes, clmul, mmxext, 3dnowpref, lzcnt, sse4a, tsc, tscinvbit, tscinv, bmi1, bmi2, adx, sha, fma
CPU Model and flags from /proc/cpuinfo:
model name	: AMD Ryzen 7 4800H with Radeon Graphics
flags		: fpu vme de pse tsc msr pae mce cx8 apic sep mtrr pge mca cmov pat pse36 clflush mmx fxsr sse sse2 syscall nx mmxext fxsr_opt pdpe1gb rdtscp lm constant_tsc rep_good nopl tsc_reliable nonstop_tsc cpuid extd_apicid tsc_known_freq pni pclmulqdq ssse3 fma cx16 sse4_1 sse4_2 x2apic movbe popcnt aes xsave avx f16c rdrand hypervisor lahf_lm extapic cr8_legacy abm sse4a misalignsse 3dnowprefetch osvw topoext ssbd ibpb vmmcall fsgsbase bmi1 avx2 smep bmi2 rdseed adx smap clflushopt clwb sha_ni xsaveopt xsavec xgetbv1 xsaves clzero wbnoinvd arat umip rdpid overflow_recov succor
Online cpus:
0-1
Offline cpus:
2-127
BIOS frequency limitation:
<Not Available>
Frequency switch latency (ns):
<Not Available>
Available cpu frequencies:
<Not Available>
Current governor:
<Not Available>
Core performance/turbo boost:
<Not Available>

Memory: 4k page, physical 3983216k(106228k free), swap 945416k(0k free)

vm_info: OpenJDK 64-Bit Server VM (11.0.17+8-post-Ubuntu-1ubuntu220.04) for linux-amd64 JRE (11.0.17+8-post-Ubuntu-1ubuntu220.04), built on Oct 25 2022 09:30:51 by "unknown" with gcc 9.4.0

END.
