#
# A fatal error has been detected by the Java Runtime Environment:
#
#  SIGSEGV (0xb) at pc=0x00007fa70a158882, pid=3741, tid=3743
#
# JRE version: OpenJDK Runtime Environment (11.0.17+8) (build 11.0.17+8-post-Ubuntu-1ubuntu220.04)
# Java VM: OpenJDK 64-Bit Server VM (11.0.17+8-post-Ubuntu-1ubuntu220.04, mixed mode, sharing, tiered, compressed oops, g1 gc, linux-amd64)
# Problematic frame:
# C  [libLLVM-13.so+0xc2c882]  LLVMBuildLoad+0x12
#
# Core dump will be written. Default location: Core dumps may be processed with "/usr/share/apport/apport -p%p -s%s -c%c -d%d -P%P -u%u -g%g -- %E" (or dumping to /home/whale/Lab/core.3741)
#
# If you would like to submit a bug report, please visit:
#   https://bugs.launchpad.net/ubuntu/+source/openjdk-lts
# The crash happened outside the Java Virtual Machine in native code.
# See problematic frame for where to report the bug.
#

---------------  S U M M A R Y ------------

Command Line: -agentlib:jdwp=transport=dt_socket,address=127.0.0.1:53387,suspend=y,server=n -javaagent:/snap/intellij-idea-ultimate/401/plugins/java/lib/rt/debugger-agent.jar -Dfile.encoding=UTF-8 Main

Host: AMD Ryzen 7 4800H with Radeon Graphics, 2 cores, 3G, Ubuntu 20.04.5 LTS
Time: Fri Jan  6 01:41:16 2023 CST elapsed time: 1.697667 seconds (0d 0h 0m 1s)

---------------  T H R E A D  ---------------

Current thread (0x00007fa764019800):  JavaThread "main" [_thread_in_native, id=3743, stack(0x00007fa76aa64000,0x00007fa76ab65000)]

Stack: [0x00007fa76aa64000,0x00007fa76ab65000],  sp=0x00007fa76ab62bb0,  free space=1018k
Native frames: (J=compiled Java code, A=aot compiled Java code, j=interpreted, Vv=VM code, C=native code)
C  [libLLVM-13.so+0xc2c882]  LLVMBuildLoad+0x12

Java frames: (J=compiled Java code, j=interpreted, Vv=VM code)
j  org.bytedeco.llvm.global.LLVM.LLVMBuildLoad(Lorg/bytedeco/llvm/LLVM/LLVMBuilderRef;Lorg/bytedeco/llvm/LLVM/LLVMValueRef;Ljava/lang/String;)Lorg/bytedeco/llvm/LLVM/LLVMValueRef;+0
j  MyIRVisitor.visitLeftValExp(LSysYParser$LeftValExpContext;)Lorg/bytedeco/llvm/LLVM/LLVMValueRef;+21
j  MyIRVisitor.visitLeftValExp(LSysYParser$LeftValExpContext;)Ljava/lang/Object;+2
j  SysYParser$LeftValExpContext.accept(Lorg/antlr/v4/runtime/tree/ParseTreeVisitor;)Ljava/lang/Object;+12
j  org.antlr.v4.runtime.tree.AbstractParseTreeVisitor.visit(Lorg/antlr/v4/runtime/tree/ParseTree;)Ljava/lang/Object;+2
j  MyIRVisitor.visitReturnStat(LSysYParser$ReturnStatContext;)Lorg/bytedeco/llvm/LLVM/LLVMValueRef;+21
j  MyIRVisitor.visitReturnStat(LSysYParser$ReturnStatContext;)Ljava/lang/Object;+2
j  SysYParser$ReturnStatContext.accept(Lorg/antlr/v4/runtime/tree/ParseTreeVisitor;)Ljava/lang/Object;+12
j  org.antlr.v4.runtime.tree.AbstractParseTreeVisitor.visitChildren(Lorg/antlr/v4/runtime/tree/RuleNode;)Ljava/lang/Object;+46
j  SysYParserBaseVisitor.visitStat(LSysYParser$StatContext;)Ljava/lang/Object;+2
j  SysYParser$StatContext.accept(Lorg/antlr/v4/runtime/tree/ParseTreeVisitor;)Ljava/lang/Object;+12
j  org.antlr.v4.runtime.tree.AbstractParseTreeVisitor.visitChildren(Lorg/antlr/v4/runtime/tree/RuleNode;)Ljava/lang/Object;+46
j  SysYParserBaseVisitor.visitBlock(LSysYParser$BlockContext;)Ljava/lang/Object;+2
j  MyIRVisitor.visitBlock(LSysYParser$BlockContext;)Lorg/bytedeco/llvm/LLVM/LLVMValueRef;+17
j  MyIRVisitor.visitBlock(LSysYParser$BlockContext;)Ljava/lang/Object;+2
j  SysYParser$BlockContext.accept(Lorg/antlr/v4/runtime/tree/ParseTreeVisitor;)Ljava/lang/Object;+12
j  org.antlr.v4.runtime.tree.AbstractParseTreeVisitor.visit(Lorg/antlr/v4/runtime/tree/ParseTree;)Ljava/lang/Object;+2
j  MyIRVisitor.visitFuncDef(LSysYParser$FuncDefContext;)Lorg/bytedeco/llvm/LLVM/LLVMValueRef;+266
j  MyIRVisitor.visitFuncDef(LSysYParser$FuncDefContext;)Ljava/lang/Object;+2
j  SysYParser$FuncDefContext.accept(Lorg/antlr/v4/runtime/tree/ParseTreeVisitor;)Ljava/lang/Object;+12
j  org.antlr.v4.runtime.tree.AbstractParseTreeVisitor.visitChildren(Lorg/antlr/v4/runtime/tree/RuleNode;)Ljava/lang/Object;+46
j  SysYParserBaseVisitor.visitCompUnit(LSysYParser$CompUnitContext;)Ljava/lang/Object;+2
j  SysYParser$CompUnitContext.accept(Lorg/antlr/v4/runtime/tree/ParseTreeVisitor;)Ljava/lang/Object;+12
j  org.antlr.v4.runtime.tree.AbstractParseTreeVisitor.visitChildren(Lorg/antlr/v4/runtime/tree/RuleNode;)Ljava/lang/Object;+46
j  SysYParserBaseVisitor.visitProgram(LSysYParser$ProgramContext;)Ljava/lang/Object;+2
j  MyIRVisitor.visitProgram(LSysYParser$ProgramContext;)Lorg/bytedeco/llvm/LLVM/LLVMValueRef;+21
j  MyIRVisitor.visitProgram(LSysYParser$ProgramContext;)Ljava/lang/Object;+2
j  SysYParser$ProgramContext.accept(Lorg/antlr/v4/runtime/tree/ParseTreeVisitor;)Ljava/lang/Object;+12
j  org.antlr.v4.runtime.tree.AbstractParseTreeVisitor.visit(Lorg/antlr/v4/runtime/tree/ParseTree;)Ljava/lang/Object;+2
j  Main.main([Ljava/lang/String;)V+78
v  ~StubRoutines::call_stub

siginfo: si_signo: 11 (SIGSEGV), si_code: 1 (SEGV_MAPERR), si_addr: 0x0000000000000000

Register to memory mapping:

RAX=0x00007fa7644ba610 points into unknown readable memory: 0x0000000000000069 | 69 00 00 00 00 00 00 00
RBX=0x0 is NULL
RCX=0x0000000000000069 is an unknown value
RDX=0x00007fa7644ba610 points into unknown readable memory: 0x0000000000000069 | 69 00 00 00 00 00 00 00
RSP=0x00007fa76ab62bb0 is pointing into the stack for thread: 0x00007fa764019800
RBP=0x00007fa764483ab0 points into unknown readable memory: 0x00007fa764483ac0 | c0 3a 48 64 a7 7f 00 00
RSI=0x0 is NULL
RDI=0x00007fa764483ab0 points into unknown readable memory: 0x00007fa764483ac0 | c0 3a 48 64 a7 7f 00 00
R8 =0x00000000c5d63610 points into unknown readable memory: 0x0000000000000069 | 69 00 00 00 00 00 00 00
R9 =0x00007fa764019800 is a thread
R10=0xfffffffffffff55a is an unknown value
R11=0x00007fa70a158870: LLVMBuildLoad+0x0000000000000000 in /home/whale/.javacpp/cache/llvm-13.0.1-1.5.7-linux-x86_64.jar/org/bytedeco/llvm/linux-x86_64/libLLVM-13.so at 0x00007fa70952c000
R12=0x0 is NULL
R13=0x0 is NULL
R14=0x00007fa7644ba610 points into unknown readable memory: 0x0000000000000069 | 69 00 00 00 00 00 00 00
R15=0x00007fa764019800 is a thread


Registers:
RAX=0x00007fa7644ba610, RBX=0x0000000000000000, RCX=0x0000000000000069, RDX=0x00007fa7644ba610
RSP=0x00007fa76ab62bb0, RBP=0x00007fa764483ab0, RSI=0x0000000000000000, RDI=0x00007fa764483ab0
R8 =0x00000000c5d63610, R9 =0x00007fa764019800, R10=0xfffffffffffff55a, R11=0x00007fa70a158870
R12=0x0000000000000000, R13=0x0000000000000000, R14=0x00007fa7644ba610, R15=0x00007fa764019800
RIP=0x00007fa70a158882, EFLAGS=0x0000000000010202, CSGSFS=0x002b000000000033, ERR=0x0000000000000004
  TRAPNO=0x000000000000000e

Top of Stack: (sp=0x00007fa76ab62bb0)
0x00007fa76ab62bb0:   00007fa764019800 0000000000000000
0x00007fa76ab62bc0:   00007fa764019800 00007fa764120fa0
0x00007fa76ab62bd0:   0000000000000002 0000000000000001
0x00007fa76ab62be0:   00007fa7644ba610 00007fa764120fa0 

Instructions: (pc=0x00007fa70a158882)
0x00007fa70a158782:   89 c4 4c 8d 4c 24 40 e8 92 57 09 00 48 8b 7d 50
0x00007fa70a158792:   48 8b 4d 30 4c 89 e6 48 8d 54 24 10 4c 8b 45 38
0x00007fa70a1587a2:   48 8b 07 ff 50 10 48 8b 5d 00 8b 6d 08 5a 59 48
0x00007fa70a1587b2:   c1 e5 04 48 01 dd 48 39 eb 74 1a 0f 1f 00 48 8b
0x00007fa70a1587c2:   53 08 8b 33 4c 89 e7 48 83 c3 10 e8 6e 16 0e 00
0x00007fa70a1587d2:   48 39 dd 75 e9 48 83 c4 68 4c 89 e0 5b 5d 41 5c
0x00007fa70a1587e2:   41 5d 41 5e 41 5f c3 0f 1f 80 00 00 00 00 41 54
0x00007fa70a1587f2:   b8 01 01 00 00 55 48 89 fd 48 89 f7 53 48 83 ec
0x00007fa70a158802:   30 48 8b 75 30 66 89 44 24 20 e8 ef 24 09 00 48
0x00007fa70a158812:   8b 7d 50 48 8b 4d 30 48 89 e2 49 89 c4 4c 8b 45
0x00007fa70a158822:   38 48 8b 07 4c 89 e6 ff 50 10 48 8b 5d 00 8b 6d
0x00007fa70a158832:   08 48 c1 e5 04 48 01 dd 48 39 eb 74 18 90 48 8b
0x00007fa70a158842:   53 08 8b 33 4c 89 e7 48 83 c3 10 e8 ee 15 0e 00
0x00007fa70a158852:   48 39 dd 75 e9 48 83 c4 30 4c 89 e0 5b 5d 41 5c
0x00007fa70a158862:   c3 66 2e 0f 1f 84 00 00 00 00 00 0f 1f 00 41 56
0x00007fa70a158872:   41 55 49 89 f5 41 54 55 48 89 fd 53 48 83 ec 60
0x00007fa70a158882:   48 8b 06 80 3a 00 be 01 01 00 00 4c 8b 70 18 66
0x00007fa70a158892:   89 74 24 20 74 09 48 89 14 24 c6 44 24 20 03 48
0x00007fa70a1588a2:   8b 7d 30 e8 d6 15 fc ff 48 89 c7 e8 4e 47 0e 00
0x00007fa70a1588b2:   4c 89 f6 48 89 c7 e8 b3 46 01 00 be 01 00 00 00
0x00007fa70a1588c2:   bf 40 00 00 00 89 c3 b8 01 01 00 00 66 89 44 24
0x00007fa70a1588d2:   50 e8 a8 0a 13 00 48 8d 4c 24 30 41 89 d9 45 31
0x00007fa70a1588e2:   c0 48 83 ec 08 48 89 c7 4c 89 ea 4c 89 f6 6a 00
0x00007fa70a1588f2:   49 89 c4 e8 26 5d 09 00 48 8b 7d 50 48 8b 4d 30
0x00007fa70a158902:   4c 89 e6 48 8d 54 24 10 4c 8b 45 38 48 8b 07 ff
0x00007fa70a158912:   50 10 48 8b 5d 00 8b 6d 08 5a 59 48 c1 e5 04 48
0x00007fa70a158922:   01 dd 48 39 eb 74 1e 0f 1f 80 00 00 00 00 48 8b
0x00007fa70a158932:   53 08 8b 33 4c 89 e7 48 83 c3 10 e8 fe 14 0e 00
0x00007fa70a158942:   48 39 dd 75 e9 48 83 c4 60 4c 89 e0 5b 5d 41 5c
0x00007fa70a158952:   41 5d 41 5e c3 66 0f 1f 84 00 00 00 00 00 41 56
0x00007fa70a158962:   49 89 d6 41 55 49 89 f5 be 01 01 00 00 41 54 55
0x00007fa70a158972:   48 89 fd 53 48 83 ec 60 80 39 00 66 89 74 24 20 


Stack slot to memory mapping:
stack at sp + 0 slots: 0x00007fa764019800 is a thread
stack at sp + 1 slots: 0x0 is NULL
stack at sp + 2 slots: 0x00007fa764019800 is a thread
stack at sp + 3 slots: 0x00007fa764120fa0 points into unknown readable memory: 0x00000000c5d63600 | 00 36 d6 c5 00 00 00 00
stack at sp + 4 slots: 0x0000000000000002 is an unknown value
stack at sp + 5 slots: 0x0000000000000001 is an unknown value
stack at sp + 6 slots: 0x00007fa7644ba610 points into unknown readable memory: 0x0000000000000069 | 69 00 00 00 00 00 00 00
stack at sp + 7 slots: 0x00007fa764120fa0 points into unknown readable memory: 0x00000000c5d63600 | 00 36 d6 c5 00 00 00 00


---------------  P R O C E S S  ---------------

Threads class SMR info:
_java_thread_list=0x00007fa764323cc0, length=13, elements={
0x00007fa764019800, 0x00007fa764122800, 0x00007fa764124800, 0x00007fa764129000,
0x00007fa76412b000, 0x00007fa76412d000, 0x00007fa76412f000, 0x00007fa764131000,
0x00007fa76413f000, 0x00007fa76418c000, 0x00007fa764190800, 0x0000560593f7b800,
0x00007fa764323000
}

Java Threads: ( => current thread )
=>0x00007fa764019800 JavaThread "main" [_thread_in_native, id=3743, stack(0x00007fa76aa64000,0x00007fa76ab65000)]
  0x00007fa764122800 JavaThread "Reference Handler" daemon [_thread_blocked, id=3750, stack(0x00007fa74c5fa000,0x00007fa74c6fb000)]
  0x00007fa764124800 JavaThread "Finalizer" daemon [_thread_blocked, id=3751, stack(0x00007fa74c4f9000,0x00007fa74c5fa000)]
  0x00007fa764129000 JavaThread "Signal Dispatcher" daemon [_thread_blocked, id=3752, stack(0x00007fa74c3f8000,0x00007fa74c4f9000)]
  0x00007fa76412b000 JavaThread "Service Thread" daemon [_thread_blocked, id=3753, stack(0x00007fa74c2f7000,0x00007fa74c3f8000)]
  0x00007fa76412d000 JavaThread "C2 CompilerThread0" daemon [_thread_blocked, id=3754, stack(0x00007fa74c1f6000,0x00007fa74c2f7000)]
  0x00007fa76412f000 JavaThread "C1 CompilerThread0" daemon [_thread_blocked, id=3755, stack(0x00007fa74c0f5000,0x00007fa74c1f6000)]
  0x00007fa764131000 JavaThread "Sweeper thread" daemon [_thread_blocked, id=3756, stack(0x00007fa7447c7000,0x00007fa7448c8000)]
  0x00007fa76413f000 JavaThread "Common-Cleaner" daemon [_thread_blocked, id=3757, stack(0x00007fa7446c6000,0x00007fa7447c7000)]
  0x00007fa76418c000 JavaThread "JDWP Transport Listener: dt_socket" daemon [_thread_blocked, id=3758, stack(0x00007fa7445c5000,0x00007fa7446c6000)]
  0x00007fa764190800 JavaThread "JDWP Event Helper Thread" daemon [_thread_blocked, id=3759, stack(0x00007fa7444c4000,0x00007fa7445c5000)]
  0x0000560593f7b800 JavaThread "JDWP Command Reader" daemon [_thread_in_native, id=3760, stack(0x00007fa7443c3000,0x00007fa7444c4000)]
  0x00007fa764323000 JavaThread "JavaCPP Deallocator" daemon [_thread_blocked, id=3766, stack(0x00007fa7440be000,0x00007fa7441bf000)]

Other Threads:
  0x00007fa76411f800 VMThread "VM Thread" [stack: 0x00007fa74c6fd000,0x00007fa74c7fd000] [id=3749]
  0x00007fa7641a1800 WatcherThread [stack: 0x00007fa7442c3000,0x00007fa7443c3000] [id=3764]
  0x00007fa764032800 GCTaskThread "GC Thread#0" [stack: 0x00007fa769e4c000,0x00007fa769f4c000] [id=3744]
  0x00007fa734001000 GCTaskThread "GC Thread#1" [stack: 0x00007fa7441c1000,0x00007fa7442c1000] [id=3765]
  0x00007fa76404d800 ConcurrentGCThread "G1 Main Marker" [stack: 0x00007fa76863a000,0x00007fa76873a000] [id=3745]
  0x00007fa76404f000 ConcurrentGCThread "G1 Conc#0" [stack: 0x00007fa768538000,0x00007fa768638000] [id=3746]
  0x00007fa76408a800 ConcurrentGCThread "G1 Refine#0" [stack: 0x00007fa768234000,0x00007fa768334000] [id=3747]
  0x00007fa76408c000 ConcurrentGCThread "G1 Young RemSet Sampling" [stack: 0x00007fa768132000,0x00007fa768232000] [id=3748]

Threads with active compile tasks:

VM state:not at safepoint (normal execution)

VM Mutex/Monitor currently owned by a thread: None

Heap address: 0x00000000c3200000, size: 974 MB, Compressed Oops mode: 32-bit
Narrow klass base: 0x0000000800000000, Narrow klass shift: 3
Compressed class space size: 1073741824 Address: 0x0000000840000000

Heap:
 garbage-first heap   total 65536K, used 18188K [0x00000000c3200000, 0x0000000100000000)
  region size 1024K, 19 young (19456K), 1 survivors (1024K)
 Metaspace       used 4053K, capacity 6676K, committed 6912K, reserved 1056768K
  class space    used 450K, capacity 715K, committed 768K, reserved 1048576K
Heap Regions: E=young(eden), S=young(survivor), O=old, HS=humongous(starts), HC=humongous(continues), CS=collection set, F=free, A=archive, TAMS=top-at-mark-start (previous, next)
|   0|0x00000000c3200000, 0x00000000c3210200, 0x00000000c3300000|  6%| O|  |TAMS 0x00000000c3200000, 0x00000000c3200000| Untracked 
|   1|0x00000000c3300000, 0x00000000c3300000, 0x00000000c3400000|  0%| F|  |TAMS 0x00000000c3300000, 0x00000000c3300000| Untracked 
|   2|0x00000000c3400000, 0x00000000c3400000, 0x00000000c3500000|  0%| F|  |TAMS 0x00000000c3400000, 0x00000000c3400000| Untracked 
|   3|0x00000000c3500000, 0x00000000c3500000, 0x00000000c3600000|  0%| F|  |TAMS 0x00000000c3500000, 0x00000000c3500000| Untracked 
|   4|0x00000000c3600000, 0x00000000c3600000, 0x00000000c3700000|  0%| F|  |TAMS 0x00000000c3600000, 0x00000000c3600000| Untracked 
|   5|0x00000000c3700000, 0x00000000c3700000, 0x00000000c3800000|  0%| F|  |TAMS 0x00000000c3700000, 0x00000000c3700000| Untracked 
|   6|0x00000000c3800000, 0x00000000c3800000, 0x00000000c3900000|  0%| F|  |TAMS 0x00000000c3800000, 0x00000000c3800000| Untracked 
|   7|0x00000000c3900000, 0x00000000c3900000, 0x00000000c3a00000|  0%| F|  |TAMS 0x00000000c3900000, 0x00000000c3900000| Untracked 
|   8|0x00000000c3a00000, 0x00000000c3a00000, 0x00000000c3b00000|  0%| F|  |TAMS 0x00000000c3a00000, 0x00000000c3a00000| Untracked 
|   9|0x00000000c3b00000, 0x00000000c3b00000, 0x00000000c3c00000|  0%| F|  |TAMS 0x00000000c3b00000, 0x00000000c3b00000| Untracked 
|  10|0x00000000c3c00000, 0x00000000c3c00000, 0x00000000c3d00000|  0%| F|  |TAMS 0x00000000c3c00000, 0x00000000c3c00000| Untracked 
|  11|0x00000000c3d00000, 0x00000000c3d00000, 0x00000000c3e00000|  0%| F|  |TAMS 0x00000000c3d00000, 0x00000000c3d00000| Untracked 
|  12|0x00000000c3e00000, 0x00000000c3e00000, 0x00000000c3f00000|  0%| F|  |TAMS 0x00000000c3e00000, 0x00000000c3e00000| Untracked 
|  13|0x00000000c3f00000, 0x00000000c3f00000, 0x00000000c4000000|  0%| F|  |TAMS 0x00000000c3f00000, 0x00000000c3f00000| Untracked 
|  14|0x00000000c4000000, 0x00000000c4000000, 0x00000000c4100000|  0%| F|  |TAMS 0x00000000c4000000, 0x00000000c4000000| Untracked 
|  15|0x00000000c4100000, 0x00000000c4100000, 0x00000000c4200000|  0%| F|  |TAMS 0x00000000c4100000, 0x00000000c4100000| Untracked 
|  16|0x00000000c4200000, 0x00000000c4200000, 0x00000000c4300000|  0%| F|  |TAMS 0x00000000c4200000, 0x00000000c4200000| Untracked 
|  17|0x00000000c4300000, 0x00000000c4300000, 0x00000000c4400000|  0%| F|  |TAMS 0x00000000c4300000, 0x00000000c4300000| Untracked 
|  18|0x00000000c4400000, 0x00000000c4400000, 0x00000000c4500000|  0%| F|  |TAMS 0x00000000c4400000, 0x00000000c4400000| Untracked 
|  19|0x00000000c4500000, 0x00000000c4500000, 0x00000000c4600000|  0%| F|  |TAMS 0x00000000c4500000, 0x00000000c4500000| Untracked 
|  20|0x00000000c4600000, 0x00000000c4600000, 0x00000000c4700000|  0%| F|  |TAMS 0x00000000c4600000, 0x00000000c4600000| Untracked 
|  21|0x00000000c4700000, 0x00000000c4700000, 0x00000000c4800000|  0%| F|  |TAMS 0x00000000c4700000, 0x00000000c4700000| Untracked 
|  22|0x00000000c4800000, 0x00000000c4800000, 0x00000000c4900000|  0%| F|  |TAMS 0x00000000c4800000, 0x00000000c4800000| Untracked 
|  23|0x00000000c4900000, 0x00000000c4900000, 0x00000000c4a00000|  0%| F|  |TAMS 0x00000000c4900000, 0x00000000c4900000| Untracked 
|  24|0x00000000c4a00000, 0x00000000c4a00000, 0x00000000c4b00000|  0%| F|  |TAMS 0x00000000c4a00000, 0x00000000c4a00000| Untracked 
|  25|0x00000000c4b00000, 0x00000000c4b00000, 0x00000000c4c00000|  0%| F|  |TAMS 0x00000000c4b00000, 0x00000000c4b00000| Untracked 
|  26|0x00000000c4c00000, 0x00000000c4c00000, 0x00000000c4d00000|  0%| F|  |TAMS 0x00000000c4c00000, 0x00000000c4c00000| Untracked 
|  27|0x00000000c4d00000, 0x00000000c4d00000, 0x00000000c4e00000|  0%| F|  |TAMS 0x00000000c4d00000, 0x00000000c4d00000| Untracked 
|  28|0x00000000c4e00000, 0x00000000c4e00000, 0x00000000c4f00000|  0%| F|  |TAMS 0x00000000c4e00000, 0x00000000c4e00000| Untracked 
|  29|0x00000000c4f00000, 0x00000000c4f00000, 0x00000000c5000000|  0%| F|  |TAMS 0x00000000c4f00000, 0x00000000c4f00000| Untracked 
|  30|0x00000000c5000000, 0x00000000c5000000, 0x00000000c5100000|  0%| F|  |TAMS 0x00000000c5000000, 0x00000000c5000000| Untracked 
|  31|0x00000000c5100000, 0x00000000c5100000, 0x00000000c5200000|  0%| F|  |TAMS 0x00000000c5100000, 0x00000000c5100000| Untracked 
|  32|0x00000000c5200000, 0x00000000c5200000, 0x00000000c5300000|  0%| F|  |TAMS 0x00000000c5200000, 0x00000000c5200000| Untracked 
|  33|0x00000000c5300000, 0x00000000c5300000, 0x00000000c5400000|  0%| F|  |TAMS 0x00000000c5300000, 0x00000000c5300000| Untracked 
|  34|0x00000000c5400000, 0x00000000c5400000, 0x00000000c5500000|  0%| F|  |TAMS 0x00000000c5400000, 0x00000000c5400000| Untracked 
|  35|0x00000000c5500000, 0x00000000c5500000, 0x00000000c5600000|  0%| F|  |TAMS 0x00000000c5500000, 0x00000000c5500000| Untracked 
|  36|0x00000000c5600000, 0x00000000c5600000, 0x00000000c5700000|  0%| F|  |TAMS 0x00000000c5600000, 0x00000000c5600000| Untracked 
|  37|0x00000000c5700000, 0x00000000c5700000, 0x00000000c5800000|  0%| F|  |TAMS 0x00000000c5700000, 0x00000000c5700000| Untracked 
|  38|0x00000000c5800000, 0x00000000c5800000, 0x00000000c5900000|  0%| F|  |TAMS 0x00000000c5800000, 0x00000000c5800000| Untracked 
|  39|0x00000000c5900000, 0x00000000c5900000, 0x00000000c5a00000|  0%| F|  |TAMS 0x00000000c5900000, 0x00000000c5900000| Untracked 
|  40|0x00000000c5a00000, 0x00000000c5a00000, 0x00000000c5b00000|  0%| F|  |TAMS 0x00000000c5a00000, 0x00000000c5a00000| Untracked 
|  41|0x00000000c5b00000, 0x00000000c5b00000, 0x00000000c5c00000|  0%| F|  |TAMS 0x00000000c5b00000, 0x00000000c5b00000| Untracked 
|  42|0x00000000c5c00000, 0x00000000c5c00000, 0x00000000c5d00000|  0%| F|  |TAMS 0x00000000c5c00000, 0x00000000c5c00000| Untracked 
|  43|0x00000000c5d00000, 0x00000000c5d80800, 0x00000000c5e00000| 50%| E|  |TAMS 0x00000000c5d00000, 0x00000000c5d00000| Complete 
|  44|0x00000000c5e00000, 0x00000000c5f00000, 0x00000000c5f00000|100%| E|CS|TAMS 0x00000000c5e00000, 0x00000000c5e00000| Complete 
|  45|0x00000000c5f00000, 0x00000000c6000000, 0x00000000c6000000|100%| E|CS|TAMS 0x00000000c5f00000, 0x00000000c5f00000| Complete 
|  46|0x00000000c6000000, 0x00000000c6100000, 0x00000000c6100000|100%| E|CS|TAMS 0x00000000c6000000, 0x00000000c6000000| Complete 
|  47|0x00000000c6100000, 0x00000000c6200000, 0x00000000c6200000|100%| E|CS|TAMS 0x00000000c6100000, 0x00000000c6100000| Complete 
|  48|0x00000000c6200000, 0x00000000c6300000, 0x00000000c6300000|100%| E|CS|TAMS 0x00000000c6200000, 0x00000000c6200000| Complete 
|  49|0x00000000c6300000, 0x00000000c6400000, 0x00000000c6400000|100%| E|CS|TAMS 0x00000000c6300000, 0x00000000c6300000| Complete 
|  50|0x00000000c6400000, 0x00000000c6500000, 0x00000000c6500000|100%| E|CS|TAMS 0x00000000c6400000, 0x00000000c6400000| Complete 
|  51|0x00000000c6500000, 0x00000000c6600000, 0x00000000c6600000|100%| E|CS|TAMS 0x00000000c6500000, 0x00000000c6500000| Complete 
|  52|0x00000000c6600000, 0x00000000c6700000, 0x00000000c6700000|100%| E|CS|TAMS 0x00000000c6600000, 0x00000000c6600000| Complete 
|  53|0x00000000c6700000, 0x00000000c6800000, 0x00000000c6800000|100%| E|CS|TAMS 0x00000000c6700000, 0x00000000c6700000| Complete 
|  54|0x00000000c6800000, 0x00000000c6900000, 0x00000000c6900000|100%| S|CS|TAMS 0x00000000c6800000, 0x00000000c6800000| Complete 
|  55|0x00000000c6900000, 0x00000000c6a00000, 0x00000000c6a00000|100%| E|  |TAMS 0x00000000c6900000, 0x00000000c6900000| Complete 
|  56|0x00000000c6a00000, 0x00000000c6b00000, 0x00000000c6b00000|100%| E|CS|TAMS 0x00000000c6a00000, 0x00000000c6a00000| Complete 
|  57|0x00000000c6b00000, 0x00000000c6c00000, 0x00000000c6c00000|100%| E|CS|TAMS 0x00000000c6b00000, 0x00000000c6b00000| Complete 
|  58|0x00000000c6c00000, 0x00000000c6d00000, 0x00000000c6d00000|100%| E|CS|TAMS 0x00000000c6c00000, 0x00000000c6c00000| Complete 
|  59|0x00000000c6d00000, 0x00000000c6e00000, 0x00000000c6e00000|100%| E|CS|TAMS 0x00000000c6d00000, 0x00000000c6d00000| Complete 
|  60|0x00000000c6e00000, 0x00000000c6f00000, 0x00000000c6f00000|100%| E|CS|TAMS 0x00000000c6e00000, 0x00000000c6e00000| Complete 
|  61|0x00000000c6f00000, 0x00000000c7000000, 0x00000000c7000000|100%| E|CS|TAMS 0x00000000c6f00000, 0x00000000c6f00000| Complete 
| 972|0x00000000ffe00000, 0x00000000ffe48000, 0x00000000fff00000| 28%|OA|  |TAMS 0x00000000ffe00000, 0x00000000ffe00000| Untracked 
| 973|0x00000000fff00000, 0x00000000fff6b000, 0x0000000100000000| 41%|CA|  |TAMS 0x00000000fff00000, 0x00000000fff00000| Untracked 

Card table byte_map: [0x00007fa76987a000,0x00007fa769a61000] _byte_map_base: 0x00007fa769261000

Marking Bits (Prev, Next): (CMBitMap*) 0x00007fa764048918, (CMBitMap*) 0x00007fa764048950
 Prev Bits: [0x00007fa76875b000, 0x00007fa769693000)
 Next Bits: [0x00007fa7470c8000, 0x00007fa748000000)

Polling page: 0x00007fa76c3af000

Metaspace:

Usage:
  Non-class:      5.82 MB capacity,     3.52 MB ( 60%) used,     2.29 MB ( 39%) free+waste,     9.56 KB ( <1%) overhead. 
      Class:    715.00 KB capacity,   450.59 KB ( 63%) used,   259.41 KB ( 36%) free+waste,     5.00 KB ( <1%) overhead. 
       Both:      6.52 MB capacity,     3.96 MB ( 61%) used,     2.55 MB ( 39%) free+waste,    14.56 KB ( <1%) overhead. 

Virtual space:
  Non-class space:        8.00 MB reserved,       6.00 MB ( 75%) committed 
      Class space:        1.00 GB reserved,     768.00 KB ( <1%) committed 
             Both:        1.01 GB reserved,       6.75 MB ( <1%) committed 

Chunk freelists:
   Non-Class:  0 bytes
       Class:  0 bytes
        Both:  0 bytes

MaxMetaspaceSize: unlimited
CompressedClassSpaceSize: 1.00 GB
Initial GC threshold: 20.80 MB
Current GC threshold: 20.80 MB
CDS: on

CodeHeap 'non-profiled nmethods': size=120036Kb used=267Kb max_used=267Kb free=119768Kb
 bounds [0x00007fa7542c4000, 0x00007fa754534000, 0x00007fa75b7fd000]
CodeHeap 'profiled nmethods': size=120032Kb used=1668Kb max_used=1668Kb free=118363Kb
 bounds [0x00007fa74cd8c000, 0x00007fa74cffc000, 0x00007fa7542c4000]
CodeHeap 'non-nmethods': size=5692Kb used=1205Kb max_used=1218Kb free=4486Kb
 bounds [0x00007fa74c7fd000, 0x00007fa74ca6d000, 0x00007fa74cd8c000]
 total_blobs=1272 nmethods=873 adapters=321
 compilation: enabled
              stopped_count=0, restarted_count=0
 full_count=0

Compilation events (20 events):
Event: 1.690 Thread 0x00007fa76412f000  864       3       java.lang.invoke.MemberName::getName (25 bytes)
Event: 1.690 Thread 0x00007fa76412f000 nmethod 864 0x00007fa74cf28f90 code [0x00007fa74cf29160, 0x00007fa74cf294e0]
Event: 1.691 Thread 0x00007fa76412f000  867       3       jdk.internal.org.objectweb.asm.ByteVector::put11 (52 bytes)
Event: 1.692 Thread 0x00007fa76412f000 nmethod 867 0x00007fa74cf29610 code [0x00007fa74cf297e0, 0x00007fa74cf29a00]
Event: 1.692 Thread 0x00007fa76412f000  866       3       jdk.internal.org.objectweb.asm.Frame::pop (45 bytes)
Event: 1.692 Thread 0x00007fa76412f000 nmethod 866 0x00007fa74cf29b90 code [0x00007fa74cf29d40, 0x00007fa74cf29ed0]
Event: 1.692 Thread 0x00007fa76412f000  865       3       jdk.internal.org.objectweb.asm.Frame::set (65 bytes)
Event: 1.692 Thread 0x00007fa76412f000 nmethod 865 0x00007fa74cf29f90 code [0x00007fa74cf2a180, 0x00007fa74cf2a6e0]
Event: 1.692 Thread 0x00007fa76412f000  868       3       java.lang.invoke.LambdaForm$BasicType::basicTypeSlots (8 bytes)
Event: 1.692 Thread 0x00007fa76412f000 nmethod 868 0x00007fa74cf2a890 code [0x00007fa74cf2aa40, 0x00007fa74cf2abd0]
Event: 1.692 Thread 0x00007fa76412f000  869       3       sun.invoke.util.Wrapper::stackSlots (9 bytes)
Event: 1.692 Thread 0x00007fa76412f000 nmethod 869 0x00007fa74cf2ac90 code [0x00007fa74cf2ae40, 0x00007fa74cf2af50]
Event: 1.693 Thread 0x00007fa76412f000  870       3       java.lang.invoke.LambdaFormBuffer::ownedCount (7 bytes)
Event: 1.693 Thread 0x00007fa76412f000 nmethod 870 0x00007fa74cf2b010 code [0x00007fa74cf2b1c0, 0x00007fa74cf2b2d0]
Event: 1.693 Thread 0x00007fa76412f000  871       3       java.lang.invoke.InvokerBytecodeGenerator::emitStoreResult (27 bytes)
Event: 1.693 Thread 0x00007fa76412f000 nmethod 871 0x00007fa74cf2b390 code [0x00007fa74cf2b580, 0x00007fa74cf2b8f0]
Event: 1.694 Thread 0x00007fa76412d000  872       4       java.util.ImmutableCollections$ListN::get (7 bytes)
Event: 1.694 Thread 0x00007fa76412f000  873       3       java.lang.invoke.InvokerBytecodeGenerator::emitReferenceCast (185 bytes)
Event: 1.694 Thread 0x00007fa76412d000 nmethod 872 0x00007fa754306c90 code [0x00007fa754306e20, 0x00007fa754306ed8]
Event: 1.695 Thread 0x00007fa76412f000 nmethod 873 0x00007fa74cf2ba90 code [0x00007fa74cf2bd80, 0x00007fa74cf2cce0]

GC Heap History (2 events):
Event: 1.334 GC heap before
{Heap before GC invocations=0 (full 0):
 garbage-first heap   total 65536K, used 7884K [0x00000000c3200000, 0x0000000100000000)
  region size 1024K, 7 young (7168K), 0 survivors (0K)
 Metaspace       used 2191K, capacity 5664K, committed 6016K, reserved 1056768K
  class space    used 248K, capacity 566K, committed 640K, reserved 1048576K
}
Event: 1.345 GC heap after
{Heap after GC invocations=1 (full 0):
 garbage-first heap   total 65536K, used 1804K [0x00000000c3200000, 0x0000000100000000)
  region size 1024K, 1 young (1024K), 1 survivors (1024K)
 Metaspace       used 2191K, capacity 5664K, committed 6016K, reserved 1056768K
  class space    used 248K, capacity 566K, committed 640K, reserved 1048576K
}

Deoptimization events (20 events):
Event: 1.552 Thread 0x00007fa764019800 Uncommon trap: trap_request=0xffffff4d fr.pc=0x00007fa7542f0f5c relative=0x000000000000019c
Event: 1.552 Thread 0x00007fa764019800 Uncommon trap: reason=unstable_if action=reinterpret pc=0x00007fa7542f0f5c method=java.util.zip.ZipFile$Source.isMetaName([BII)Z @ 57 c2
Event: 1.552 Thread 0x00007fa764019800 DEOPT PACKING pc=0x00007fa7542f0f5c sp=0x00007fa76ab5f530
Event: 1.552 Thread 0x00007fa764019800 DEOPT UNPACKING pc=0x00007fa74c846ea5 sp=0x00007fa76ab5f4f8 mode 2
Event: 1.637 Thread 0x00007fa764019800 Uncommon trap: trap_request=0xffffffc6 fr.pc=0x00007fa7542cdea4 relative=0x0000000000000084
Event: 1.637 Thread 0x00007fa764019800 Uncommon trap: reason=bimorphic_or_optimized_type_check action=maybe_recompile pc=0x00007fa7542cdea4 method=java.util.AbstractCollection.isEmpty()Z @ 1 c2
Event: 1.637 Thread 0x00007fa764019800 DEOPT PACKING pc=0x00007fa7542cdea4 sp=0x00007fa76ab621e0
Event: 1.637 Thread 0x00007fa764019800 DEOPT UNPACKING pc=0x00007fa74c846ea5 sp=0x00007fa76ab621a0 mode 2
Event: 1.637 Thread 0x00007fa764019800 Uncommon trap: trap_request=0xffffffc6 fr.pc=0x00007fa7542cdea4 relative=0x0000000000000084
Event: 1.637 Thread 0x00007fa764019800 Uncommon trap: reason=bimorphic_or_optimized_type_check action=maybe_recompile pc=0x00007fa7542cdea4 method=java.util.AbstractCollection.isEmpty()Z @ 1 c2
Event: 1.637 Thread 0x00007fa764019800 DEOPT PACKING pc=0x00007fa7542cdea4 sp=0x00007fa76ab623b0
Event: 1.637 Thread 0x00007fa764019800 DEOPT UNPACKING pc=0x00007fa74c846ea5 sp=0x00007fa76ab62370 mode 2
Event: 1.639 Thread 0x00007fa764019800 Uncommon trap: trap_request=0xffffffc6 fr.pc=0x00007fa7542cdea4 relative=0x0000000000000084
Event: 1.639 Thread 0x00007fa764019800 Uncommon trap: reason=bimorphic_or_optimized_type_check action=maybe_recompile pc=0x00007fa7542cdea4 method=java.util.AbstractCollection.isEmpty()Z @ 1 c2
Event: 1.639 Thread 0x00007fa764019800 DEOPT PACKING pc=0x00007fa7542cdea4 sp=0x00007fa76ab623d0
Event: 1.639 Thread 0x00007fa764019800 DEOPT UNPACKING pc=0x00007fa74c846ea5 sp=0x00007fa76ab62390 mode 2
Event: 1.640 Thread 0x00007fa764019800 Uncommon trap: trap_request=0xffffffc6 fr.pc=0x00007fa7542cdea4 relative=0x0000000000000084
Event: 1.640 Thread 0x00007fa764019800 Uncommon trap: reason=bimorphic_or_optimized_type_check action=maybe_recompile pc=0x00007fa7542cdea4 method=java.util.AbstractCollection.isEmpty()Z @ 1 c2
Event: 1.640 Thread 0x00007fa764019800 DEOPT PACKING pc=0x00007fa7542cdea4 sp=0x00007fa76ab621e0
Event: 1.640 Thread 0x00007fa764019800 DEOPT UNPACKING pc=0x00007fa74c846ea5 sp=0x00007fa76ab621a0 mode 2

Classes redefined (0 events):
No events

Internal exceptions (20 events):
Event: 1.286 Thread 0x00007fa764019800 Exception <a 'java/security/PrivilegedActionException'{0x00000000c6937360}> (0x00000000c6937360) thrown at [src/hotspot/share/prims/jvm.cpp, line 1304]
Event: 1.286 Thread 0x00007fa764019800 Exception <a 'java/security/PrivilegedActionException'{0x00000000c6937630}> (0x00000000c6937630) thrown at [src/hotspot/share/prims/jvm.cpp, line 1304]
Event: 1.286 Thread 0x00007fa764019800 Exception <a 'java/security/PrivilegedActionException'{0x00000000c6938100}> (0x00000000c6938100) thrown at [src/hotspot/share/prims/jvm.cpp, line 1304]
Event: 1.286 Thread 0x00007fa764019800 Exception <a 'java/security/PrivilegedActionException'{0x00000000c69383d0}> (0x00000000c69383d0) thrown at [src/hotspot/share/prims/jvm.cpp, line 1304]
Event: 1.286 Thread 0x00007fa764019800 Exception <a 'java/security/PrivilegedActionException'{0x00000000c6938eb8}> (0x00000000c6938eb8) thrown at [src/hotspot/share/prims/jvm.cpp, line 1304]
Event: 1.286 Thread 0x00007fa764019800 Exception <a 'java/security/PrivilegedActionException'{0x00000000c6939188}> (0x00000000c6939188) thrown at [src/hotspot/share/prims/jvm.cpp, line 1304]
Event: 1.286 Thread 0x00007fa764019800 Exception <a 'java/security/PrivilegedActionException'{0x00000000c6939c70}> (0x00000000c6939c70) thrown at [src/hotspot/share/prims/jvm.cpp, line 1304]
Event: 1.286 Thread 0x00007fa764019800 Exception <a 'java/security/PrivilegedActionException'{0x00000000c6939f40}> (0x00000000c6939f40) thrown at [src/hotspot/share/prims/jvm.cpp, line 1304]
Event: 1.286 Thread 0x00007fa764019800 Exception <a 'java/security/PrivilegedActionException'{0x00000000c693aa38}> (0x00000000c693aa38) thrown at [src/hotspot/share/prims/jvm.cpp, line 1304]
Event: 1.286 Thread 0x00007fa764019800 Exception <a 'java/security/PrivilegedActionException'{0x00000000c693ad08}> (0x00000000c693ad08) thrown at [src/hotspot/share/prims/jvm.cpp, line 1304]
Event: 1.286 Thread 0x00007fa764019800 Exception <a 'java/security/PrivilegedActionException'{0x00000000c693b7d8}> (0x00000000c693b7d8) thrown at [src/hotspot/share/prims/jvm.cpp, line 1304]
Event: 1.286 Thread 0x00007fa764019800 Exception <a 'java/security/PrivilegedActionException'{0x00000000c693baa8}> (0x00000000c693baa8) thrown at [src/hotspot/share/prims/jvm.cpp, line 1304]
Event: 1.286 Thread 0x00007fa764019800 Exception <a 'java/security/PrivilegedActionException'{0x00000000c693c5b8}> (0x00000000c693c5b8) thrown at [src/hotspot/share/prims/jvm.cpp, line 1304]
Event: 1.286 Thread 0x00007fa764019800 Exception <a 'java/security/PrivilegedActionException'{0x00000000c693c888}> (0x00000000c693c888) thrown at [src/hotspot/share/prims/jvm.cpp, line 1304]
Event: 1.379 Thread 0x00007fa764019800 Exception <a 'java/lang/NoSuchMethodError'{0x00000000c6f5e9b8}: 'int java.lang.invoke.DirectMethodHandle$Holder.invokeStaticInit(java.lang.Object, java.lang.Object, java.lang.Object, java.lang.Object)'> (0x00000000c6f5e9b8) thrown at [src/hotspot/share/interpreter/linkResolver.cpp, line 772]
Event: 1.381 Thread 0x00007fa764019800 Exception <a 'java/lang/IncompatibleClassChangeError'{0x00000000c6f6a278}: Found class java.lang.Object, but interface was expected> (0x00000000c6f6a278) thrown at [src/hotspot/share/interpreter/linkResolver.cpp, line 839]
Event: 1.383 Thread 0x00007fa764019800 Exception <a 'java/lang/NoSuchMethodError'{0x00000000c6f6daa8}: 'void java.lang.invoke.DirectMethodHandle$Holder.invokeStaticInit(java.lang.Object, java.lang.Object)'> (0x00000000c6f6daa8) thrown at [src/hotspot/share/interpreter/linkResolver.cpp, line 772]
Event: 1.386 Thread 0x00007fa764019800 Exception <a 'java/lang/NoSuchMethodError'{0x00000000c6f755b0}: 'int java.lang.invoke.DirectMethodHandle$Holder.invokeStaticInit(java.lang.Object, java.lang.Object)'> (0x00000000c6f755b0) thrown at [src/hotspot/share/interpreter/linkResolver.cpp, line 772]
Event: 1.526 Thread 0x00007fa764019800 Exception <a 'java/security/PrivilegedActionException'{0x00000000c6cb4ff8}> (0x00000000c6cb4ff8) thrown at [src/hotspot/share/prims/jvm.cpp, line 1304]
Event: 1.527 Thread 0x00007fa764019800 Exception <a 'java/security/PrivilegedActionException'{0x00000000c6cb52c8}> (0x00000000c6cb52c8) thrown at [src/hotspot/share/prims/jvm.cpp, line 1304]

Events (20 events):
Event: 1.631 Executing VM operation: Deoptimize
Event: 1.631 Executing VM operation: Deoptimize done
Event: 1.636 loading class java/lang/invoke/BoundMethodHandle$Species_LL
Event: 1.637 loading class java/lang/invoke/BoundMethodHandle$Species_LL done
Event: 1.639 loading class java/lang/invoke/BoundMethodHandle$Species_LLL
Event: 1.640 loading class java/lang/invoke/BoundMethodHandle$Species_LLL done
Event: 1.644 loading class java/lang/invoke/BoundMethodHandle$Species_LLLL
Event: 1.644 loading class java/lang/invoke/BoundMethodHandle$Species_LLLL done
Event: 1.652 loading class java/lang/invoke/BoundMethodHandle$Species_LLLLL
Event: 1.652 loading class java/lang/invoke/BoundMethodHandle$Species_LLLLL done
Event: 1.655 loading class java/lang/invoke/BoundMethodHandle$Species_LLLLLL
Event: 1.655 loading class java/lang/invoke/BoundMethodHandle$Species_LLLLLL done
Event: 1.658 loading class java/lang/invoke/BoundMethodHandle$Species_LLLLLLI
Event: 1.658 loading class java/lang/invoke/BoundMethodHandle$Species_LLLLLLI done
Event: 1.659 loading class java/lang/invoke/BoundMethodHandle$Species_LLLLLLII
Event: 1.659 loading class java/lang/invoke/BoundMethodHandle$Species_LLLLLLII done
Event: 1.660 loading class java/lang/invoke/BoundMethodHandle$Species_LLLLLLIIL
Event: 1.660 loading class java/lang/invoke/BoundMethodHandle$Species_LLLLLLIIL done
Event: 1.661 loading class scope/LocalScope
Event: 1.661 loading class scope/LocalScope done


Dynamic libraries:
c3200000-c7000000 rw-p 00000000 00:00 0 
c7000000-ffe00000 ---p 00000000 00:00 0 
ffe00000-ffe48000 rw-p 00b0a000 08:05 142310                             /usr/lib/jvm/java-11-openjdk-amd64/lib/server/classes.jsa
ffe48000-fff00000 rw-p 00000000 00:00 0 
fff00000-fff6b000 rw-p 00a9f000 08:05 142310                             /usr/lib/jvm/java-11-openjdk-amd64/lib/server/classes.jsa
fff6b000-100000000 rw-p 00000000 00:00 0 
800000000-800002000 rwxp 00001000 08:05 142310                           /usr/lib/jvm/java-11-openjdk-amd64/lib/server/classes.jsa
800002000-800a9e000 rw-p 00003000 08:05 142310                           /usr/lib/jvm/java-11-openjdk-amd64/lib/server/classes.jsa
840000000-8400c0000 rw-p 00000000 00:00 0 
8400c0000-880000000 ---p 00000000 00:00 0 
560593b6a000-560593b6b000 r--p 00000000 08:05 142834                     /usr/lib/jvm/java-11-openjdk-amd64/bin/java
560593b6b000-560593b6c000 r-xp 00001000 08:05 142834                     /usr/lib/jvm/java-11-openjdk-amd64/bin/java
560593b6c000-560593b6d000 r--p 00002000 08:05 142834                     /usr/lib/jvm/java-11-openjdk-amd64/bin/java
560593b6d000-560593b6e000 r--p 00002000 08:05 142834                     /usr/lib/jvm/java-11-openjdk-amd64/bin/java
560593b6e000-560593b6f000 rw-p 00003000 08:05 142834                     /usr/lib/jvm/java-11-openjdk-amd64/bin/java
560593f61000-560593fa3000 rw-p 00000000 00:00 0                          [heap]
7fa709426000-7fa70948b000 r--p 00000000 08:05 525034                     /home/whale/.javacpp/cache/llvm-13.0.1-1.5.7-linux-x86_64.jar/org/bytedeco/llvm/linux-x86_64/libjniLLVM.so
7fa70948b000-7fa7094f9000 r-xp 00065000 08:05 525034                     /home/whale/.javacpp/cache/llvm-13.0.1-1.5.7-linux-x86_64.jar/org/bytedeco/llvm/linux-x86_64/libjniLLVM.so
7fa7094f9000-7fa709524000 r--p 000d3000 08:05 525034                     /home/whale/.javacpp/cache/llvm-13.0.1-1.5.7-linux-x86_64.jar/org/bytedeco/llvm/linux-x86_64/libjniLLVM.so
7fa709524000-7fa709527000 r--p 000fd000 08:05 525034                     /home/whale/.javacpp/cache/llvm-13.0.1-1.5.7-linux-x86_64.jar/org/bytedeco/llvm/linux-x86_64/libjniLLVM.so
7fa709527000-7fa70952a000 rw-p 00100000 08:05 525034                     /home/whale/.javacpp/cache/llvm-13.0.1-1.5.7-linux-x86_64.jar/org/bytedeco/llvm/linux-x86_64/libjniLLVM.so
7fa70952a000-7fa70952c000 rw-p 00000000 00:00 0 
7fa70952c000-7fa709e52000 r--p 00000000 08:05 525029                     /home/whale/.javacpp/cache/llvm-13.0.1-1.5.7-linux-x86_64.jar/org/bytedeco/llvm/linux-x86_64/libLLVM-13.so
7fa709e52000-7fa70d815000 r-xp 00926000 08:05 525029                     /home/whale/.javacpp/cache/llvm-13.0.1-1.5.7-linux-x86_64.jar/org/bytedeco/llvm/linux-x86_64/libLLVM-13.so
7fa70d815000-7fa70fa6a000 r--p 042e9000 08:05 525029                     /home/whale/.javacpp/cache/llvm-13.0.1-1.5.7-linux-x86_64.jar/org/bytedeco/llvm/linux-x86_64/libLLVM-13.so
7fa70fa6a000-7fa70ff7f000 r--p 0653d000 08:05 525029                     /home/whale/.javacpp/cache/llvm-13.0.1-1.5.7-linux-x86_64.jar/org/bytedeco/llvm/linux-x86_64/libLLVM-13.so
7fa70ff7f000-7fa70ff8a000 rw-p 06a52000 08:05 525029                     /home/whale/.javacpp/cache/llvm-13.0.1-1.5.7-linux-x86_64.jar/org/bytedeco/llvm/linux-x86_64/libLLVM-13.so
7fa70ff8a000-7fa710000000 rw-p 00000000 00:00 0 
7fa710000000-7fa710021000 rw-p 00000000 00:00 0 
7fa710021000-7fa714000000 ---p 00000000 00:00 0 
7fa714000000-7fa714021000 rw-p 00000000 00:00 0 
7fa714021000-7fa718000000 ---p 00000000 00:00 0 
7fa718000000-7fa7181ba000 rw-p 00000000 00:00 0 
7fa7181ba000-7fa71c000000 ---p 00000000 00:00 0 
7fa71c000000-7fa71c557000 rw-p 00000000 00:00 0 
7fa71c557000-7fa720000000 ---p 00000000 00:00 0 
7fa720000000-7fa720021000 rw-p 00000000 00:00 0 
7fa720021000-7fa724000000 ---p 00000000 00:00 0 
7fa724000000-7fa724021000 rw-p 00000000 00:00 0 
7fa724021000-7fa728000000 ---p 00000000 00:00 0 
7fa728000000-7fa728021000 rw-p 00000000 00:00 0 
7fa728021000-7fa72c000000 ---p 00000000 00:00 0 
7fa72c000000-7fa72c021000 rw-p 00000000 00:00 0 
7fa72c021000-7fa730000000 ---p 00000000 00:00 0 
7fa730000000-7fa730021000 rw-p 00000000 00:00 0 
7fa730021000-7fa734000000 ---p 00000000 00:00 0 
7fa734000000-7fa734021000 rw-p 00000000 00:00 0 
7fa734021000-7fa738000000 ---p 00000000 00:00 0 
7fa738000000-7fa738021000 rw-p 00000000 00:00 0 
7fa738021000-7fa73c000000 ---p 00000000 00:00 0 
7fa73c000000-7fa73c021000 rw-p 00000000 00:00 0 
7fa73c021000-7fa740000000 ---p 00000000 00:00 0 
7fa740000000-7fa740021000 rw-p 00000000 00:00 0 
7fa740021000-7fa744000000 ---p 00000000 00:00 0 
7fa7440be000-7fa7440c2000 ---p 00000000 00:00 0 
7fa7440c2000-7fa7441bf000 rw-p 00000000 00:00 0 
7fa7441bf000-7fa7441c0000 ---p 00000000 00:00 0 
7fa7441c0000-7fa7442c1000 rw-p 00000000 00:00 0 
7fa7442c1000-7fa7442c2000 ---p 00000000 00:00 0 
7fa7442c2000-7fa7443c3000 rw-p 00000000 00:00 0 
7fa7443c3000-7fa7443c7000 ---p 00000000 00:00 0 
7fa7443c7000-7fa7444c4000 rw-p 00000000 00:00 0 
7fa7444c4000-7fa7444c8000 ---p 00000000 00:00 0 
7fa7444c8000-7fa7445c5000 rw-p 00000000 00:00 0 
7fa7445c5000-7fa7445c9000 ---p 00000000 00:00 0 
7fa7445c9000-7fa7446c6000 rw-p 00000000 00:00 0 
7fa7446c6000-7fa7446ca000 ---p 00000000 00:00 0 
7fa7446ca000-7fa7447c7000 rw-p 00000000 00:00 0 
7fa7447c7000-7fa7447cb000 ---p 00000000 00:00 0 
7fa7447cb000-7fa744ec8000 rw-p 00000000 00:00 0 
7fa744ec8000-7fa7450c8000 ---p 00000000 00:00 0 
7fa7450c8000-7fa7471c0000 rw-p 00000000 00:00 0 
7fa7471c0000-7fa747ff8000 ---p 00000000 00:00 0 
7fa747ff8000-7fa748000000 rw-p 00000000 00:00 0 
7fa748000000-7fa748021000 rw-p 00000000 00:00 0 
7fa748021000-7fa74c000000 ---p 00000000 00:00 0 
7fa74c0e2000-7fa74c0e9000 r--p 00000000 08:05 525030                     /home/whale/.javacpp/cache/llvm-13.0.1-1.5.7-linux-x86_64.jar/org/bytedeco/llvm/linux-x86_64/libLTO.so.13
7fa74c0e9000-7fa74c0f1000 r-xp 00007000 08:05 525030                     /home/whale/.javacpp/cache/llvm-13.0.1-1.5.7-linux-x86_64.jar/org/bytedeco/llvm/linux-x86_64/libLTO.so.13
7fa74c0f1000-7fa74c0f3000 r--p 0000f000 08:05 525030                     /home/whale/.javacpp/cache/llvm-13.0.1-1.5.7-linux-x86_64.jar/org/bytedeco/llvm/linux-x86_64/libLTO.so.13
7fa74c0f3000-7fa74c0f4000 r--p 00010000 08:05 525030                     /home/whale/.javacpp/cache/llvm-13.0.1-1.5.7-linux-x86_64.jar/org/bytedeco/llvm/linux-x86_64/libLTO.so.13
7fa74c0f4000-7fa74c0f5000 rw-p 00011000 08:05 525030                     /home/whale/.javacpp/cache/llvm-13.0.1-1.5.7-linux-x86_64.jar/org/bytedeco/llvm/linux-x86_64/libLTO.so.13
7fa74c0f5000-7fa74c0f9000 ---p 00000000 00:00 0 
7fa74c0f9000-7fa74c1f6000 rw-p 00000000 00:00 0 
7fa74c1f6000-7fa74c1fa000 ---p 00000000 00:00 0 
7fa74c1fa000-7fa74c2f7000 rw-p 00000000 00:00 0 
7fa74c2f7000-7fa74c2fb000 ---p 00000000 00:00 0 
7fa74c2fb000-7fa74c3f8000 rw-p 00000000 00:00 0 
7fa74c3f8000-7fa74c3fc000 ---p 00000000 00:00 0 
7fa74c3fc000-7fa74c4f9000 rw-p 00000000 00:00 0 
7fa74c4f9000-7fa74c4fd000 ---p 00000000 00:00 0 
7fa74c4fd000-7fa74c5fa000 rw-p 00000000 00:00 0 
7fa74c5fa000-7fa74c5fe000 ---p 00000000 00:00 0 
7fa74c5fe000-7fa74c6fb000 rw-p 00000000 00:00 0 
7fa74c6fb000-7fa74c6fc000 ---p 00000000 00:00 0 
7fa74c6fc000-7fa74c7fd000 rw-p 00000000 00:00 0 
7fa74c7fd000-7fa74ca6d000 rwxp 00000000 00:00 0 
7fa74ca6d000-7fa74cd8c000 ---p 00000000 00:00 0 
7fa74cd8c000-7fa74cffc000 rwxp 00000000 00:00 0 
7fa74cffc000-7fa7542c4000 ---p 00000000 00:00 0 
7fa7542c4000-7fa754534000 rwxp 00000000 00:00 0 
7fa754534000-7fa75b7fd000 ---p 00000000 00:00 0 
7fa75b7fd000-7fa764000000 r--s 00000000 08:05 142924                     /usr/lib/jvm/java-11-openjdk-amd64/lib/modules
7fa764000000-7fa7644bd000 rw-p 00000000 00:00 0 
7fa7644bd000-7fa768000000 ---p 00000000 00:00 0 
7fa768002000-7fa768003000 r--p 00000000 08:05 525032                     /home/whale/.javacpp/cache/llvm-13.0.1-1.5.7-linux-x86_64.jar/org/bytedeco/llvm/linux-x86_64/libRemarks.so.13
7fa768003000-7fa768004000 r-xp 00001000 08:05 525032                     /home/whale/.javacpp/cache/llvm-13.0.1-1.5.7-linux-x86_64.jar/org/bytedeco/llvm/linux-x86_64/libRemarks.so.13
7fa768004000-7fa768005000 r--p 00002000 08:05 525032                     /home/whale/.javacpp/cache/llvm-13.0.1-1.5.7-linux-x86_64.jar/org/bytedeco/llvm/linux-x86_64/libRemarks.so.13
7fa768005000-7fa768006000 r--p 00002000 08:05 525032                     /home/whale/.javacpp/cache/llvm-13.0.1-1.5.7-linux-x86_64.jar/org/bytedeco/llvm/linux-x86_64/libRemarks.so.13
7fa768006000-7fa768007000 rw-p 00003000 08:05 525032                     /home/whale/.javacpp/cache/llvm-13.0.1-1.5.7-linux-x86_64.jar/org/bytedeco/llvm/linux-x86_64/libRemarks.so.13
7fa768007000-7fa76800b000 r--p 00000000 08:05 525023                     /home/whale/.javacpp/cache/javacpp-1.5.7-linux-x86_64.jar/org/bytedeco/javacpp/linux-x86_64/libjnijavacpp.so
7fa76800b000-7fa768012000 r-xp 00004000 08:05 525023                     /home/whale/.javacpp/cache/javacpp-1.5.7-linux-x86_64.jar/org/bytedeco/javacpp/linux-x86_64/libjnijavacpp.so
7fa768012000-7fa768016000 r--p 0000b000 08:05 525023                     /home/whale/.javacpp/cache/javacpp-1.5.7-linux-x86_64.jar/org/bytedeco/javacpp/linux-x86_64/libjnijavacpp.so
7fa768016000-7fa768017000 r--p 0000e000 08:05 525023                     /home/whale/.javacpp/cache/javacpp-1.5.7-linux-x86_64.jar/org/bytedeco/javacpp/linux-x86_64/libjnijavacpp.so
7fa768017000-7fa768018000 rw-p 0000f000 08:05 525023                     /home/whale/.javacpp/cache/javacpp-1.5.7-linux-x86_64.jar/org/bytedeco/javacpp/linux-x86_64/libjnijavacpp.so
7fa768018000-7fa76801c000 r--p 00000000 08:05 142914                     /usr/lib/jvm/java-11-openjdk-amd64/lib/libnet.so
7fa76801c000-7fa76802a000 r-xp 00004000 08:05 142914                     /usr/lib/jvm/java-11-openjdk-amd64/lib/libnet.so
7fa76802a000-7fa76802e000 r--p 00012000 08:05 142914                     /usr/lib/jvm/java-11-openjdk-amd64/lib/libnet.so
7fa76802e000-7fa76802f000 r--p 00015000 08:05 142914                     /usr/lib/jvm/java-11-openjdk-amd64/lib/libnet.so
7fa76802f000-7fa768030000 rw-p 00016000 08:05 142914                     /usr/lib/jvm/java-11-openjdk-amd64/lib/libnet.so
7fa768030000-7fa768037000 r--p 00000000 08:05 142915                     /usr/lib/jvm/java-11-openjdk-amd64/lib/libnio.so
7fa768037000-7fa76803f000 r-xp 00007000 08:05 142915                     /usr/lib/jvm/java-11-openjdk-amd64/lib/libnio.so
7fa76803f000-7fa768042000 r--p 0000f000 08:05 142915                     /usr/lib/jvm/java-11-openjdk-amd64/lib/libnio.so
7fa768042000-7fa768043000 r--p 00011000 08:05 142915                     /usr/lib/jvm/java-11-openjdk-amd64/lib/libnio.so
7fa768043000-7fa768044000 rw-p 00012000 08:05 142915                     /usr/lib/jvm/java-11-openjdk-amd64/lib/libnio.so
7fa768044000-7fa768046000 r--p 00000000 08:05 142895                     /usr/lib/jvm/java-11-openjdk-amd64/lib/libdt_socket.so
7fa768046000-7fa768049000 r-xp 00002000 08:05 142895                     /usr/lib/jvm/java-11-openjdk-amd64/lib/libdt_socket.so
7fa768049000-7fa76804a000 r--p 00005000 08:05 142895                     /usr/lib/jvm/java-11-openjdk-amd64/lib/libdt_socket.so
7fa76804a000-7fa76804b000 ---p 00006000 08:05 142895                     /usr/lib/jvm/java-11-openjdk-amd64/lib/libdt_socket.so
7fa76804b000-7fa76804c000 r--p 00006000 08:05 142895                     /usr/lib/jvm/java-11-openjdk-amd64/lib/libdt_socket.so
7fa76804c000-7fa76804d000 rw-p 00007000 08:05 142895                     /usr/lib/jvm/java-11-openjdk-amd64/lib/libdt_socket.so
7fa76804d000-7fa768054000 r--s 00000000 08:05 668551                     /usr/lib/x86_64-linux-gnu/gconv/gconv-modules.cache
7fa768054000-7fa768130000 rw-p 00000000 00:00 0 
7fa768130000-7fa768131000 ---p 00000000 00:00 0 
7fa768131000-7fa768232000 rw-p 00000000 00:00 0 
7fa768232000-7fa768233000 ---p 00000000 00:00 0 
7fa768233000-7fa768536000 rw-p 00000000 00:00 0 
7fa768536000-7fa768537000 ---p 00000000 00:00 0 
7fa768537000-7fa768638000 rw-p 00000000 00:00 0 
7fa768638000-7fa768639000 ---p 00000000 00:00 0 
7fa768639000-7fa768853000 rw-p 00000000 00:00 0 
7fa768853000-7fa76968b000 ---p 00000000 00:00 0 
7fa76968b000-7fa7696b2000 rw-p 00000000 00:00 0 
7fa7696b2000-7fa769879000 ---p 00000000 00:00 0 
7fa769879000-7fa769899000 rw-p 00000000 00:00 0 
7fa769899000-7fa769a60000 ---p 00000000 00:00 0 
7fa769a60000-7fa769a80000 rw-p 00000000 00:00 0 
7fa769a80000-7fa769c47000 ---p 00000000 00:00 0 
7fa769c47000-7fa769e4a000 rw-p 00000000 00:00 0 
7fa769e4a000-7fa769e4b000 ---p 00000000 00:00 0 
7fa769e4b000-7fa769f51000 rw-p 00000000 00:00 0 
7fa769f51000-7fa76a037000 ---p 00000000 00:00 0 
7fa76a037000-7fa76a03c000 rw-p 00000000 00:00 0 
7fa76a03c000-7fa76a122000 ---p 00000000 00:00 0 
7fa76a122000-7fa76a127000 rw-p 00000000 00:00 0 
7fa76a127000-7fa76a12e000 ---p 00000000 00:00 0 
7fa76a12e000-7fa76a130000 r--p 00000000 08:05 142923                     /usr/lib/jvm/java-11-openjdk-amd64/lib/libzip.so
7fa76a130000-7fa76a135000 r-xp 00002000 08:05 142923                     /usr/lib/jvm/java-11-openjdk-amd64/lib/libzip.so
7fa76a135000-7fa76a137000 r--p 00007000 08:05 142923                     /usr/lib/jvm/java-11-openjdk-amd64/lib/libzip.so
7fa76a137000-7fa76a138000 r--p 00008000 08:05 142923                     /usr/lib/jvm/java-11-openjdk-amd64/lib/libzip.so
7fa76a138000-7fa76a139000 rw-p 00009000 08:05 142923                     /usr/lib/jvm/java-11-openjdk-amd64/lib/libzip.so
7fa76a139000-7fa76a13c000 r--p 00000000 08:05 133285                     /usr/lib/x86_64-linux-gnu/libnss_files-2.31.so
7fa76a13c000-7fa76a143000 r-xp 00003000 08:05 133285                     /usr/lib/x86_64-linux-gnu/libnss_files-2.31.so
7fa76a143000-7fa76a145000 r--p 0000a000 08:05 133285                     /usr/lib/x86_64-linux-gnu/libnss_files-2.31.so
7fa76a145000-7fa76a146000 r--p 0000b000 08:05 133285                     /usr/lib/x86_64-linux-gnu/libnss_files-2.31.so
7fa76a146000-7fa76a147000 rw-p 0000c000 08:05 133285                     /usr/lib/x86_64-linux-gnu/libnss_files-2.31.so
7fa76a147000-7fa76a14d000 rw-p 00000000 00:00 0 
7fa76a150000-7fa76a156000 r--s 00067000 07:10 1464                       /snap/intellij-idea-ultimate/401/plugins/java/lib/rt/debugger-agent.jar
7fa76a156000-7fa76a15e000 rw-s 00000000 08:05 266875                     /tmp/hsperfdata_whale/3741
7fa76a15e000-7fa76a9cf000 r--p 00000000 08:05 131580                     /usr/lib/locale/locale-archive
7fa76a9cf000-7fa76a9d1000 r--p 00000000 08:05 142898                     /usr/lib/jvm/java-11-openjdk-amd64/lib/libinstrument.so
7fa76a9d1000-7fa76a9d7000 r-xp 00002000 08:05 142898                     /usr/lib/jvm/java-11-openjdk-amd64/lib/libinstrument.so
7fa76a9d7000-7fa76a9da000 r--p 00008000 08:05 142898                     /usr/lib/jvm/java-11-openjdk-amd64/lib/libinstrument.so
7fa76a9da000-7fa76a9db000 r--p 0000a000 08:05 142898                     /usr/lib/jvm/java-11-openjdk-amd64/lib/libinstrument.so
7fa76a9db000-7fa76a9dc000 rw-p 0000b000 08:05 142898                     /usr/lib/jvm/java-11-openjdk-amd64/lib/libinstrument.so
7fa76a9dc000-7fa76a9de000 r--p 00000000 08:05 142905                     /usr/lib/jvm/java-11-openjdk-amd64/lib/libjdwp.so
7fa76a9de000-7fa76aa0a000 r-xp 00002000 08:05 142905                     /usr/lib/jvm/java-11-openjdk-amd64/lib/libjdwp.so
7fa76aa0a000-7fa76aa18000 r--p 0002e000 08:05 142905                     /usr/lib/jvm/java-11-openjdk-amd64/lib/libjdwp.so
7fa76aa18000-7fa76aa19000 r--p 0003b000 08:05 142905                     /usr/lib/jvm/java-11-openjdk-amd64/lib/libjdwp.so
7fa76aa19000-7fa76aa1a000 rw-p 0003c000 08:05 142905                     /usr/lib/jvm/java-11-openjdk-amd64/lib/libjdwp.so
7fa76aa1a000-7fa76aa28000 r--p 00000000 08:05 142903                     /usr/lib/jvm/java-11-openjdk-amd64/lib/libjava.so
7fa76aa28000-7fa76aa3e000 r-xp 0000e000 08:05 142903                     /usr/lib/jvm/java-11-openjdk-amd64/lib/libjava.so
7fa76aa3e000-7fa76aa45000 r--p 00024000 08:05 142903                     /usr/lib/jvm/java-11-openjdk-amd64/lib/libjava.so
7fa76aa45000-7fa76aa46000 r--p 0002a000 08:05 142903                     /usr/lib/jvm/java-11-openjdk-amd64/lib/libjava.so
7fa76aa46000-7fa76aa47000 rw-p 0002b000 08:05 142903                     /usr/lib/jvm/java-11-openjdk-amd64/lib/libjava.so
7fa76aa47000-7fa76aa48000 rw-p 00000000 00:00 0 
7fa76aa48000-7fa76aa4d000 r--p 00000000 08:05 142922                     /usr/lib/jvm/java-11-openjdk-amd64/lib/libverify.so
7fa76aa4d000-7fa76aa54000 r-xp 00005000 08:05 142922                     /usr/lib/jvm/java-11-openjdk-amd64/lib/libverify.so
7fa76aa54000-7fa76aa56000 r--p 0000c000 08:05 142922                     /usr/lib/jvm/java-11-openjdk-amd64/lib/libverify.so
7fa76aa56000-7fa76aa57000 ---p 0000e000 08:05 142922                     /usr/lib/jvm/java-11-openjdk-amd64/lib/libverify.so
7fa76aa57000-7fa76aa59000 r--p 0000e000 08:05 142922                     /usr/lib/jvm/java-11-openjdk-amd64/lib/libverify.so
7fa76aa59000-7fa76aa5a000 rw-p 00010000 08:05 142922                     /usr/lib/jvm/java-11-openjdk-amd64/lib/libverify.so
7fa76aa5a000-7fa76aa5c000 r--p 00000000 08:05 133292                     /usr/lib/x86_64-linux-gnu/librt-2.31.so
7fa76aa5c000-7fa76aa60000 r-xp 00002000 08:05 133292                     /usr/lib/x86_64-linux-gnu/librt-2.31.so
7fa76aa60000-7fa76aa62000 r--p 00006000 08:05 133292                     /usr/lib/x86_64-linux-gnu/librt-2.31.so
7fa76aa62000-7fa76aa63000 r--p 00007000 08:05 133292                     /usr/lib/x86_64-linux-gnu/librt-2.31.so
7fa76aa63000-7fa76aa64000 rw-p 00008000 08:05 133292                     /usr/lib/x86_64-linux-gnu/librt-2.31.so
7fa76aa64000-7fa76aa68000 ---p 00000000 00:00 0 
7fa76aa68000-7fa76ab65000 rw-p 00000000 00:00 0 
7fa76ab65000-7fa76ab68000 r--p 00000000 08:05 138285                     /usr/lib/x86_64-linux-gnu/libgcc_s.so.1
7fa76ab68000-7fa76ab7a000 r-xp 00003000 08:05 138285                     /usr/lib/x86_64-linux-gnu/libgcc_s.so.1
7fa76ab7a000-7fa76ab7e000 r--p 00015000 08:05 138285                     /usr/lib/x86_64-linux-gnu/libgcc_s.so.1
7fa76ab7e000-7fa76ab7f000 r--p 00018000 08:05 138285                     /usr/lib/x86_64-linux-gnu/libgcc_s.so.1
7fa76ab7f000-7fa76ab80000 rw-p 00019000 08:05 138285                     /usr/lib/x86_64-linux-gnu/libgcc_s.so.1
7fa76ab80000-7fa76ab8d000 r--p 00000000 08:05 131587                     /usr/lib/x86_64-linux-gnu/libm-2.31.so
7fa76ab8d000-7fa76ac34000 r-xp 0000d000 08:05 131587                     /usr/lib/x86_64-linux-gnu/libm-2.31.so
7fa76ac34000-7fa76accd000 r--p 000b4000 08:05 131587                     /usr/lib/x86_64-linux-gnu/libm-2.31.so
7fa76accd000-7fa76acce000 r--p 0014c000 08:05 131587                     /usr/lib/x86_64-linux-gnu/libm-2.31.so
7fa76acce000-7fa76accf000 rw-p 0014d000 08:05 131587                     /usr/lib/x86_64-linux-gnu/libm-2.31.so
7fa76accf000-7fa76ad65000 r--p 00000000 08:05 139076                     /usr/lib/x86_64-linux-gnu/libstdc++.so.6.0.28
7fa76ad65000-7fa76ae56000 r-xp 00096000 08:05 139076                     /usr/lib/x86_64-linux-gnu/libstdc++.so.6.0.28
7fa76ae56000-7fa76ae9f000 r--p 00187000 08:05 139076                     /usr/lib/x86_64-linux-gnu/libstdc++.so.6.0.28
7fa76ae9f000-7fa76aea0000 ---p 001d0000 08:05 139076                     /usr/lib/x86_64-linux-gnu/libstdc++.so.6.0.28
7fa76aea0000-7fa76aeab000 r--p 001d0000 08:05 139076                     /usr/lib/x86_64-linux-gnu/libstdc++.so.6.0.28
7fa76aeab000-7fa76aeae000 rw-p 001db000 08:05 139076                     /usr/lib/x86_64-linux-gnu/libstdc++.so.6.0.28
7fa76aeae000-7fa76aeb1000 rw-p 00000000 00:00 0 
7fa76aeb1000-7fa76b133000 r--p 00000000 08:05 142927                     /usr/lib/jvm/java-11-openjdk-amd64/lib/server/libjvm.so
7fa76b133000-7fa76bdbc000 r-xp 00282000 08:05 142927                     /usr/lib/jvm/java-11-openjdk-amd64/lib/server/libjvm.so
7fa76bdbc000-7fa76c019000 r--p 00f0b000 08:05 142927                     /usr/lib/jvm/java-11-openjdk-amd64/lib/server/libjvm.so
7fa76c019000-7fa76c01a000 ---p 01168000 08:05 142927                     /usr/lib/jvm/java-11-openjdk-amd64/lib/server/libjvm.so
7fa76c01a000-7fa76c0de000 r--p 01168000 08:05 142927                     /usr/lib/jvm/java-11-openjdk-amd64/lib/server/libjvm.so
7fa76c0de000-7fa76c119000 rw-p 0122c000 08:05 142927                     /usr/lib/jvm/java-11-openjdk-amd64/lib/server/libjvm.so
7fa76c119000-7fa76c172000 rw-p 00000000 00:00 0 
7fa76c172000-7fa76c178000 r--p 00000000 08:05 133290                     /usr/lib/x86_64-linux-gnu/libpthread-2.31.so
7fa76c178000-7fa76c189000 r-xp 00006000 08:05 133290                     /usr/lib/x86_64-linux-gnu/libpthread-2.31.so
7fa76c189000-7fa76c18f000 r--p 00017000 08:05 133290                     /usr/lib/x86_64-linux-gnu/libpthread-2.31.so
7fa76c18f000-7fa76c190000 r--p 0001c000 08:05 133290                     /usr/lib/x86_64-linux-gnu/libpthread-2.31.so
7fa76c190000-7fa76c191000 rw-p 0001d000 08:05 133290                     /usr/lib/x86_64-linux-gnu/libpthread-2.31.so
7fa76c191000-7fa76c195000 rw-p 00000000 00:00 0 
7fa76c195000-7fa76c196000 r--p 00000000 08:05 131586                     /usr/lib/x86_64-linux-gnu/libdl-2.31.so
7fa76c196000-7fa76c198000 r-xp 00001000 08:05 131586                     /usr/lib/x86_64-linux-gnu/libdl-2.31.so
7fa76c198000-7fa76c199000 r--p 00003000 08:05 131586                     /usr/lib/x86_64-linux-gnu/libdl-2.31.so
7fa76c199000-7fa76c19a000 r--p 00003000 08:05 131586                     /usr/lib/x86_64-linux-gnu/libdl-2.31.so
7fa76c19a000-7fa76c19b000 rw-p 00004000 08:05 131586                     /usr/lib/x86_64-linux-gnu/libdl-2.31.so
7fa76c19b000-7fa76c19d000 r--p 00000000 08:05 131303                     /usr/lib/x86_64-linux-gnu/libz.so.1.2.11
7fa76c19d000-7fa76c1ae000 r-xp 00002000 08:05 131303                     /usr/lib/x86_64-linux-gnu/libz.so.1.2.11
7fa76c1ae000-7fa76c1b4000 r--p 00013000 08:05 131303                     /usr/lib/x86_64-linux-gnu/libz.so.1.2.11
7fa76c1b4000-7fa76c1b5000 ---p 00019000 08:05 131303                     /usr/lib/x86_64-linux-gnu/libz.so.1.2.11
7fa76c1b5000-7fa76c1b6000 r--p 00019000 08:05 131303                     /usr/lib/x86_64-linux-gnu/libz.so.1.2.11
7fa76c1b6000-7fa76c1b7000 rw-p 0001a000 08:05 131303                     /usr/lib/x86_64-linux-gnu/libz.so.1.2.11
7fa76c1b7000-7fa76c1d9000 r--p 00000000 08:05 131585                     /usr/lib/x86_64-linux-gnu/libc-2.31.so
7fa76c1d9000-7fa76c351000 r-xp 00022000 08:05 131585                     /usr/lib/x86_64-linux-gnu/libc-2.31.so
7fa76c351000-7fa76c39f000 r--p 0019a000 08:05 131585                     /usr/lib/x86_64-linux-gnu/libc-2.31.so
7fa76c39f000-7fa76c3a3000 r--p 001e7000 08:05 131585                     /usr/lib/x86_64-linux-gnu/libc-2.31.so
7fa76c3a3000-7fa76c3a5000 rw-p 001eb000 08:05 131585                     /usr/lib/x86_64-linux-gnu/libc-2.31.so
7fa76c3a5000-7fa76c3a9000 rw-p 00000000 00:00 0 
7fa76c3ad000-7fa76c3af000 r--s 0000c000 08:05 534628                     /usr/share/java/java-atk-wrapper.jar
7fa76c3af000-7fa76c3b0000 ---p 00000000 00:00 0 
7fa76c3b0000-7fa76c3b1000 r--p 00000000 00:00 0 
7fa76c3b1000-7fa76c3b3000 r--p 00000000 08:05 142906                     /usr/lib/jvm/java-11-openjdk-amd64/lib/libjimage.so
7fa76c3b3000-7fa76c3b6000 r-xp 00002000 08:05 142906                     /usr/lib/jvm/java-11-openjdk-amd64/lib/libjimage.so
7fa76c3b6000-7fa76c3b7000 r--p 00005000 08:05 142906                     /usr/lib/jvm/java-11-openjdk-amd64/lib/libjimage.so
7fa76c3b7000-7fa76c3b8000 ---p 00006000 08:05 142906                     /usr/lib/jvm/java-11-openjdk-amd64/lib/libjimage.so
7fa76c3b8000-7fa76c3b9000 r--p 00006000 08:05 142906                     /usr/lib/jvm/java-11-openjdk-amd64/lib/libjimage.so
7fa76c3b9000-7fa76c3ba000 rw-p 00007000 08:05 142906                     /usr/lib/jvm/java-11-openjdk-amd64/lib/libjimage.so
7fa76c3ba000-7fa76c3bd000 r--p 00000000 08:05 142888                     /usr/lib/jvm/java-11-openjdk-amd64/lib/jli/libjli.so
7fa76c3bd000-7fa76c3c7000 r-xp 00003000 08:05 142888                     /usr/lib/jvm/java-11-openjdk-amd64/lib/jli/libjli.so
7fa76c3c7000-7fa76c3ca000 r--p 0000d000 08:05 142888                     /usr/lib/jvm/java-11-openjdk-amd64/lib/jli/libjli.so
7fa76c3ca000-7fa76c3cb000 ---p 00010000 08:05 142888                     /usr/lib/jvm/java-11-openjdk-amd64/lib/jli/libjli.so
7fa76c3cb000-7fa76c3cc000 r--p 00010000 08:05 142888                     /usr/lib/jvm/java-11-openjdk-amd64/lib/jli/libjli.so
7fa76c3cc000-7fa76c3cd000 rw-p 00011000 08:05 142888                     /usr/lib/jvm/java-11-openjdk-amd64/lib/jli/libjli.so
7fa76c3cd000-7fa76c3cf000 rw-p 00000000 00:00 0 
7fa76c3cf000-7fa76c3d0000 r--p 00000000 08:05 131184                     /usr/lib/x86_64-linux-gnu/ld-2.31.so
7fa76c3d0000-7fa76c3f3000 r-xp 00001000 08:05 131184                     /usr/lib/x86_64-linux-gnu/ld-2.31.so
7fa76c3f3000-7fa76c3fb000 r--p 00024000 08:05 131184                     /usr/lib/x86_64-linux-gnu/ld-2.31.so
7fa76c3fc000-7fa76c3fd000 r--p 0002c000 08:05 131184                     /usr/lib/x86_64-linux-gnu/ld-2.31.so
7fa76c3fd000-7fa76c3fe000 rw-p 0002d000 08:05 131184                     /usr/lib/x86_64-linux-gnu/ld-2.31.so
7fa76c3fe000-7fa76c3ff000 rw-p 00000000 00:00 0 
7ffd153fa000-7ffd1541c000 rw-p 00000000 00:00 0                          [stack]
7ffd15482000-7ffd15486000 r--p 00000000 00:00 0                          [vvar]
7ffd15486000-7ffd15488000 r-xp 00000000 00:00 0                          [vdso]
ffffffffff600000-ffffffffff601000 --xp 00000000 00:00 0                  [vsyscall]


VM Arguments:
jvm_args: -agentlib:jdwp=transport=dt_socket,address=127.0.0.1:53387,suspend=y,server=n -javaagent:/snap/intellij-idea-ultimate/401/plugins/java/lib/rt/debugger-agent.jar -Dfile.encoding=UTF-8 
java_command: Main
java_class_path (initial): /home/whale/Lab/target/classes:/usr/local/lib/antlr-4.9.1-complete.jar:/opt/maven/repository/org/bytedeco/llvm-platform/13.0.1-1.5.7/llvm-platform-13.0.1-1.5.7.jar:/opt/maven/repository/org/bytedeco/javacpp-platform/1.5.7/javacpp-platform-1.5.7.jar:/opt/maven/repository/org/bytedeco/javacpp/1.5.7/javacpp-1.5.7.jar:/opt/maven/repository/org/bytedeco/javacpp/1.5.7/javacpp-1.5.7-android-arm.jar:/opt/maven/repository/org/bytedeco/javacpp/1.5.7/javacpp-1.5.7-android-arm64.jar:/opt/maven/repository/org/bytedeco/javacpp/1.5.7/javacpp-1.5.7-android-x86.jar:/opt/maven/repository/org/bytedeco/javacpp/1.5.7/javacpp-1.5.7-android-x86_64.jar:/opt/maven/repository/org/bytedeco/javacpp/1.5.7/javacpp-1.5.7-ios-arm64.jar:/opt/maven/repository/org/bytedeco/javacpp/1.5.7/javacpp-1.5.7-ios-x86_64.jar:/opt/maven/repository/org/bytedeco/javacpp/1.5.7/javacpp-1.5.7-linux-armhf.jar:/opt/maven/repository/org/bytedeco/javacpp/1.5.7/javacpp-1.5.7-linux-arm64.jar:/opt/maven/repository/org/bytedeco/javacpp/1.5.7/javacpp-1.5.7-linux-ppc64le.jar:/opt/maven/repository/org/bytedeco/javacpp/1.5.7/javacpp-1.5.7-linux-x86.jar:/opt/maven/repository/org/bytedeco/javacpp/1.5.7/javacpp-1.5.7-linux-x86_64.jar:/opt/maven/repository/org/bytedeco/javacpp/1.5.7/javacpp-1.5.7-macosx-arm64.jar:/opt/maven/repository/org/bytedeco/javacpp/1.5.7/javacpp-1.5.7-macosx-x86_64.jar:/opt/maven/repository/org/bytedeco/javacpp/1.5.7/javacpp-1.5.7-windows-x86.jar:/opt/maven/repository/org/bytedeco/javacpp/1.5.7/javacpp-1.5.7-windows-x86_64.jar:/opt/maven/repository/org/bytedeco/llvm/13.0.1-1.5.7/llvm-13.0.1-1.5.7.jar:/opt/maven/repository/org/bytedeco/llvm/13.0.1-1.5.7/llvm-13.0.1-1.5.7-linux-x86.jar:/opt/maven/repository/org/bytedeco/llvm/13.0.1-1.5.7/llvm-13.0.1-1.5.7-linux-x86_64.jar:/opt/maven/repository/org/bytedeco/llvm/13.0.1-1.5.7/llvm-13.0.1-1.5.7-linux-armhf.jar:/opt/maven/repository/org/bytedeco/llvm/13.0.1-1.5.7/llvm-13.0.1-1.5.7-linux-arm64.jar:/opt/maven/repository/org/bytedeco/llvm
Launcher Type: SUN_STANDARD

[Global flags]
     intx CICompilerCount                          = 2                                         {product} {ergonomic}
     uint ConcGCThreads                            = 1                                         {product} {ergonomic}
     uint G1ConcRefinementThreads                  = 2                                         {product} {ergonomic}
   size_t G1HeapRegionSize                         = 1048576                                   {product} {ergonomic}
    uintx GCDrainStackTargetSize                   = 64                                        {product} {ergonomic}
   size_t InitialHeapSize                          = 65011712                                  {product} {ergonomic}
   size_t MarkStackSize                            = 4194304                                   {product} {ergonomic}
   size_t MaxHeapSize                              = 1021313024                                {product} {ergonomic}
   size_t MaxNewSize                               = 612368384                                 {product} {ergonomic}
   size_t MinHeapDeltaBytes                        = 1048576                                   {product} {ergonomic}
    uintx NonNMethodCodeHeapSize                   = 5825164                                {pd product} {ergonomic}
    uintx NonProfiledCodeHeapSize                  = 122916538                              {pd product} {ergonomic}
    uintx ProfiledCodeHeapSize                     = 122916538                              {pd product} {ergonomic}
    uintx ReservedCodeCacheSize                    = 251658240                              {pd product} {ergonomic}
     bool SegmentedCodeCache                       = true                                      {product} {ergonomic}
     bool UseCompressedClassPointers               = true                                 {lp64_product} {ergonomic}
     bool UseCompressedOops                        = true                                 {lp64_product} {ergonomic}
     bool UseG1GC                                  = true                                      {product} {ergonomic}

Logging:
Log output configuration:
 #0: stdout all=warning uptime,level,tags
 #1: stderr all=off uptime,level,tags

Environment Variables:
PATH=/opt/maven/apache-maven-3.8.6/bin:/usr/local/sbin:/usr/local/bin:/usr/sbin:/usr/bin:/sbin:/bin:/usr/games:/usr/local/games:/snap/bin:/usr/local/cbc/bin
USERNAME=whale
SHELL=/bin/bash
DISPLAY=:0
LANG=zh_CN.UTF-8

Signal Handlers:
SIGSEGV: [libjvm.so+0xe97eb0], sa_mask[0]=11111111011111111101111111111110, sa_flags=SA_RESTART|SA_SIGINFO
SIGBUS: [libjvm.so+0xe97eb0], sa_mask[0]=11111111011111111101111111111110, sa_flags=SA_RESTART|SA_SIGINFO
SIGFPE: [libjvm.so+0xe97eb0], sa_mask[0]=11111111011111111101111111111110, sa_flags=SA_RESTART|SA_SIGINFO
SIGPIPE: [libjvm.so+0xbde850], sa_mask[0]=11111111011111111101111111111110, sa_flags=SA_RESTART|SA_SIGINFO
SIGXFSZ: [libjvm.so+0xbde850], sa_mask[0]=11111111011111111101111111111110, sa_flags=SA_RESTART|SA_SIGINFO
SIGILL: [libjvm.so+0xe97eb0], sa_mask[0]=11111111011111111101111111111110, sa_flags=SA_RESTART|SA_SIGINFO
SIGUSR2: [libjvm.so+0xbde6f0], sa_mask[0]=00100000000000000000000000000000, sa_flags=SA_RESTART|SA_SIGINFO
SIGHUP: [libjvm.so+0xbde9e0], sa_mask[0]=11111111011111111101111111111110, sa_flags=SA_RESTART|SA_SIGINFO
SIGINT: [libjvm.so+0xbde9e0], sa_mask[0]=11111111011111111101111111111110, sa_flags=SA_RESTART|SA_SIGINFO
SIGTERM: [libjvm.so+0xbde9e0], sa_mask[0]=11111111011111111101111111111110, sa_flags=SA_RESTART|SA_SIGINFO
SIGQUIT: [libjvm.so+0xbde9e0], sa_mask[0]=11111111011111111101111111111110, sa_flags=SA_RESTART|SA_SIGINFO


---------------  S Y S T E M  ---------------

OS:DISTRIB_ID=Ubuntu
DISTRIB_RELEASE=20.04
DISTRIB_CODENAME=focal
DISTRIB_DESCRIPTION="Ubuntu 20.04.5 LTS"
uname:Linux 5.15.0-56-generic #62~20.04.1-Ubuntu SMP Tue Nov 22 21:24:20 UTC 2022 x86_64
OS uptime: 0 days 0:11 hours
libc:glibc 2.31 NPTL 2.31 
rlimit (soft/hard): STACK 8192k/infinity , CORE 0k/infinity , NPROC 15258/15258 , NOFILE 1048576/1048576 , AS infinity/infinity , CPU infinity/infinity , DATA infinity/infinity , FSIZE infinity/infinity , MEMLOCK 65536k/65536k
load average:2.04 1.59 1.06

/proc/meminfo:
MemTotal:        3983208 kB
MemFree:          138120 kB
MemAvailable:     623780 kB
Buffers:           11520 kB
Cached:           662912 kB
SwapCached:        26860 kB
Active:          1214516 kB
Inactive:        2063520 kB
Active(anon):     882644 kB
Inactive(anon):  1750020 kB
Active(file):     331872 kB
Inactive(file):   313500 kB
Unevictable:          16 kB
Mlocked:              16 kB
SwapTotal:        945416 kB
SwapFree:         228020 kB
Dirty:             12672 kB
Writeback:             0 kB
AnonPages:       2589960 kB
Mapped:           361560 kB
Shmem:             29012 kB
KReclaimable:      93620 kB
Slab:             187040 kB
SReclaimable:      93620 kB
SUnreclaim:        93420 kB
KernelStack:       15772 kB
PageTables:        29312 kB
NFS_Unstable:          0 kB
Bounce:                0 kB
WritebackTmp:          0 kB
CommitLimit:     2937020 kB
Committed_AS:    6597112 kB
VmallocTotal:   34359738367 kB
VmallocUsed:       66764 kB
VmallocChunk:          0 kB
Percpu:           104960 kB
HardwareCorrupted:     0 kB
AnonHugePages:         0 kB
ShmemHugePages:        0 kB
ShmemPmdMapped:        0 kB
FileHugePages:         0 kB
FilePmdMapped:         0 kB
HugePages_Total:       0
HugePages_Free:        0
HugePages_Rsvd:        0
HugePages_Surp:        0
Hugepagesize:       2048 kB
Hugetlb:               0 kB
DirectMap4k:      251712 kB
DirectMap2M:     3942400 kB
DirectMap1G:     2097152 kB

/sys/kernel/mm/transparent_hugepage/enabled:
always [madvise] never
/sys/kernel/mm/transparent_hugepage/defrag (defrag/compaction efforts parameter):
always defer defer+madvise [madvise] never

Process Memory:
Virtual Size: 3677424K (peak: 12389304K)
Resident Set Size: 103624K (peak: 103624K) (anon: 47568K, file: 56056K, shmem: 0K)
Swapped out: 0K
C-Heap outstanding allocations: 16330K, retained: 2037K
glibc malloc tunables: (default)

/proc/sys/kernel/threads-max (system-wide limit on the number of threads):
30516
/proc/sys/vm/max_map_count (maximum number of memory map areas a process may have):
65530
/proc/sys/kernel/pid_max (system-wide limit on number of process identifiers):
4194304

container (cgroup) information:
container_type: cgroupv1
cpu_cpuset_cpus: 0-1
cpu_memory_nodes: 0
active_processor_count: 2
cpu_quota: no quota
cpu_period: 100000
cpu_shares: no shares
memory_limit_in_bytes: unlimited
memory_and_swap_limit_in_bytes: unlimited
memory_soft_limit_in_bytes: unlimited
memory_usage_in_bytes: 3082508 k
memory_max_usage_in_bytes: 3175804 k
maximum number of tasks: unlimited
current number of tasks: 565

VMWare virtualization detected
Steal ticks since vm start: 0
Steal ticks percentage since vm start:  0.000

CPU:total 2 (initial active 2) (1 cores per cpu, 1 threads per core) family 23 model 96 stepping 1 microcode 0x8600104, cmov, cx8, fxsr, mmx, sse, sse2, sse3, ssse3, sse4.1, sse4.2, popcnt, avx, avx2, aes, clmul, mmxext, 3dnowpref, lzcnt, sse4a, tsc, tscinvbit, tscinv, bmi1, bmi2, adx, sha, fma
CPU Model and flags from /proc/cpuinfo:
model name	: AMD Ryzen 7 4800H with Radeon Graphics
flags		: fpu vme de pse tsc msr pae mce cx8 apic sep mtrr pge mca cmov pat pse36 clflush mmx fxsr sse sse2 syscall nx mmxext fxsr_opt pdpe1gb rdtscp lm constant_tsc rep_good nopl tsc_reliable nonstop_tsc cpuid extd_apicid tsc_known_freq pni pclmulqdq ssse3 fma cx16 sse4_1 sse4_2 x2apic movbe popcnt aes xsave avx f16c rdrand hypervisor lahf_lm extapic cr8_legacy abm sse4a misalignsse 3dnowprefetch osvw topoext ssbd ibpb vmmcall fsgsbase bmi1 avx2 smep bmi2 rdseed adx smap clflushopt clwb sha_ni xsaveopt xsavec xgetbv1 xsaves clzero wbnoinvd arat umip rdpid overflow_recov succor
Online cpus:
0-1
Offline cpus:
2-127
BIOS frequency limitation:
<Not Available>
Frequency switch latency (ns):
<Not Available>
Available cpu frequencies:
<Not Available>
Current governor:
<Not Available>
Core performance/turbo boost:
<Not Available>

Memory: 4k page, physical 3983208k(138120k free), swap 945416k(228020k free)

vm_info: OpenJDK 64-Bit Server VM (11.0.17+8-post-Ubuntu-1ubuntu220.04) for linux-amd64 JRE (11.0.17+8-post-Ubuntu-1ubuntu220.04), built on Oct 25 2022 09:30:51 by "unknown" with gcc 9.4.0

END.
