#
# A fatal error has been detected by the Java Runtime Environment:
#
#  SIGSEGV (0xb) at pc=0x00007f339a158882, pid=8339, tid=8341
#
# JRE version: OpenJDK Runtime Environment (11.0.17+8) (build 11.0.17+8-post-Ubuntu-1ubuntu220.04)
# Java VM: OpenJDK 64-Bit Server VM (11.0.17+8-post-Ubuntu-1ubuntu220.04, mixed mode, sharing, tiered, compressed oops, g1 gc, linux-amd64)
# Problematic frame:
# C  [libLLVM-13.so+0xc2c882]  LLVMBuildLoad+0x12
#
# Core dump will be written. Default location: Core dumps may be processed with "/usr/share/apport/apport -p%p -s%s -c%c -d%d -P%P -u%u -g%g -- %E" (or dumping to /home/whale/Lab/core.8339)
#
# If you would like to submit a bug report, please visit:
#   https://bugs.launchpad.net/ubuntu/+source/openjdk-lts
# The crash happened outside the Java Virtual Machine in native code.
# See problematic frame for where to report the bug.
#

---------------  S U M M A R Y ------------

Command Line: -javaagent:/snap/intellij-idea-ultimate/401/lib/idea_rt.jar=43059:/snap/intellij-idea-ultimate/401/bin -Dfile.encoding=UTF-8 Main

Host: AMD Ryzen 7 4800H with Radeon Graphics, 2 cores, 3G, Ubuntu 20.04.5 LTS
Time: Fri Jan  6 01:02:15 2023 CST elapsed time: 0.756846 seconds (0d 0h 0m 0s)

---------------  T H R E A D  ---------------

Current thread (0x00007f33fc017800):  JavaThread "main" [_thread_in_native, id=8341, stack(0x00007f340082f000,0x00007f3400930000)]

Stack: [0x00007f340082f000,0x00007f3400930000],  sp=0x00007f340092d9c0,  free space=1018k
Native frames: (J=compiled Java code, A=aot compiled Java code, j=interpreted, Vv=VM code, C=native code)
C  [libLLVM-13.so+0xc2c882]  LLVMBuildLoad+0x12

Java frames: (J=compiled Java code, j=interpreted, Vv=VM code)
j  org.bytedeco.llvm.global.LLVM.LLVMBuildLoad(Lorg/bytedeco/llvm/LLVM/LLVMBuilderRef;Lorg/bytedeco/llvm/LLVM/LLVMValueRef;Ljava/lang/String;)Lorg/bytedeco/llvm/LLVM/LLVMValueRef;+0
j  MyIRVisitor.visitLeftValExp(LSysYParser$LeftValExpContext;)Lorg/bytedeco/llvm/LLVM/LLVMValueRef;+21
j  MyIRVisitor.visitLeftValExp(LSysYParser$LeftValExpContext;)Ljava/lang/Object;+2
j  SysYParser$LeftValExpContext.accept(Lorg/antlr/v4/runtime/tree/ParseTreeVisitor;)Ljava/lang/Object;+12
j  org.antlr.v4.runtime.tree.AbstractParseTreeVisitor.visit(Lorg/antlr/v4/runtime/tree/ParseTree;)Ljava/lang/Object;+2
j  MyIRVisitor.visitFuncCallExp(LSysYParser$FuncCallExpContext;)Lorg/bytedeco/llvm/LLVM/LLVMValueRef;+84
j  MyIRVisitor.visitFuncCallExp(LSysYParser$FuncCallExpContext;)Ljava/lang/Object;+2
j  SysYParser$FuncCallExpContext.accept(Lorg/antlr/v4/runtime/tree/ParseTreeVisitor;)Ljava/lang/Object;+12
j  org.antlr.v4.runtime.tree.AbstractParseTreeVisitor.visit(Lorg/antlr/v4/runtime/tree/ParseTree;)Ljava/lang/Object;+2
j  MyIRVisitor.visitReturnStat(LSysYParser$ReturnStatContext;)Lorg/bytedeco/llvm/LLVM/LLVMValueRef;+21
j  MyIRVisitor.visitReturnStat(LSysYParser$ReturnStatContext;)Ljava/lang/Object;+2
j  SysYParser$ReturnStatContext.accept(Lorg/antlr/v4/runtime/tree/ParseTreeVisitor;)Ljava/lang/Object;+12
j  org.antlr.v4.runtime.tree.AbstractParseTreeVisitor.visitChildren(Lorg/antlr/v4/runtime/tree/RuleNode;)Ljava/lang/Object;+46
j  SysYParserBaseVisitor.visitStat(LSysYParser$StatContext;)Ljava/lang/Object;+2
j  SysYParser$StatContext.accept(Lorg/antlr/v4/runtime/tree/ParseTreeVisitor;)Ljava/lang/Object;+12
j  org.antlr.v4.runtime.tree.AbstractParseTreeVisitor.visitChildren(Lorg/antlr/v4/runtime/tree/RuleNode;)Ljava/lang/Object;+46
j  SysYParserBaseVisitor.visitBlock(LSysYParser$BlockContext;)Ljava/lang/Object;+2
j  MyIRVisitor.visitBlock(LSysYParser$BlockContext;)Lorg/bytedeco/llvm/LLVM/LLVMValueRef;+17
j  MyIRVisitor.visitBlock(LSysYParser$BlockContext;)Ljava/lang/Object;+2
j  SysYParser$BlockContext.accept(Lorg/antlr/v4/runtime/tree/ParseTreeVisitor;)Ljava/lang/Object;+12
j  org.antlr.v4.runtime.tree.AbstractParseTreeVisitor.visit(Lorg/antlr/v4/runtime/tree/ParseTree;)Ljava/lang/Object;+2
j  MyIRVisitor.visitFuncDef(LSysYParser$FuncDefContext;)Lorg/bytedeco/llvm/LLVM/LLVMValueRef;+266
j  MyIRVisitor.visitFuncDef(LSysYParser$FuncDefContext;)Ljava/lang/Object;+2
j  SysYParser$FuncDefContext.accept(Lorg/antlr/v4/runtime/tree/ParseTreeVisitor;)Ljava/lang/Object;+12
j  org.antlr.v4.runtime.tree.AbstractParseTreeVisitor.visitChildren(Lorg/antlr/v4/runtime/tree/RuleNode;)Ljava/lang/Object;+46
j  SysYParserBaseVisitor.visitCompUnit(LSysYParser$CompUnitContext;)Ljava/lang/Object;+2
j  SysYParser$CompUnitContext.accept(Lorg/antlr/v4/runtime/tree/ParseTreeVisitor;)Ljava/lang/Object;+12
j  org.antlr.v4.runtime.tree.AbstractParseTreeVisitor.visitChildren(Lorg/antlr/v4/runtime/tree/RuleNode;)Ljava/lang/Object;+46
j  SysYParserBaseVisitor.visitProgram(LSysYParser$ProgramContext;)Ljava/lang/Object;+2
j  MyIRVisitor.visitProgram(LSysYParser$ProgramContext;)Lorg/bytedeco/llvm/LLVM/LLVMValueRef;+21
j  MyIRVisitor.visitProgram(LSysYParser$ProgramContext;)Ljava/lang/Object;+2
j  SysYParser$ProgramContext.accept(Lorg/antlr/v4/runtime/tree/ParseTreeVisitor;)Ljava/lang/Object;+12
j  org.antlr.v4.runtime.tree.AbstractParseTreeVisitor.visit(Lorg/antlr/v4/runtime/tree/ParseTree;)Ljava/lang/Object;+2
j  Main.main([Ljava/lang/String;)V+78
v  ~StubRoutines::call_stub

siginfo: si_signo: 11 (SIGSEGV), si_code: 1 (SEGV_MAPERR), si_addr: 0x0000000000000000

Register to memory mapping:

RAX=0x00007f33fc4af7d0 points into unknown readable memory: 0x0000000000000061 | 61 00 00 00 00 00 00 00
RBX=0x0 is NULL
RCX=0x0000000000000061 is an unknown value
RDX=0x00007f33fc4af7d0 points into unknown readable memory: 0x0000000000000061 | 61 00 00 00 00 00 00 00
RSP=0x00007f340092d9c0 is pointing into the stack for thread: 0x00007f33fc017800
RBP=0x00007f33fc4781f0 points into unknown readable memory: 0x00007f33fc478200 | 00 82 47 fc 33 7f 00 00
RSI=0x0 is NULL
RDI=0x00007f33fc4781f0 points into unknown readable memory: 0x00007f33fc478200 | 00 82 47 fc 33 7f 00 00
R8 =0x00000000c6320950 points into unknown readable memory: 0x0000000000000061 | 61 00 00 00 00 00 00 00
R9 =0x00007f33fc017800 is a thread
R10=0x0 is NULL
R11=0x00000000000003d8 is an unknown value
R12=0x0 is NULL
R13=0x0 is NULL
R14=0x00007f33fc4af7d0 points into unknown readable memory: 0x0000000000000061 | 61 00 00 00 00 00 00 00
R15=0x00007f33fc017800 is a thread


Registers:
RAX=0x00007f33fc4af7d0, RBX=0x0000000000000000, RCX=0x0000000000000061, RDX=0x00007f33fc4af7d0
RSP=0x00007f340092d9c0, RBP=0x00007f33fc4781f0, RSI=0x0000000000000000, RDI=0x00007f33fc4781f0
R8 =0x00000000c6320950, R9 =0x00007f33fc017800, R10=0x0000000000000000, R11=0x00000000000003d8
R12=0x0000000000000000, R13=0x0000000000000000, R14=0x00007f33fc4af7d0, R15=0x00007f33fc017800
RIP=0x00007f339a158882, EFLAGS=0x0000000000010206, CSGSFS=0x002b000000000033, ERR=0x0000000000000004
  TRAPNO=0x000000000000000e

Top of Stack: (sp=0x00007f340092d9c0)
0x00007f340092d9c0:   00007f33fc017800 0000000000000000
0x00007f340092d9d0:   00007f33fc017800 00007f340201c299
0x00007f340092d9e0:   0000000000000002 0000000000000001
0x00007f340092d9f0:   00007f33fc4af7d0 00007f33fc11dfc0 

Instructions: (pc=0x00007f339a158882)
0x00007f339a158782:   89 c4 4c 8d 4c 24 40 e8 92 57 09 00 48 8b 7d 50
0x00007f339a158792:   48 8b 4d 30 4c 89 e6 48 8d 54 24 10 4c 8b 45 38
0x00007f339a1587a2:   48 8b 07 ff 50 10 48 8b 5d 00 8b 6d 08 5a 59 48
0x00007f339a1587b2:   c1 e5 04 48 01 dd 48 39 eb 74 1a 0f 1f 00 48 8b
0x00007f339a1587c2:   53 08 8b 33 4c 89 e7 48 83 c3 10 e8 6e 16 0e 00
0x00007f339a1587d2:   48 39 dd 75 e9 48 83 c4 68 4c 89 e0 5b 5d 41 5c
0x00007f339a1587e2:   41 5d 41 5e 41 5f c3 0f 1f 80 00 00 00 00 41 54
0x00007f339a1587f2:   b8 01 01 00 00 55 48 89 fd 48 89 f7 53 48 83 ec
0x00007f339a158802:   30 48 8b 75 30 66 89 44 24 20 e8 ef 24 09 00 48
0x00007f339a158812:   8b 7d 50 48 8b 4d 30 48 89 e2 49 89 c4 4c 8b 45
0x00007f339a158822:   38 48 8b 07 4c 89 e6 ff 50 10 48 8b 5d 00 8b 6d
0x00007f339a158832:   08 48 c1 e5 04 48 01 dd 48 39 eb 74 18 90 48 8b
0x00007f339a158842:   53 08 8b 33 4c 89 e7 48 83 c3 10 e8 ee 15 0e 00
0x00007f339a158852:   48 39 dd 75 e9 48 83 c4 30 4c 89 e0 5b 5d 41 5c
0x00007f339a158862:   c3 66 2e 0f 1f 84 00 00 00 00 00 0f 1f 00 41 56
0x00007f339a158872:   41 55 49 89 f5 41 54 55 48 89 fd 53 48 83 ec 60
0x00007f339a158882:   48 8b 06 80 3a 00 be 01 01 00 00 4c 8b 70 18 66
0x00007f339a158892:   89 74 24 20 74 09 48 89 14 24 c6 44 24 20 03 48
0x00007f339a1588a2:   8b 7d 30 e8 d6 15 fc ff 48 89 c7 e8 4e 47 0e 00
0x00007f339a1588b2:   4c 89 f6 48 89 c7 e8 b3 46 01 00 be 01 00 00 00
0x00007f339a1588c2:   bf 40 00 00 00 89 c3 b8 01 01 00 00 66 89 44 24
0x00007f339a1588d2:   50 e8 a8 0a 13 00 48 8d 4c 24 30 41 89 d9 45 31
0x00007f339a1588e2:   c0 48 83 ec 08 48 89 c7 4c 89 ea 4c 89 f6 6a 00
0x00007f339a1588f2:   49 89 c4 e8 26 5d 09 00 48 8b 7d 50 48 8b 4d 30
0x00007f339a158902:   4c 89 e6 48 8d 54 24 10 4c 8b 45 38 48 8b 07 ff
0x00007f339a158912:   50 10 48 8b 5d 00 8b 6d 08 5a 59 48 c1 e5 04 48
0x00007f339a158922:   01 dd 48 39 eb 74 1e 0f 1f 80 00 00 00 00 48 8b
0x00007f339a158932:   53 08 8b 33 4c 89 e7 48 83 c3 10 e8 fe 14 0e 00
0x00007f339a158942:   48 39 dd 75 e9 48 83 c4 60 4c 89 e0 5b 5d 41 5c
0x00007f339a158952:   41 5d 41 5e c3 66 0f 1f 84 00 00 00 00 00 41 56
0x00007f339a158962:   49 89 d6 41 55 49 89 f5 be 01 01 00 00 41 54 55
0x00007f339a158972:   48 89 fd 53 48 83 ec 60 80 39 00 66 89 74 24 20 


Stack slot to memory mapping:
stack at sp + 0 slots: 0x00007f33fc017800 is a thread
stack at sp + 1 slots: 0x0 is NULL
stack at sp + 2 slots: 0x00007f33fc017800 is a thread
stack at sp + 3 slots: 0x00007f340201c299: __libc_malloc+0x00000000000001b9 in /lib/x86_64-linux-gnu/libc.so.6 at 0x00007f3401f82000
stack at sp + 4 slots: 0x0000000000000002 is an unknown value
stack at sp + 5 slots: 0x0000000000000001 is an unknown value
stack at sp + 6 slots: 0x00007f33fc4af7d0 points into unknown readable memory: 0x0000000000000061 | 61 00 00 00 00 00 00 00
stack at sp + 7 slots: 0x00007f33fc11dfc0 points into unknown readable memory: 0x00000000c6320940 | 40 09 32 c6 00 00 00 00


---------------  P R O C E S S  ---------------

Threads class SMR info:
_java_thread_list=0x00007f33fc37cdb0, length=11, elements={
0x00007f33fc017800, 0x00007f33fc11f800, 0x00007f33fc121800, 0x00007f33fc12f000,
0x00007f33fc131000, 0x00007f33fc133000, 0x00007f33fc135800, 0x00007f33fc137800,
0x00007f33fc145800, 0x00007f33fc2d1000, 0x00007f33fc388800
}

Java Threads: ( => current thread )
=>0x00007f33fc017800 JavaThread "main" [_thread_in_native, id=8341, stack(0x00007f340082f000,0x00007f3400930000)]
  0x00007f33fc11f800 JavaThread "Reference Handler" daemon [_thread_blocked, id=8354, stack(0x00007f33cf4fb000,0x00007f33cf5fc000)]
  0x00007f33fc121800 JavaThread "Finalizer" daemon [_thread_blocked, id=8356, stack(0x00007f33cf3fa000,0x00007f33cf4fb000)]
  0x00007f33fc12f000 JavaThread "Signal Dispatcher" daemon [_thread_blocked, id=8357, stack(0x00007f33cea88000,0x00007f33ceb89000)]
  0x00007f33fc131000 JavaThread "Service Thread" daemon [_thread_blocked, id=8359, stack(0x00007f33ce987000,0x00007f33cea88000)]
  0x00007f33fc133000 JavaThread "C2 CompilerThread0" daemon [_thread_in_vm, id=8360, stack(0x00007f33ce886000,0x00007f33ce987000)]
  0x00007f33fc135800 JavaThread "C1 CompilerThread0" daemon [_thread_in_native, id=8362, stack(0x00007f33ce785000,0x00007f33ce886000)]
  0x00007f33fc137800 JavaThread "Sweeper thread" daemon [_thread_blocked, id=8363, stack(0x00007f33ce684000,0x00007f33ce785000)]
  0x00007f33fc145800 JavaThread "Common-Cleaner" daemon [_thread_blocked, id=8367, stack(0x00007f33ce583000,0x00007f33ce684000)]
  0x00007f33fc2d1000 JavaThread "Monitor Ctrl-Break" daemon [_thread_in_native, id=8371, stack(0x00007f33ce482000,0x00007f33ce583000)]
  0x00007f33fc388800 JavaThread "JavaCPP Deallocator" daemon [_thread_blocked, id=8374, stack(0x00007f33ce17d000,0x00007f33ce27e000)]

Other Threads:
  0x00007f33fc11c800 VMThread "VM Thread" [stack: 0x00007f33cf5fe000,0x00007f33cf6fe000] [id=8353]
  0x00007f33fc2d2000 WatcherThread [stack: 0x00007f33ce382000,0x00007f33ce482000] [id=8372]
  0x00007f33fc02f800 GCTaskThread "GC Thread#0" [stack: 0x00007f34004c6000,0x00007f34005c6000] [id=8342]
  0x00007f33c0001000 GCTaskThread "GC Thread#1" [stack: 0x00007f33ce280000,0x00007f33ce380000] [id=8373]
  0x00007f33fc04a800 ConcurrentGCThread "G1 Main Marker" [stack: 0x00007f33e432f000,0x00007f33e442f000] [id=8344]
  0x00007f33fc04c000 ConcurrentGCThread "G1 Conc#0" [stack: 0x00007f33e422d000,0x00007f33e432d000] [id=8345]
  0x00007f33fc087800 ConcurrentGCThread "G1 Refine#0" [stack: 0x00007f33dc090000,0x00007f33dc190000] [id=8346]
  0x00007f33fc089800 ConcurrentGCThread "G1 Young RemSet Sampling" [stack: 0x00007f33cff00000,0x00007f33d0000000] [id=8348]

Threads with active compile tasks:
C2 CompilerThread0      759  659       4       java.lang.AbstractStringBuilder::append (55 bytes)
C1 CompilerThread0      759  729       3       java.lang.invoke.LambdaForm$NamedFunction::returnType (11 bytes)

VM state:not at safepoint (normal execution)

VM Mutex/Monitor currently owned by a thread: None

Heap address: 0x00000000c3200000, size: 974 MB, Compressed Oops mode: 32-bit
Narrow klass base: 0x0000000800000000, Narrow klass shift: 3
Compressed class space size: 1073741824 Address: 0x0000000840000000

Heap:
 garbage-first heap   total 65536K, used 17941K [0x00000000c3200000, 0x0000000100000000)
  region size 1024K, 13 young (13312K), 1 survivors (1024K)
 Metaspace       used 4059K, capacity 6703K, committed 6912K, reserved 1056768K
  class space    used 472K, capacity 748K, committed 768K, reserved 1048576K
Heap Regions: E=young(eden), S=young(survivor), O=old, HS=humongous(starts), HC=humongous(continues), CS=collection set, F=free, A=archive, TAMS=top-at-mark-start (previous, next)
|   0|0x00000000c3200000, 0x00000000c3300000, 0x00000000c3300000|100%| O|  |TAMS 0x00000000c3200000, 0x00000000c3200000| Untracked 
|   1|0x00000000c3300000, 0x00000000c3400000, 0x00000000c3400000|100%| O|  |TAMS 0x00000000c3300000, 0x00000000c3300000| Untracked 
|   2|0x00000000c3400000, 0x00000000c3500000, 0x00000000c3500000|100%| O|  |TAMS 0x00000000c3400000, 0x00000000c3400000| Untracked 
|   3|0x00000000c3500000, 0x00000000c3600000, 0x00000000c3600000|100%| O|  |TAMS 0x00000000c3500000, 0x00000000c3500000| Untracked 
|   4|0x00000000c3600000, 0x00000000c3700000, 0x00000000c3700000|100%| O|  |TAMS 0x00000000c3600000, 0x00000000c3600000| Untracked 
|   5|0x00000000c3700000, 0x00000000c378ba00, 0x00000000c3800000| 54%| O|  |TAMS 0x00000000c3700000, 0x00000000c3700000| Untracked 
|   6|0x00000000c3800000, 0x00000000c3800000, 0x00000000c3900000|  0%| F|  |TAMS 0x00000000c3800000, 0x00000000c3800000| Untracked 
|   7|0x00000000c3900000, 0x00000000c3900000, 0x00000000c3a00000|  0%| F|  |TAMS 0x00000000c3900000, 0x00000000c3900000| Untracked 
|   8|0x00000000c3a00000, 0x00000000c3a00000, 0x00000000c3b00000|  0%| F|  |TAMS 0x00000000c3a00000, 0x00000000c3a00000| Untracked 
|   9|0x00000000c3b00000, 0x00000000c3b00000, 0x00000000c3c00000|  0%| F|  |TAMS 0x00000000c3b00000, 0x00000000c3b00000| Untracked 
|  10|0x00000000c3c00000, 0x00000000c3c00000, 0x00000000c3d00000|  0%| F|  |TAMS 0x00000000c3c00000, 0x00000000c3c00000| Untracked 
|  11|0x00000000c3d00000, 0x00000000c3d00000, 0x00000000c3e00000|  0%| F|  |TAMS 0x00000000c3d00000, 0x00000000c3d00000| Untracked 
|  12|0x00000000c3e00000, 0x00000000c3e00000, 0x00000000c3f00000|  0%| F|  |TAMS 0x00000000c3e00000, 0x00000000c3e00000| Untracked 
|  13|0x00000000c3f00000, 0x00000000c3f00000, 0x00000000c4000000|  0%| F|  |TAMS 0x00000000c3f00000, 0x00000000c3f00000| Untracked 
|  14|0x00000000c4000000, 0x00000000c4000000, 0x00000000c4100000|  0%| F|  |TAMS 0x00000000c4000000, 0x00000000c4000000| Untracked 
|  15|0x00000000c4100000, 0x00000000c4100000, 0x00000000c4200000|  0%| F|  |TAMS 0x00000000c4100000, 0x00000000c4100000| Untracked 
|  16|0x00000000c4200000, 0x00000000c4200000, 0x00000000c4300000|  0%| F|  |TAMS 0x00000000c4200000, 0x00000000c4200000| Untracked 
|  17|0x00000000c4300000, 0x00000000c4300000, 0x00000000c4400000|  0%| F|  |TAMS 0x00000000c4300000, 0x00000000c4300000| Untracked 
|  18|0x00000000c4400000, 0x00000000c4400000, 0x00000000c4500000|  0%| F|  |TAMS 0x00000000c4400000, 0x00000000c4400000| Untracked 
|  19|0x00000000c4500000, 0x00000000c4500000, 0x00000000c4600000|  0%| F|  |TAMS 0x00000000c4500000, 0x00000000c4500000| Untracked 
|  20|0x00000000c4600000, 0x00000000c4600000, 0x00000000c4700000|  0%| F|  |TAMS 0x00000000c4600000, 0x00000000c4600000| Untracked 
|  21|0x00000000c4700000, 0x00000000c4700000, 0x00000000c4800000|  0%| F|  |TAMS 0x00000000c4700000, 0x00000000c4700000| Untracked 
|  22|0x00000000c4800000, 0x00000000c4800000, 0x00000000c4900000|  0%| F|  |TAMS 0x00000000c4800000, 0x00000000c4800000| Untracked 
|  23|0x00000000c4900000, 0x00000000c4900000, 0x00000000c4a00000|  0%| F|  |TAMS 0x00000000c4900000, 0x00000000c4900000| Untracked 
|  24|0x00000000c4a00000, 0x00000000c4a00000, 0x00000000c4b00000|  0%| F|  |TAMS 0x00000000c4a00000, 0x00000000c4a00000| Untracked 
|  25|0x00000000c4b00000, 0x00000000c4b00000, 0x00000000c4c00000|  0%| F|  |TAMS 0x00000000c4b00000, 0x00000000c4b00000| Untracked 
|  26|0x00000000c4c00000, 0x00000000c4c00000, 0x00000000c4d00000|  0%| F|  |TAMS 0x00000000c4c00000, 0x00000000c4c00000| Untracked 
|  27|0x00000000c4d00000, 0x00000000c4d00000, 0x00000000c4e00000|  0%| F|  |TAMS 0x00000000c4d00000, 0x00000000c4d00000| Untracked 
|  28|0x00000000c4e00000, 0x00000000c4e00000, 0x00000000c4f00000|  0%| F|  |TAMS 0x00000000c4e00000, 0x00000000c4e00000| Untracked 
|  29|0x00000000c4f00000, 0x00000000c4f00000, 0x00000000c5000000|  0%| F|  |TAMS 0x00000000c4f00000, 0x00000000c4f00000| Untracked 
|  30|0x00000000c5000000, 0x00000000c5000000, 0x00000000c5100000|  0%| F|  |TAMS 0x00000000c5000000, 0x00000000c5000000| Untracked 
|  31|0x00000000c5100000, 0x00000000c5100000, 0x00000000c5200000|  0%| F|  |TAMS 0x00000000c5100000, 0x00000000c5100000| Untracked 
|  32|0x00000000c5200000, 0x00000000c5200000, 0x00000000c5300000|  0%| F|  |TAMS 0x00000000c5200000, 0x00000000c5200000| Untracked 
|  33|0x00000000c5300000, 0x00000000c5300000, 0x00000000c5400000|  0%| F|  |TAMS 0x00000000c5300000, 0x00000000c5300000| Untracked 
|  34|0x00000000c5400000, 0x00000000c5400000, 0x00000000c5500000|  0%| F|  |TAMS 0x00000000c5400000, 0x00000000c5400000| Untracked 
|  35|0x00000000c5500000, 0x00000000c5500000, 0x00000000c5600000|  0%| F|  |TAMS 0x00000000c5500000, 0x00000000c5500000| Untracked 
|  36|0x00000000c5600000, 0x00000000c5600000, 0x00000000c5700000|  0%| F|  |TAMS 0x00000000c5600000, 0x00000000c5600000| Untracked 
|  37|0x00000000c5700000, 0x00000000c5700000, 0x00000000c5800000|  0%| F|  |TAMS 0x00000000c5700000, 0x00000000c5700000| Untracked 
|  38|0x00000000c5800000, 0x00000000c5800000, 0x00000000c5900000|  0%| F|  |TAMS 0x00000000c5800000, 0x00000000c5800000| Untracked 
|  39|0x00000000c5900000, 0x00000000c5900000, 0x00000000c5a00000|  0%| F|  |TAMS 0x00000000c5900000, 0x00000000c5900000| Untracked 
|  40|0x00000000c5a00000, 0x00000000c5a00000, 0x00000000c5b00000|  0%| F|  |TAMS 0x00000000c5a00000, 0x00000000c5a00000| Untracked 
|  41|0x00000000c5b00000, 0x00000000c5b00000, 0x00000000c5c00000|  0%| F|  |TAMS 0x00000000c5b00000, 0x00000000c5b00000| Untracked 
|  42|0x00000000c5c00000, 0x00000000c5c00000, 0x00000000c5d00000|  0%| F|  |TAMS 0x00000000c5c00000, 0x00000000c5c00000| Untracked 
|  43|0x00000000c5d00000, 0x00000000c5d00000, 0x00000000c5e00000|  0%| F|  |TAMS 0x00000000c5d00000, 0x00000000c5d00000| Untracked 
|  44|0x00000000c5e00000, 0x00000000c5e00000, 0x00000000c5f00000|  0%| F|  |TAMS 0x00000000c5e00000, 0x00000000c5e00000| Untracked 
|  45|0x00000000c5f00000, 0x00000000c5f00000, 0x00000000c6000000|  0%| F|  |TAMS 0x00000000c5f00000, 0x00000000c5f00000| Untracked 
|  46|0x00000000c6000000, 0x00000000c6000000, 0x00000000c6100000|  0%| F|  |TAMS 0x00000000c6000000, 0x00000000c6000000| Untracked 
|  47|0x00000000c6100000, 0x00000000c6100000, 0x00000000c6200000|  0%| F|  |TAMS 0x00000000c6100000, 0x00000000c6100000| Untracked 
|  48|0x00000000c6200000, 0x00000000c6200000, 0x00000000c6300000|  0%| F|  |TAMS 0x00000000c6200000, 0x00000000c6200000| Untracked 
|  49|0x00000000c6300000, 0x00000000c6341340, 0x00000000c6400000| 25%| E|  |TAMS 0x00000000c6300000, 0x00000000c6300000| Complete 
|  50|0x00000000c6400000, 0x00000000c6500000, 0x00000000c6500000|100%| E|CS|TAMS 0x00000000c6400000, 0x00000000c6400000| Complete 
|  51|0x00000000c6500000, 0x00000000c6600000, 0x00000000c6600000|100%| E|CS|TAMS 0x00000000c6500000, 0x00000000c6500000| Complete 
|  52|0x00000000c6600000, 0x00000000c6700000, 0x00000000c6700000|100%| E|CS|TAMS 0x00000000c6600000, 0x00000000c6600000| Complete 
|  53|0x00000000c6700000, 0x00000000c6800000, 0x00000000c6800000|100%| E|CS|TAMS 0x00000000c6700000, 0x00000000c6700000| Complete 
|  54|0x00000000c6800000, 0x00000000c6900000, 0x00000000c6900000|100%| E|CS|TAMS 0x00000000c6800000, 0x00000000c6800000| Complete 
|  55|0x00000000c6900000, 0x00000000c6a00000, 0x00000000c6a00000|100%| E|CS|TAMS 0x00000000c6900000, 0x00000000c6900000| Complete 
|  56|0x00000000c6a00000, 0x00000000c6b00000, 0x00000000c6b00000|100%| E|CS|TAMS 0x00000000c6a00000, 0x00000000c6a00000| Complete 
|  57|0x00000000c6b00000, 0x00000000c6c00000, 0x00000000c6c00000|100%| E|CS|TAMS 0x00000000c6b00000, 0x00000000c6b00000| Complete 
|  58|0x00000000c6c00000, 0x00000000c6c46a30, 0x00000000c6d00000| 27%| S|CS|TAMS 0x00000000c6c00000, 0x00000000c6c00000| Complete 
|  59|0x00000000c6d00000, 0x00000000c6e00000, 0x00000000c6e00000|100%| E|CS|TAMS 0x00000000c6d00000, 0x00000000c6d00000| Complete 
|  60|0x00000000c6e00000, 0x00000000c6f00000, 0x00000000c6f00000|100%| E|CS|TAMS 0x00000000c6e00000, 0x00000000c6e00000| Complete 
|  61|0x00000000c6f00000, 0x00000000c7000000, 0x00000000c7000000|100%| E|CS|TAMS 0x00000000c6f00000, 0x00000000c6f00000| Complete 
| 972|0x00000000ffe00000, 0x00000000ffe48000, 0x00000000fff00000| 28%|OA|  |TAMS 0x00000000ffe00000, 0x00000000ffe00000| Untracked 
| 973|0x00000000fff00000, 0x00000000fff6b000, 0x0000000100000000| 41%|CA|  |TAMS 0x00000000fff00000, 0x00000000fff00000| Untracked 

Card table byte_map: [0x00007f33e4616000,0x00007f33e47fd000] _byte_map_base: 0x00007f33e3ffd000

Marking Bits (Prev, Next): (CMBitMap*) 0x00007f33fc0459a8, (CMBitMap*) 0x00007f33fc0459e0
 Prev Bits: [0x00007f33df0c8000, 0x00007f33e0000000)
 Next Bits: [0x00007f33de190000, 0x00007f33df0c8000)

Polling page: 0x00007f340217a000

Metaspace:

Usage:
  Non-class:      5.82 MB capacity,     3.50 MB ( 60%) used,     2.30 MB ( 40%) free+waste,     9.19 KB ( <1%) overhead. 
      Class:    748.00 KB capacity,   472.71 KB ( 63%) used,   270.16 KB ( 36%) free+waste,     5.12 KB ( <1%) overhead. 
       Both:      6.55 MB capacity,     3.96 MB ( 61%) used,     2.57 MB ( 39%) free+waste,    14.31 KB ( <1%) overhead. 

Virtual space:
  Non-class space:        8.00 MB reserved,       6.00 MB ( 75%) committed 
      Class space:        1.00 GB reserved,     768.00 KB ( <1%) committed 
             Both:        1.01 GB reserved,       6.75 MB ( <1%) committed 

Chunk freelists:
   Non-Class:  5.00 KB
       Class:  0 bytes
        Both:  5.00 KB

MaxMetaspaceSize: unlimited
CompressedClassSpaceSize: 1.00 GB
Initial GC threshold: 20.80 MB
Current GC threshold: 20.80 MB
CDS: on

CodeHeap 'non-profiled nmethods': size=120036Kb used=240Kb max_used=240Kb free=119795Kb
 bounds [0x00007f33ec2c4000, 0x00007f33ec534000, 0x00007f33f37fd000]
CodeHeap 'profiled nmethods': size=120032Kb used=1253Kb max_used=1253Kb free=118778Kb
 bounds [0x00007f33e4d8c000, 0x00007f33e4ffc000, 0x00007f33ec2c4000]
CodeHeap 'non-nmethods': size=5692Kb used=1149Kb max_used=1162Kb free=4542Kb
 bounds [0x00007f33e47fd000, 0x00007f33e4a6d000, 0x00007f33e4d8c000]
 total_blobs=1159 nmethods=749 adapters=324
 compilation: enabled
              stopped_count=0, restarted_count=0
 full_count=0

Compilation events (20 events):
Event: 0.743 Thread 0x00007f33fc135800  731       3       jdk.internal.org.objectweb.asm.MethodWriter::visitVarInsn (300 bytes)
Event: 0.744 Thread 0x00007f33fc135800 nmethod 731 0x00007f33e4eb5610 code [0x00007f33e4eb5880, 0x00007f33e4eb6280]
Event: 0.744 Thread 0x00007f33fc135800  728       3       java.lang.invoke.LambdaForm$Name::<init> (44 bytes)
Event: 0.744 Thread 0x00007f33fc135800 nmethod 728 0x00007f33e4eb6590 code [0x00007f33e4eb67c0, 0x00007f33e4eb6da0]
Event: 0.744 Thread 0x00007f33fc135800  735       3       java.util.ImmutableCollections$ListN::size (6 bytes)
Event: 0.744 Thread 0x00007f33fc135800 nmethod 735 0x00007f33e4eb7090 code [0x00007f33e4eb7240, 0x00007f33e4eb7370]
Event: 0.744 Thread 0x00007f33fc135800  733       3       jdk.internal.org.objectweb.asm.Frame::push (110 bytes)
Event: 0.747 Thread 0x00007f33fc135800 nmethod 733 0x00007f33e4eb7410 code [0x00007f33e4eb7600, 0x00007f33e4eb7b80]
Event: 0.747 Thread 0x00007f33fc135800  743       3       java.lang.invoke.LambdaForm$Name::lastUseIndex (36 bytes)
Event: 0.747 Thread 0x00007f33fc135800 nmethod 743 0x00007f33e4eb7d90 code [0x00007f33e4eb7f60, 0x00007f33e4eb8210]
Event: 0.747 Thread 0x00007f33fc135800  739       3       jdk.internal.org.objectweb.asm.Frame::execute (2264 bytes)
Event: 0.750 Thread 0x00007f33fc133000 nmethod 661 0x00007f33ec2fec90 code [0x00007f33ec2fee40, 0x00007f33ec2ff218]
Event: 0.750 Thread 0x00007f33fc133000  609       4       java.lang.StringLatin1::canEncode (13 bytes)
Event: 0.750 Thread 0x00007f33fc133000 nmethod 609 0x00007f33ec2ff410 code [0x00007f33ec2ff5a0, 0x00007f33ec2ff5f8]
Event: 0.750 Thread 0x00007f33fc133000  637       4       java.lang.AbstractStringBuilder::<init> (39 bytes)
Event: 0.752 Thread 0x00007f33fc133000 nmethod 637 0x00007f33ec2ff710 code [0x00007f33ec2ff8a0, 0x00007f33ec2ffad8]
Event: 0.752 Thread 0x00007f33fc133000  725       4       java.lang.StringBuilder::<init> (7 bytes)
Event: 0.753 Thread 0x00007f33fc133000 nmethod 725 0x00007f33ec2ffb90 code [0x00007f33ec2ffd20, 0x00007f33ec2ffed8]
Event: 0.753 Thread 0x00007f33fc133000  749       4       java.lang.invoke.MethodType::parameterType (7 bytes)
Event: 0.753 Thread 0x00007f33fc133000 nmethod 749 0x00007f33ec2fff90 code [0x00007f33ec300120, 0x00007f33ec3001b8]

GC Heap History (4 events):
Event: 0.380 GC heap before
{Heap before GC invocations=0 (full 0):
 garbage-first heap   total 65536K, used 6860K [0x00000000c3200000, 0x0000000100000000)
  region size 1024K, 7 young (7168K), 0 survivors (0K)
 Metaspace       used 1241K, capacity 4702K, committed 4864K, reserved 1056768K
  class space    used 117K, capacity 439K, committed 512K, reserved 1048576K
}
Event: 0.386 GC heap after
{Heap after GC invocations=1 (full 0):
 garbage-first heap   total 65536K, used 6251K [0x00000000c3200000, 0x0000000100000000)
  region size 1024K, 1 young (1024K), 1 survivors (1024K)
 Metaspace       used 1241K, capacity 4702K, committed 4864K, reserved 1056768K
  class space    used 117K, capacity 439K, committed 512K, reserved 1048576K
}
Event: 0.507 GC heap before
{Heap before GC invocations=1 (full 0):
 garbage-first heap   total 65536K, used 9323K [0x00000000c3200000, 0x0000000100000000)
  region size 1024K, 4 young (4096K), 1 survivors (1024K)
 Metaspace       used 2518K, capacity 5777K, committed 6016K, reserved 1056768K
  class space    used 292K, capacity 606K, committed 640K, reserved 1048576K
}
Event: 0.511 GC heap after
{Heap after GC invocations=2 (full 0):
 garbage-first heap   total 65536K, used 6677K [0x00000000c3200000, 0x0000000100000000)
  region size 1024K, 1 young (1024K), 1 survivors (1024K)
 Metaspace       used 2518K, capacity 5777K, committed 6016K, reserved 1056768K
  class space    used 292K, capacity 606K, committed 640K, reserved 1048576K
}

Deoptimization events (20 events):
Event: 0.516 Thread 0x00007f33fc017800 Uncommon trap: trap_request=0xffffffbe fr.pc=0x00007f33ec2deb14 relative=0x00000000000003d4
Event: 0.516 Thread 0x00007f33fc017800 Uncommon trap: reason=profile_predicate action=maybe_recompile pc=0x00007f33ec2deb14 method=java.lang.StringLatin1.indexOf([BI[BII)I @ 18 c2
Event: 0.516 Thread 0x00007f33fc017800 DEOPT PACKING pc=0x00007f33ec2deb14 sp=0x00007f340092d150
Event: 0.516 Thread 0x00007f33fc017800 DEOPT UNPACKING pc=0x00007f33e4846ea5 sp=0x00007f340092d0d0 mode 2
Event: 0.730 Thread 0x00007f33fc017800 Uncommon trap: trap_request=0xffffffc6 fr.pc=0x00007f33ec2cdea4 relative=0x0000000000000084
Event: 0.730 Thread 0x00007f33fc017800 Uncommon trap: reason=bimorphic_or_optimized_type_check action=maybe_recompile pc=0x00007f33ec2cdea4 method=java.util.AbstractCollection.isEmpty()Z @ 1 c2
Event: 0.730 Thread 0x00007f33fc017800 DEOPT PACKING pc=0x00007f33ec2cdea4 sp=0x00007f340092d1f0
Event: 0.730 Thread 0x00007f33fc017800 DEOPT UNPACKING pc=0x00007f33e4846ea5 sp=0x00007f340092d1a0 mode 2
Event: 0.730 Thread 0x00007f33fc017800 Uncommon trap: trap_request=0xffffffc6 fr.pc=0x00007f33ec2cdea4 relative=0x0000000000000084
Event: 0.730 Thread 0x00007f33fc017800 Uncommon trap: reason=bimorphic_or_optimized_type_check action=maybe_recompile pc=0x00007f33ec2cdea4 method=java.util.AbstractCollection.isEmpty()Z @ 1 c2
Event: 0.730 Thread 0x00007f33fc017800 DEOPT PACKING pc=0x00007f33ec2cdea4 sp=0x00007f340092d3c0
Event: 0.730 Thread 0x00007f33fc017800 DEOPT UNPACKING pc=0x00007f33e4846ea5 sp=0x00007f340092d370 mode 2
Event: 0.733 Thread 0x00007f33fc017800 Uncommon trap: trap_request=0xffffffc6 fr.pc=0x00007f33ec2cdea4 relative=0x0000000000000084
Event: 0.733 Thread 0x00007f33fc017800 Uncommon trap: reason=bimorphic_or_optimized_type_check action=maybe_recompile pc=0x00007f33ec2cdea4 method=java.util.AbstractCollection.isEmpty()Z @ 1 c2
Event: 0.733 Thread 0x00007f33fc017800 DEOPT PACKING pc=0x00007f33ec2cdea4 sp=0x00007f340092d3e0
Event: 0.733 Thread 0x00007f33fc017800 DEOPT UNPACKING pc=0x00007f33e4846ea5 sp=0x00007f340092d390 mode 2
Event: 0.733 Thread 0x00007f33fc017800 Uncommon trap: trap_request=0xffffffc6 fr.pc=0x00007f33ec2cdea4 relative=0x0000000000000084
Event: 0.733 Thread 0x00007f33fc017800 Uncommon trap: reason=bimorphic_or_optimized_type_check action=maybe_recompile pc=0x00007f33ec2cdea4 method=java.util.AbstractCollection.isEmpty()Z @ 1 c2
Event: 0.733 Thread 0x00007f33fc017800 DEOPT PACKING pc=0x00007f33ec2cdea4 sp=0x00007f340092d1f0
Event: 0.733 Thread 0x00007f33fc017800 DEOPT UNPACKING pc=0x00007f33e4846ea5 sp=0x00007f340092d1a0 mode 2

Classes redefined (0 events):
No events

Internal exceptions (20 events):
Event: 0.272 Thread 0x00007f33fc017800 Exception <a 'java/security/PrivilegedActionException'{0x00000000c6e68ff8}> (0x00000000c6e68ff8) thrown at [src/hotspot/share/prims/jvm.cpp, line 1304]
Event: 0.272 Thread 0x00007f33fc017800 Exception <a 'java/security/PrivilegedActionException'{0x00000000c6e692c8}> (0x00000000c6e692c8) thrown at [src/hotspot/share/prims/jvm.cpp, line 1304]
Event: 0.272 Thread 0x00007f33fc017800 Exception <a 'java/security/PrivilegedActionException'{0x00000000c6e69d98}> (0x00000000c6e69d98) thrown at [src/hotspot/share/prims/jvm.cpp, line 1304]
Event: 0.272 Thread 0x00007f33fc017800 Exception <a 'java/security/PrivilegedActionException'{0x00000000c6e6a068}> (0x00000000c6e6a068) thrown at [src/hotspot/share/prims/jvm.cpp, line 1304]
Event: 0.272 Thread 0x00007f33fc017800 Exception <a 'java/security/PrivilegedActionException'{0x00000000c6e6ab50}> (0x00000000c6e6ab50) thrown at [src/hotspot/share/prims/jvm.cpp, line 1304]
Event: 0.272 Thread 0x00007f33fc017800 Exception <a 'java/security/PrivilegedActionException'{0x00000000c6e6ae20}> (0x00000000c6e6ae20) thrown at [src/hotspot/share/prims/jvm.cpp, line 1304]
Event: 0.272 Thread 0x00007f33fc017800 Exception <a 'java/security/PrivilegedActionException'{0x00000000c6e6b908}> (0x00000000c6e6b908) thrown at [src/hotspot/share/prims/jvm.cpp, line 1304]
Event: 0.272 Thread 0x00007f33fc017800 Exception <a 'java/security/PrivilegedActionException'{0x00000000c6e6bbd8}> (0x00000000c6e6bbd8) thrown at [src/hotspot/share/prims/jvm.cpp, line 1304]
Event: 0.272 Thread 0x00007f33fc017800 Exception <a 'java/security/PrivilegedActionException'{0x00000000c6e6ca00}> (0x00000000c6e6ca00) thrown at [src/hotspot/share/prims/jvm.cpp, line 1304]
Event: 0.272 Thread 0x00007f33fc017800 Exception <a 'java/security/PrivilegedActionException'{0x00000000c6e6ccd0}> (0x00000000c6e6ccd0) thrown at [src/hotspot/share/prims/jvm.cpp, line 1304]
Event: 0.272 Thread 0x00007f33fc017800 Exception <a 'java/security/PrivilegedActionException'{0x00000000c6e6d7a0}> (0x00000000c6e6d7a0) thrown at [src/hotspot/share/prims/jvm.cpp, line 1304]
Event: 0.272 Thread 0x00007f33fc017800 Exception <a 'java/security/PrivilegedActionException'{0x00000000c6e6da70}> (0x00000000c6e6da70) thrown at [src/hotspot/share/prims/jvm.cpp, line 1304]
Event: 0.272 Thread 0x00007f33fc017800 Exception <a 'java/security/PrivilegedActionException'{0x00000000c6e6e580}> (0x00000000c6e6e580) thrown at [src/hotspot/share/prims/jvm.cpp, line 1304]
Event: 0.272 Thread 0x00007f33fc017800 Exception <a 'java/security/PrivilegedActionException'{0x00000000c6e6e850}> (0x00000000c6e6e850) thrown at [src/hotspot/share/prims/jvm.cpp, line 1304]
Event: 0.299 Thread 0x00007f33fc017800 Exception <a 'java/security/PrivilegedActionException'{0x00000000c6ef6e30}> (0x00000000c6ef6e30) thrown at [src/hotspot/share/prims/jvm.cpp, line 1304]
Event: 0.299 Thread 0x00007f33fc017800 Exception <a 'java/security/PrivilegedActionException'{0x00000000c6ef7100}> (0x00000000c6ef7100) thrown at [src/hotspot/share/prims/jvm.cpp, line 1304]
Event: 0.505 Thread 0x00007f33fc017800 Exception <a 'java/lang/NoSuchMethodError'{0x00000000c6ded988}: 'int java.lang.invoke.DirectMethodHandle$Holder.invokeStaticInit(java.lang.Object, java.lang.Object, java.lang.Object, java.lang.Object)'> (0x00000000c6ded988) thrown at [src/hotspot/share/interpreter/linkResolver.cpp, line 772]
Event: 0.505 Thread 0x00007f33fc017800 Exception <a 'java/lang/IncompatibleClassChangeError'{0x00000000c6df7708}: Found class java.lang.Object, but interface was expected> (0x00000000c6df7708) thrown at [src/hotspot/share/interpreter/linkResolver.cpp, line 839]
Event: 0.506 Thread 0x00007f33fc017800 Exception <a 'java/lang/NoSuchMethodError'{0x00000000c6dfab30}: 'void java.lang.invoke.DirectMethodHandle$Holder.invokeStaticInit(java.lang.Object, java.lang.Object)'> (0x00000000c6dfab30) thrown at [src/hotspot/share/interpreter/linkResolver.cpp, line 772]
Event: 0.511 Thread 0x00007f33fc017800 Exception <a 'java/lang/NoSuchMethodError'{0x00000000c6f003e8}: 'int java.lang.invoke.DirectMethodHandle$Holder.invokeStaticInit(java.lang.Object, java.lang.Object)'> (0x00000000c6f003e8) thrown at [src/hotspot/share/interpreter/linkResolver.cpp, line 772]

Events (20 events):
Event: 0.726 Executing VM operation: Deoptimize
Event: 0.727 Executing VM operation: Deoptimize done
Event: 0.728 loading class java/lang/invoke/BoundMethodHandle$Species_LL
Event: 0.728 loading class java/lang/invoke/BoundMethodHandle$Species_LL done
Event: 0.733 loading class java/lang/invoke/BoundMethodHandle$Species_LLL
Event: 0.733 loading class java/lang/invoke/BoundMethodHandle$Species_LLL done
Event: 0.734 loading class java/lang/invoke/BoundMethodHandle$Species_LLLL
Event: 0.734 loading class java/lang/invoke/BoundMethodHandle$Species_LLLL done
Event: 0.736 loading class java/lang/invoke/BoundMethodHandle$Species_LLLLL
Event: 0.736 loading class java/lang/invoke/BoundMethodHandle$Species_LLLLL done
Event: 0.737 loading class java/lang/invoke/BoundMethodHandle$Species_LLLLLL
Event: 0.737 loading class java/lang/invoke/BoundMethodHandle$Species_LLLLLL done
Event: 0.738 loading class java/lang/invoke/BoundMethodHandle$Species_LLLLLLI
Event: 0.738 loading class java/lang/invoke/BoundMethodHandle$Species_LLLLLLI done
Event: 0.741 loading class java/lang/invoke/BoundMethodHandle$Species_LLLLLLII
Event: 0.742 loading class java/lang/invoke/BoundMethodHandle$Species_LLLLLLII done
Event: 0.743 loading class java/lang/invoke/BoundMethodHandle$Species_LLLLLLIIL
Event: 0.743 loading class java/lang/invoke/BoundMethodHandle$Species_LLLLLLIIL done
Event: 0.745 loading class scope/LocalScope
Event: 0.745 loading class scope/LocalScope done


Dynamic libraries:
c3200000-c7000000 rw-p 00000000 00:00 0 
c7000000-ffe00000 ---p 00000000 00:00 0 
ffe00000-ffe48000 rw-p 00b0a000 08:05 142310                             /usr/lib/jvm/java-11-openjdk-amd64/lib/server/classes.jsa
ffe48000-fff00000 rw-p 00000000 00:00 0 
fff00000-fff6b000 rw-p 00a9f000 08:05 142310                             /usr/lib/jvm/java-11-openjdk-amd64/lib/server/classes.jsa
fff6b000-100000000 rw-p 00000000 00:00 0 
800000000-800002000 rwxp 00001000 08:05 142310                           /usr/lib/jvm/java-11-openjdk-amd64/lib/server/classes.jsa
800002000-8003cc000 rw-p 00003000 08:05 142310                           /usr/lib/jvm/java-11-openjdk-amd64/lib/server/classes.jsa
8003cc000-800a9d000 r--p 003cd000 08:05 142310                           /usr/lib/jvm/java-11-openjdk-amd64/lib/server/classes.jsa
800a9d000-800a9e000 rw-p 00a9e000 08:05 142310                           /usr/lib/jvm/java-11-openjdk-amd64/lib/server/classes.jsa
840000000-8400c0000 rw-p 00000000 00:00 0 
8400c0000-880000000 ---p 00000000 00:00 0 
561522633000-561522634000 r--p 00000000 08:05 142834                     /usr/lib/jvm/java-11-openjdk-amd64/bin/java
561522634000-561522635000 r-xp 00001000 08:05 142834                     /usr/lib/jvm/java-11-openjdk-amd64/bin/java
561522635000-561522636000 r--p 00002000 08:05 142834                     /usr/lib/jvm/java-11-openjdk-amd64/bin/java
561522636000-561522637000 r--p 00002000 08:05 142834                     /usr/lib/jvm/java-11-openjdk-amd64/bin/java
561522637000-561522638000 rw-p 00003000 08:05 142834                     /usr/lib/jvm/java-11-openjdk-amd64/bin/java
561523779000-5615237bb000 rw-p 00000000 00:00 0                          [heap]
7f339952c000-7f3399e52000 r--p 00000000 08:05 525029                     /home/whale/.javacpp/cache/llvm-13.0.1-1.5.7-linux-x86_64.jar/org/bytedeco/llvm/linux-x86_64/libLLVM-13.so
7f3399e52000-7f339d815000 r-xp 00926000 08:05 525029                     /home/whale/.javacpp/cache/llvm-13.0.1-1.5.7-linux-x86_64.jar/org/bytedeco/llvm/linux-x86_64/libLLVM-13.so
7f339d815000-7f339fa6a000 r--p 042e9000 08:05 525029                     /home/whale/.javacpp/cache/llvm-13.0.1-1.5.7-linux-x86_64.jar/org/bytedeco/llvm/linux-x86_64/libLLVM-13.so
7f339fa6a000-7f339ff7f000 r--p 0653d000 08:05 525029                     /home/whale/.javacpp/cache/llvm-13.0.1-1.5.7-linux-x86_64.jar/org/bytedeco/llvm/linux-x86_64/libLLVM-13.so
7f339ff7f000-7f339ff8a000 rw-p 06a52000 08:05 525029                     /home/whale/.javacpp/cache/llvm-13.0.1-1.5.7-linux-x86_64.jar/org/bytedeco/llvm/linux-x86_64/libLLVM-13.so
7f339ff8a000-7f33a0000000 rw-p 00000000 00:00 0 
7f33a0000000-7f33a0021000 rw-p 00000000 00:00 0 
7f33a0021000-7f33a4000000 ---p 00000000 00:00 0 
7f33a8000000-7f33a8395000 rw-p 00000000 00:00 0 
7f33a8395000-7f33ac000000 ---p 00000000 00:00 0 
7f33ac000000-7f33ac021000 rw-p 00000000 00:00 0 
7f33ac021000-7f33b0000000 ---p 00000000 00:00 0 
7f33b0000000-7f33b0021000 rw-p 00000000 00:00 0 
7f33b0021000-7f33b4000000 ---p 00000000 00:00 0 
7f33b4000000-7f33b43ee000 rw-p 00000000 00:00 0 
7f33b43ee000-7f33b8000000 ---p 00000000 00:00 0 
7f33b8000000-7f33b8021000 rw-p 00000000 00:00 0 
7f33b8021000-7f33bc000000 ---p 00000000 00:00 0 
7f33bc000000-7f33bc021000 rw-p 00000000 00:00 0 
7f33bc021000-7f33c0000000 ---p 00000000 00:00 0 
7f33c0000000-7f33c0021000 rw-p 00000000 00:00 0 
7f33c0021000-7f33c4000000 ---p 00000000 00:00 0 
7f33c4000000-7f33c4021000 rw-p 00000000 00:00 0 
7f33c4021000-7f33c8000000 ---p 00000000 00:00 0 
7f33c8000000-7f33c8021000 rw-p 00000000 00:00 0 
7f33c8021000-7f33cc000000 ---p 00000000 00:00 0 
7f33ce077000-7f33ce0dc000 r--p 00000000 08:05 525034                     /home/whale/.javacpp/cache/llvm-13.0.1-1.5.7-linux-x86_64.jar/org/bytedeco/llvm/linux-x86_64/libjniLLVM.so
7f33ce0dc000-7f33ce14a000 r-xp 00065000 08:05 525034                     /home/whale/.javacpp/cache/llvm-13.0.1-1.5.7-linux-x86_64.jar/org/bytedeco/llvm/linux-x86_64/libjniLLVM.so
7f33ce14a000-7f33ce175000 r--p 000d3000 08:05 525034                     /home/whale/.javacpp/cache/llvm-13.0.1-1.5.7-linux-x86_64.jar/org/bytedeco/llvm/linux-x86_64/libjniLLVM.so
7f33ce175000-7f33ce178000 r--p 000fd000 08:05 525034                     /home/whale/.javacpp/cache/llvm-13.0.1-1.5.7-linux-x86_64.jar/org/bytedeco/llvm/linux-x86_64/libjniLLVM.so
7f33ce178000-7f33ce17b000 rw-p 00100000 08:05 525034                     /home/whale/.javacpp/cache/llvm-13.0.1-1.5.7-linux-x86_64.jar/org/bytedeco/llvm/linux-x86_64/libjniLLVM.so
7f33ce17b000-7f33ce17d000 rw-p 00000000 00:00 0 
7f33ce17d000-7f33ce181000 ---p 00000000 00:00 0 
7f33ce181000-7f33ce27e000 rw-p 00000000 00:00 0 
7f33ce27e000-7f33ce27f000 ---p 00000000 00:00 0 
7f33ce27f000-7f33ce380000 rw-p 00000000 00:00 0 
7f33ce380000-7f33ce381000 ---p 00000000 00:00 0 
7f33ce381000-7f33ce482000 rw-p 00000000 00:00 0 
7f33ce482000-7f33ce486000 ---p 00000000 00:00 0 
7f33ce486000-7f33ce583000 rw-p 00000000 00:00 0 
7f33ce583000-7f33ce587000 ---p 00000000 00:00 0 
7f33ce587000-7f33ce684000 rw-p 00000000 00:00 0 
7f33ce684000-7f33ce688000 ---p 00000000 00:00 0 
7f33ce688000-7f33ce785000 rw-p 00000000 00:00 0 
7f33ce785000-7f33ce789000 ---p 00000000 00:00 0 
7f33ce789000-7f33ce886000 rw-p 00000000 00:00 0 
7f33ce886000-7f33ce88a000 ---p 00000000 00:00 0 
7f33ce88a000-7f33ce987000 rw-p 00000000 00:00 0 
7f33ce987000-7f33ce98b000 ---p 00000000 00:00 0 
7f33ce98b000-7f33cea88000 rw-p 00000000 00:00 0 
7f33cea88000-7f33cea8c000 ---p 00000000 00:00 0 
7f33cea8c000-7f33ceb89000 rw-p 00000000 00:00 0 
7f33ceb89000-7f33cf3fa000 r--p 00000000 08:05 131580                     /usr/lib/locale/locale-archive
7f33cf3fa000-7f33cf3fe000 ---p 00000000 00:00 0 
7f33cf3fe000-7f33cf4fb000 rw-p 00000000 00:00 0 
7f33cf4fb000-7f33cf4ff000 ---p 00000000 00:00 0 
7f33cf4ff000-7f33cf5fc000 rw-p 00000000 00:00 0 
7f33cf5fc000-7f33cf5fd000 ---p 00000000 00:00 0 
7f33cf5fd000-7f33cfcfe000 rw-p 00000000 00:00 0 
7f33cfcfe000-7f33cfefe000 ---p 00000000 00:00 0 
7f33cfefe000-7f33cfeff000 ---p 00000000 00:00 0 
7f33cfeff000-7f33d0000000 rw-p 00000000 00:00 0 
7f33d0000000-7f33d0021000 rw-p 00000000 00:00 0 
7f33d0021000-7f33d4000000 ---p 00000000 00:00 0 
7f33d4000000-7f33d4021000 rw-p 00000000 00:00 0 
7f33d4021000-7f33d8000000 ---p 00000000 00:00 0 
7f33d8000000-7f33d8021000 rw-p 00000000 00:00 0 
7f33d8021000-7f33dc000000 ---p 00000000 00:00 0 
7f33dc00d000-7f33dc08e000 rw-p 00000000 00:00 0 
7f33dc08e000-7f33dc08f000 ---p 00000000 00:00 0 
7f33dc08f000-7f33de288000 rw-p 00000000 00:00 0 
7f33de288000-7f33df0c0000 ---p 00000000 00:00 0 
7f33df0c0000-7f33df1c0000 rw-p 00000000 00:00 0 
7f33df1c0000-7f33dfff8000 ---p 00000000 00:00 0 
7f33dfff8000-7f33e0000000 rw-p 00000000 00:00 0 
7f33e0000000-7f33e0021000 rw-p 00000000 00:00 0 
7f33e0021000-7f33e4000000 ---p 00000000 00:00 0 
7f33e4029000-7f33e422b000 rw-p 00000000 00:00 0 
7f33e422b000-7f33e422c000 ---p 00000000 00:00 0 
7f33e422c000-7f33e432d000 rw-p 00000000 00:00 0 
7f33e432d000-7f33e432e000 ---p 00000000 00:00 0 
7f33e432e000-7f33e444e000 rw-p 00000000 00:00 0 
7f33e444e000-7f33e4615000 ---p 00000000 00:00 0 
7f33e4615000-7f33e4635000 rw-p 00000000 00:00 0 
7f33e4635000-7f33e47fc000 ---p 00000000 00:00 0 
7f33e47fc000-7f33e47fd000 rw-p 00000000 00:00 0 
7f33e47fd000-7f33e4a6d000 rwxp 00000000 00:00 0 
7f33e4a6d000-7f33e4d8c000 ---p 00000000 00:00 0 
7f33e4d8c000-7f33e4ffc000 rwxp 00000000 00:00 0 
7f33e4ffc000-7f33ec2c4000 ---p 00000000 00:00 0 
7f33ec2c4000-7f33ec534000 rwxp 00000000 00:00 0 
7f33ec534000-7f33f37fd000 ---p 00000000 00:00 0 
7f33f37fd000-7f33fc000000 r--s 00000000 08:05 142924                     /usr/lib/jvm/java-11-openjdk-amd64/lib/modules
7f33fc000000-7f33fc4b1000 rw-p 00000000 00:00 0 
7f33fc4b1000-7f3400000000 ---p 00000000 00:00 0 
7f3400003000-7f340000a000 r--s 00000000 08:05 668551                     /usr/lib/x86_64-linux-gnu/gconv/gconv-modules.cache
7f340000a000-7f340000b000 r--p 00000000 08:05 525032                     /home/whale/.javacpp/cache/llvm-13.0.1-1.5.7-linux-x86_64.jar/org/bytedeco/llvm/linux-x86_64/libRemarks.so.13
7f340000b000-7f340000c000 r-xp 00001000 08:05 525032                     /home/whale/.javacpp/cache/llvm-13.0.1-1.5.7-linux-x86_64.jar/org/bytedeco/llvm/linux-x86_64/libRemarks.so.13
7f340000c000-7f340000d000 r--p 00002000 08:05 525032                     /home/whale/.javacpp/cache/llvm-13.0.1-1.5.7-linux-x86_64.jar/org/bytedeco/llvm/linux-x86_64/libRemarks.so.13
7f340000d000-7f340000e000 r--p 00002000 08:05 525032                     /home/whale/.javacpp/cache/llvm-13.0.1-1.5.7-linux-x86_64.jar/org/bytedeco/llvm/linux-x86_64/libRemarks.so.13
7f340000e000-7f340000f000 rw-p 00003000 08:05 525032                     /home/whale/.javacpp/cache/llvm-13.0.1-1.5.7-linux-x86_64.jar/org/bytedeco/llvm/linux-x86_64/libRemarks.so.13
7f340000f000-7f3400016000 r--p 00000000 08:05 525030                     /home/whale/.javacpp/cache/llvm-13.0.1-1.5.7-linux-x86_64.jar/org/bytedeco/llvm/linux-x86_64/libLTO.so.13
7f3400016000-7f340001e000 r-xp 00007000 08:05 525030                     /home/whale/.javacpp/cache/llvm-13.0.1-1.5.7-linux-x86_64.jar/org/bytedeco/llvm/linux-x86_64/libLTO.so.13
7f340001e000-7f3400020000 r--p 0000f000 08:05 525030                     /home/whale/.javacpp/cache/llvm-13.0.1-1.5.7-linux-x86_64.jar/org/bytedeco/llvm/linux-x86_64/libLTO.so.13
7f3400020000-7f3400021000 r--p 00010000 08:05 525030                     /home/whale/.javacpp/cache/llvm-13.0.1-1.5.7-linux-x86_64.jar/org/bytedeco/llvm/linux-x86_64/libLTO.so.13
7f3400021000-7f3400022000 rw-p 00011000 08:05 525030                     /home/whale/.javacpp/cache/llvm-13.0.1-1.5.7-linux-x86_64.jar/org/bytedeco/llvm/linux-x86_64/libLTO.so.13
7f3400022000-7f3400026000 r--p 00000000 08:05 525023                     /home/whale/.javacpp/cache/javacpp-1.5.7-linux-x86_64.jar/org/bytedeco/javacpp/linux-x86_64/libjnijavacpp.so
7f3400026000-7f340002d000 r-xp 00004000 08:05 525023                     /home/whale/.javacpp/cache/javacpp-1.5.7-linux-x86_64.jar/org/bytedeco/javacpp/linux-x86_64/libjnijavacpp.so
7f340002d000-7f3400031000 r--p 0000b000 08:05 525023                     /home/whale/.javacpp/cache/javacpp-1.5.7-linux-x86_64.jar/org/bytedeco/javacpp/linux-x86_64/libjnijavacpp.so
7f3400031000-7f3400032000 r--p 0000e000 08:05 525023                     /home/whale/.javacpp/cache/javacpp-1.5.7-linux-x86_64.jar/org/bytedeco/javacpp/linux-x86_64/libjnijavacpp.so
7f3400032000-7f3400033000 rw-p 0000f000 08:05 525023                     /home/whale/.javacpp/cache/javacpp-1.5.7-linux-x86_64.jar/org/bytedeco/javacpp/linux-x86_64/libjnijavacpp.so
7f3400033000-7f3400037000 r--p 00000000 08:05 142914                     /usr/lib/jvm/java-11-openjdk-amd64/lib/libnet.so
7f3400037000-7f3400045000 r-xp 00004000 08:05 142914                     /usr/lib/jvm/java-11-openjdk-amd64/lib/libnet.so
7f3400045000-7f3400049000 r--p 00012000 08:05 142914                     /usr/lib/jvm/java-11-openjdk-amd64/lib/libnet.so
7f3400049000-7f340004a000 r--p 00015000 08:05 142914                     /usr/lib/jvm/java-11-openjdk-amd64/lib/libnet.so
7f340004a000-7f340004b000 rw-p 00016000 08:05 142914                     /usr/lib/jvm/java-11-openjdk-amd64/lib/libnet.so
7f340004b000-7f3400052000 r--p 00000000 08:05 142915                     /usr/lib/jvm/java-11-openjdk-amd64/lib/libnio.so
7f3400052000-7f340005a000 r-xp 00007000 08:05 142915                     /usr/lib/jvm/java-11-openjdk-amd64/lib/libnio.so
7f340005a000-7f340005d000 r--p 0000f000 08:05 142915                     /usr/lib/jvm/java-11-openjdk-amd64/lib/libnio.so
7f340005d000-7f340005e000 r--p 00011000 08:05 142915                     /usr/lib/jvm/java-11-openjdk-amd64/lib/libnio.so
7f340005e000-7f340005f000 rw-p 00012000 08:05 142915                     /usr/lib/jvm/java-11-openjdk-amd64/lib/libnio.so
7f340005f000-7f34000fa000 rw-p 00000000 00:00 0 
7f34000fa000-7f34002c1000 ---p 00000000 00:00 0 
7f34002c1000-7f34004c4000 rw-p 00000000 00:00 0 
7f34004c4000-7f34004c5000 ---p 00000000 00:00 0 
7f34004c5000-7f34005cb000 rw-p 00000000 00:00 0 
7f34005cb000-7f34006b1000 ---p 00000000 00:00 0 
7f34006b1000-7f34006b6000 rw-p 00000000 00:00 0 
7f34006b6000-7f340079c000 ---p 00000000 00:00 0 
7f340079c000-7f34007a1000 rw-p 00000000 00:00 0 
7f34007a1000-7f34007a8000 ---p 00000000 00:00 0 
7f34007a8000-7f34007aa000 r--p 00000000 08:05 142923                     /usr/lib/jvm/java-11-openjdk-amd64/lib/libzip.so
7f34007aa000-7f34007af000 r-xp 00002000 08:05 142923                     /usr/lib/jvm/java-11-openjdk-amd64/lib/libzip.so
7f34007af000-7f34007b1000 r--p 00007000 08:05 142923                     /usr/lib/jvm/java-11-openjdk-amd64/lib/libzip.so
7f34007b1000-7f34007b2000 r--p 00008000 08:05 142923                     /usr/lib/jvm/java-11-openjdk-amd64/lib/libzip.so
7f34007b2000-7f34007b3000 rw-p 00009000 08:05 142923                     /usr/lib/jvm/java-11-openjdk-amd64/lib/libzip.so
7f34007b3000-7f34007b6000 r--p 00000000 08:05 133285                     /usr/lib/x86_64-linux-gnu/libnss_files-2.31.so
7f34007b6000-7f34007bd000 r-xp 00003000 08:05 133285                     /usr/lib/x86_64-linux-gnu/libnss_files-2.31.so
7f34007bd000-7f34007bf000 r--p 0000a000 08:05 133285                     /usr/lib/x86_64-linux-gnu/libnss_files-2.31.so
7f34007bf000-7f34007c0000 r--p 0000b000 08:05 133285                     /usr/lib/x86_64-linux-gnu/libnss_files-2.31.so
7f34007c0000-7f34007c1000 rw-p 0000c000 08:05 133285                     /usr/lib/x86_64-linux-gnu/libnss_files-2.31.so
7f34007c1000-7f34007c7000 rw-p 00000000 00:00 0 
7f34007cb000-7f34007cc000 r--p 00000000 08:05 142896                     /usr/lib/jvm/java-11-openjdk-amd64/lib/libextnet.so
7f34007cc000-7f34007cd000 r-xp 00001000 08:05 142896                     /usr/lib/jvm/java-11-openjdk-amd64/lib/libextnet.so
7f34007cd000-7f34007ce000 r--p 00002000 08:05 142896                     /usr/lib/jvm/java-11-openjdk-amd64/lib/libextnet.so
7f34007ce000-7f34007cf000 r--p 00002000 08:05 142896                     /usr/lib/jvm/java-11-openjdk-amd64/lib/libextnet.so
7f34007cf000-7f34007d0000 rw-p 00003000 08:05 142896                     /usr/lib/jvm/java-11-openjdk-amd64/lib/libextnet.so
7f34007d0000-7f34007d8000 rw-s 00000000 08:05 266872                     /tmp/hsperfdata_whale/8339
7f34007d8000-7f34007da000 r--p 00000000 08:05 142898                     /usr/lib/jvm/java-11-openjdk-amd64/lib/libinstrument.so
7f34007da000-7f34007e0000 r-xp 00002000 08:05 142898                     /usr/lib/jvm/java-11-openjdk-amd64/lib/libinstrument.so
7f34007e0000-7f34007e3000 r--p 00008000 08:05 142898                     /usr/lib/jvm/java-11-openjdk-amd64/lib/libinstrument.so
7f34007e3000-7f34007e4000 r--p 0000a000 08:05 142898                     /usr/lib/jvm/java-11-openjdk-amd64/lib/libinstrument.so
7f34007e4000-7f34007e5000 rw-p 0000b000 08:05 142898                     /usr/lib/jvm/java-11-openjdk-amd64/lib/libinstrument.so
7f34007e5000-7f34007f3000 r--p 00000000 08:05 142903                     /usr/lib/jvm/java-11-openjdk-amd64/lib/libjava.so
7f34007f3000-7f3400809000 r-xp 0000e000 08:05 142903                     /usr/lib/jvm/java-11-openjdk-amd64/lib/libjava.so
7f3400809000-7f3400810000 r--p 00024000 08:05 142903                     /usr/lib/jvm/java-11-openjdk-amd64/lib/libjava.so
7f3400810000-7f3400811000 r--p 0002a000 08:05 142903                     /usr/lib/jvm/java-11-openjdk-amd64/lib/libjava.so
7f3400811000-7f3400812000 rw-p 0002b000 08:05 142903                     /usr/lib/jvm/java-11-openjdk-amd64/lib/libjava.so
7f3400812000-7f3400813000 rw-p 00000000 00:00 0 
7f3400813000-7f3400818000 r--p 00000000 08:05 142922                     /usr/lib/jvm/java-11-openjdk-amd64/lib/libverify.so
7f3400818000-7f340081f000 r-xp 00005000 08:05 142922                     /usr/lib/jvm/java-11-openjdk-amd64/lib/libverify.so
7f340081f000-7f3400821000 r--p 0000c000 08:05 142922                     /usr/lib/jvm/java-11-openjdk-amd64/lib/libverify.so
7f3400821000-7f3400822000 ---p 0000e000 08:05 142922                     /usr/lib/jvm/java-11-openjdk-amd64/lib/libverify.so
7f3400822000-7f3400824000 r--p 0000e000 08:05 142922                     /usr/lib/jvm/java-11-openjdk-amd64/lib/libverify.so
7f3400824000-7f3400825000 rw-p 00010000 08:05 142922                     /usr/lib/jvm/java-11-openjdk-amd64/lib/libverify.so
7f3400825000-7f3400827000 r--p 00000000 08:05 133292                     /usr/lib/x86_64-linux-gnu/librt-2.31.so
7f3400827000-7f340082b000 r-xp 00002000 08:05 133292                     /usr/lib/x86_64-linux-gnu/librt-2.31.so
7f340082b000-7f340082d000 r--p 00006000 08:05 133292                     /usr/lib/x86_64-linux-gnu/librt-2.31.so
7f340082d000-7f340082e000 r--p 00007000 08:05 133292                     /usr/lib/x86_64-linux-gnu/librt-2.31.so
7f340082e000-7f340082f000 rw-p 00008000 08:05 133292                     /usr/lib/x86_64-linux-gnu/librt-2.31.so
7f340082f000-7f3400833000 ---p 00000000 00:00 0 
7f3400833000-7f3400930000 rw-p 00000000 00:00 0 
7f3400930000-7f3400933000 r--p 00000000 08:05 138285                     /usr/lib/x86_64-linux-gnu/libgcc_s.so.1
7f3400933000-7f3400945000 r-xp 00003000 08:05 138285                     /usr/lib/x86_64-linux-gnu/libgcc_s.so.1
7f3400945000-7f3400949000 r--p 00015000 08:05 138285                     /usr/lib/x86_64-linux-gnu/libgcc_s.so.1
7f3400949000-7f340094a000 r--p 00018000 08:05 138285                     /usr/lib/x86_64-linux-gnu/libgcc_s.so.1
7f340094a000-7f340094b000 rw-p 00019000 08:05 138285                     /usr/lib/x86_64-linux-gnu/libgcc_s.so.1
7f340094b000-7f3400958000 r--p 00000000 08:05 131587                     /usr/lib/x86_64-linux-gnu/libm-2.31.so
7f3400958000-7f34009ff000 r-xp 0000d000 08:05 131587                     /usr/lib/x86_64-linux-gnu/libm-2.31.so
7f34009ff000-7f3400a98000 r--p 000b4000 08:05 131587                     /usr/lib/x86_64-linux-gnu/libm-2.31.so
7f3400a98000-7f3400a99000 r--p 0014c000 08:05 131587                     /usr/lib/x86_64-linux-gnu/libm-2.31.so
7f3400a99000-7f3400a9a000 rw-p 0014d000 08:05 131587                     /usr/lib/x86_64-linux-gnu/libm-2.31.so
7f3400a9a000-7f3400b30000 r--p 00000000 08:05 139076                     /usr/lib/x86_64-linux-gnu/libstdc++.so.6.0.28
7f3400b30000-7f3400c21000 r-xp 00096000 08:05 139076                     /usr/lib/x86_64-linux-gnu/libstdc++.so.6.0.28
7f3400c21000-7f3400c6a000 r--p 00187000 08:05 139076                     /usr/lib/x86_64-linux-gnu/libstdc++.so.6.0.28
7f3400c6a000-7f3400c6b000 ---p 001d0000 08:05 139076                     /usr/lib/x86_64-linux-gnu/libstdc++.so.6.0.28
7f3400c6b000-7f3400c76000 r--p 001d0000 08:05 139076                     /usr/lib/x86_64-linux-gnu/libstdc++.so.6.0.28
7f3400c76000-7f3400c79000 rw-p 001db000 08:05 139076                     /usr/lib/x86_64-linux-gnu/libstdc++.so.6.0.28
7f3400c79000-7f3400c7c000 rw-p 00000000 00:00 0 
7f3400c7c000-7f3400efe000 r--p 00000000 08:05 142927                     /usr/lib/jvm/java-11-openjdk-amd64/lib/server/libjvm.so
7f3400efe000-7f3401b87000 r-xp 00282000 08:05 142927                     /usr/lib/jvm/java-11-openjdk-amd64/lib/server/libjvm.so
7f3401b87000-7f3401de4000 r--p 00f0b000 08:05 142927                     /usr/lib/jvm/java-11-openjdk-amd64/lib/server/libjvm.so
7f3401de4000-7f3401de5000 ---p 01168000 08:05 142927                     /usr/lib/jvm/java-11-openjdk-amd64/lib/server/libjvm.so
7f3401de5000-7f3401ea9000 r--p 01168000 08:05 142927                     /usr/lib/jvm/java-11-openjdk-amd64/lib/server/libjvm.so
7f3401ea9000-7f3401ee4000 rw-p 0122c000 08:05 142927                     /usr/lib/jvm/java-11-openjdk-amd64/lib/server/libjvm.so
7f3401ee4000-7f3401f3d000 rw-p 00000000 00:00 0 
7f3401f3d000-7f3401f43000 r--p 00000000 08:05 133290                     /usr/lib/x86_64-linux-gnu/libpthread-2.31.so
7f3401f43000-7f3401f54000 r-xp 00006000 08:05 133290                     /usr/lib/x86_64-linux-gnu/libpthread-2.31.so
7f3401f54000-7f3401f5a000 r--p 00017000 08:05 133290                     /usr/lib/x86_64-linux-gnu/libpthread-2.31.so
7f3401f5a000-7f3401f5b000 r--p 0001c000 08:05 133290                     /usr/lib/x86_64-linux-gnu/libpthread-2.31.so
7f3401f5b000-7f3401f5c000 rw-p 0001d000 08:05 133290                     /usr/lib/x86_64-linux-gnu/libpthread-2.31.so
7f3401f5c000-7f3401f60000 rw-p 00000000 00:00 0 
7f3401f60000-7f3401f61000 r--p 00000000 08:05 131586                     /usr/lib/x86_64-linux-gnu/libdl-2.31.so
7f3401f61000-7f3401f63000 r-xp 00001000 08:05 131586                     /usr/lib/x86_64-linux-gnu/libdl-2.31.so
7f3401f63000-7f3401f64000 r--p 00003000 08:05 131586                     /usr/lib/x86_64-linux-gnu/libdl-2.31.so
7f3401f64000-7f3401f65000 r--p 00003000 08:05 131586                     /usr/lib/x86_64-linux-gnu/libdl-2.31.so
7f3401f65000-7f3401f66000 rw-p 00004000 08:05 131586                     /usr/lib/x86_64-linux-gnu/libdl-2.31.so
7f3401f66000-7f3401f68000 r--p 00000000 08:05 131303                     /usr/lib/x86_64-linux-gnu/libz.so.1.2.11
7f3401f68000-7f3401f79000 r-xp 00002000 08:05 131303                     /usr/lib/x86_64-linux-gnu/libz.so.1.2.11
7f3401f79000-7f3401f7f000 r--p 00013000 08:05 131303                     /usr/lib/x86_64-linux-gnu/libz.so.1.2.11
7f3401f7f000-7f3401f80000 ---p 00019000 08:05 131303                     /usr/lib/x86_64-linux-gnu/libz.so.1.2.11
7f3401f80000-7f3401f81000 r--p 00019000 08:05 131303                     /usr/lib/x86_64-linux-gnu/libz.so.1.2.11
7f3401f81000-7f3401f82000 rw-p 0001a000 08:05 131303                     /usr/lib/x86_64-linux-gnu/libz.so.1.2.11
7f3401f82000-7f3401fa4000 r--p 00000000 08:05 131585                     /usr/lib/x86_64-linux-gnu/libc-2.31.so
7f3401fa4000-7f340211c000 r-xp 00022000 08:05 131585                     /usr/lib/x86_64-linux-gnu/libc-2.31.so
7f340211c000-7f340216a000 r--p 0019a000 08:05 131585                     /usr/lib/x86_64-linux-gnu/libc-2.31.so
7f340216a000-7f340216e000 r--p 001e7000 08:05 131585                     /usr/lib/x86_64-linux-gnu/libc-2.31.so
7f340216e000-7f3402170000 rw-p 001eb000 08:05 131585                     /usr/lib/x86_64-linux-gnu/libc-2.31.so
7f3402170000-7f3402174000 rw-p 00000000 00:00 0 
7f3402178000-7f340217a000 r--s 0000c000 08:05 534628                     /usr/share/java/java-atk-wrapper.jar
7f340217a000-7f340217b000 ---p 00000000 00:00 0 
7f340217b000-7f340217c000 r--p 00000000 00:00 0 
7f340217c000-7f340217e000 r--p 00000000 08:05 142906                     /usr/lib/jvm/java-11-openjdk-amd64/lib/libjimage.so
7f340217e000-7f3402181000 r-xp 00002000 08:05 142906                     /usr/lib/jvm/java-11-openjdk-amd64/lib/libjimage.so
7f3402181000-7f3402182000 r--p 00005000 08:05 142906                     /usr/lib/jvm/java-11-openjdk-amd64/lib/libjimage.so
7f3402182000-7f3402183000 ---p 00006000 08:05 142906                     /usr/lib/jvm/java-11-openjdk-amd64/lib/libjimage.so
7f3402183000-7f3402184000 r--p 00006000 08:05 142906                     /usr/lib/jvm/java-11-openjdk-amd64/lib/libjimage.so
7f3402184000-7f3402185000 rw-p 00007000 08:05 142906                     /usr/lib/jvm/java-11-openjdk-amd64/lib/libjimage.so
7f3402185000-7f3402188000 r--p 00000000 08:05 142888                     /usr/lib/jvm/java-11-openjdk-amd64/lib/jli/libjli.so
7f3402188000-7f3402192000 r-xp 00003000 08:05 142888                     /usr/lib/jvm/java-11-openjdk-amd64/lib/jli/libjli.so
7f3402192000-7f3402195000 r--p 0000d000 08:05 142888                     /usr/lib/jvm/java-11-openjdk-amd64/lib/jli/libjli.so
7f3402195000-7f3402196000 ---p 00010000 08:05 142888                     /usr/lib/jvm/java-11-openjdk-amd64/lib/jli/libjli.so
7f3402196000-7f3402197000 r--p 00010000 08:05 142888                     /usr/lib/jvm/java-11-openjdk-amd64/lib/jli/libjli.so
7f3402197000-7f3402198000 rw-p 00011000 08:05 142888                     /usr/lib/jvm/java-11-openjdk-amd64/lib/jli/libjli.so
7f3402198000-7f340219a000 rw-p 00000000 00:00 0 
7f340219a000-7f340219b000 r--p 00000000 08:05 131184                     /usr/lib/x86_64-linux-gnu/ld-2.31.so
7f340219b000-7f34021be000 r-xp 00001000 08:05 131184                     /usr/lib/x86_64-linux-gnu/ld-2.31.so
7f34021be000-7f34021c6000 r--p 00024000 08:05 131184                     /usr/lib/x86_64-linux-gnu/ld-2.31.so
7f34021c7000-7f34021c8000 r--p 0002c000 08:05 131184                     /usr/lib/x86_64-linux-gnu/ld-2.31.so
7f34021c8000-7f34021c9000 rw-p 0002d000 08:05 131184                     /usr/lib/x86_64-linux-gnu/ld-2.31.so
7f34021c9000-7f34021ca000 rw-p 00000000 00:00 0 
7ffc0ff0c000-7ffc0ff2e000 rw-p 00000000 00:00 0                          [stack]
7ffc0ff41000-7ffc0ff45000 r--p 00000000 00:00 0                          [vvar]
7ffc0ff45000-7ffc0ff47000 r-xp 00000000 00:00 0                          [vdso]
ffffffffff600000-ffffffffff601000 --xp 00000000 00:00 0                  [vsyscall]


VM Arguments:
jvm_args: -javaagent:/snap/intellij-idea-ultimate/401/lib/idea_rt.jar=43059:/snap/intellij-idea-ultimate/401/bin -Dfile.encoding=UTF-8 
java_command: Main
java_class_path (initial): /home/whale/Lab/target/classes:/usr/local/lib/antlr-4.9.1-complete.jar:/opt/maven/repository/org/bytedeco/llvm-platform/13.0.1-1.5.7/llvm-platform-13.0.1-1.5.7.jar:/opt/maven/repository/org/bytedeco/javacpp-platform/1.5.7/javacpp-platform-1.5.7.jar:/opt/maven/repository/org/bytedeco/javacpp/1.5.7/javacpp-1.5.7.jar:/opt/maven/repository/org/bytedeco/javacpp/1.5.7/javacpp-1.5.7-android-arm.jar:/opt/maven/repository/org/bytedeco/javacpp/1.5.7/javacpp-1.5.7-android-arm64.jar:/opt/maven/repository/org/bytedeco/javacpp/1.5.7/javacpp-1.5.7-android-x86.jar:/opt/maven/repository/org/bytedeco/javacpp/1.5.7/javacpp-1.5.7-android-x86_64.jar:/opt/maven/repository/org/bytedeco/javacpp/1.5.7/javacpp-1.5.7-ios-arm64.jar:/opt/maven/repository/org/bytedeco/javacpp/1.5.7/javacpp-1.5.7-ios-x86_64.jar:/opt/maven/repository/org/bytedeco/javacpp/1.5.7/javacpp-1.5.7-linux-armhf.jar:/opt/maven/repository/org/bytedeco/javacpp/1.5.7/javacpp-1.5.7-linux-arm64.jar:/opt/maven/repository/org/bytedeco/javacpp/1.5.7/javacpp-1.5.7-linux-ppc64le.jar:/opt/maven/repository/org/bytedeco/javacpp/1.5.7/javacpp-1.5.7-linux-x86.jar:/opt/maven/repository/org/bytedeco/javacpp/1.5.7/javacpp-1.5.7-linux-x86_64.jar:/opt/maven/repository/org/bytedeco/javacpp/1.5.7/javacpp-1.5.7-macosx-arm64.jar:/opt/maven/repository/org/bytedeco/javacpp/1.5.7/javacpp-1.5.7-macosx-x86_64.jar:/opt/maven/repository/org/bytedeco/javacpp/1.5.7/javacpp-1.5.7-windows-x86.jar:/opt/maven/repository/org/bytedeco/javacpp/1.5.7/javacpp-1.5.7-windows-x86_64.jar:/opt/maven/repository/org/bytedeco/llvm/13.0.1-1.5.7/llvm-13.0.1-1.5.7.jar:/opt/maven/repository/org/bytedeco/llvm/13.0.1-1.5.7/llvm-13.0.1-1.5.7-linux-x86.jar:/opt/maven/repository/org/bytedeco/llvm/13.0.1-1.5.7/llvm-13.0.1-1.5.7-linux-x86_64.jar:/opt/maven/repository/org/bytedeco/llvm/13.0.1-1.5.7/llvm-13.0.1-1.5.7-linux-armhf.jar:/opt/maven/repository/org/bytedeco/llvm/13.0.1-1.5.7/llvm-13.0.1-1.5.7-linux-arm64.jar:/opt/maven/repository/org/bytedeco/llvm
Launcher Type: SUN_STANDARD

[Global flags]
     intx CICompilerCount                          = 2                                         {product} {ergonomic}
     uint ConcGCThreads                            = 1                                         {product} {ergonomic}
     uint G1ConcRefinementThreads                  = 2                                         {product} {ergonomic}
   size_t G1HeapRegionSize                         = 1048576                                   {product} {ergonomic}
    uintx GCDrainStackTargetSize                   = 64                                        {product} {ergonomic}
   size_t InitialHeapSize                          = 65011712                                  {product} {ergonomic}
   size_t MarkStackSize                            = 4194304                                   {product} {ergonomic}
   size_t MaxHeapSize                              = 1021313024                                {product} {ergonomic}
   size_t MaxNewSize                               = 612368384                                 {product} {ergonomic}
   size_t MinHeapDeltaBytes                        = 1048576                                   {product} {ergonomic}
    uintx NonNMethodCodeHeapSize                   = 5825164                                {pd product} {ergonomic}
    uintx NonProfiledCodeHeapSize                  = 122916538                              {pd product} {ergonomic}
    uintx ProfiledCodeHeapSize                     = 122916538                              {pd product} {ergonomic}
    uintx ReservedCodeCacheSize                    = 251658240                              {pd product} {ergonomic}
     bool SegmentedCodeCache                       = true                                      {product} {ergonomic}
     bool UseCompressedClassPointers               = true                                 {lp64_product} {ergonomic}
     bool UseCompressedOops                        = true                                 {lp64_product} {ergonomic}
     bool UseG1GC                                  = true                                      {product} {ergonomic}

Logging:
Log output configuration:
 #0: stdout all=warning uptime,level,tags
 #1: stderr all=off uptime,level,tags

Environment Variables:
PATH=/opt/maven/apache-maven-3.8.6/bin:/usr/local/sbin:/usr/local/bin:/usr/sbin:/usr/bin:/sbin:/bin:/usr/games:/usr/local/games:/snap/bin:/usr/local/cbc/bin
USERNAME=whale
SHELL=/bin/bash
DISPLAY=:0
LANG=zh_CN.UTF-8

Signal Handlers:
SIGSEGV: [libjvm.so+0xe97eb0], sa_mask[0]=11111111011111111101111111111110, sa_flags=SA_RESTART|SA_SIGINFO
SIGBUS: [libjvm.so+0xe97eb0], sa_mask[0]=11111111011111111101111111111110, sa_flags=SA_RESTART|SA_SIGINFO
SIGFPE: [libjvm.so+0xe97eb0], sa_mask[0]=11111111011111111101111111111110, sa_flags=SA_RESTART|SA_SIGINFO
SIGPIPE: [libjvm.so+0xbde850], sa_mask[0]=11111111011111111101111111111110, sa_flags=SA_RESTART|SA_SIGINFO
SIGXFSZ: [libjvm.so+0xbde850], sa_mask[0]=11111111011111111101111111111110, sa_flags=SA_RESTART|SA_SIGINFO
SIGILL: [libjvm.so+0xe97eb0], sa_mask[0]=11111111011111111101111111111110, sa_flags=SA_RESTART|SA_SIGINFO
SIGUSR2: [libjvm.so+0xbde6f0], sa_mask[0]=00100000000000000000000000000000, sa_flags=SA_RESTART|SA_SIGINFO
SIGHUP: [libjvm.so+0xbde9e0], sa_mask[0]=11111111011111111101111111111110, sa_flags=SA_RESTART|SA_SIGINFO
SIGINT: [libjvm.so+0xbde9e0], sa_mask[0]=11111111011111111101111111111110, sa_flags=SA_RESTART|SA_SIGINFO
SIGTERM: [libjvm.so+0xbde9e0], sa_mask[0]=11111111011111111101111111111110, sa_flags=SA_RESTART|SA_SIGINFO
SIGQUIT: [libjvm.so+0xbde9e0], sa_mask[0]=11111111011111111101111111111110, sa_flags=SA_RESTART|SA_SIGINFO


---------------  S Y S T E M  ---------------

OS:DISTRIB_ID=Ubuntu
DISTRIB_RELEASE=20.04
DISTRIB_CODENAME=focal
DISTRIB_DESCRIPTION="Ubuntu 20.04.5 LTS"
uname:Linux 5.15.0-56-generic #62~20.04.1-Ubuntu SMP Tue Nov 22 21:24:20 UTC 2022 x86_64
OS uptime: 0 days 3:23 hours
libc:glibc 2.31 NPTL 2.31 
rlimit (soft/hard): STACK 8192k/infinity , CORE 0k/infinity , NPROC 15258/15258 , NOFILE 1048576/1048576 , AS infinity/infinity , CPU infinity/infinity , DATA infinity/infinity , FSIZE infinity/infinity , MEMLOCK 65536k/65536k
load average:0.94 0.76 0.77

/proc/meminfo:
MemTotal:        3983216 kB
MemFree:          188004 kB
MemAvailable:     235792 kB
Buffers:            4120 kB
Cached:           240248 kB
SwapCached:        41096 kB
Active:          1365264 kB
Inactive:        1804932 kB
Active(anon):    1304944 kB
Inactive(anon):  1647148 kB
Active(file):      60320 kB
Inactive(file):   157784 kB
Unevictable:          32 kB
Mlocked:              32 kB
SwapTotal:        945416 kB
SwapFree:              0 kB
Dirty:              1056 kB
Writeback:             0 kB
AnonPages:       2885008 kB
Mapped:           153092 kB
Shmem:             26064 kB
KReclaimable:      67964 kB
Slab:             166760 kB
SReclaimable:      67964 kB
SUnreclaim:        98796 kB
KernelStack:       16252 kB
PageTables:        32512 kB
NFS_Unstable:          0 kB
Bounce:                0 kB
WritebackTmp:          0 kB
CommitLimit:     2937024 kB
Committed_AS:    7129828 kB
VmallocTotal:   34359738367 kB
VmallocUsed:       67216 kB
VmallocChunk:          0 kB
Percpu:           108544 kB
HardwareCorrupted:     0 kB
AnonHugePages:         0 kB
ShmemHugePages:        0 kB
ShmemPmdMapped:        0 kB
FileHugePages:         0 kB
FilePmdMapped:         0 kB
HugePages_Total:       0
HugePages_Free:        0
HugePages_Rsvd:        0
HugePages_Surp:        0
Hugepagesize:       2048 kB
Hugetlb:               0 kB
DirectMap4k:      333632 kB
DirectMap2M:     3860480 kB
DirectMap1G:     2097152 kB

/sys/kernel/mm/transparent_hugepage/enabled:
always [madvise] never
/sys/kernel/mm/transparent_hugepage/defrag (defrag/compaction efforts parameter):
always defer defer+madvise [madvise] never

Process Memory:
Virtual Size: 3675080K (peak: 12380388K)
Resident Set Size: 100532K (peak: 100532K) (anon: 45804K, file: 54728K, shmem: 0K)
Swapped out: 0K
C-Heap outstanding allocations: 16655K, retained: 2064K
glibc malloc tunables: (default)

/proc/sys/kernel/threads-max (system-wide limit on the number of threads):
30517
/proc/sys/vm/max_map_count (maximum number of memory map areas a process may have):
65530
/proc/sys/kernel/pid_max (system-wide limit on number of process identifiers):
4194304

container (cgroup) information:
container_type: cgroupv1
cpu_cpuset_cpus: 0-1
cpu_memory_nodes: 0
active_processor_count: 2
cpu_quota: no quota
cpu_period: 100000
cpu_shares: no shares
memory_limit_in_bytes: unlimited
memory_and_swap_limit_in_bytes: unlimited
memory_soft_limit_in_bytes: unlimited
memory_usage_in_bytes: 3092052 k
memory_max_usage_in_bytes: 3225036 k
maximum number of tasks: unlimited
current number of tasks: 600

VMWare virtualization detected
Steal ticks since vm start: 0
Steal ticks percentage since vm start:  0.000

CPU:total 2 (initial active 2) (1 cores per cpu, 1 threads per core) family 23 model 96 stepping 1 microcode 0x8600104, cmov, cx8, fxsr, mmx, sse, sse2, sse3, ssse3, sse4.1, sse4.2, popcnt, avx, avx2, aes, clmul, mmxext, 3dnowpref, lzcnt, sse4a, tsc, tscinvbit, tscinv, bmi1, bmi2, adx, sha, fma
CPU Model and flags from /proc/cpuinfo:
model name	: AMD Ryzen 7 4800H with Radeon Graphics
flags		: fpu vme de pse tsc msr pae mce cx8 apic sep mtrr pge mca cmov pat pse36 clflush mmx fxsr sse sse2 syscall nx mmxext fxsr_opt pdpe1gb rdtscp lm constant_tsc rep_good nopl tsc_reliable nonstop_tsc cpuid extd_apicid tsc_known_freq pni pclmulqdq ssse3 fma cx16 sse4_1 sse4_2 x2apic movbe popcnt aes xsave avx f16c rdrand hypervisor lahf_lm extapic cr8_legacy abm sse4a misalignsse 3dnowprefetch osvw topoext ssbd ibpb vmmcall fsgsbase bmi1 avx2 smep bmi2 rdseed adx smap clflushopt clwb sha_ni xsaveopt xsavec xgetbv1 xsaves clzero wbnoinvd arat umip rdpid overflow_recov succor
Online cpus:
0-1
Offline cpus:
2-127
BIOS frequency limitation:
<Not Available>
Frequency switch latency (ns):
<Not Available>
Available cpu frequencies:
<Not Available>
Current governor:
<Not Available>
Core performance/turbo boost:
<Not Available>

Memory: 4k page, physical 3983216k(188004k free), swap 945416k(0k free)

vm_info: OpenJDK 64-Bit Server VM (11.0.17+8-post-Ubuntu-1ubuntu220.04) for linux-amd64 JRE (11.0.17+8-post-Ubuntu-1ubuntu220.04), built on Oct 25 2022 09:30:51 by "unknown" with gcc 9.4.0

END.
