#
# A fatal error has been detected by the Java Runtime Environment:
#
#  SIGSEGV (0xb) at pc=0x00007fee36158882, pid=7542, tid=7543
#
# JRE version: OpenJDK Runtime Environment (11.0.17+8) (build 11.0.17+8-post-Ubuntu-1ubuntu220.04)
# Java VM: OpenJDK 64-Bit Server VM (11.0.17+8-post-Ubuntu-1ubuntu220.04, mixed mode, sharing, tiered, compressed oops, g1 gc, linux-amd64)
# Problematic frame:
# C  [libLLVM-13.so+0xc2c882]  LLVMBuildLoad+0x12
#
# Core dump will be written. Default location: Core dumps may be processed with "/usr/share/apport/apport -p%p -s%s -c%c -d%d -P%P -u%u -g%g -- %E" (or dumping to /home/whale/Lab/core.7542)
#
# If you would like to submit a bug report, please visit:
#   https://bugs.launchpad.net/ubuntu/+source/openjdk-lts
# The crash happened outside the Java Virtual Machine in native code.
# See problematic frame for where to report the bug.
#

---------------  S U M M A R Y ------------

Command Line: -javaagent:/snap/intellij-idea-ultimate/401/lib/idea_rt.jar=42581:/snap/intellij-idea-ultimate/401/bin -Dfile.encoding=UTF-8 Main

Host: AMD Ryzen 7 4800H with Radeon Graphics, 2 cores, 3G, Ubuntu 20.04.5 LTS
Time: Fri Jan  6 00:24:08 2023 CST elapsed time: 0.550396 seconds (0d 0h 0m 0s)

---------------  T H R E A D  ---------------

Current thread (0x00007fee94017800):  JavaThread "main" [_thread_in_native, id=7543, stack(0x00007fee9a07e000,0x00007fee9a17f000)]

Stack: [0x00007fee9a07e000,0x00007fee9a17f000],  sp=0x00007fee9a17c6c0,  free space=1017k
Native frames: (J=compiled Java code, A=aot compiled Java code, j=interpreted, Vv=VM code, C=native code)
C  [libLLVM-13.so+0xc2c882]  LLVMBuildLoad+0x12

Java frames: (J=compiled Java code, j=interpreted, Vv=VM code)
j  org.bytedeco.llvm.global.LLVM.LLVMBuildLoad(Lorg/bytedeco/llvm/LLVM/LLVMBuilderRef;Lorg/bytedeco/llvm/LLVM/LLVMValueRef;Ljava/lang/String;)Lorg/bytedeco/llvm/LLVM/LLVMValueRef;+0
j  MyIRVisitor.visitLeftValExp(LSysYParser$LeftValExpContext;)Lorg/bytedeco/llvm/LLVM/LLVMValueRef;+21
j  MyIRVisitor.visitLeftValExp(LSysYParser$LeftValExpContext;)Ljava/lang/Object;+2
j  SysYParser$LeftValExpContext.accept(Lorg/antlr/v4/runtime/tree/ParseTreeVisitor;)Ljava/lang/Object;+12
j  org.antlr.v4.runtime.tree.AbstractParseTreeVisitor.visitChildren(Lorg/antlr/v4/runtime/tree/RuleNode;)Ljava/lang/Object;+46
j  SysYParserBaseVisitor.visitParam(LSysYParser$ParamContext;)Ljava/lang/Object;+2
j  SysYParser$ParamContext.accept(Lorg/antlr/v4/runtime/tree/ParseTreeVisitor;)Ljava/lang/Object;+12
j  org.antlr.v4.runtime.tree.AbstractParseTreeVisitor.visitChildren(Lorg/antlr/v4/runtime/tree/RuleNode;)Ljava/lang/Object;+46
j  SysYParserBaseVisitor.visitFuncRParams(LSysYParser$FuncRParamsContext;)Ljava/lang/Object;+2
j  SysYParser$FuncRParamsContext.accept(Lorg/antlr/v4/runtime/tree/ParseTreeVisitor;)Ljava/lang/Object;+12
j  org.antlr.v4.runtime.tree.AbstractParseTreeVisitor.visitChildren(Lorg/antlr/v4/runtime/tree/RuleNode;)Ljava/lang/Object;+46
j  SysYParserBaseVisitor.visitFuncCallExp(LSysYParser$FuncCallExpContext;)Ljava/lang/Object;+2
j  MyIRVisitor.visitFuncCallExp(LSysYParser$FuncCallExpContext;)Lorg/bytedeco/llvm/LLVM/LLVMValueRef;+2
j  MyIRVisitor.visitFuncCallExp(LSysYParser$FuncCallExpContext;)Ljava/lang/Object;+2
j  SysYParser$FuncCallExpContext.accept(Lorg/antlr/v4/runtime/tree/ParseTreeVisitor;)Ljava/lang/Object;+12
j  org.antlr.v4.runtime.tree.AbstractParseTreeVisitor.visit(Lorg/antlr/v4/runtime/tree/ParseTree;)Ljava/lang/Object;+2
j  MyIRVisitor.visitReturnStat(LSysYParser$ReturnStatContext;)Lorg/bytedeco/llvm/LLVM/LLVMValueRef;+21
j  MyIRVisitor.visitReturnStat(LSysYParser$ReturnStatContext;)Ljava/lang/Object;+2
j  SysYParser$ReturnStatContext.accept(Lorg/antlr/v4/runtime/tree/ParseTreeVisitor;)Ljava/lang/Object;+12
j  org.antlr.v4.runtime.tree.AbstractParseTreeVisitor.visitChildren(Lorg/antlr/v4/runtime/tree/RuleNode;)Ljava/lang/Object;+46
j  SysYParserBaseVisitor.visitStat(LSysYParser$StatContext;)Ljava/lang/Object;+2
j  SysYParser$StatContext.accept(Lorg/antlr/v4/runtime/tree/ParseTreeVisitor;)Ljava/lang/Object;+12
j  org.antlr.v4.runtime.tree.AbstractParseTreeVisitor.visitChildren(Lorg/antlr/v4/runtime/tree/RuleNode;)Ljava/lang/Object;+46
j  SysYParserBaseVisitor.visitBlock(LSysYParser$BlockContext;)Ljava/lang/Object;+2
j  MyIRVisitor.visitBlock(LSysYParser$BlockContext;)Lorg/bytedeco/llvm/LLVM/LLVMValueRef;+17
j  MyIRVisitor.visitBlock(LSysYParser$BlockContext;)Ljava/lang/Object;+2
j  SysYParser$BlockContext.accept(Lorg/antlr/v4/runtime/tree/ParseTreeVisitor;)Ljava/lang/Object;+12
j  org.antlr.v4.runtime.tree.AbstractParseTreeVisitor.visit(Lorg/antlr/v4/runtime/tree/ParseTree;)Ljava/lang/Object;+2
j  MyIRVisitor.visitFuncDef(LSysYParser$FuncDefContext;)Lorg/bytedeco/llvm/LLVM/LLVMValueRef;+254
j  MyIRVisitor.visitFuncDef(LSysYParser$FuncDefContext;)Ljava/lang/Object;+2
j  SysYParser$FuncDefContext.accept(Lorg/antlr/v4/runtime/tree/ParseTreeVisitor;)Ljava/lang/Object;+12
j  org.antlr.v4.runtime.tree.AbstractParseTreeVisitor.visitChildren(Lorg/antlr/v4/runtime/tree/RuleNode;)Ljava/lang/Object;+46
j  SysYParserBaseVisitor.visitCompUnit(LSysYParser$CompUnitContext;)Ljava/lang/Object;+2
j  SysYParser$CompUnitContext.accept(Lorg/antlr/v4/runtime/tree/ParseTreeVisitor;)Ljava/lang/Object;+12
j  org.antlr.v4.runtime.tree.AbstractParseTreeVisitor.visitChildren(Lorg/antlr/v4/runtime/tree/RuleNode;)Ljava/lang/Object;+46
j  SysYParserBaseVisitor.visitProgram(LSysYParser$ProgramContext;)Ljava/lang/Object;+2
j  MyIRVisitor.visitProgram(LSysYParser$ProgramContext;)Lorg/bytedeco/llvm/LLVM/LLVMValueRef;+21
j  MyIRVisitor.visitProgram(LSysYParser$ProgramContext;)Ljava/lang/Object;+2
j  SysYParser$ProgramContext.accept(Lorg/antlr/v4/runtime/tree/ParseTreeVisitor;)Ljava/lang/Object;+12
j  org.antlr.v4.runtime.tree.AbstractParseTreeVisitor.visit(Lorg/antlr/v4/runtime/tree/ParseTree;)Ljava/lang/Object;+2
j  Main.main([Ljava/lang/String;)V+78
v  ~StubRoutines::call_stub

siginfo: si_signo: 11 (SIGSEGV), si_code: 1 (SEGV_MAPERR), si_addr: 0x0000000000000000

Register to memory mapping:

RAX=0x00007fee944df9f0 points into unknown readable memory: 0x0000000000000061 | 61 00 00 00 00 00 00 00
RBX=0x0 is NULL
RCX=0x0000000000000061 is an unknown value
RDX=0x00007fee944df9f0 points into unknown readable memory: 0x0000000000000061 | 61 00 00 00 00 00 00 00
RSP=0x00007fee9a17c6c0 is pointing into the stack for thread: 0x00007fee94017800
RBP=0x00007fee944aa4a0 points into unknown readable memory: 0x00007fee944aa4b0 | b0 a4 4a 94 ee 7f 00 00
RSI=0x0 is NULL
RDI=0x00007fee944aa4a0 points into unknown readable memory: 0x00007fee944aa4b0 | b0 a4 4a 94 ee 7f 00 00
R8 =0x00000000c63270b8 points into unknown readable memory: 0x0000000000000061 | 61 00 00 00 00 00 00 00
R9 =0x00007fee94017800 is a thread
R10=0x0 is NULL
R11=0x00000000000003d8 is an unknown value
R12=0x0 is NULL
R13=0x0 is NULL
R14=0x00007fee944df9f0 points into unknown readable memory: 0x0000000000000061 | 61 00 00 00 00 00 00 00
R15=0x00007fee94017800 is a thread


Registers:
RAX=0x00007fee944df9f0, RBX=0x0000000000000000, RCX=0x0000000000000061, RDX=0x00007fee944df9f0
RSP=0x00007fee9a17c6c0, RBP=0x00007fee944aa4a0, RSI=0x0000000000000000, RDI=0x00007fee944aa4a0
R8 =0x00000000c63270b8, R9 =0x00007fee94017800, R10=0x0000000000000000, R11=0x00000000000003d8
R12=0x0000000000000000, R13=0x0000000000000000, R14=0x00007fee944df9f0, R15=0x00007fee94017800
RIP=0x00007fee36158882, EFLAGS=0x0000000000010206, CSGSFS=0x002b000000000033, ERR=0x0000000000000004
  TRAPNO=0x000000000000000e

Top of Stack: (sp=0x00007fee9a17c6c0)
0x00007fee9a17c6c0:   00007fee94017800 0000000000000000
0x00007fee9a17c6d0:   00007fee94017800 00007fee9b86b299
0x00007fee9a17c6e0:   0000000000000002 0000000000000001
0x00007fee9a17c6f0:   00007fee944df9f0 00007fee9411dfc0 

Instructions: (pc=0x00007fee36158882)
0x00007fee36158782:   89 c4 4c 8d 4c 24 40 e8 92 57 09 00 48 8b 7d 50
0x00007fee36158792:   48 8b 4d 30 4c 89 e6 48 8d 54 24 10 4c 8b 45 38
0x00007fee361587a2:   48 8b 07 ff 50 10 48 8b 5d 00 8b 6d 08 5a 59 48
0x00007fee361587b2:   c1 e5 04 48 01 dd 48 39 eb 74 1a 0f 1f 00 48 8b
0x00007fee361587c2:   53 08 8b 33 4c 89 e7 48 83 c3 10 e8 6e 16 0e 00
0x00007fee361587d2:   48 39 dd 75 e9 48 83 c4 68 4c 89 e0 5b 5d 41 5c
0x00007fee361587e2:   41 5d 41 5e 41 5f c3 0f 1f 80 00 00 00 00 41 54
0x00007fee361587f2:   b8 01 01 00 00 55 48 89 fd 48 89 f7 53 48 83 ec
0x00007fee36158802:   30 48 8b 75 30 66 89 44 24 20 e8 ef 24 09 00 48
0x00007fee36158812:   8b 7d 50 48 8b 4d 30 48 89 e2 49 89 c4 4c 8b 45
0x00007fee36158822:   38 48 8b 07 4c 89 e6 ff 50 10 48 8b 5d 00 8b 6d
0x00007fee36158832:   08 48 c1 e5 04 48 01 dd 48 39 eb 74 18 90 48 8b
0x00007fee36158842:   53 08 8b 33 4c 89 e7 48 83 c3 10 e8 ee 15 0e 00
0x00007fee36158852:   48 39 dd 75 e9 48 83 c4 30 4c 89 e0 5b 5d 41 5c
0x00007fee36158862:   c3 66 2e 0f 1f 84 00 00 00 00 00 0f 1f 00 41 56
0x00007fee36158872:   41 55 49 89 f5 41 54 55 48 89 fd 53 48 83 ec 60
0x00007fee36158882:   48 8b 06 80 3a 00 be 01 01 00 00 4c 8b 70 18 66
0x00007fee36158892:   89 74 24 20 74 09 48 89 14 24 c6 44 24 20 03 48
0x00007fee361588a2:   8b 7d 30 e8 d6 15 fc ff 48 89 c7 e8 4e 47 0e 00
0x00007fee361588b2:   4c 89 f6 48 89 c7 e8 b3 46 01 00 be 01 00 00 00
0x00007fee361588c2:   bf 40 00 00 00 89 c3 b8 01 01 00 00 66 89 44 24
0x00007fee361588d2:   50 e8 a8 0a 13 00 48 8d 4c 24 30 41 89 d9 45 31
0x00007fee361588e2:   c0 48 83 ec 08 48 89 c7 4c 89 ea 4c 89 f6 6a 00
0x00007fee361588f2:   49 89 c4 e8 26 5d 09 00 48 8b 7d 50 48 8b 4d 30
0x00007fee36158902:   4c 89 e6 48 8d 54 24 10 4c 8b 45 38 48 8b 07 ff
0x00007fee36158912:   50 10 48 8b 5d 00 8b 6d 08 5a 59 48 c1 e5 04 48
0x00007fee36158922:   01 dd 48 39 eb 74 1e 0f 1f 80 00 00 00 00 48 8b
0x00007fee36158932:   53 08 8b 33 4c 89 e7 48 83 c3 10 e8 fe 14 0e 00
0x00007fee36158942:   48 39 dd 75 e9 48 83 c4 60 4c 89 e0 5b 5d 41 5c
0x00007fee36158952:   41 5d 41 5e c3 66 0f 1f 84 00 00 00 00 00 41 56
0x00007fee36158962:   49 89 d6 41 55 49 89 f5 be 01 01 00 00 41 54 55
0x00007fee36158972:   48 89 fd 53 48 83 ec 60 80 39 00 66 89 74 24 20 


Stack slot to memory mapping:
stack at sp + 0 slots: 0x00007fee94017800 is a thread
stack at sp + 1 slots: 0x0 is NULL
stack at sp + 2 slots: 0x00007fee94017800 is a thread
stack at sp + 3 slots: 0x00007fee9b86b299: __libc_malloc+0x00000000000001b9 in /lib/x86_64-linux-gnu/libc.so.6 at 0x00007fee9b7d1000
stack at sp + 4 slots: 0x0000000000000002 is an unknown value
stack at sp + 5 slots: 0x0000000000000001 is an unknown value
stack at sp + 6 slots: 0x00007fee944df9f0 points into unknown readable memory: 0x0000000000000061 | 61 00 00 00 00 00 00 00
stack at sp + 7 slots: 0x00007fee9411dfc0 points into unknown readable memory: 0x00000000c63270a8 | a8 70 32 c6 00 00 00 00


---------------  P R O C E S S  ---------------

Threads class SMR info:
_java_thread_list=0x00007fee943ae8e0, length=11, elements={
0x00007fee94017800, 0x00007fee9411f800, 0x00007fee94121800, 0x00007fee94127000,
0x00007fee94129000, 0x00007fee9412b000, 0x00007fee9412d800, 0x00007fee9412f800,
0x00007fee94145000, 0x00007fee942d0000, 0x00007fee943ad800
}

Java Threads: ( => current thread )
=>0x00007fee94017800 JavaThread "main" [_thread_in_native, id=7543, stack(0x00007fee9a07e000,0x00007fee9a17f000)]
  0x00007fee9411f800 JavaThread "Reference Handler" daemon [_thread_blocked, id=7557, stack(0x00007fee7c4f8000,0x00007fee7c5f9000)]
  0x00007fee94121800 JavaThread "Finalizer" daemon [_thread_blocked, id=7560, stack(0x00007fee7c3f7000,0x00007fee7c4f8000)]
  0x00007fee94127000 JavaThread "Signal Dispatcher" daemon [_thread_blocked, id=7561, stack(0x00007fee7c2f6000,0x00007fee7c3f7000)]
  0x00007fee94129000 JavaThread "Service Thread" daemon [_thread_blocked, id=7567, stack(0x00007fee7c1f5000,0x00007fee7c2f6000)]
  0x00007fee9412b000 JavaThread "C2 CompilerThread0" daemon [_thread_blocked, id=7568, stack(0x00007fee7c0f4000,0x00007fee7c1f5000)]
  0x00007fee9412d800 JavaThread "C1 CompilerThread0" daemon [_thread_blocked, id=7569, stack(0x00007fee4feff000,0x00007fee50000000)]
  0x00007fee9412f800 JavaThread "Sweeper thread" daemon [_thread_blocked, id=7570, stack(0x00007fee4fdfe000,0x00007fee4feff000)]
  0x00007fee94145000 JavaThread "Common-Cleaner" daemon [_thread_blocked, id=7571, stack(0x00007fee4fcfd000,0x00007fee4fdfe000)]
  0x00007fee942d0000 JavaThread "Monitor Ctrl-Break" daemon [_thread_in_native, id=7574, stack(0x00007fee4fbfc000,0x00007fee4fcfd000)]
  0x00007fee943ad800 JavaThread "JavaCPP Deallocator" daemon [_thread_blocked, id=7577, stack(0x00007fee4f8f7000,0x00007fee4f9f8000)]

Other Threads:
  0x00007fee9411c800 VMThread "VM Thread" [stack: 0x00007fee7c5fb000,0x00007fee7c6fb000] [id=7555]
  0x00007fee942d1800 WatcherThread [stack: 0x00007fee4fafc000,0x00007fee4fbfc000] [id=7575]
  0x00007fee9402f800 GCTaskThread "GC Thread#0" [stack: 0x00007fee99d15000,0x00007fee99e15000] [id=7544]
  0x00007fee64001000 GCTaskThread "GC Thread#1" [stack: 0x00007fee4f9fa000,0x00007fee4fafa000] [id=7576]
  0x00007fee9404a800 ConcurrentGCThread "G1 Main Marker" [stack: 0x00007fee98503000,0x00007fee98603000] [id=7545]
  0x00007fee9404c000 ConcurrentGCThread "G1 Conc#0" [stack: 0x00007fee98401000,0x00007fee98501000] [id=7546]
  0x00007fee94087800 ConcurrentGCThread "G1 Refine#0" [stack: 0x00007fee980fd000,0x00007fee981fd000] [id=7547]
  0x00007fee94089800 ConcurrentGCThread "G1 Young RemSet Sampling" [stack: 0x00007fee7c6fd000,0x00007fee7c7fd000] [id=7548]

Threads with active compile tasks:

VM state:not at safepoint (normal execution)

VM Mutex/Monitor currently owned by a thread: None

Heap address: 0x00000000c3200000, size: 974 MB, Compressed Oops mode: 32-bit
Narrow klass base: 0x0000000800000000, Narrow klass shift: 3
Compressed class space size: 1073741824 Address: 0x0000000840000000

Heap:
 garbage-first heap   total 65536K, used 17947K [0x00000000c3200000, 0x0000000100000000)
  region size 1024K, 13 young (13312K), 1 survivors (1024K)
 Metaspace       used 4094K, capacity 6703K, committed 6912K, reserved 1056768K
  class space    used 471K, capacity 748K, committed 768K, reserved 1048576K
Heap Regions: E=young(eden), S=young(survivor), O=old, HS=humongous(starts), HC=humongous(continues), CS=collection set, F=free, A=archive, TAMS=top-at-mark-start (previous, next)
|   0|0x00000000c3200000, 0x00000000c3300000, 0x00000000c3300000|100%| O|  |TAMS 0x00000000c3200000, 0x00000000c3200000| Untracked 
|   1|0x00000000c3300000, 0x00000000c3400000, 0x00000000c3400000|100%| O|  |TAMS 0x00000000c3300000, 0x00000000c3300000| Untracked 
|   2|0x00000000c3400000, 0x00000000c3500000, 0x00000000c3500000|100%| O|  |TAMS 0x00000000c3400000, 0x00000000c3400000| Untracked 
|   3|0x00000000c3500000, 0x00000000c3600000, 0x00000000c3600000|100%| O|  |TAMS 0x00000000c3500000, 0x00000000c3500000| Untracked 
|   4|0x00000000c3600000, 0x00000000c3700000, 0x00000000c3700000|100%| O|  |TAMS 0x00000000c3600000, 0x00000000c3600000| Untracked 
|   5|0x00000000c3700000, 0x00000000c378b800, 0x00000000c3800000| 54%| O|  |TAMS 0x00000000c3700000, 0x00000000c3700000| Untracked 
|   6|0x00000000c3800000, 0x00000000c3800000, 0x00000000c3900000|  0%| F|  |TAMS 0x00000000c3800000, 0x00000000c3800000| Untracked 
|   7|0x00000000c3900000, 0x00000000c3900000, 0x00000000c3a00000|  0%| F|  |TAMS 0x00000000c3900000, 0x00000000c3900000| Untracked 
|   8|0x00000000c3a00000, 0x00000000c3a00000, 0x00000000c3b00000|  0%| F|  |TAMS 0x00000000c3a00000, 0x00000000c3a00000| Untracked 
|   9|0x00000000c3b00000, 0x00000000c3b00000, 0x00000000c3c00000|  0%| F|  |TAMS 0x00000000c3b00000, 0x00000000c3b00000| Untracked 
|  10|0x00000000c3c00000, 0x00000000c3c00000, 0x00000000c3d00000|  0%| F|  |TAMS 0x00000000c3c00000, 0x00000000c3c00000| Untracked 
|  11|0x00000000c3d00000, 0x00000000c3d00000, 0x00000000c3e00000|  0%| F|  |TAMS 0x00000000c3d00000, 0x00000000c3d00000| Untracked 
|  12|0x00000000c3e00000, 0x00000000c3e00000, 0x00000000c3f00000|  0%| F|  |TAMS 0x00000000c3e00000, 0x00000000c3e00000| Untracked 
|  13|0x00000000c3f00000, 0x00000000c3f00000, 0x00000000c4000000|  0%| F|  |TAMS 0x00000000c3f00000, 0x00000000c3f00000| Untracked 
|  14|0x00000000c4000000, 0x00000000c4000000, 0x00000000c4100000|  0%| F|  |TAMS 0x00000000c4000000, 0x00000000c4000000| Untracked 
|  15|0x00000000c4100000, 0x00000000c4100000, 0x00000000c4200000|  0%| F|  |TAMS 0x00000000c4100000, 0x00000000c4100000| Untracked 
|  16|0x00000000c4200000, 0x00000000c4200000, 0x00000000c4300000|  0%| F|  |TAMS 0x00000000c4200000, 0x00000000c4200000| Untracked 
|  17|0x00000000c4300000, 0x00000000c4300000, 0x00000000c4400000|  0%| F|  |TAMS 0x00000000c4300000, 0x00000000c4300000| Untracked 
|  18|0x00000000c4400000, 0x00000000c4400000, 0x00000000c4500000|  0%| F|  |TAMS 0x00000000c4400000, 0x00000000c4400000| Untracked 
|  19|0x00000000c4500000, 0x00000000c4500000, 0x00000000c4600000|  0%| F|  |TAMS 0x00000000c4500000, 0x00000000c4500000| Untracked 
|  20|0x00000000c4600000, 0x00000000c4600000, 0x00000000c4700000|  0%| F|  |TAMS 0x00000000c4600000, 0x00000000c4600000| Untracked 
|  21|0x00000000c4700000, 0x00000000c4700000, 0x00000000c4800000|  0%| F|  |TAMS 0x00000000c4700000, 0x00000000c4700000| Untracked 
|  22|0x00000000c4800000, 0x00000000c4800000, 0x00000000c4900000|  0%| F|  |TAMS 0x00000000c4800000, 0x00000000c4800000| Untracked 
|  23|0x00000000c4900000, 0x00000000c4900000, 0x00000000c4a00000|  0%| F|  |TAMS 0x00000000c4900000, 0x00000000c4900000| Untracked 
|  24|0x00000000c4a00000, 0x00000000c4a00000, 0x00000000c4b00000|  0%| F|  |TAMS 0x00000000c4a00000, 0x00000000c4a00000| Untracked 
|  25|0x00000000c4b00000, 0x00000000c4b00000, 0x00000000c4c00000|  0%| F|  |TAMS 0x00000000c4b00000, 0x00000000c4b00000| Untracked 
|  26|0x00000000c4c00000, 0x00000000c4c00000, 0x00000000c4d00000|  0%| F|  |TAMS 0x00000000c4c00000, 0x00000000c4c00000| Untracked 
|  27|0x00000000c4d00000, 0x00000000c4d00000, 0x00000000c4e00000|  0%| F|  |TAMS 0x00000000c4d00000, 0x00000000c4d00000| Untracked 
|  28|0x00000000c4e00000, 0x00000000c4e00000, 0x00000000c4f00000|  0%| F|  |TAMS 0x00000000c4e00000, 0x00000000c4e00000| Untracked 
|  29|0x00000000c4f00000, 0x00000000c4f00000, 0x00000000c5000000|  0%| F|  |TAMS 0x00000000c4f00000, 0x00000000c4f00000| Untracked 
|  30|0x00000000c5000000, 0x00000000c5000000, 0x00000000c5100000|  0%| F|  |TAMS 0x00000000c5000000, 0x00000000c5000000| Untracked 
|  31|0x00000000c5100000, 0x00000000c5100000, 0x00000000c5200000|  0%| F|  |TAMS 0x00000000c5100000, 0x00000000c5100000| Untracked 
|  32|0x00000000c5200000, 0x00000000c5200000, 0x00000000c5300000|  0%| F|  |TAMS 0x00000000c5200000, 0x00000000c5200000| Untracked 
|  33|0x00000000c5300000, 0x00000000c5300000, 0x00000000c5400000|  0%| F|  |TAMS 0x00000000c5300000, 0x00000000c5300000| Untracked 
|  34|0x00000000c5400000, 0x00000000c5400000, 0x00000000c5500000|  0%| F|  |TAMS 0x00000000c5400000, 0x00000000c5400000| Untracked 
|  35|0x00000000c5500000, 0x00000000c5500000, 0x00000000c5600000|  0%| F|  |TAMS 0x00000000c5500000, 0x00000000c5500000| Untracked 
|  36|0x00000000c5600000, 0x00000000c5600000, 0x00000000c5700000|  0%| F|  |TAMS 0x00000000c5600000, 0x00000000c5600000| Untracked 
|  37|0x00000000c5700000, 0x00000000c5700000, 0x00000000c5800000|  0%| F|  |TAMS 0x00000000c5700000, 0x00000000c5700000| Untracked 
|  38|0x00000000c5800000, 0x00000000c5800000, 0x00000000c5900000|  0%| F|  |TAMS 0x00000000c5800000, 0x00000000c5800000| Untracked 
|  39|0x00000000c5900000, 0x00000000c5900000, 0x00000000c5a00000|  0%| F|  |TAMS 0x00000000c5900000, 0x00000000c5900000| Untracked 
|  40|0x00000000c5a00000, 0x00000000c5a00000, 0x00000000c5b00000|  0%| F|  |TAMS 0x00000000c5a00000, 0x00000000c5a00000| Untracked 
|  41|0x00000000c5b00000, 0x00000000c5b00000, 0x00000000c5c00000|  0%| F|  |TAMS 0x00000000c5b00000, 0x00000000c5b00000| Untracked 
|  42|0x00000000c5c00000, 0x00000000c5c00000, 0x00000000c5d00000|  0%| F|  |TAMS 0x00000000c5c00000, 0x00000000c5c00000| Untracked 
|  43|0x00000000c5d00000, 0x00000000c5d00000, 0x00000000c5e00000|  0%| F|  |TAMS 0x00000000c5d00000, 0x00000000c5d00000| Untracked 
|  44|0x00000000c5e00000, 0x00000000c5e00000, 0x00000000c5f00000|  0%| F|  |TAMS 0x00000000c5e00000, 0x00000000c5e00000| Untracked 
|  45|0x00000000c5f00000, 0x00000000c5f00000, 0x00000000c6000000|  0%| F|  |TAMS 0x00000000c5f00000, 0x00000000c5f00000| Untracked 
|  46|0x00000000c6000000, 0x00000000c6000000, 0x00000000c6100000|  0%| F|  |TAMS 0x00000000c6000000, 0x00000000c6000000| Untracked 
|  47|0x00000000c6100000, 0x00000000c6100000, 0x00000000c6200000|  0%| F|  |TAMS 0x00000000c6100000, 0x00000000c6100000| Untracked 
|  48|0x00000000c6200000, 0x00000000c6200000, 0x00000000c6300000|  0%| F|  |TAMS 0x00000000c6200000, 0x00000000c6200000| Untracked 
|  49|0x00000000c6300000, 0x00000000c6340f30, 0x00000000c6400000| 25%| E|  |TAMS 0x00000000c6300000, 0x00000000c6300000| Complete 
|  50|0x00000000c6400000, 0x00000000c6500000, 0x00000000c6500000|100%| E|CS|TAMS 0x00000000c6400000, 0x00000000c6400000| Complete 
|  51|0x00000000c6500000, 0x00000000c6600000, 0x00000000c6600000|100%| E|CS|TAMS 0x00000000c6500000, 0x00000000c6500000| Complete 
|  52|0x00000000c6600000, 0x00000000c6700000, 0x00000000c6700000|100%| E|CS|TAMS 0x00000000c6600000, 0x00000000c6600000| Complete 
|  53|0x00000000c6700000, 0x00000000c6800000, 0x00000000c6800000|100%| E|CS|TAMS 0x00000000c6700000, 0x00000000c6700000| Complete 
|  54|0x00000000c6800000, 0x00000000c6900000, 0x00000000c6900000|100%| E|CS|TAMS 0x00000000c6800000, 0x00000000c6800000| Complete 
|  55|0x00000000c6900000, 0x00000000c6a00000, 0x00000000c6a00000|100%| E|CS|TAMS 0x00000000c6900000, 0x00000000c6900000| Complete 
|  56|0x00000000c6a00000, 0x00000000c6b00000, 0x00000000c6b00000|100%| E|CS|TAMS 0x00000000c6a00000, 0x00000000c6a00000| Complete 
|  57|0x00000000c6b00000, 0x00000000c6c00000, 0x00000000c6c00000|100%| E|CS|TAMS 0x00000000c6b00000, 0x00000000c6b00000| Complete 
|  58|0x00000000c6c00000, 0x00000000c6c48568, 0x00000000c6d00000| 28%| S|CS|TAMS 0x00000000c6c00000, 0x00000000c6c00000| Complete 
|  59|0x00000000c6d00000, 0x00000000c6e00000, 0x00000000c6e00000|100%| E|CS|TAMS 0x00000000c6d00000, 0x00000000c6d00000| Complete 
|  60|0x00000000c6e00000, 0x00000000c6f00000, 0x00000000c6f00000|100%| E|CS|TAMS 0x00000000c6e00000, 0x00000000c6e00000| Complete 
|  61|0x00000000c6f00000, 0x00000000c7000000, 0x00000000c7000000|100%| E|CS|TAMS 0x00000000c6f00000, 0x00000000c6f00000| Complete 
| 972|0x00000000ffe00000, 0x00000000ffe48000, 0x00000000fff00000| 28%|OA|  |TAMS 0x00000000ffe00000, 0x00000000ffe00000| Untracked 
| 973|0x00000000fff00000, 0x00000000fff6b000, 0x0000000100000000| 41%|CA|  |TAMS 0x00000000fff00000, 0x00000000fff00000| Untracked 

Card table byte_map: [0x00007fee99743000,0x00007fee9992a000] _byte_map_base: 0x00007fee9912a000

Marking Bits (Prev, Next): (CMBitMap*) 0x00007fee940459a8, (CMBitMap*) 0x00007fee940459e0
 Prev Bits: [0x00007fee98624000, 0x00007fee9955c000)
 Next Bits: [0x00007fee770c8000, 0x00007fee78000000)

Polling page: 0x00007fee9b9c9000

Metaspace:

Usage:
  Non-class:      5.82 MB capacity,     3.54 MB ( 61%) used,     2.27 MB ( 39%) free+waste,     9.19 KB ( <1%) overhead. 
      Class:    748.00 KB capacity,   471.94 KB ( 63%) used,   270.94 KB ( 36%) free+waste,     5.12 KB ( <1%) overhead. 
       Both:      6.55 MB capacity,     4.00 MB ( 61%) used,     2.53 MB ( 39%) free+waste,    14.31 KB ( <1%) overhead. 

Virtual space:
  Non-class space:        8.00 MB reserved,       6.00 MB ( 75%) committed 
      Class space:        1.00 GB reserved,     768.00 KB ( <1%) committed 
             Both:        1.01 GB reserved,       6.75 MB ( <1%) committed 

Chunk freelists:
   Non-Class:  0 bytes
       Class:  0 bytes
        Both:  0 bytes

MaxMetaspaceSize: unlimited
CompressedClassSpaceSize: 1.00 GB
Initial GC threshold: 20.80 MB
Current GC threshold: 20.80 MB
CDS: on

CodeHeap 'non-profiled nmethods': size=120036Kb used=239Kb max_used=239Kb free=119796Kb
 bounds [0x00007fee842c4000, 0x00007fee84534000, 0x00007fee8b7fd000]
CodeHeap 'profiled nmethods': size=120032Kb used=1270Kb max_used=1270Kb free=118761Kb
 bounds [0x00007fee7cd8c000, 0x00007fee7cffc000, 0x00007fee842c4000]
CodeHeap 'non-nmethods': size=5692Kb used=1149Kb max_used=1164Kb free=4543Kb
 bounds [0x00007fee7c7fd000, 0x00007fee7ca6d000, 0x00007fee7cd8c000]
 total_blobs=1178 nmethods=768 adapters=324
 compilation: enabled
              stopped_count=0, restarted_count=0
 full_count=0

Compilation events (20 events):
Event: 0.543 Thread 0x00007fee9412b000  630       4       java.lang.AbstractStringBuilder::<init> (39 bytes)
Event: 0.545 Thread 0x00007fee9412b000 nmethod 630 0x00007fee842fe810 code [0x00007fee842fe9a0, 0x00007fee842febd8]
Event: 0.545 Thread 0x00007fee9412b000  754       4       java.lang.StringLatin1::charAt (28 bytes)
Event: 0.545 Thread 0x00007fee9412b000 nmethod 754 0x00007fee842fec90 code [0x00007fee842fee20, 0x00007fee842fee98]
Event: 0.545 Thread 0x00007fee9412b000  732       4       java.lang.StringBuilder::<init> (7 bytes)
Event: 0.546 Thread 0x00007fee9412b000 nmethod 732 0x00007fee842fef90 code [0x00007fee842ff120, 0x00007fee842ff2d8]
Event: 0.546 Thread 0x00007fee9412b000  673       4       java.util.Objects::requireNonNull (15 bytes)
Event: 0.547 Thread 0x00007fee9412b000 nmethod 673 0x00007fee842ff390 code [0x00007fee842ff520, 0x00007fee842ff578]
Event: 0.547 Thread 0x00007fee9412b000  765       4       java.lang.invoke.MethodType::parameterType (7 bytes)
Event: 0.547 Thread 0x00007fee9412b000 nmethod 765 0x00007fee842ff690 code [0x00007fee842ff820, 0x00007fee842ff8b8]
Event: 0.548 Thread 0x00007fee9412d800 nmethod 750 0x00007fee7cebd190 code [0x00007fee7cebe020, 0x00007fee7cec4cf0]
Event: 0.548 Thread 0x00007fee9412d800  758       2       java.util.ImmutableCollections$ListN::size (6 bytes)
Event: 0.548 Thread 0x00007fee9412d800 nmethod 758 0x00007fee7cec6b90 code [0x00007fee7cec6d40, 0x00007fee7cec6e50]
Event: 0.548 Thread 0x00007fee9412d800  755       2       java.lang.invoke.LambdaForm$Name::isParam (13 bytes)
Event: 0.548 Thread 0x00007fee9412d800 nmethod 755 0x00007fee7cec6f10 code [0x00007fee7cec70c0, 0x00007fee7cec71f0]
Event: 0.548 Thread 0x00007fee9412d800  761       2       java.lang.invoke.LambdaForm$Name::<init> (54 bytes)
Event: 0.548 Thread 0x00007fee9412d800 nmethod 761 0x00007fee7cec7290 code [0x00007fee7cec7440, 0x00007fee7cec7690]
Event: 0.548 Thread 0x00007fee9412d800  748       3       java.lang.invoke.MemberName::isConstructor (7 bytes)
Event: 0.549 Thread 0x00007fee9412d800 nmethod 748 0x00007fee7cec7710 code [0x00007fee7cec78c0, 0x00007fee7cec7b10]
Event: 0.549 Thread 0x00007fee9412d800  749       3       jdk.internal.org.objectweb.asm.ClassWriter::put122 (15 bytes)

GC Heap History (4 events):
Event: 0.242 GC heap before
{Heap before GC invocations=0 (full 0):
 garbage-first heap   total 65536K, used 6860K [0x00000000c3200000, 0x0000000100000000)
  region size 1024K, 7 young (7168K), 0 survivors (0K)
 Metaspace       used 1212K, capacity 4702K, committed 4864K, reserved 1056768K
  class space    used 117K, capacity 439K, committed 512K, reserved 1048576K
}
Event: 0.249 GC heap after
{Heap after GC invocations=1 (full 0):
 garbage-first heap   total 65536K, used 6312K [0x00000000c3200000, 0x0000000100000000)
  region size 1024K, 1 young (1024K), 1 survivors (1024K)
 Metaspace       used 1212K, capacity 4702K, committed 4864K, reserved 1056768K
  class space    used 117K, capacity 439K, committed 512K, reserved 1048576K
}
Event: 0.354 GC heap before
{Heap before GC invocations=1 (full 0):
 garbage-first heap   total 65536K, used 9384K [0x00000000c3200000, 0x0000000100000000)
  region size 1024K, 4 young (4096K), 1 survivors (1024K)
 Metaspace       used 2472K, capacity 5777K, committed 6016K, reserved 1056768K
  class space    used 291K, capacity 606K, committed 640K, reserved 1048576K
}
Event: 0.358 GC heap after
{Heap after GC invocations=2 (full 0):
 garbage-first heap   total 65536K, used 6683K [0x00000000c3200000, 0x0000000100000000)
  region size 1024K, 1 young (1024K), 1 survivors (1024K)
 Metaspace       used 2472K, capacity 5777K, committed 6016K, reserved 1056768K
  class space    used 291K, capacity 606K, committed 640K, reserved 1048576K
}

Deoptimization events (20 events):
Event: 0.372 Thread 0x00007fee94017800 DEOPT PACKING pc=0x00007fee7cdd2ecd sp=0x00007fee9a17bef0
Event: 0.372 Thread 0x00007fee94017800 DEOPT UNPACKING pc=0x00007fee7c84764a sp=0x00007fee9a17b370 mode 0
Event: 0.399 Thread 0x00007fee94017800 DEOPT PACKING pc=0x00007fee7cddea42 sp=0x00007fee9a17ac80
Event: 0.399 Thread 0x00007fee94017800 DEOPT UNPACKING pc=0x00007fee7c84764a sp=0x00007fee9a17a108 mode 0
Event: 0.526 Thread 0x00007fee94017800 Uncommon trap: trap_request=0xffffffc6 fr.pc=0x00007fee842cdf24 relative=0x0000000000000084
Event: 0.526 Thread 0x00007fee94017800 Uncommon trap: reason=bimorphic_or_optimized_type_check action=maybe_recompile pc=0x00007fee842cdf24 method=java.util.AbstractCollection.isEmpty()Z @ 1 c2
Event: 0.526 Thread 0x00007fee94017800 DEOPT PACKING pc=0x00007fee842cdf24 sp=0x00007fee9a17c1f0
Event: 0.526 Thread 0x00007fee94017800 DEOPT UNPACKING pc=0x00007fee7c846ea5 sp=0x00007fee9a17c1a0 mode 2
Event: 0.526 Thread 0x00007fee94017800 Uncommon trap: trap_request=0xffffffc6 fr.pc=0x00007fee842cdf24 relative=0x0000000000000084
Event: 0.526 Thread 0x00007fee94017800 Uncommon trap: reason=bimorphic_or_optimized_type_check action=maybe_recompile pc=0x00007fee842cdf24 method=java.util.AbstractCollection.isEmpty()Z @ 1 c2
Event: 0.526 Thread 0x00007fee94017800 DEOPT PACKING pc=0x00007fee842cdf24 sp=0x00007fee9a17c3c0
Event: 0.526 Thread 0x00007fee94017800 DEOPT UNPACKING pc=0x00007fee7c846ea5 sp=0x00007fee9a17c370 mode 2
Event: 0.527 Thread 0x00007fee94017800 Uncommon trap: trap_request=0xffffffc6 fr.pc=0x00007fee842cdf24 relative=0x0000000000000084
Event: 0.527 Thread 0x00007fee94017800 Uncommon trap: reason=bimorphic_or_optimized_type_check action=maybe_recompile pc=0x00007fee842cdf24 method=java.util.AbstractCollection.isEmpty()Z @ 1 c2
Event: 0.527 Thread 0x00007fee94017800 DEOPT PACKING pc=0x00007fee842cdf24 sp=0x00007fee9a17c3e0
Event: 0.527 Thread 0x00007fee94017800 DEOPT UNPACKING pc=0x00007fee7c846ea5 sp=0x00007fee9a17c390 mode 2
Event: 0.527 Thread 0x00007fee94017800 Uncommon trap: trap_request=0xffffffc6 fr.pc=0x00007fee842cdf24 relative=0x0000000000000084
Event: 0.527 Thread 0x00007fee94017800 Uncommon trap: reason=bimorphic_or_optimized_type_check action=maybe_recompile pc=0x00007fee842cdf24 method=java.util.AbstractCollection.isEmpty()Z @ 1 c2
Event: 0.527 Thread 0x00007fee94017800 DEOPT PACKING pc=0x00007fee842cdf24 sp=0x00007fee9a17c1f0
Event: 0.527 Thread 0x00007fee94017800 DEOPT UNPACKING pc=0x00007fee7c846ea5 sp=0x00007fee9a17c1a0 mode 2

Classes redefined (0 events):
No events

Internal exceptions (20 events):
Event: 0.176 Thread 0x00007fee94017800 Exception <a 'java/security/PrivilegedActionException'{0x00000000c6e68fb0}> (0x00000000c6e68fb0) thrown at [src/hotspot/share/prims/jvm.cpp, line 1304]
Event: 0.176 Thread 0x00007fee94017800 Exception <a 'java/security/PrivilegedActionException'{0x00000000c6e69280}> (0x00000000c6e69280) thrown at [src/hotspot/share/prims/jvm.cpp, line 1304]
Event: 0.176 Thread 0x00007fee94017800 Exception <a 'java/security/PrivilegedActionException'{0x00000000c6e69d50}> (0x00000000c6e69d50) thrown at [src/hotspot/share/prims/jvm.cpp, line 1304]
Event: 0.176 Thread 0x00007fee94017800 Exception <a 'java/security/PrivilegedActionException'{0x00000000c6e6a020}> (0x00000000c6e6a020) thrown at [src/hotspot/share/prims/jvm.cpp, line 1304]
Event: 0.176 Thread 0x00007fee94017800 Exception <a 'java/security/PrivilegedActionException'{0x00000000c6e6ab08}> (0x00000000c6e6ab08) thrown at [src/hotspot/share/prims/jvm.cpp, line 1304]
Event: 0.176 Thread 0x00007fee94017800 Exception <a 'java/security/PrivilegedActionException'{0x00000000c6e6add8}> (0x00000000c6e6add8) thrown at [src/hotspot/share/prims/jvm.cpp, line 1304]
Event: 0.176 Thread 0x00007fee94017800 Exception <a 'java/security/PrivilegedActionException'{0x00000000c6e6b8c0}> (0x00000000c6e6b8c0) thrown at [src/hotspot/share/prims/jvm.cpp, line 1304]
Event: 0.176 Thread 0x00007fee94017800 Exception <a 'java/security/PrivilegedActionException'{0x00000000c6e6bb90}> (0x00000000c6e6bb90) thrown at [src/hotspot/share/prims/jvm.cpp, line 1304]
Event: 0.176 Thread 0x00007fee94017800 Exception <a 'java/security/PrivilegedActionException'{0x00000000c6e6c8c8}> (0x00000000c6e6c8c8) thrown at [src/hotspot/share/prims/jvm.cpp, line 1304]
Event: 0.176 Thread 0x00007fee94017800 Exception <a 'java/security/PrivilegedActionException'{0x00000000c6e6cb98}> (0x00000000c6e6cb98) thrown at [src/hotspot/share/prims/jvm.cpp, line 1304]
Event: 0.176 Thread 0x00007fee94017800 Exception <a 'java/security/PrivilegedActionException'{0x00000000c6e6d668}> (0x00000000c6e6d668) thrown at [src/hotspot/share/prims/jvm.cpp, line 1304]
Event: 0.176 Thread 0x00007fee94017800 Exception <a 'java/security/PrivilegedActionException'{0x00000000c6e6d938}> (0x00000000c6e6d938) thrown at [src/hotspot/share/prims/jvm.cpp, line 1304]
Event: 0.177 Thread 0x00007fee94017800 Exception <a 'java/security/PrivilegedActionException'{0x00000000c6e6e448}> (0x00000000c6e6e448) thrown at [src/hotspot/share/prims/jvm.cpp, line 1304]
Event: 0.177 Thread 0x00007fee94017800 Exception <a 'java/security/PrivilegedActionException'{0x00000000c6e6e718}> (0x00000000c6e6e718) thrown at [src/hotspot/share/prims/jvm.cpp, line 1304]
Event: 0.192 Thread 0x00007fee94017800 Exception <a 'java/security/PrivilegedActionException'{0x00000000c6ef6d20}> (0x00000000c6ef6d20) thrown at [src/hotspot/share/prims/jvm.cpp, line 1304]
Event: 0.192 Thread 0x00007fee94017800 Exception <a 'java/security/PrivilegedActionException'{0x00000000c6ef6ff0}> (0x00000000c6ef6ff0) thrown at [src/hotspot/share/prims/jvm.cpp, line 1304]
Event: 0.352 Thread 0x00007fee94017800 Exception <a 'java/lang/NoSuchMethodError'{0x00000000c6decb28}: 'int java.lang.invoke.DirectMethodHandle$Holder.invokeStaticInit(java.lang.Object, java.lang.Object, java.lang.Object, java.lang.Object)'> (0x00000000c6decb28) thrown at [src/hotspot/share/interpreter/linkResolver.cpp, line 772]
Event: 0.353 Thread 0x00007fee94017800 Exception <a 'java/lang/IncompatibleClassChangeError'{0x00000000c6df6ae8}: Found class java.lang.Object, but interface was expected> (0x00000000c6df6ae8) thrown at [src/hotspot/share/interpreter/linkResolver.cpp, line 839]
Event: 0.353 Thread 0x00007fee94017800 Exception <a 'java/lang/NoSuchMethodError'{0x00000000c6df9c98}: 'void java.lang.invoke.DirectMethodHandle$Holder.invokeStaticInit(java.lang.Object, java.lang.Object)'> (0x00000000c6df9c98) thrown at [src/hotspot/share/interpreter/linkResolver.cpp, line 772]
Event: 0.354 Thread 0x00007fee94017800 Exception <a 'java/lang/NoSuchMethodError'{0x00000000c6dff628}: 'int java.lang.invoke.DirectMethodHandle$Holder.invokeStaticInit(java.lang.Object, java.lang.Object)'> (0x00000000c6dff628) thrown at [src/hotspot/share/interpreter/linkResolver.cpp, line 772]

Events (20 events):
Event: 0.524 Executing VM operation: Deoptimize
Event: 0.525 Executing VM operation: Deoptimize done
Event: 0.526 loading class java/lang/invoke/BoundMethodHandle$Species_LL
Event: 0.526 loading class java/lang/invoke/BoundMethodHandle$Species_LL done
Event: 0.527 loading class java/lang/invoke/BoundMethodHandle$Species_LLL
Event: 0.527 loading class java/lang/invoke/BoundMethodHandle$Species_LLL done
Event: 0.527 loading class java/lang/invoke/BoundMethodHandle$Species_LLLL
Event: 0.528 loading class java/lang/invoke/BoundMethodHandle$Species_LLLL done
Event: 0.529 loading class java/lang/invoke/BoundMethodHandle$Species_LLLLL
Event: 0.529 loading class java/lang/invoke/BoundMethodHandle$Species_LLLLL done
Event: 0.530 loading class java/lang/invoke/BoundMethodHandle$Species_LLLLLL
Event: 0.530 loading class java/lang/invoke/BoundMethodHandle$Species_LLLLLL done
Event: 0.531 loading class java/lang/invoke/BoundMethodHandle$Species_LLLLLLI
Event: 0.531 loading class java/lang/invoke/BoundMethodHandle$Species_LLLLLLI done
Event: 0.532 loading class java/lang/invoke/BoundMethodHandle$Species_LLLLLLII
Event: 0.532 loading class java/lang/invoke/BoundMethodHandle$Species_LLLLLLII done
Event: 0.533 loading class java/lang/invoke/BoundMethodHandle$Species_LLLLLLIIL
Event: 0.533 loading class java/lang/invoke/BoundMethodHandle$Species_LLLLLLIIL done
Event: 0.535 loading class scope/LocalScope
Event: 0.535 loading class scope/LocalScope done


Dynamic libraries:
c3200000-c7000000 rw-p 00000000 00:00 0 
c7000000-ffe00000 ---p 00000000 00:00 0 
ffe00000-ffe48000 rw-p 00b0a000 08:05 142310                             /usr/lib/jvm/java-11-openjdk-amd64/lib/server/classes.jsa
ffe48000-fff00000 rw-p 00000000 00:00 0 
fff00000-fff6b000 rw-p 00a9f000 08:05 142310                             /usr/lib/jvm/java-11-openjdk-amd64/lib/server/classes.jsa
fff6b000-100000000 rw-p 00000000 00:00 0 
800000000-800002000 rwxp 00001000 08:05 142310                           /usr/lib/jvm/java-11-openjdk-amd64/lib/server/classes.jsa
800002000-8003cc000 rw-p 00003000 08:05 142310                           /usr/lib/jvm/java-11-openjdk-amd64/lib/server/classes.jsa
8003cc000-800a9d000 r--p 003cd000 08:05 142310                           /usr/lib/jvm/java-11-openjdk-amd64/lib/server/classes.jsa
800a9d000-800a9e000 rw-p 00a9e000 08:05 142310                           /usr/lib/jvm/java-11-openjdk-amd64/lib/server/classes.jsa
840000000-8400c0000 rw-p 00000000 00:00 0 
8400c0000-880000000 ---p 00000000 00:00 0 
55e76690a000-55e76690b000 r--p 00000000 08:05 142834                     /usr/lib/jvm/java-11-openjdk-amd64/bin/java
55e76690b000-55e76690c000 r-xp 00001000 08:05 142834                     /usr/lib/jvm/java-11-openjdk-amd64/bin/java
55e76690c000-55e76690d000 r--p 00002000 08:05 142834                     /usr/lib/jvm/java-11-openjdk-amd64/bin/java
55e76690d000-55e76690e000 r--p 00002000 08:05 142834                     /usr/lib/jvm/java-11-openjdk-amd64/bin/java
55e76690e000-55e76690f000 rw-p 00003000 08:05 142834                     /usr/lib/jvm/java-11-openjdk-amd64/bin/java
55e7684ea000-55e76852c000 rw-p 00000000 00:00 0                          [heap]
7fee3552c000-7fee35e52000 r--p 00000000 08:05 525029                     /home/whale/.javacpp/cache/llvm-13.0.1-1.5.7-linux-x86_64.jar/org/bytedeco/llvm/linux-x86_64/libLLVM-13.so
7fee35e52000-7fee39815000 r-xp 00926000 08:05 525029                     /home/whale/.javacpp/cache/llvm-13.0.1-1.5.7-linux-x86_64.jar/org/bytedeco/llvm/linux-x86_64/libLLVM-13.so
7fee39815000-7fee3ba6a000 r--p 042e9000 08:05 525029                     /home/whale/.javacpp/cache/llvm-13.0.1-1.5.7-linux-x86_64.jar/org/bytedeco/llvm/linux-x86_64/libLLVM-13.so
7fee3ba6a000-7fee3bf7f000 r--p 0653d000 08:05 525029                     /home/whale/.javacpp/cache/llvm-13.0.1-1.5.7-linux-x86_64.jar/org/bytedeco/llvm/linux-x86_64/libLLVM-13.so
7fee3bf7f000-7fee3bf8a000 rw-p 06a52000 08:05 525029                     /home/whale/.javacpp/cache/llvm-13.0.1-1.5.7-linux-x86_64.jar/org/bytedeco/llvm/linux-x86_64/libLLVM-13.so
7fee3bf8a000-7fee3c000000 rw-p 00000000 00:00 0 
7fee3c000000-7fee3c021000 rw-p 00000000 00:00 0 
7fee3c021000-7fee40000000 ---p 00000000 00:00 0 
7fee40000000-7fee40021000 rw-p 00000000 00:00 0 
7fee40021000-7fee44000000 ---p 00000000 00:00 0 
7fee44000000-7fee4445c000 rw-p 00000000 00:00 0 
7fee4445c000-7fee48000000 ---p 00000000 00:00 0 
7fee48000000-7fee4830b000 rw-p 00000000 00:00 0 
7fee4830b000-7fee4c000000 ---p 00000000 00:00 0 
7fee4f7f1000-7fee4f856000 r--p 00000000 08:05 525034                     /home/whale/.javacpp/cache/llvm-13.0.1-1.5.7-linux-x86_64.jar/org/bytedeco/llvm/linux-x86_64/libjniLLVM.so
7fee4f856000-7fee4f8c4000 r-xp 00065000 08:05 525034                     /home/whale/.javacpp/cache/llvm-13.0.1-1.5.7-linux-x86_64.jar/org/bytedeco/llvm/linux-x86_64/libjniLLVM.so
7fee4f8c4000-7fee4f8ef000 r--p 000d3000 08:05 525034                     /home/whale/.javacpp/cache/llvm-13.0.1-1.5.7-linux-x86_64.jar/org/bytedeco/llvm/linux-x86_64/libjniLLVM.so
7fee4f8ef000-7fee4f8f2000 r--p 000fd000 08:05 525034                     /home/whale/.javacpp/cache/llvm-13.0.1-1.5.7-linux-x86_64.jar/org/bytedeco/llvm/linux-x86_64/libjniLLVM.so
7fee4f8f2000-7fee4f8f5000 rw-p 00100000 08:05 525034                     /home/whale/.javacpp/cache/llvm-13.0.1-1.5.7-linux-x86_64.jar/org/bytedeco/llvm/linux-x86_64/libjniLLVM.so
7fee4f8f5000-7fee4f8f7000 rw-p 00000000 00:00 0 
7fee4f8f7000-7fee4f8fb000 ---p 00000000 00:00 0 
7fee4f8fb000-7fee4f9f8000 rw-p 00000000 00:00 0 
7fee4f9f8000-7fee4f9f9000 ---p 00000000 00:00 0 
7fee4f9f9000-7fee4fafa000 rw-p 00000000 00:00 0 
7fee4fafa000-7fee4fafb000 ---p 00000000 00:00 0 
7fee4fafb000-7fee4fbfc000 rw-p 00000000 00:00 0 
7fee4fbfc000-7fee4fc00000 ---p 00000000 00:00 0 
7fee4fc00000-7fee4fcfd000 rw-p 00000000 00:00 0 
7fee4fcfd000-7fee4fd01000 ---p 00000000 00:00 0 
7fee4fd01000-7fee4fdfe000 rw-p 00000000 00:00 0 
7fee4fdfe000-7fee4fe02000 ---p 00000000 00:00 0 
7fee4fe02000-7fee4feff000 rw-p 00000000 00:00 0 
7fee4feff000-7fee4ff03000 ---p 00000000 00:00 0 
7fee4ff03000-7fee50000000 rw-p 00000000 00:00 0 
7fee50000000-7fee50021000 rw-p 00000000 00:00 0 
7fee50021000-7fee54000000 ---p 00000000 00:00 0 
7fee54000000-7fee54021000 rw-p 00000000 00:00 0 
7fee54021000-7fee58000000 ---p 00000000 00:00 0 
7fee58000000-7fee58021000 rw-p 00000000 00:00 0 
7fee58021000-7fee5c000000 ---p 00000000 00:00 0 
7fee5c000000-7fee5c021000 rw-p 00000000 00:00 0 
7fee5c021000-7fee60000000 ---p 00000000 00:00 0 
7fee60000000-7fee60021000 rw-p 00000000 00:00 0 
7fee60021000-7fee64000000 ---p 00000000 00:00 0 
7fee64000000-7fee64021000 rw-p 00000000 00:00 0 
7fee64021000-7fee68000000 ---p 00000000 00:00 0 
7fee68000000-7fee68021000 rw-p 00000000 00:00 0 
7fee68021000-7fee6c000000 ---p 00000000 00:00 0 
7fee6c000000-7fee6c021000 rw-p 00000000 00:00 0 
7fee6c021000-7fee70000000 ---p 00000000 00:00 0 
7fee70000000-7fee70021000 rw-p 00000000 00:00 0 
7fee70021000-7fee74000000 ---p 00000000 00:00 0 
7fee74057000-7fee748c8000 r--p 00000000 08:05 131580                     /usr/lib/locale/locale-archive
7fee748c8000-7fee74ec8000 rw-p 00000000 00:00 0 
7fee74ec8000-7fee750c8000 ---p 00000000 00:00 0 
7fee750c8000-7fee771c0000 rw-p 00000000 00:00 0 
7fee771c0000-7fee77ff8000 ---p 00000000 00:00 0 
7fee77ff8000-7fee78000000 rw-p 00000000 00:00 0 
7fee78000000-7fee78021000 rw-p 00000000 00:00 0 
7fee78021000-7fee7c000000 ---p 00000000 00:00 0 
7fee7c0b1000-7fee7c0b8000 r--s 00000000 08:05 668551                     /usr/lib/x86_64-linux-gnu/gconv/gconv-modules.cache
7fee7c0b8000-7fee7c0bf000 r--p 00000000 08:05 525030                     /home/whale/.javacpp/cache/llvm-13.0.1-1.5.7-linux-x86_64.jar/org/bytedeco/llvm/linux-x86_64/libLTO.so.13
7fee7c0bf000-7fee7c0c7000 r-xp 00007000 08:05 525030                     /home/whale/.javacpp/cache/llvm-13.0.1-1.5.7-linux-x86_64.jar/org/bytedeco/llvm/linux-x86_64/libLTO.so.13
7fee7c0c7000-7fee7c0c9000 r--p 0000f000 08:05 525030                     /home/whale/.javacpp/cache/llvm-13.0.1-1.5.7-linux-x86_64.jar/org/bytedeco/llvm/linux-x86_64/libLTO.so.13
7fee7c0c9000-7fee7c0ca000 r--p 00010000 08:05 525030                     /home/whale/.javacpp/cache/llvm-13.0.1-1.5.7-linux-x86_64.jar/org/bytedeco/llvm/linux-x86_64/libLTO.so.13
7fee7c0ca000-7fee7c0cb000 rw-p 00011000 08:05 525030                     /home/whale/.javacpp/cache/llvm-13.0.1-1.5.7-linux-x86_64.jar/org/bytedeco/llvm/linux-x86_64/libLTO.so.13
7fee7c0cb000-7fee7c0cf000 r--p 00000000 08:05 525023                     /home/whale/.javacpp/cache/javacpp-1.5.7-linux-x86_64.jar/org/bytedeco/javacpp/linux-x86_64/libjnijavacpp.so
7fee7c0cf000-7fee7c0d6000 r-xp 00004000 08:05 525023                     /home/whale/.javacpp/cache/javacpp-1.5.7-linux-x86_64.jar/org/bytedeco/javacpp/linux-x86_64/libjnijavacpp.so
7fee7c0d6000-7fee7c0da000 r--p 0000b000 08:05 525023                     /home/whale/.javacpp/cache/javacpp-1.5.7-linux-x86_64.jar/org/bytedeco/javacpp/linux-x86_64/libjnijavacpp.so
7fee7c0da000-7fee7c0db000 r--p 0000e000 08:05 525023                     /home/whale/.javacpp/cache/javacpp-1.5.7-linux-x86_64.jar/org/bytedeco/javacpp/linux-x86_64/libjnijavacpp.so
7fee7c0db000-7fee7c0dc000 rw-p 0000f000 08:05 525023                     /home/whale/.javacpp/cache/javacpp-1.5.7-linux-x86_64.jar/org/bytedeco/javacpp/linux-x86_64/libjnijavacpp.so
7fee7c0dc000-7fee7c0e0000 r--p 00000000 08:05 142914                     /usr/lib/jvm/java-11-openjdk-amd64/lib/libnet.so
7fee7c0e0000-7fee7c0ee000 r-xp 00004000 08:05 142914                     /usr/lib/jvm/java-11-openjdk-amd64/lib/libnet.so
7fee7c0ee000-7fee7c0f2000 r--p 00012000 08:05 142914                     /usr/lib/jvm/java-11-openjdk-amd64/lib/libnet.so
7fee7c0f2000-7fee7c0f3000 r--p 00015000 08:05 142914                     /usr/lib/jvm/java-11-openjdk-amd64/lib/libnet.so
7fee7c0f3000-7fee7c0f4000 rw-p 00016000 08:05 142914                     /usr/lib/jvm/java-11-openjdk-amd64/lib/libnet.so
7fee7c0f4000-7fee7c0f8000 ---p 00000000 00:00 0 
7fee7c0f8000-7fee7c1f5000 rw-p 00000000 00:00 0 
7fee7c1f5000-7fee7c1f9000 ---p 00000000 00:00 0 
7fee7c1f9000-7fee7c2f6000 rw-p 00000000 00:00 0 
7fee7c2f6000-7fee7c2fa000 ---p 00000000 00:00 0 
7fee7c2fa000-7fee7c3f7000 rw-p 00000000 00:00 0 
7fee7c3f7000-7fee7c3fb000 ---p 00000000 00:00 0 
7fee7c3fb000-7fee7c4f8000 rw-p 00000000 00:00 0 
7fee7c4f8000-7fee7c4fc000 ---p 00000000 00:00 0 
7fee7c4fc000-7fee7c5f9000 rw-p 00000000 00:00 0 
7fee7c5f9000-7fee7c5fa000 ---p 00000000 00:00 0 
7fee7c5fa000-7fee7c6fb000 rw-p 00000000 00:00 0 
7fee7c6fb000-7fee7c6fc000 ---p 00000000 00:00 0 
7fee7c6fc000-7fee7c7fd000 rw-p 00000000 00:00 0 
7fee7c7fd000-7fee7ca6d000 rwxp 00000000 00:00 0 
7fee7ca6d000-7fee7cd8c000 ---p 00000000 00:00 0 
7fee7cd8c000-7fee7cffc000 rwxp 00000000 00:00 0 
7fee7cffc000-7fee842c4000 ---p 00000000 00:00 0 
7fee842c4000-7fee84534000 rwxp 00000000 00:00 0 
7fee84534000-7fee8b7fd000 ---p 00000000 00:00 0 
7fee8b7fd000-7fee94000000 r--s 00000000 08:05 142924                     /usr/lib/jvm/java-11-openjdk-amd64/lib/modules
7fee94000000-7fee944e1000 rw-p 00000000 00:00 0 
7fee944e1000-7fee98000000 ---p 00000000 00:00 0 
7fee98006000-7fee98007000 r--p 00000000 08:05 525032                     /home/whale/.javacpp/cache/llvm-13.0.1-1.5.7-linux-x86_64.jar/org/bytedeco/llvm/linux-x86_64/libRemarks.so.13
7fee98007000-7fee98008000 r-xp 00001000 08:05 525032                     /home/whale/.javacpp/cache/llvm-13.0.1-1.5.7-linux-x86_64.jar/org/bytedeco/llvm/linux-x86_64/libRemarks.so.13
7fee98008000-7fee98009000 r--p 00002000 08:05 525032                     /home/whale/.javacpp/cache/llvm-13.0.1-1.5.7-linux-x86_64.jar/org/bytedeco/llvm/linux-x86_64/libRemarks.so.13
7fee98009000-7fee9800a000 r--p 00002000 08:05 525032                     /home/whale/.javacpp/cache/llvm-13.0.1-1.5.7-linux-x86_64.jar/org/bytedeco/llvm/linux-x86_64/libRemarks.so.13
7fee9800a000-7fee9800b000 rw-p 00003000 08:05 525032                     /home/whale/.javacpp/cache/llvm-13.0.1-1.5.7-linux-x86_64.jar/org/bytedeco/llvm/linux-x86_64/libRemarks.so.13
7fee9800b000-7fee98012000 r--p 00000000 08:05 142915                     /usr/lib/jvm/java-11-openjdk-amd64/lib/libnio.so
7fee98012000-7fee9801a000 r-xp 00007000 08:05 142915                     /usr/lib/jvm/java-11-openjdk-amd64/lib/libnio.so
7fee9801a000-7fee9801d000 r--p 0000f000 08:05 142915                     /usr/lib/jvm/java-11-openjdk-amd64/lib/libnio.so
7fee9801d000-7fee9801e000 r--p 00011000 08:05 142915                     /usr/lib/jvm/java-11-openjdk-amd64/lib/libnio.so
7fee9801e000-7fee9801f000 rw-p 00012000 08:05 142915                     /usr/lib/jvm/java-11-openjdk-amd64/lib/libnio.so
7fee9801f000-7fee980fb000 rw-p 00000000 00:00 0 
7fee980fb000-7fee980fc000 ---p 00000000 00:00 0 
7fee980fc000-7fee983ff000 rw-p 00000000 00:00 0 
7fee983ff000-7fee98400000 ---p 00000000 00:00 0 
7fee98400000-7fee98501000 rw-p 00000000 00:00 0 
7fee98501000-7fee98502000 ---p 00000000 00:00 0 
7fee98502000-7fee9871c000 rw-p 00000000 00:00 0 
7fee9871c000-7fee99554000 ---p 00000000 00:00 0 
7fee99554000-7fee9957b000 rw-p 00000000 00:00 0 
7fee9957b000-7fee99742000 ---p 00000000 00:00 0 
7fee99742000-7fee99762000 rw-p 00000000 00:00 0 
7fee99762000-7fee99929000 ---p 00000000 00:00 0 
7fee99929000-7fee99949000 rw-p 00000000 00:00 0 
7fee99949000-7fee99b10000 ---p 00000000 00:00 0 
7fee99b10000-7fee99d13000 rw-p 00000000 00:00 0 
7fee99d13000-7fee99d14000 ---p 00000000 00:00 0 
7fee99d14000-7fee99e1a000 rw-p 00000000 00:00 0 
7fee99e1a000-7fee99f00000 ---p 00000000 00:00 0 
7fee99f00000-7fee99f05000 rw-p 00000000 00:00 0 
7fee99f05000-7fee99feb000 ---p 00000000 00:00 0 
7fee99feb000-7fee99ff0000 rw-p 00000000 00:00 0 
7fee99ff0000-7fee99ff7000 ---p 00000000 00:00 0 
7fee99ff7000-7fee99ff9000 r--p 00000000 08:05 142923                     /usr/lib/jvm/java-11-openjdk-amd64/lib/libzip.so
7fee99ff9000-7fee99ffe000 r-xp 00002000 08:05 142923                     /usr/lib/jvm/java-11-openjdk-amd64/lib/libzip.so
7fee99ffe000-7fee9a000000 r--p 00007000 08:05 142923                     /usr/lib/jvm/java-11-openjdk-amd64/lib/libzip.so
7fee9a000000-7fee9a001000 r--p 00008000 08:05 142923                     /usr/lib/jvm/java-11-openjdk-amd64/lib/libzip.so
7fee9a001000-7fee9a002000 rw-p 00009000 08:05 142923                     /usr/lib/jvm/java-11-openjdk-amd64/lib/libzip.so
7fee9a002000-7fee9a005000 r--p 00000000 08:05 133285                     /usr/lib/x86_64-linux-gnu/libnss_files-2.31.so
7fee9a005000-7fee9a00c000 r-xp 00003000 08:05 133285                     /usr/lib/x86_64-linux-gnu/libnss_files-2.31.so
7fee9a00c000-7fee9a00e000 r--p 0000a000 08:05 133285                     /usr/lib/x86_64-linux-gnu/libnss_files-2.31.so
7fee9a00e000-7fee9a00f000 r--p 0000b000 08:05 133285                     /usr/lib/x86_64-linux-gnu/libnss_files-2.31.so
7fee9a00f000-7fee9a010000 rw-p 0000c000 08:05 133285                     /usr/lib/x86_64-linux-gnu/libnss_files-2.31.so
7fee9a010000-7fee9a016000 rw-p 00000000 00:00 0 
7fee9a01a000-7fee9a01b000 r--p 00000000 08:05 142896                     /usr/lib/jvm/java-11-openjdk-amd64/lib/libextnet.so
7fee9a01b000-7fee9a01c000 r-xp 00001000 08:05 142896                     /usr/lib/jvm/java-11-openjdk-amd64/lib/libextnet.so
7fee9a01c000-7fee9a01d000 r--p 00002000 08:05 142896                     /usr/lib/jvm/java-11-openjdk-amd64/lib/libextnet.so
7fee9a01d000-7fee9a01e000 r--p 00002000 08:05 142896                     /usr/lib/jvm/java-11-openjdk-amd64/lib/libextnet.so
7fee9a01e000-7fee9a01f000 rw-p 00003000 08:05 142896                     /usr/lib/jvm/java-11-openjdk-amd64/lib/libextnet.so
7fee9a01f000-7fee9a027000 rw-s 00000000 08:05 262346                     /tmp/hsperfdata_whale/7542
7fee9a027000-7fee9a029000 r--p 00000000 08:05 142898                     /usr/lib/jvm/java-11-openjdk-amd64/lib/libinstrument.so
7fee9a029000-7fee9a02f000 r-xp 00002000 08:05 142898                     /usr/lib/jvm/java-11-openjdk-amd64/lib/libinstrument.so
7fee9a02f000-7fee9a032000 r--p 00008000 08:05 142898                     /usr/lib/jvm/java-11-openjdk-amd64/lib/libinstrument.so
7fee9a032000-7fee9a033000 r--p 0000a000 08:05 142898                     /usr/lib/jvm/java-11-openjdk-amd64/lib/libinstrument.so
7fee9a033000-7fee9a034000 rw-p 0000b000 08:05 142898                     /usr/lib/jvm/java-11-openjdk-amd64/lib/libinstrument.so
7fee9a034000-7fee9a042000 r--p 00000000 08:05 142903                     /usr/lib/jvm/java-11-openjdk-amd64/lib/libjava.so
7fee9a042000-7fee9a058000 r-xp 0000e000 08:05 142903                     /usr/lib/jvm/java-11-openjdk-amd64/lib/libjava.so
7fee9a058000-7fee9a05f000 r--p 00024000 08:05 142903                     /usr/lib/jvm/java-11-openjdk-amd64/lib/libjava.so
7fee9a05f000-7fee9a060000 r--p 0002a000 08:05 142903                     /usr/lib/jvm/java-11-openjdk-amd64/lib/libjava.so
7fee9a060000-7fee9a061000 rw-p 0002b000 08:05 142903                     /usr/lib/jvm/java-11-openjdk-amd64/lib/libjava.so
7fee9a061000-7fee9a062000 rw-p 00000000 00:00 0 
7fee9a062000-7fee9a067000 r--p 00000000 08:05 142922                     /usr/lib/jvm/java-11-openjdk-amd64/lib/libverify.so
7fee9a067000-7fee9a06e000 r-xp 00005000 08:05 142922                     /usr/lib/jvm/java-11-openjdk-amd64/lib/libverify.so
7fee9a06e000-7fee9a070000 r--p 0000c000 08:05 142922                     /usr/lib/jvm/java-11-openjdk-amd64/lib/libverify.so
7fee9a070000-7fee9a071000 ---p 0000e000 08:05 142922                     /usr/lib/jvm/java-11-openjdk-amd64/lib/libverify.so
7fee9a071000-7fee9a073000 r--p 0000e000 08:05 142922                     /usr/lib/jvm/java-11-openjdk-amd64/lib/libverify.so
7fee9a073000-7fee9a074000 rw-p 00010000 08:05 142922                     /usr/lib/jvm/java-11-openjdk-amd64/lib/libverify.so
7fee9a074000-7fee9a076000 r--p 00000000 08:05 133292                     /usr/lib/x86_64-linux-gnu/librt-2.31.so
7fee9a076000-7fee9a07a000 r-xp 00002000 08:05 133292                     /usr/lib/x86_64-linux-gnu/librt-2.31.so
7fee9a07a000-7fee9a07c000 r--p 00006000 08:05 133292                     /usr/lib/x86_64-linux-gnu/librt-2.31.so
7fee9a07c000-7fee9a07d000 r--p 00007000 08:05 133292                     /usr/lib/x86_64-linux-gnu/librt-2.31.so
7fee9a07d000-7fee9a07e000 rw-p 00008000 08:05 133292                     /usr/lib/x86_64-linux-gnu/librt-2.31.so
7fee9a07e000-7fee9a082000 ---p 00000000 00:00 0 
7fee9a082000-7fee9a17f000 rw-p 00000000 00:00 0 
7fee9a17f000-7fee9a182000 r--p 00000000 08:05 138285                     /usr/lib/x86_64-linux-gnu/libgcc_s.so.1
7fee9a182000-7fee9a194000 r-xp 00003000 08:05 138285                     /usr/lib/x86_64-linux-gnu/libgcc_s.so.1
7fee9a194000-7fee9a198000 r--p 00015000 08:05 138285                     /usr/lib/x86_64-linux-gnu/libgcc_s.so.1
7fee9a198000-7fee9a199000 r--p 00018000 08:05 138285                     /usr/lib/x86_64-linux-gnu/libgcc_s.so.1
7fee9a199000-7fee9a19a000 rw-p 00019000 08:05 138285                     /usr/lib/x86_64-linux-gnu/libgcc_s.so.1
7fee9a19a000-7fee9a1a7000 r--p 00000000 08:05 131587                     /usr/lib/x86_64-linux-gnu/libm-2.31.so
7fee9a1a7000-7fee9a24e000 r-xp 0000d000 08:05 131587                     /usr/lib/x86_64-linux-gnu/libm-2.31.so
7fee9a24e000-7fee9a2e7000 r--p 000b4000 08:05 131587                     /usr/lib/x86_64-linux-gnu/libm-2.31.so
7fee9a2e7000-7fee9a2e8000 r--p 0014c000 08:05 131587                     /usr/lib/x86_64-linux-gnu/libm-2.31.so
7fee9a2e8000-7fee9a2e9000 rw-p 0014d000 08:05 131587                     /usr/lib/x86_64-linux-gnu/libm-2.31.so
7fee9a2e9000-7fee9a37f000 r--p 00000000 08:05 139076                     /usr/lib/x86_64-linux-gnu/libstdc++.so.6.0.28
7fee9a37f000-7fee9a470000 r-xp 00096000 08:05 139076                     /usr/lib/x86_64-linux-gnu/libstdc++.so.6.0.28
7fee9a470000-7fee9a4b9000 r--p 00187000 08:05 139076                     /usr/lib/x86_64-linux-gnu/libstdc++.so.6.0.28
7fee9a4b9000-7fee9a4ba000 ---p 001d0000 08:05 139076                     /usr/lib/x86_64-linux-gnu/libstdc++.so.6.0.28
7fee9a4ba000-7fee9a4c5000 r--p 001d0000 08:05 139076                     /usr/lib/x86_64-linux-gnu/libstdc++.so.6.0.28
7fee9a4c5000-7fee9a4c8000 rw-p 001db000 08:05 139076                     /usr/lib/x86_64-linux-gnu/libstdc++.so.6.0.28
7fee9a4c8000-7fee9a4cb000 rw-p 00000000 00:00 0 
7fee9a4cb000-7fee9a74d000 r--p 00000000 08:05 142927                     /usr/lib/jvm/java-11-openjdk-amd64/lib/server/libjvm.so
7fee9a74d000-7fee9b3d6000 r-xp 00282000 08:05 142927                     /usr/lib/jvm/java-11-openjdk-amd64/lib/server/libjvm.so
7fee9b3d6000-7fee9b633000 r--p 00f0b000 08:05 142927                     /usr/lib/jvm/java-11-openjdk-amd64/lib/server/libjvm.so
7fee9b633000-7fee9b634000 ---p 01168000 08:05 142927                     /usr/lib/jvm/java-11-openjdk-amd64/lib/server/libjvm.so
7fee9b634000-7fee9b6f8000 r--p 01168000 08:05 142927                     /usr/lib/jvm/java-11-openjdk-amd64/lib/server/libjvm.so
7fee9b6f8000-7fee9b733000 rw-p 0122c000 08:05 142927                     /usr/lib/jvm/java-11-openjdk-amd64/lib/server/libjvm.so
7fee9b733000-7fee9b78c000 rw-p 00000000 00:00 0 
7fee9b78c000-7fee9b792000 r--p 00000000 08:05 133290                     /usr/lib/x86_64-linux-gnu/libpthread-2.31.so
7fee9b792000-7fee9b7a3000 r-xp 00006000 08:05 133290                     /usr/lib/x86_64-linux-gnu/libpthread-2.31.so
7fee9b7a3000-7fee9b7a9000 r--p 00017000 08:05 133290                     /usr/lib/x86_64-linux-gnu/libpthread-2.31.so
7fee9b7a9000-7fee9b7aa000 r--p 0001c000 08:05 133290                     /usr/lib/x86_64-linux-gnu/libpthread-2.31.so
7fee9b7aa000-7fee9b7ab000 rw-p 0001d000 08:05 133290                     /usr/lib/x86_64-linux-gnu/libpthread-2.31.so
7fee9b7ab000-7fee9b7af000 rw-p 00000000 00:00 0 
7fee9b7af000-7fee9b7b0000 r--p 00000000 08:05 131586                     /usr/lib/x86_64-linux-gnu/libdl-2.31.so
7fee9b7b0000-7fee9b7b2000 r-xp 00001000 08:05 131586                     /usr/lib/x86_64-linux-gnu/libdl-2.31.so
7fee9b7b2000-7fee9b7b3000 r--p 00003000 08:05 131586                     /usr/lib/x86_64-linux-gnu/libdl-2.31.so
7fee9b7b3000-7fee9b7b4000 r--p 00003000 08:05 131586                     /usr/lib/x86_64-linux-gnu/libdl-2.31.so
7fee9b7b4000-7fee9b7b5000 rw-p 00004000 08:05 131586                     /usr/lib/x86_64-linux-gnu/libdl-2.31.so
7fee9b7b5000-7fee9b7b7000 r--p 00000000 08:05 131303                     /usr/lib/x86_64-linux-gnu/libz.so.1.2.11
7fee9b7b7000-7fee9b7c8000 r-xp 00002000 08:05 131303                     /usr/lib/x86_64-linux-gnu/libz.so.1.2.11
7fee9b7c8000-7fee9b7ce000 r--p 00013000 08:05 131303                     /usr/lib/x86_64-linux-gnu/libz.so.1.2.11
7fee9b7ce000-7fee9b7cf000 ---p 00019000 08:05 131303                     /usr/lib/x86_64-linux-gnu/libz.so.1.2.11
7fee9b7cf000-7fee9b7d0000 r--p 00019000 08:05 131303                     /usr/lib/x86_64-linux-gnu/libz.so.1.2.11
7fee9b7d0000-7fee9b7d1000 rw-p 0001a000 08:05 131303                     /usr/lib/x86_64-linux-gnu/libz.so.1.2.11
7fee9b7d1000-7fee9b7f3000 r--p 00000000 08:05 131585                     /usr/lib/x86_64-linux-gnu/libc-2.31.so
7fee9b7f3000-7fee9b96b000 r-xp 00022000 08:05 131585                     /usr/lib/x86_64-linux-gnu/libc-2.31.so
7fee9b96b000-7fee9b9b9000 r--p 0019a000 08:05 131585                     /usr/lib/x86_64-linux-gnu/libc-2.31.so
7fee9b9b9000-7fee9b9bd000 r--p 001e7000 08:05 131585                     /usr/lib/x86_64-linux-gnu/libc-2.31.so
7fee9b9bd000-7fee9b9bf000 rw-p 001eb000 08:05 131585                     /usr/lib/x86_64-linux-gnu/libc-2.31.so
7fee9b9bf000-7fee9b9c3000 rw-p 00000000 00:00 0 
7fee9b9c7000-7fee9b9c9000 r--s 0000c000 08:05 534628                     /usr/share/java/java-atk-wrapper.jar
7fee9b9c9000-7fee9b9ca000 ---p 00000000 00:00 0 
7fee9b9ca000-7fee9b9cb000 r--p 00000000 00:00 0 
7fee9b9cb000-7fee9b9cd000 r--p 00000000 08:05 142906                     /usr/lib/jvm/java-11-openjdk-amd64/lib/libjimage.so
7fee9b9cd000-7fee9b9d0000 r-xp 00002000 08:05 142906                     /usr/lib/jvm/java-11-openjdk-amd64/lib/libjimage.so
7fee9b9d0000-7fee9b9d1000 r--p 00005000 08:05 142906                     /usr/lib/jvm/java-11-openjdk-amd64/lib/libjimage.so
7fee9b9d1000-7fee9b9d2000 ---p 00006000 08:05 142906                     /usr/lib/jvm/java-11-openjdk-amd64/lib/libjimage.so
7fee9b9d2000-7fee9b9d3000 r--p 00006000 08:05 142906                     /usr/lib/jvm/java-11-openjdk-amd64/lib/libjimage.so
7fee9b9d3000-7fee9b9d4000 rw-p 00007000 08:05 142906                     /usr/lib/jvm/java-11-openjdk-amd64/lib/libjimage.so
7fee9b9d4000-7fee9b9d7000 r--p 00000000 08:05 142888                     /usr/lib/jvm/java-11-openjdk-amd64/lib/jli/libjli.so
7fee9b9d7000-7fee9b9e1000 r-xp 00003000 08:05 142888                     /usr/lib/jvm/java-11-openjdk-amd64/lib/jli/libjli.so
7fee9b9e1000-7fee9b9e4000 r--p 0000d000 08:05 142888                     /usr/lib/jvm/java-11-openjdk-amd64/lib/jli/libjli.so
7fee9b9e4000-7fee9b9e5000 ---p 00010000 08:05 142888                     /usr/lib/jvm/java-11-openjdk-amd64/lib/jli/libjli.so
7fee9b9e5000-7fee9b9e6000 r--p 00010000 08:05 142888                     /usr/lib/jvm/java-11-openjdk-amd64/lib/jli/libjli.so
7fee9b9e6000-7fee9b9e7000 rw-p 00011000 08:05 142888                     /usr/lib/jvm/java-11-openjdk-amd64/lib/jli/libjli.so
7fee9b9e7000-7fee9b9e9000 rw-p 00000000 00:00 0 
7fee9b9e9000-7fee9b9ea000 r--p 00000000 08:05 131184                     /usr/lib/x86_64-linux-gnu/ld-2.31.so
7fee9b9ea000-7fee9ba0d000 r-xp 00001000 08:05 131184                     /usr/lib/x86_64-linux-gnu/ld-2.31.so
7fee9ba0d000-7fee9ba15000 r--p 00024000 08:05 131184                     /usr/lib/x86_64-linux-gnu/ld-2.31.so
7fee9ba16000-7fee9ba17000 r--p 0002c000 08:05 131184                     /usr/lib/x86_64-linux-gnu/ld-2.31.so
7fee9ba17000-7fee9ba18000 rw-p 0002d000 08:05 131184                     /usr/lib/x86_64-linux-gnu/ld-2.31.so
7fee9ba18000-7fee9ba19000 rw-p 00000000 00:00 0 
7ffdfd4d1000-7ffdfd4f3000 rw-p 00000000 00:00 0                          [stack]
7ffdfd548000-7ffdfd54c000 r--p 00000000 00:00 0                          [vvar]
7ffdfd54c000-7ffdfd54e000 r-xp 00000000 00:00 0                          [vdso]
ffffffffff600000-ffffffffff601000 --xp 00000000 00:00 0                  [vsyscall]


VM Arguments:
jvm_args: -javaagent:/snap/intellij-idea-ultimate/401/lib/idea_rt.jar=42581:/snap/intellij-idea-ultimate/401/bin -Dfile.encoding=UTF-8 
java_command: Main
java_class_path (initial): /home/whale/Lab/target/classes:/usr/local/lib/antlr-4.9.1-complete.jar:/opt/maven/repository/org/bytedeco/llvm-platform/13.0.1-1.5.7/llvm-platform-13.0.1-1.5.7.jar:/opt/maven/repository/org/bytedeco/javacpp-platform/1.5.7/javacpp-platform-1.5.7.jar:/opt/maven/repository/org/bytedeco/javacpp/1.5.7/javacpp-1.5.7.jar:/opt/maven/repository/org/bytedeco/javacpp/1.5.7/javacpp-1.5.7-android-arm.jar:/opt/maven/repository/org/bytedeco/javacpp/1.5.7/javacpp-1.5.7-android-arm64.jar:/opt/maven/repository/org/bytedeco/javacpp/1.5.7/javacpp-1.5.7-android-x86.jar:/opt/maven/repository/org/bytedeco/javacpp/1.5.7/javacpp-1.5.7-android-x86_64.jar:/opt/maven/repository/org/bytedeco/javacpp/1.5.7/javacpp-1.5.7-ios-arm64.jar:/opt/maven/repository/org/bytedeco/javacpp/1.5.7/javacpp-1.5.7-ios-x86_64.jar:/opt/maven/repository/org/bytedeco/javacpp/1.5.7/javacpp-1.5.7-linux-armhf.jar:/opt/maven/repository/org/bytedeco/javacpp/1.5.7/javacpp-1.5.7-linux-arm64.jar:/opt/maven/repository/org/bytedeco/javacpp/1.5.7/javacpp-1.5.7-linux-ppc64le.jar:/opt/maven/repository/org/bytedeco/javacpp/1.5.7/javacpp-1.5.7-linux-x86.jar:/opt/maven/repository/org/bytedeco/javacpp/1.5.7/javacpp-1.5.7-linux-x86_64.jar:/opt/maven/repository/org/bytedeco/javacpp/1.5.7/javacpp-1.5.7-macosx-arm64.jar:/opt/maven/repository/org/bytedeco/javacpp/1.5.7/javacpp-1.5.7-macosx-x86_64.jar:/opt/maven/repository/org/bytedeco/javacpp/1.5.7/javacpp-1.5.7-windows-x86.jar:/opt/maven/repository/org/bytedeco/javacpp/1.5.7/javacpp-1.5.7-windows-x86_64.jar:/opt/maven/repository/org/bytedeco/llvm/13.0.1-1.5.7/llvm-13.0.1-1.5.7.jar:/opt/maven/repository/org/bytedeco/llvm/13.0.1-1.5.7/llvm-13.0.1-1.5.7-linux-x86.jar:/opt/maven/repository/org/bytedeco/llvm/13.0.1-1.5.7/llvm-13.0.1-1.5.7-linux-x86_64.jar:/opt/maven/repository/org/bytedeco/llvm/13.0.1-1.5.7/llvm-13.0.1-1.5.7-linux-armhf.jar:/opt/maven/repository/org/bytedeco/llvm/13.0.1-1.5.7/llvm-13.0.1-1.5.7-linux-arm64.jar:/opt/maven/repository/org/bytedeco/llvm
Launcher Type: SUN_STANDARD

[Global flags]
     intx CICompilerCount                          = 2                                         {product} {ergonomic}
     uint ConcGCThreads                            = 1                                         {product} {ergonomic}
     uint G1ConcRefinementThreads                  = 2                                         {product} {ergonomic}
   size_t G1HeapRegionSize                         = 1048576                                   {product} {ergonomic}
    uintx GCDrainStackTargetSize                   = 64                                        {product} {ergonomic}
   size_t InitialHeapSize                          = 65011712                                  {product} {ergonomic}
   size_t MarkStackSize                            = 4194304                                   {product} {ergonomic}
   size_t MaxHeapSize                              = 1021313024                                {product} {ergonomic}
   size_t MaxNewSize                               = 612368384                                 {product} {ergonomic}
   size_t MinHeapDeltaBytes                        = 1048576                                   {product} {ergonomic}
    uintx NonNMethodCodeHeapSize                   = 5825164                                {pd product} {ergonomic}
    uintx NonProfiledCodeHeapSize                  = 122916538                              {pd product} {ergonomic}
    uintx ProfiledCodeHeapSize                     = 122916538                              {pd product} {ergonomic}
    uintx ReservedCodeCacheSize                    = 251658240                              {pd product} {ergonomic}
     bool SegmentedCodeCache                       = true                                      {product} {ergonomic}
     bool UseCompressedClassPointers               = true                                 {lp64_product} {ergonomic}
     bool UseCompressedOops                        = true                                 {lp64_product} {ergonomic}
     bool UseG1GC                                  = true                                      {product} {ergonomic}

Logging:
Log output configuration:
 #0: stdout all=warning uptime,level,tags
 #1: stderr all=off uptime,level,tags

Environment Variables:
PATH=/opt/maven/apache-maven-3.8.6/bin:/usr/local/sbin:/usr/local/bin:/usr/sbin:/usr/bin:/sbin:/bin:/usr/games:/usr/local/games:/snap/bin:/usr/local/cbc/bin
USERNAME=whale
SHELL=/bin/bash
DISPLAY=:0
LANG=zh_CN.UTF-8

Signal Handlers:
SIGSEGV: [libjvm.so+0xe97eb0], sa_mask[0]=11111111011111111101111111111110, sa_flags=SA_RESTART|SA_SIGINFO
SIGBUS: [libjvm.so+0xe97eb0], sa_mask[0]=11111111011111111101111111111110, sa_flags=SA_RESTART|SA_SIGINFO
SIGFPE: [libjvm.so+0xe97eb0], sa_mask[0]=11111111011111111101111111111110, sa_flags=SA_RESTART|SA_SIGINFO
SIGPIPE: [libjvm.so+0xbde850], sa_mask[0]=11111111011111111101111111111110, sa_flags=SA_RESTART|SA_SIGINFO
SIGXFSZ: [libjvm.so+0xbde850], sa_mask[0]=11111111011111111101111111111110, sa_flags=SA_RESTART|SA_SIGINFO
SIGILL: [libjvm.so+0xe97eb0], sa_mask[0]=11111111011111111101111111111110, sa_flags=SA_RESTART|SA_SIGINFO
SIGUSR2: [libjvm.so+0xbde6f0], sa_mask[0]=00100000000000000000000000000000, sa_flags=SA_RESTART|SA_SIGINFO
SIGHUP: [libjvm.so+0xbde9e0], sa_mask[0]=11111111011111111101111111111110, sa_flags=SA_RESTART|SA_SIGINFO
SIGINT: [libjvm.so+0xbde9e0], sa_mask[0]=11111111011111111101111111111110, sa_flags=SA_RESTART|SA_SIGINFO
SIGTERM: [libjvm.so+0xbde9e0], sa_mask[0]=11111111011111111101111111111110, sa_flags=SA_RESTART|SA_SIGINFO
SIGQUIT: [libjvm.so+0xbde9e0], sa_mask[0]=11111111011111111101111111111110, sa_flags=SA_RESTART|SA_SIGINFO


---------------  S Y S T E M  ---------------

OS:DISTRIB_ID=Ubuntu
DISTRIB_RELEASE=20.04
DISTRIB_CODENAME=focal
DISTRIB_DESCRIPTION="Ubuntu 20.04.5 LTS"
uname:Linux 5.15.0-56-generic #62~20.04.1-Ubuntu SMP Tue Nov 22 21:24:20 UTC 2022 x86_64
OS uptime: 0 days 2:45 hours
libc:glibc 2.31 NPTL 2.31 
rlimit (soft/hard): STACK 8192k/infinity , CORE 0k/infinity , NPROC 15258/15258 , NOFILE 1048576/1048576 , AS infinity/infinity , CPU infinity/infinity , DATA infinity/infinity , FSIZE infinity/infinity , MEMLOCK 65536k/65536k
load average:1.09 1.71 1.36

/proc/meminfo:
MemTotal:        3983216 kB
MemFree:          215280 kB
MemAvailable:     315656 kB
Buffers:            3848 kB
Cached:           293648 kB
SwapCached:        39228 kB
Active:          1338308 kB
Inactive:        1796652 kB
Active(anon):    1204348 kB
Inactive(anon):  1657880 kB
Active(file):     133960 kB
Inactive(file):   138772 kB
Unevictable:          32 kB
Mlocked:              32 kB
SwapTotal:        945416 kB
SwapFree:              0 kB
Dirty:               736 kB
Writeback:             0 kB
AnonPages:       2798212 kB
Mapped:           169600 kB
Shmem:             24856 kB
KReclaimable:      67980 kB
Slab:             167180 kB
SReclaimable:      67980 kB
SUnreclaim:        99200 kB
KernelStack:       16264 kB
PageTables:        32472 kB
NFS_Unstable:          0 kB
Bounce:                0 kB
WritebackTmp:          0 kB
CommitLimit:     2937024 kB
Committed_AS:    7041768 kB
VmallocTotal:   34359738367 kB
VmallocUsed:       67232 kB
VmallocChunk:          0 kB
Percpu:           108544 kB
HardwareCorrupted:     0 kB
AnonHugePages:         0 kB
ShmemHugePages:        0 kB
ShmemPmdMapped:        0 kB
FileHugePages:         0 kB
FilePmdMapped:         0 kB
HugePages_Total:       0
HugePages_Free:        0
HugePages_Rsvd:        0
HugePages_Surp:        0
Hugepagesize:       2048 kB
Hugetlb:               0 kB
DirectMap4k:      321344 kB
DirectMap2M:     3872768 kB
DirectMap1G:     2097152 kB

/sys/kernel/mm/transparent_hugepage/enabled:
always [madvise] never
/sys/kernel/mm/transparent_hugepage/defrag (defrag/compaction efforts parameter):
always defer defer+madvise [madvise] never

Process Memory:
Virtual Size: 3675080K (peak: 12380388K)
Resident Set Size: 97880K (peak: 97892K) (anon: 45740K, file: 52140K, shmem: 0K)
Swapped out: 0K
C-Heap outstanding allocations: 16677K, retained: 2058K
glibc malloc tunables: (default)

/proc/sys/kernel/threads-max (system-wide limit on the number of threads):
30517
/proc/sys/vm/max_map_count (maximum number of memory map areas a process may have):
65530
/proc/sys/kernel/pid_max (system-wide limit on number of process identifiers):
4194304

container (cgroup) information:
container_type: cgroupv1
cpu_cpuset_cpus: 0-1
cpu_memory_nodes: 0
active_processor_count: 2
cpu_quota: no quota
cpu_period: 100000
cpu_shares: no shares
memory_limit_in_bytes: unlimited
memory_and_swap_limit_in_bytes: unlimited
memory_soft_limit_in_bytes: unlimited
memory_usage_in_bytes: 3028904 k
memory_max_usage_in_bytes: 3225036 k
maximum number of tasks: unlimited
current number of tasks: 598

VMWare virtualization detected
Steal ticks since vm start: 0
Steal ticks percentage since vm start:  0.000

CPU:total 2 (initial active 2) (1 cores per cpu, 1 threads per core) family 23 model 96 stepping 1 microcode 0x8600104, cmov, cx8, fxsr, mmx, sse, sse2, sse3, ssse3, sse4.1, sse4.2, popcnt, avx, avx2, aes, clmul, mmxext, 3dnowpref, lzcnt, sse4a, tsc, tscinvbit, tscinv, bmi1, bmi2, adx, sha, fma
CPU Model and flags from /proc/cpuinfo:
model name	: AMD Ryzen 7 4800H with Radeon Graphics
flags		: fpu vme de pse tsc msr pae mce cx8 apic sep mtrr pge mca cmov pat pse36 clflush mmx fxsr sse sse2 syscall nx mmxext fxsr_opt pdpe1gb rdtscp lm constant_tsc rep_good nopl tsc_reliable nonstop_tsc cpuid extd_apicid tsc_known_freq pni pclmulqdq ssse3 fma cx16 sse4_1 sse4_2 x2apic movbe popcnt aes xsave avx f16c rdrand hypervisor lahf_lm extapic cr8_legacy abm sse4a misalignsse 3dnowprefetch osvw topoext ssbd ibpb vmmcall fsgsbase bmi1 avx2 smep bmi2 rdseed adx smap clflushopt clwb sha_ni xsaveopt xsavec xgetbv1 xsaves clzero wbnoinvd arat umip rdpid overflow_recov succor
Online cpus:
0-1
Offline cpus:
2-127
BIOS frequency limitation:
<Not Available>
Frequency switch latency (ns):
<Not Available>
Available cpu frequencies:
<Not Available>
Current governor:
<Not Available>
Core performance/turbo boost:
<Not Available>

Memory: 4k page, physical 3983216k(215280k free), swap 945416k(0k free)

vm_info: OpenJDK 64-Bit Server VM (11.0.17+8-post-Ubuntu-1ubuntu220.04) for linux-amd64 JRE (11.0.17+8-post-Ubuntu-1ubuntu220.04), built on Oct 25 2022 09:30:51 by "unknown" with gcc 9.4.0

END.
